[2024-05-19T20:26:13.874+0000] {local_task_job_runner.py:120} INFO - ::group::Pre task execution logs
[2024-05-19T20:26:13.901+0000] {taskinstance.py:2076} INFO - Dependencies all met for dep_context=non-requeueable deps ti=<TaskInstance: silver_s3.process_parquet_files scheduled__2023-03-27T00:00:00+00:00 [queued]>
[2024-05-19T20:26:13.908+0000] {taskinstance.py:2076} INFO - Dependencies all met for dep_context=requeueable deps ti=<TaskInstance: silver_s3.process_parquet_files scheduled__2023-03-27T00:00:00+00:00 [queued]>
[2024-05-19T20:26:13.908+0000] {taskinstance.py:2306} INFO - Starting attempt 1 of 2
[2024-05-19T20:26:13.930+0000] {taskinstance.py:2330} INFO - Executing <Task(PythonOperator): process_parquet_files> on 2023-03-27 00:00:00+00:00
[2024-05-19T20:26:13.951+0000] {warnings.py:110} WARNING - /home/***/.local/lib/python3.12/site-packages/***/task/task_runner/standard_task_runner.py:61: DeprecationWarning: This process (pid=593) is multi-threaded, use of fork() may lead to deadlocks in the child.
  pid = os.fork()

[2024-05-19T20:26:13.961+0000] {standard_task_runner.py:63} INFO - Started process 615 to run task
[2024-05-19T20:26:13.954+0000] {standard_task_runner.py:90} INFO - Running: ['***', 'tasks', 'run', 'silver_s3', 'process_parquet_files', 'scheduled__2023-03-27T00:00:00+00:00', '--job-id', '215', '--raw', '--subdir', 'DAGS_FOLDER/silver_s3.py', '--cfg-path', '/tmp/tmpagb80q4y']
[2024-05-19T20:26:13.975+0000] {standard_task_runner.py:91} INFO - Job 215: Subtask process_parquet_files
[2024-05-19T20:26:14.102+0000] {task_command.py:426} INFO - Running <TaskInstance: silver_s3.process_parquet_files scheduled__2023-03-27T00:00:00+00:00 [running]> on host 620090466bc8
[2024-05-19T20:26:14.287+0000] {taskinstance.py:2648} INFO - Exporting env vars: AIRFLOW_CTX_DAG_OWNER='***' AIRFLOW_CTX_DAG_ID='silver_s3' AIRFLOW_CTX_TASK_ID='process_parquet_files' AIRFLOW_CTX_EXECUTION_DATE='2023-03-27T00:00:00+00:00' AIRFLOW_CTX_TRY_NUMBER='1' AIRFLOW_CTX_DAG_RUN_ID='scheduled__2023-03-27T00:00:00+00:00'
[2024-05-19T20:26:14.295+0000] {taskinstance.py:430} INFO - ::endgroup::
[2024-05-19T20:26:14.334+0000] {base.py:84} INFO - Using connection ID 'aws_s3' for task execution.
[2024-05-19T20:26:14.341+0000] {connection_wrapper.py:384} INFO - AWS Connection (conn_id='aws_s3', conn_type='aws') credentials retrieved from login and password.
[2024-05-19T20:26:20.126+0000] {logging_mixin.py:188} INFO - No .parquet files found.
[2024-05-19T20:26:20.131+0000] {python.py:237} INFO - Done. Returned value was: None
[2024-05-19T20:26:20.135+0000] {taskinstance.py:441} INFO - ::group::Post task execution logs
[2024-05-19T20:26:20.214+0000] {taskinstance.py:1206} INFO - Marking task as SUCCESS. dag_id=silver_s3, task_id=process_parquet_files, run_id=scheduled__2023-03-27T00:00:00+00:00, execution_date=20230327T000000, start_date=20240519T202613, end_date=20240519T202620
[2024-05-19T20:26:20.266+0000] {local_task_job_runner.py:240} INFO - Task exited with return code 0
[2024-05-19T20:26:20.281+0000] {local_task_job_runner.py:222} INFO - ::endgroup::
