[2024-05-19T20:07:25.072+0000] {processor.py:161} INFO - Started process (PID=34) to work on /opt/airflow/dags/api_disney_file.py
[2024-05-19T20:07:25.073+0000] {processor.py:830} INFO - Processing file /opt/airflow/dags/api_disney_file.py for tasks to queue
[2024-05-19T20:07:25.075+0000] {logging_mixin.py:188} INFO - [2024-05-19T20:07:25.075+0000] {dagbag.py:545} INFO - Filling up the DagBag from /opt/airflow/dags/api_disney_file.py
[2024-05-19T20:07:25.440+0000] {processor.py:840} INFO - DAG(s) 'disney_api_file' retrieved from /opt/airflow/dags/api_disney_file.py
[2024-05-19T20:07:25.496+0000] {logging_mixin.py:188} INFO - [2024-05-19T20:07:25.496+0000] {override.py:1829} INFO - Created Permission View: can delete on DAG:disney_api_file
[2024-05-19T20:07:25.501+0000] {logging_mixin.py:188} INFO - [2024-05-19T20:07:25.500+0000] {override.py:1829} INFO - Created Permission View: can edit on DAG:disney_api_file
[2024-05-19T20:07:25.503+0000] {logging_mixin.py:188} INFO - [2024-05-19T20:07:25.502+0000] {override.py:1829} INFO - Created Permission View: can read on DAG:disney_api_file
[2024-05-19T20:07:25.503+0000] {logging_mixin.py:188} INFO - [2024-05-19T20:07:25.503+0000] {dag.py:3096} INFO - Sync 1 DAGs
[2024-05-19T20:07:25.508+0000] {logging_mixin.py:188} INFO - [2024-05-19T20:07:25.508+0000] {dag.py:3118} INFO - Creating ORM DAG for disney_api_file
[2024-05-19T20:07:25.515+0000] {logging_mixin.py:188} INFO - [2024-05-19T20:07:25.515+0000] {dag.py:3954} INFO - Setting next_dagrun for disney_api_file to 2024-05-19 20:00:00+00:00, run_after=2024-05-19 20:05:00+00:00
[2024-05-19T20:07:25.523+0000] {processor.py:183} INFO - Processing /opt/airflow/dags/api_disney_file.py took 0.459 seconds
[2024-05-19T20:07:55.819+0000] {processor.py:161} INFO - Started process (PID=45) to work on /opt/airflow/dags/api_disney_file.py
[2024-05-19T20:07:55.820+0000] {processor.py:830} INFO - Processing file /opt/airflow/dags/api_disney_file.py for tasks to queue
[2024-05-19T20:07:55.823+0000] {logging_mixin.py:188} INFO - [2024-05-19T20:07:55.823+0000] {dagbag.py:545} INFO - Filling up the DagBag from /opt/airflow/dags/api_disney_file.py
[2024-05-19T20:07:56.185+0000] {processor.py:840} INFO - DAG(s) 'disney_api_file' retrieved from /opt/airflow/dags/api_disney_file.py
[2024-05-19T20:07:56.198+0000] {logging_mixin.py:188} INFO - [2024-05-19T20:07:56.198+0000] {dag.py:3096} INFO - Sync 1 DAGs
[2024-05-19T20:07:56.210+0000] {logging_mixin.py:188} INFO - [2024-05-19T20:07:56.210+0000] {dag.py:3954} INFO - Setting next_dagrun for disney_api_file to 2024-05-19 20:00:00+00:00, run_after=2024-05-19 20:05:00+00:00
[2024-05-19T20:07:56.218+0000] {processor.py:183} INFO - Processing /opt/airflow/dags/api_disney_file.py took 0.407 seconds
[2024-05-19T20:08:26.240+0000] {processor.py:161} INFO - Started process (PID=65) to work on /opt/airflow/dags/api_disney_file.py
[2024-05-19T20:08:26.240+0000] {processor.py:830} INFO - Processing file /opt/airflow/dags/api_disney_file.py for tasks to queue
[2024-05-19T20:08:26.241+0000] {logging_mixin.py:188} INFO - [2024-05-19T20:08:26.241+0000] {dagbag.py:545} INFO - Filling up the DagBag from /opt/airflow/dags/api_disney_file.py
[2024-05-19T20:08:26.458+0000] {processor.py:840} INFO - DAG(s) 'disney_api_file' retrieved from /opt/airflow/dags/api_disney_file.py
[2024-05-19T20:08:26.467+0000] {logging_mixin.py:188} INFO - [2024-05-19T20:08:26.466+0000] {dag.py:3096} INFO - Sync 1 DAGs
[2024-05-19T20:08:26.475+0000] {logging_mixin.py:188} INFO - [2024-05-19T20:08:26.475+0000] {dag.py:3954} INFO - Setting next_dagrun for disney_api_file to 2024-05-19 20:05:00+00:00, run_after=2024-05-19 20:10:00+00:00
[2024-05-19T20:08:26.481+0000] {processor.py:183} INFO - Processing /opt/airflow/dags/api_disney_file.py took 0.244 seconds
[2024-05-19T20:08:56.608+0000] {processor.py:161} INFO - Started process (PID=75) to work on /opt/airflow/dags/api_disney_file.py
[2024-05-19T20:08:56.609+0000] {processor.py:830} INFO - Processing file /opt/airflow/dags/api_disney_file.py for tasks to queue
[2024-05-19T20:08:56.614+0000] {logging_mixin.py:188} INFO - [2024-05-19T20:08:56.613+0000] {dagbag.py:545} INFO - Filling up the DagBag from /opt/airflow/dags/api_disney_file.py
[2024-05-19T20:08:56.949+0000] {processor.py:840} INFO - DAG(s) 'disney_api_file' retrieved from /opt/airflow/dags/api_disney_file.py
[2024-05-19T20:08:56.961+0000] {logging_mixin.py:188} INFO - [2024-05-19T20:08:56.961+0000] {dag.py:3096} INFO - Sync 1 DAGs
[2024-05-19T20:08:56.971+0000] {logging_mixin.py:188} INFO - [2024-05-19T20:08:56.971+0000] {dag.py:3954} INFO - Setting next_dagrun for disney_api_file to 2024-05-19 20:05:00+00:00, run_after=2024-05-19 20:10:00+00:00
[2024-05-19T20:08:56.978+0000] {processor.py:183} INFO - Processing /opt/airflow/dags/api_disney_file.py took 0.380 seconds
[2024-05-19T20:09:27.033+0000] {processor.py:161} INFO - Started process (PID=87) to work on /opt/airflow/dags/api_disney_file.py
[2024-05-19T20:09:27.034+0000] {processor.py:830} INFO - Processing file /opt/airflow/dags/api_disney_file.py for tasks to queue
[2024-05-19T20:09:27.035+0000] {logging_mixin.py:188} INFO - [2024-05-19T20:09:27.035+0000] {dagbag.py:545} INFO - Filling up the DagBag from /opt/airflow/dags/api_disney_file.py
[2024-05-19T20:09:27.282+0000] {processor.py:840} INFO - DAG(s) 'disney_api_file' retrieved from /opt/airflow/dags/api_disney_file.py
[2024-05-19T20:09:27.290+0000] {logging_mixin.py:188} INFO - [2024-05-19T20:09:27.290+0000] {dag.py:3096} INFO - Sync 1 DAGs
[2024-05-19T20:09:27.299+0000] {logging_mixin.py:188} INFO - [2024-05-19T20:09:27.299+0000] {dag.py:3954} INFO - Setting next_dagrun for disney_api_file to 2024-05-19 20:05:00+00:00, run_after=2024-05-19 20:10:00+00:00
[2024-05-19T20:09:27.305+0000] {processor.py:183} INFO - Processing /opt/airflow/dags/api_disney_file.py took 0.275 seconds
[2024-05-19T20:09:57.378+0000] {processor.py:161} INFO - Started process (PID=98) to work on /opt/airflow/dags/api_disney_file.py
[2024-05-19T20:09:57.378+0000] {processor.py:830} INFO - Processing file /opt/airflow/dags/api_disney_file.py for tasks to queue
[2024-05-19T20:09:57.379+0000] {logging_mixin.py:188} INFO - [2024-05-19T20:09:57.379+0000] {dagbag.py:545} INFO - Filling up the DagBag from /opt/airflow/dags/api_disney_file.py
[2024-05-19T20:09:57.642+0000] {processor.py:840} INFO - DAG(s) 'disney_api_file' retrieved from /opt/airflow/dags/api_disney_file.py
[2024-05-19T20:09:57.650+0000] {logging_mixin.py:188} INFO - [2024-05-19T20:09:57.650+0000] {dag.py:3096} INFO - Sync 1 DAGs
[2024-05-19T20:09:57.658+0000] {logging_mixin.py:188} INFO - [2024-05-19T20:09:57.658+0000] {dag.py:3954} INFO - Setting next_dagrun for disney_api_file to 2024-05-19 20:05:00+00:00, run_after=2024-05-19 20:10:00+00:00
[2024-05-19T20:09:57.664+0000] {processor.py:183} INFO - Processing /opt/airflow/dags/api_disney_file.py took 0.289 seconds
[2024-05-19T20:10:27.710+0000] {processor.py:161} INFO - Started process (PID=109) to work on /opt/airflow/dags/api_disney_file.py
[2024-05-19T20:10:27.710+0000] {processor.py:830} INFO - Processing file /opt/airflow/dags/api_disney_file.py for tasks to queue
[2024-05-19T20:10:27.711+0000] {logging_mixin.py:188} INFO - [2024-05-19T20:10:27.711+0000] {dagbag.py:545} INFO - Filling up the DagBag from /opt/airflow/dags/api_disney_file.py
[2024-05-19T20:10:27.934+0000] {processor.py:840} INFO - DAG(s) 'disney_api_file' retrieved from /opt/airflow/dags/api_disney_file.py
[2024-05-19T20:10:27.942+0000] {logging_mixin.py:188} INFO - [2024-05-19T20:10:27.942+0000] {dag.py:3096} INFO - Sync 1 DAGs
[2024-05-19T20:10:27.950+0000] {logging_mixin.py:188} INFO - [2024-05-19T20:10:27.950+0000] {dag.py:3954} INFO - Setting next_dagrun for disney_api_file to 2024-05-19 20:10:00+00:00, run_after=2024-05-19 20:15:00+00:00
[2024-05-19T20:10:27.957+0000] {processor.py:183} INFO - Processing /opt/airflow/dags/api_disney_file.py took 0.250 seconds
[2024-05-19T20:10:58.023+0000] {processor.py:161} INFO - Started process (PID=119) to work on /opt/airflow/dags/api_disney_file.py
[2024-05-19T20:10:58.024+0000] {processor.py:830} INFO - Processing file /opt/airflow/dags/api_disney_file.py for tasks to queue
[2024-05-19T20:10:58.026+0000] {logging_mixin.py:188} INFO - [2024-05-19T20:10:58.026+0000] {dagbag.py:545} INFO - Filling up the DagBag from /opt/airflow/dags/api_disney_file.py
[2024-05-19T20:10:58.271+0000] {processor.py:840} INFO - DAG(s) 'disney_api_file' retrieved from /opt/airflow/dags/api_disney_file.py
[2024-05-19T20:10:58.280+0000] {logging_mixin.py:188} INFO - [2024-05-19T20:10:58.280+0000] {dag.py:3096} INFO - Sync 1 DAGs
[2024-05-19T20:10:58.288+0000] {logging_mixin.py:188} INFO - [2024-05-19T20:10:58.288+0000] {dag.py:3954} INFO - Setting next_dagrun for disney_api_file to 2024-05-19 20:10:00+00:00, run_after=2024-05-19 20:15:00+00:00
[2024-05-19T20:10:58.295+0000] {processor.py:183} INFO - Processing /opt/airflow/dags/api_disney_file.py took 0.278 seconds
[2024-05-19T20:11:28.617+0000] {processor.py:161} INFO - Started process (PID=130) to work on /opt/airflow/dags/api_disney_file.py
[2024-05-19T20:11:28.617+0000] {processor.py:830} INFO - Processing file /opt/airflow/dags/api_disney_file.py for tasks to queue
[2024-05-19T20:11:28.619+0000] {logging_mixin.py:188} INFO - [2024-05-19T20:11:28.619+0000] {dagbag.py:545} INFO - Filling up the DagBag from /opt/airflow/dags/api_disney_file.py
[2024-05-19T20:11:28.876+0000] {processor.py:840} INFO - DAG(s) 'disney_api_file' retrieved from /opt/airflow/dags/api_disney_file.py
[2024-05-19T20:11:28.884+0000] {logging_mixin.py:188} INFO - [2024-05-19T20:11:28.884+0000] {dag.py:3096} INFO - Sync 1 DAGs
[2024-05-19T20:11:28.893+0000] {logging_mixin.py:188} INFO - [2024-05-19T20:11:28.892+0000] {dag.py:3954} INFO - Setting next_dagrun for disney_api_file to 2024-05-19 20:10:00+00:00, run_after=2024-05-19 20:15:00+00:00
[2024-05-19T20:11:28.899+0000] {processor.py:183} INFO - Processing /opt/airflow/dags/api_disney_file.py took 0.286 seconds
[2024-05-19T20:11:59.249+0000] {processor.py:161} INFO - Started process (PID=141) to work on /opt/airflow/dags/api_disney_file.py
[2024-05-19T20:11:59.250+0000] {processor.py:830} INFO - Processing file /opt/airflow/dags/api_disney_file.py for tasks to queue
[2024-05-19T20:11:59.252+0000] {logging_mixin.py:188} INFO - [2024-05-19T20:11:59.252+0000] {dagbag.py:545} INFO - Filling up the DagBag from /opt/airflow/dags/api_disney_file.py
[2024-05-19T20:11:59.600+0000] {processor.py:840} INFO - DAG(s) 'disney_api_file' retrieved from /opt/airflow/dags/api_disney_file.py
[2024-05-19T20:11:59.613+0000] {logging_mixin.py:188} INFO - [2024-05-19T20:11:59.612+0000] {dag.py:3096} INFO - Sync 1 DAGs
[2024-05-19T20:11:59.622+0000] {logging_mixin.py:188} INFO - [2024-05-19T20:11:59.622+0000] {dag.py:3954} INFO - Setting next_dagrun for disney_api_file to 2024-05-19 20:10:00+00:00, run_after=2024-05-19 20:15:00+00:00
[2024-05-19T20:11:59.629+0000] {processor.py:183} INFO - Processing /opt/airflow/dags/api_disney_file.py took 0.385 seconds
[2024-05-19T20:12:30.399+0000] {processor.py:161} INFO - Started process (PID=155) to work on /opt/airflow/dags/api_disney_file.py
[2024-05-19T20:12:30.399+0000] {processor.py:830} INFO - Processing file /opt/airflow/dags/api_disney_file.py for tasks to queue
[2024-05-19T20:12:30.400+0000] {logging_mixin.py:188} INFO - [2024-05-19T20:12:30.400+0000] {dagbag.py:545} INFO - Filling up the DagBag from /opt/airflow/dags/api_disney_file.py
[2024-05-19T20:12:30.637+0000] {processor.py:840} INFO - DAG(s) 'disney_api_file' retrieved from /opt/airflow/dags/api_disney_file.py
[2024-05-19T20:12:30.646+0000] {logging_mixin.py:188} INFO - [2024-05-19T20:12:30.646+0000] {dag.py:3096} INFO - Sync 1 DAGs
[2024-05-19T20:12:30.654+0000] {logging_mixin.py:188} INFO - [2024-05-19T20:12:30.654+0000] {dag.py:3954} INFO - Setting next_dagrun for disney_api_file to 2024-05-19 20:10:00+00:00, run_after=2024-05-19 20:15:00+00:00
[2024-05-19T20:12:30.660+0000] {processor.py:183} INFO - Processing /opt/airflow/dags/api_disney_file.py took 0.264 seconds
[2024-05-19T20:13:01.064+0000] {processor.py:161} INFO - Started process (PID=168) to work on /opt/airflow/dags/api_disney_file.py
[2024-05-19T20:13:01.065+0000] {processor.py:830} INFO - Processing file /opt/airflow/dags/api_disney_file.py for tasks to queue
[2024-05-19T20:13:01.068+0000] {logging_mixin.py:188} INFO - [2024-05-19T20:13:01.067+0000] {dagbag.py:545} INFO - Filling up the DagBag from /opt/airflow/dags/api_disney_file.py
[2024-05-19T20:13:01.344+0000] {processor.py:840} INFO - DAG(s) 'disney_api_file' retrieved from /opt/airflow/dags/api_disney_file.py
[2024-05-19T20:13:01.355+0000] {logging_mixin.py:188} INFO - [2024-05-19T20:13:01.355+0000] {dag.py:3096} INFO - Sync 1 DAGs
[2024-05-19T20:13:01.367+0000] {logging_mixin.py:188} INFO - [2024-05-19T20:13:01.367+0000] {dag.py:3954} INFO - Setting next_dagrun for disney_api_file to 2024-05-19 20:10:00+00:00, run_after=2024-05-19 20:15:00+00:00
[2024-05-19T20:13:01.380+0000] {processor.py:183} INFO - Processing /opt/airflow/dags/api_disney_file.py took 0.324 seconds
[2024-05-19T20:13:31.515+0000] {processor.py:161} INFO - Started process (PID=191) to work on /opt/airflow/dags/api_disney_file.py
[2024-05-19T20:13:31.516+0000] {processor.py:830} INFO - Processing file /opt/airflow/dags/api_disney_file.py for tasks to queue
[2024-05-19T20:13:31.519+0000] {logging_mixin.py:188} INFO - [2024-05-19T20:13:31.518+0000] {dagbag.py:545} INFO - Filling up the DagBag from /opt/airflow/dags/api_disney_file.py
[2024-05-19T20:13:31.839+0000] {processor.py:840} INFO - DAG(s) 'disney_api_file' retrieved from /opt/airflow/dags/api_disney_file.py
[2024-05-19T20:13:31.848+0000] {logging_mixin.py:188} INFO - [2024-05-19T20:13:31.848+0000] {dag.py:3096} INFO - Sync 1 DAGs
[2024-05-19T20:13:31.857+0000] {logging_mixin.py:188} INFO - [2024-05-19T20:13:31.857+0000] {dag.py:3954} INFO - Setting next_dagrun for disney_api_file to 2024-05-19 20:10:00+00:00, run_after=2024-05-19 20:15:00+00:00
[2024-05-19T20:13:31.863+0000] {processor.py:183} INFO - Processing /opt/airflow/dags/api_disney_file.py took 0.358 seconds
[2024-05-19T20:14:02.216+0000] {processor.py:161} INFO - Started process (PID=204) to work on /opt/airflow/dags/api_disney_file.py
[2024-05-19T20:14:02.217+0000] {processor.py:830} INFO - Processing file /opt/airflow/dags/api_disney_file.py for tasks to queue
[2024-05-19T20:14:02.219+0000] {logging_mixin.py:188} INFO - [2024-05-19T20:14:02.219+0000] {dagbag.py:545} INFO - Filling up the DagBag from /opt/airflow/dags/api_disney_file.py
[2024-05-19T20:14:02.479+0000] {processor.py:840} INFO - DAG(s) 'disney_api_file' retrieved from /opt/airflow/dags/api_disney_file.py
[2024-05-19T20:14:02.487+0000] {logging_mixin.py:188} INFO - [2024-05-19T20:14:02.487+0000] {dag.py:3096} INFO - Sync 1 DAGs
[2024-05-19T20:14:02.496+0000] {logging_mixin.py:188} INFO - [2024-05-19T20:14:02.496+0000] {dag.py:3954} INFO - Setting next_dagrun for disney_api_file to 2024-05-19 20:10:00+00:00, run_after=2024-05-19 20:15:00+00:00
[2024-05-19T20:14:02.502+0000] {processor.py:183} INFO - Processing /opt/airflow/dags/api_disney_file.py took 0.295 seconds
[2024-05-19T20:14:32.877+0000] {processor.py:161} INFO - Started process (PID=217) to work on /opt/airflow/dags/api_disney_file.py
[2024-05-19T20:14:32.878+0000] {processor.py:830} INFO - Processing file /opt/airflow/dags/api_disney_file.py for tasks to queue
[2024-05-19T20:14:32.881+0000] {logging_mixin.py:188} INFO - [2024-05-19T20:14:32.880+0000] {dagbag.py:545} INFO - Filling up the DagBag from /opt/airflow/dags/api_disney_file.py
[2024-05-19T20:14:33.158+0000] {processor.py:840} INFO - DAG(s) 'disney_api_file' retrieved from /opt/airflow/dags/api_disney_file.py
[2024-05-19T20:14:33.168+0000] {logging_mixin.py:188} INFO - [2024-05-19T20:14:33.168+0000] {dag.py:3096} INFO - Sync 1 DAGs
[2024-05-19T20:14:33.178+0000] {logging_mixin.py:188} INFO - [2024-05-19T20:14:33.178+0000] {dag.py:3954} INFO - Setting next_dagrun for disney_api_file to 2024-05-19 20:10:00+00:00, run_after=2024-05-19 20:15:00+00:00
[2024-05-19T20:14:33.185+0000] {processor.py:183} INFO - Processing /opt/airflow/dags/api_disney_file.py took 0.315 seconds
[2024-05-19T20:15:03.521+0000] {processor.py:161} INFO - Started process (PID=230) to work on /opt/airflow/dags/api_disney_file.py
[2024-05-19T20:15:03.523+0000] {processor.py:830} INFO - Processing file /opt/airflow/dags/api_disney_file.py for tasks to queue
[2024-05-19T20:15:03.525+0000] {logging_mixin.py:188} INFO - [2024-05-19T20:15:03.525+0000] {dagbag.py:545} INFO - Filling up the DagBag from /opt/airflow/dags/api_disney_file.py
[2024-05-19T20:15:03.790+0000] {processor.py:840} INFO - DAG(s) 'disney_api_file' retrieved from /opt/airflow/dags/api_disney_file.py
[2024-05-19T20:15:03.798+0000] {logging_mixin.py:188} INFO - [2024-05-19T20:15:03.798+0000] {dag.py:3096} INFO - Sync 1 DAGs
[2024-05-19T20:15:03.806+0000] {logging_mixin.py:188} INFO - [2024-05-19T20:15:03.806+0000] {dag.py:3954} INFO - Setting next_dagrun for disney_api_file to 2024-05-19 20:10:00+00:00, run_after=2024-05-19 20:15:00+00:00
[2024-05-19T20:15:03.812+0000] {processor.py:183} INFO - Processing /opt/airflow/dags/api_disney_file.py took 0.299 seconds
[2024-05-19T20:15:34.185+0000] {processor.py:161} INFO - Started process (PID=243) to work on /opt/airflow/dags/api_disney_file.py
[2024-05-19T20:15:34.186+0000] {processor.py:830} INFO - Processing file /opt/airflow/dags/api_disney_file.py for tasks to queue
[2024-05-19T20:15:34.189+0000] {logging_mixin.py:188} INFO - [2024-05-19T20:15:34.188+0000] {dagbag.py:545} INFO - Filling up the DagBag from /opt/airflow/dags/api_disney_file.py
[2024-05-19T20:15:34.430+0000] {processor.py:840} INFO - DAG(s) 'disney_api_file' retrieved from /opt/airflow/dags/api_disney_file.py
[2024-05-19T20:15:34.438+0000] {logging_mixin.py:188} INFO - [2024-05-19T20:15:34.438+0000] {dag.py:3096} INFO - Sync 1 DAGs
[2024-05-19T20:15:34.446+0000] {logging_mixin.py:188} INFO - [2024-05-19T20:15:34.446+0000] {dag.py:3954} INFO - Setting next_dagrun for disney_api_file to 2024-05-19 20:10:00+00:00, run_after=2024-05-19 20:15:00+00:00
[2024-05-19T20:15:34.453+0000] {processor.py:183} INFO - Processing /opt/airflow/dags/api_disney_file.py took 0.277 seconds
[2024-05-19T20:16:04.828+0000] {processor.py:161} INFO - Started process (PID=256) to work on /opt/airflow/dags/api_disney_file.py
[2024-05-19T20:16:04.829+0000] {processor.py:830} INFO - Processing file /opt/airflow/dags/api_disney_file.py for tasks to queue
[2024-05-19T20:16:04.831+0000] {logging_mixin.py:188} INFO - [2024-05-19T20:16:04.831+0000] {dagbag.py:545} INFO - Filling up the DagBag from /opt/airflow/dags/api_disney_file.py
[2024-05-19T20:16:05.098+0000] {processor.py:840} INFO - DAG(s) 'disney_api_file' retrieved from /opt/airflow/dags/api_disney_file.py
[2024-05-19T20:16:05.108+0000] {logging_mixin.py:188} INFO - [2024-05-19T20:16:05.108+0000] {dag.py:3096} INFO - Sync 1 DAGs
[2024-05-19T20:16:05.118+0000] {logging_mixin.py:188} INFO - [2024-05-19T20:16:05.118+0000] {dag.py:3954} INFO - Setting next_dagrun for disney_api_file to 2024-05-19 20:10:00+00:00, run_after=2024-05-19 20:15:00+00:00
[2024-05-19T20:16:05.125+0000] {processor.py:183} INFO - Processing /opt/airflow/dags/api_disney_file.py took 0.304 seconds
[2024-05-19T20:16:35.483+0000] {processor.py:161} INFO - Started process (PID=269) to work on /opt/airflow/dags/api_disney_file.py
[2024-05-19T20:16:35.484+0000] {processor.py:830} INFO - Processing file /opt/airflow/dags/api_disney_file.py for tasks to queue
[2024-05-19T20:16:35.486+0000] {logging_mixin.py:188} INFO - [2024-05-19T20:16:35.486+0000] {dagbag.py:545} INFO - Filling up the DagBag from /opt/airflow/dags/api_disney_file.py
[2024-05-19T20:16:35.710+0000] {processor.py:840} INFO - DAG(s) 'disney_api_file' retrieved from /opt/airflow/dags/api_disney_file.py
[2024-05-19T20:16:35.718+0000] {logging_mixin.py:188} INFO - [2024-05-19T20:16:35.718+0000] {dag.py:3096} INFO - Sync 1 DAGs
[2024-05-19T20:16:35.734+0000] {logging_mixin.py:188} INFO - [2024-05-19T20:16:35.734+0000] {dag.py:3954} INFO - Setting next_dagrun for disney_api_file to 2024-05-19 20:10:00+00:00, run_after=2024-05-19 20:15:00+00:00
[2024-05-19T20:16:35.740+0000] {processor.py:183} INFO - Processing /opt/airflow/dags/api_disney_file.py took 0.263 seconds
[2024-05-19T20:17:06.121+0000] {processor.py:161} INFO - Started process (PID=282) to work on /opt/airflow/dags/api_disney_file.py
[2024-05-19T20:17:06.123+0000] {processor.py:830} INFO - Processing file /opt/airflow/dags/api_disney_file.py for tasks to queue
[2024-05-19T20:17:06.125+0000] {logging_mixin.py:188} INFO - [2024-05-19T20:17:06.125+0000] {dagbag.py:545} INFO - Filling up the DagBag from /opt/airflow/dags/api_disney_file.py
[2024-05-19T20:17:06.362+0000] {processor.py:840} INFO - DAG(s) 'disney_api_file' retrieved from /opt/airflow/dags/api_disney_file.py
[2024-05-19T20:17:06.375+0000] {logging_mixin.py:188} INFO - [2024-05-19T20:17:06.375+0000] {dag.py:3096} INFO - Sync 1 DAGs
[2024-05-19T20:17:06.387+0000] {logging_mixin.py:188} INFO - [2024-05-19T20:17:06.387+0000] {dag.py:3954} INFO - Setting next_dagrun for disney_api_file to 2024-05-19 20:10:00+00:00, run_after=2024-05-19 20:15:00+00:00
[2024-05-19T20:17:06.393+0000] {processor.py:183} INFO - Processing /opt/airflow/dags/api_disney_file.py took 0.281 seconds
[2024-05-19T20:17:36.765+0000] {processor.py:161} INFO - Started process (PID=295) to work on /opt/airflow/dags/api_disney_file.py
[2024-05-19T20:17:36.767+0000] {processor.py:830} INFO - Processing file /opt/airflow/dags/api_disney_file.py for tasks to queue
[2024-05-19T20:17:36.769+0000] {logging_mixin.py:188} INFO - [2024-05-19T20:17:36.769+0000] {dagbag.py:545} INFO - Filling up the DagBag from /opt/airflow/dags/api_disney_file.py
[2024-05-19T20:17:37.031+0000] {processor.py:840} INFO - DAG(s) 'disney_api_file' retrieved from /opt/airflow/dags/api_disney_file.py
[2024-05-19T20:17:37.041+0000] {logging_mixin.py:188} INFO - [2024-05-19T20:17:37.041+0000] {dag.py:3096} INFO - Sync 1 DAGs
[2024-05-19T20:17:37.051+0000] {logging_mixin.py:188} INFO - [2024-05-19T20:17:37.051+0000] {dag.py:3954} INFO - Setting next_dagrun for disney_api_file to 2024-05-19 20:10:00+00:00, run_after=2024-05-19 20:15:00+00:00
[2024-05-19T20:17:37.058+0000] {processor.py:183} INFO - Processing /opt/airflow/dags/api_disney_file.py took 0.300 seconds
[2024-05-19T20:18:07.444+0000] {processor.py:161} INFO - Started process (PID=308) to work on /opt/airflow/dags/api_disney_file.py
[2024-05-19T20:18:07.445+0000] {processor.py:830} INFO - Processing file /opt/airflow/dags/api_disney_file.py for tasks to queue
[2024-05-19T20:18:07.447+0000] {logging_mixin.py:188} INFO - [2024-05-19T20:18:07.447+0000] {dagbag.py:545} INFO - Filling up the DagBag from /opt/airflow/dags/api_disney_file.py
[2024-05-19T20:18:07.701+0000] {processor.py:840} INFO - DAG(s) 'disney_api_file' retrieved from /opt/airflow/dags/api_disney_file.py
[2024-05-19T20:18:07.711+0000] {logging_mixin.py:188} INFO - [2024-05-19T20:18:07.711+0000] {dag.py:3096} INFO - Sync 1 DAGs
[2024-05-19T20:18:07.720+0000] {logging_mixin.py:188} INFO - [2024-05-19T20:18:07.720+0000] {dag.py:3954} INFO - Setting next_dagrun for disney_api_file to 2024-05-19 20:10:00+00:00, run_after=2024-05-19 20:15:00+00:00
[2024-05-19T20:18:07.726+0000] {processor.py:183} INFO - Processing /opt/airflow/dags/api_disney_file.py took 0.291 seconds
[2024-05-19T20:18:38.078+0000] {processor.py:161} INFO - Started process (PID=321) to work on /opt/airflow/dags/api_disney_file.py
[2024-05-19T20:18:38.079+0000] {processor.py:830} INFO - Processing file /opt/airflow/dags/api_disney_file.py for tasks to queue
[2024-05-19T20:18:38.081+0000] {logging_mixin.py:188} INFO - [2024-05-19T20:18:38.081+0000] {dagbag.py:545} INFO - Filling up the DagBag from /opt/airflow/dags/api_disney_file.py
[2024-05-19T20:18:38.351+0000] {processor.py:840} INFO - DAG(s) 'disney_api_file' retrieved from /opt/airflow/dags/api_disney_file.py
[2024-05-19T20:18:38.359+0000] {logging_mixin.py:188} INFO - [2024-05-19T20:18:38.359+0000] {dag.py:3096} INFO - Sync 1 DAGs
[2024-05-19T20:18:38.367+0000] {logging_mixin.py:188} INFO - [2024-05-19T20:18:38.367+0000] {dag.py:3954} INFO - Setting next_dagrun for disney_api_file to 2024-05-19 20:10:00+00:00, run_after=2024-05-19 20:15:00+00:00
[2024-05-19T20:18:38.373+0000] {processor.py:183} INFO - Processing /opt/airflow/dags/api_disney_file.py took 0.302 seconds
[2024-05-19T20:19:08.736+0000] {processor.py:161} INFO - Started process (PID=334) to work on /opt/airflow/dags/api_disney_file.py
[2024-05-19T20:19:08.737+0000] {processor.py:830} INFO - Processing file /opt/airflow/dags/api_disney_file.py for tasks to queue
[2024-05-19T20:19:08.739+0000] {logging_mixin.py:188} INFO - [2024-05-19T20:19:08.739+0000] {dagbag.py:545} INFO - Filling up the DagBag from /opt/airflow/dags/api_disney_file.py
[2024-05-19T20:19:08.972+0000] {processor.py:840} INFO - DAG(s) 'disney_api_file' retrieved from /opt/airflow/dags/api_disney_file.py
[2024-05-19T20:19:08.981+0000] {logging_mixin.py:188} INFO - [2024-05-19T20:19:08.981+0000] {dag.py:3096} INFO - Sync 1 DAGs
[2024-05-19T20:19:08.989+0000] {logging_mixin.py:188} INFO - [2024-05-19T20:19:08.989+0000] {dag.py:3954} INFO - Setting next_dagrun for disney_api_file to 2024-05-19 20:10:00+00:00, run_after=2024-05-19 20:15:00+00:00
[2024-05-19T20:19:08.995+0000] {processor.py:183} INFO - Processing /opt/airflow/dags/api_disney_file.py took 0.267 seconds
[2024-05-19T20:19:39.340+0000] {processor.py:161} INFO - Started process (PID=347) to work on /opt/airflow/dags/api_disney_file.py
[2024-05-19T20:19:39.341+0000] {processor.py:830} INFO - Processing file /opt/airflow/dags/api_disney_file.py for tasks to queue
[2024-05-19T20:19:39.343+0000] {logging_mixin.py:188} INFO - [2024-05-19T20:19:39.342+0000] {dagbag.py:545} INFO - Filling up the DagBag from /opt/airflow/dags/api_disney_file.py
[2024-05-19T20:19:39.580+0000] {processor.py:840} INFO - DAG(s) 'disney_api_file' retrieved from /opt/airflow/dags/api_disney_file.py
[2024-05-19T20:19:39.588+0000] {logging_mixin.py:188} INFO - [2024-05-19T20:19:39.588+0000] {dag.py:3096} INFO - Sync 1 DAGs
[2024-05-19T20:19:39.597+0000] {logging_mixin.py:188} INFO - [2024-05-19T20:19:39.596+0000] {dag.py:3954} INFO - Setting next_dagrun for disney_api_file to 2024-05-19 20:10:00+00:00, run_after=2024-05-19 20:15:00+00:00
[2024-05-19T20:19:39.602+0000] {processor.py:183} INFO - Processing /opt/airflow/dags/api_disney_file.py took 0.269 seconds
[2024-05-19T20:20:09.969+0000] {processor.py:161} INFO - Started process (PID=360) to work on /opt/airflow/dags/api_disney_file.py
[2024-05-19T20:20:09.971+0000] {processor.py:830} INFO - Processing file /opt/airflow/dags/api_disney_file.py for tasks to queue
[2024-05-19T20:20:09.973+0000] {logging_mixin.py:188} INFO - [2024-05-19T20:20:09.972+0000] {dagbag.py:545} INFO - Filling up the DagBag from /opt/airflow/dags/api_disney_file.py
[2024-05-19T20:20:10.231+0000] {processor.py:840} INFO - DAG(s) 'disney_api_file' retrieved from /opt/airflow/dags/api_disney_file.py
[2024-05-19T20:20:10.241+0000] {logging_mixin.py:188} INFO - [2024-05-19T20:20:10.241+0000] {dag.py:3096} INFO - Sync 1 DAGs
[2024-05-19T20:20:10.252+0000] {logging_mixin.py:188} INFO - [2024-05-19T20:20:10.252+0000] {dag.py:3954} INFO - Setting next_dagrun for disney_api_file to 2024-05-19 20:15:00+00:00, run_after=2024-05-19 20:20:00+00:00
[2024-05-19T20:20:10.259+0000] {processor.py:183} INFO - Processing /opt/airflow/dags/api_disney_file.py took 0.296 seconds
[2024-05-19T20:20:40.346+0000] {processor.py:161} INFO - Started process (PID=373) to work on /opt/airflow/dags/api_disney_file.py
[2024-05-19T20:20:40.348+0000] {processor.py:830} INFO - Processing file /opt/airflow/dags/api_disney_file.py for tasks to queue
[2024-05-19T20:20:40.350+0000] {logging_mixin.py:188} INFO - [2024-05-19T20:20:40.350+0000] {dagbag.py:545} INFO - Filling up the DagBag from /opt/airflow/dags/api_disney_file.py
[2024-05-19T20:20:40.655+0000] {processor.py:840} INFO - DAG(s) 'disney_api_file' retrieved from /opt/airflow/dags/api_disney_file.py
[2024-05-19T20:20:40.665+0000] {logging_mixin.py:188} INFO - [2024-05-19T20:20:40.664+0000] {dag.py:3096} INFO - Sync 1 DAGs
[2024-05-19T20:20:40.673+0000] {logging_mixin.py:188} INFO - [2024-05-19T20:20:40.673+0000] {dag.py:3954} INFO - Setting next_dagrun for disney_api_file to 2024-05-19 20:15:00+00:00, run_after=2024-05-19 20:20:00+00:00
[2024-05-19T20:20:40.679+0000] {processor.py:183} INFO - Processing /opt/airflow/dags/api_disney_file.py took 0.343 seconds
[2024-05-19T20:21:10.705+0000] {processor.py:161} INFO - Started process (PID=386) to work on /opt/airflow/dags/api_disney_file.py
[2024-05-19T20:21:10.706+0000] {processor.py:830} INFO - Processing file /opt/airflow/dags/api_disney_file.py for tasks to queue
[2024-05-19T20:21:10.707+0000] {logging_mixin.py:188} INFO - [2024-05-19T20:21:10.706+0000] {dagbag.py:545} INFO - Filling up the DagBag from /opt/airflow/dags/api_disney_file.py
[2024-05-19T20:21:10.926+0000] {processor.py:840} INFO - DAG(s) 'disney_api_file' retrieved from /opt/airflow/dags/api_disney_file.py
[2024-05-19T20:21:10.934+0000] {logging_mixin.py:188} INFO - [2024-05-19T20:21:10.934+0000] {dag.py:3096} INFO - Sync 1 DAGs
[2024-05-19T20:21:10.942+0000] {logging_mixin.py:188} INFO - [2024-05-19T20:21:10.942+0000] {dag.py:3954} INFO - Setting next_dagrun for disney_api_file to 2024-05-19 20:15:00+00:00, run_after=2024-05-19 20:20:00+00:00
[2024-05-19T20:21:10.948+0000] {processor.py:183} INFO - Processing /opt/airflow/dags/api_disney_file.py took 0.246 seconds
[2024-05-19T20:21:41.251+0000] {processor.py:161} INFO - Started process (PID=399) to work on /opt/airflow/dags/api_disney_file.py
[2024-05-19T20:21:41.252+0000] {processor.py:830} INFO - Processing file /opt/airflow/dags/api_disney_file.py for tasks to queue
[2024-05-19T20:21:41.253+0000] {logging_mixin.py:188} INFO - [2024-05-19T20:21:41.253+0000] {dagbag.py:545} INFO - Filling up the DagBag from /opt/airflow/dags/api_disney_file.py
[2024-05-19T20:21:41.487+0000] {processor.py:840} INFO - DAG(s) 'disney_api_file' retrieved from /opt/airflow/dags/api_disney_file.py
[2024-05-19T20:21:41.498+0000] {logging_mixin.py:188} INFO - [2024-05-19T20:21:41.498+0000] {dag.py:3096} INFO - Sync 1 DAGs
[2024-05-19T20:21:41.507+0000] {logging_mixin.py:188} INFO - [2024-05-19T20:21:41.507+0000] {dag.py:3954} INFO - Setting next_dagrun for disney_api_file to 2024-05-19 20:15:00+00:00, run_after=2024-05-19 20:20:00+00:00
[2024-05-19T20:21:41.513+0000] {processor.py:183} INFO - Processing /opt/airflow/dags/api_disney_file.py took 0.266 seconds
[2024-05-19T20:22:11.857+0000] {processor.py:161} INFO - Started process (PID=412) to work on /opt/airflow/dags/api_disney_file.py
[2024-05-19T20:22:11.858+0000] {processor.py:830} INFO - Processing file /opt/airflow/dags/api_disney_file.py for tasks to queue
[2024-05-19T20:22:11.859+0000] {logging_mixin.py:188} INFO - [2024-05-19T20:22:11.859+0000] {dagbag.py:545} INFO - Filling up the DagBag from /opt/airflow/dags/api_disney_file.py
[2024-05-19T20:22:12.145+0000] {processor.py:840} INFO - DAG(s) 'disney_api_file' retrieved from /opt/airflow/dags/api_disney_file.py
[2024-05-19T20:22:12.155+0000] {logging_mixin.py:188} INFO - [2024-05-19T20:22:12.155+0000] {dag.py:3096} INFO - Sync 1 DAGs
[2024-05-19T20:22:12.164+0000] {logging_mixin.py:188} INFO - [2024-05-19T20:22:12.164+0000] {dag.py:3954} INFO - Setting next_dagrun for disney_api_file to 2024-05-19 20:15:00+00:00, run_after=2024-05-19 20:20:00+00:00
[2024-05-19T20:22:12.172+0000] {processor.py:183} INFO - Processing /opt/airflow/dags/api_disney_file.py took 0.322 seconds
[2024-05-19T20:22:42.625+0000] {processor.py:161} INFO - Started process (PID=427) to work on /opt/airflow/dags/api_disney_file.py
[2024-05-19T20:22:42.626+0000] {processor.py:830} INFO - Processing file /opt/airflow/dags/api_disney_file.py for tasks to queue
[2024-05-19T20:22:42.629+0000] {logging_mixin.py:188} INFO - [2024-05-19T20:22:42.628+0000] {dagbag.py:545} INFO - Filling up the DagBag from /opt/airflow/dags/api_disney_file.py
[2024-05-19T20:22:42.909+0000] {processor.py:840} INFO - DAG(s) 'disney_api_file' retrieved from /opt/airflow/dags/api_disney_file.py
[2024-05-19T20:22:42.918+0000] {logging_mixin.py:188} INFO - [2024-05-19T20:22:42.917+0000] {dag.py:3096} INFO - Sync 1 DAGs
[2024-05-19T20:22:42.926+0000] {logging_mixin.py:188} INFO - [2024-05-19T20:22:42.926+0000] {dag.py:3954} INFO - Setting next_dagrun for disney_api_file to 2024-05-19 20:15:00+00:00, run_after=2024-05-19 20:20:00+00:00
[2024-05-19T20:22:42.933+0000] {processor.py:183} INFO - Processing /opt/airflow/dags/api_disney_file.py took 0.316 seconds
[2024-05-19T20:23:12.972+0000] {processor.py:161} INFO - Started process (PID=444) to work on /opt/airflow/dags/api_disney_file.py
[2024-05-19T20:23:12.973+0000] {processor.py:830} INFO - Processing file /opt/airflow/dags/api_disney_file.py for tasks to queue
[2024-05-19T20:23:12.975+0000] {logging_mixin.py:188} INFO - [2024-05-19T20:23:12.975+0000] {dagbag.py:545} INFO - Filling up the DagBag from /opt/airflow/dags/api_disney_file.py
[2024-05-19T20:23:13.377+0000] {processor.py:840} INFO - DAG(s) 'disney_api_file' retrieved from /opt/airflow/dags/api_disney_file.py
[2024-05-19T20:23:13.388+0000] {logging_mixin.py:188} INFO - [2024-05-19T20:23:13.388+0000] {dag.py:3096} INFO - Sync 1 DAGs
[2024-05-19T20:23:13.399+0000] {logging_mixin.py:188} INFO - [2024-05-19T20:23:13.399+0000] {dag.py:3954} INFO - Setting next_dagrun for disney_api_file to 2024-05-19 20:15:00+00:00, run_after=2024-05-19 20:20:00+00:00
[2024-05-19T20:23:13.406+0000] {processor.py:183} INFO - Processing /opt/airflow/dags/api_disney_file.py took 0.442 seconds
[2024-05-19T20:23:44.068+0000] {processor.py:161} INFO - Started process (PID=459) to work on /opt/airflow/dags/api_disney_file.py
[2024-05-19T20:23:44.069+0000] {processor.py:830} INFO - Processing file /opt/airflow/dags/api_disney_file.py for tasks to queue
[2024-05-19T20:23:44.072+0000] {logging_mixin.py:188} INFO - [2024-05-19T20:23:44.072+0000] {dagbag.py:545} INFO - Filling up the DagBag from /opt/airflow/dags/api_disney_file.py
[2024-05-19T20:23:44.331+0000] {processor.py:840} INFO - DAG(s) 'disney_api_file' retrieved from /opt/airflow/dags/api_disney_file.py
[2024-05-19T20:23:44.341+0000] {logging_mixin.py:188} INFO - [2024-05-19T20:23:44.340+0000] {dag.py:3096} INFO - Sync 1 DAGs
[2024-05-19T20:23:44.349+0000] {logging_mixin.py:188} INFO - [2024-05-19T20:23:44.349+0000] {dag.py:3954} INFO - Setting next_dagrun for disney_api_file to 2024-05-19 20:15:00+00:00, run_after=2024-05-19 20:20:00+00:00
[2024-05-19T20:23:44.356+0000] {processor.py:183} INFO - Processing /opt/airflow/dags/api_disney_file.py took 0.297 seconds
[2024-05-19T20:24:14.615+0000] {processor.py:161} INFO - Started process (PID=478) to work on /opt/airflow/dags/api_disney_file.py
[2024-05-19T20:24:14.617+0000] {processor.py:830} INFO - Processing file /opt/airflow/dags/api_disney_file.py for tasks to queue
[2024-05-19T20:24:14.620+0000] {logging_mixin.py:188} INFO - [2024-05-19T20:24:14.620+0000] {dagbag.py:545} INFO - Filling up the DagBag from /opt/airflow/dags/api_disney_file.py
[2024-05-19T20:24:14.877+0000] {processor.py:840} INFO - DAG(s) 'disney_api_file' retrieved from /opt/airflow/dags/api_disney_file.py
[2024-05-19T20:24:14.885+0000] {logging_mixin.py:188} INFO - [2024-05-19T20:24:14.885+0000] {dag.py:3096} INFO - Sync 1 DAGs
[2024-05-19T20:24:14.893+0000] {logging_mixin.py:188} INFO - [2024-05-19T20:24:14.893+0000] {dag.py:3954} INFO - Setting next_dagrun for disney_api_file to 2024-05-19 20:15:00+00:00, run_after=2024-05-19 20:20:00+00:00
[2024-05-19T20:24:14.899+0000] {processor.py:183} INFO - Processing /opt/airflow/dags/api_disney_file.py took 0.293 seconds
[2024-05-19T20:24:45.571+0000] {processor.py:161} INFO - Started process (PID=493) to work on /opt/airflow/dags/api_disney_file.py
[2024-05-19T20:24:45.573+0000] {processor.py:830} INFO - Processing file /opt/airflow/dags/api_disney_file.py for tasks to queue
[2024-05-19T20:24:45.574+0000] {logging_mixin.py:188} INFO - [2024-05-19T20:24:45.574+0000] {dagbag.py:545} INFO - Filling up the DagBag from /opt/airflow/dags/api_disney_file.py
[2024-05-19T20:24:45.860+0000] {processor.py:840} INFO - DAG(s) 'disney_api_file' retrieved from /opt/airflow/dags/api_disney_file.py
[2024-05-19T20:24:45.871+0000] {logging_mixin.py:188} INFO - [2024-05-19T20:24:45.871+0000] {dag.py:3096} INFO - Sync 1 DAGs
[2024-05-19T20:24:45.881+0000] {logging_mixin.py:188} INFO - [2024-05-19T20:24:45.881+0000] {dag.py:3954} INFO - Setting next_dagrun for disney_api_file to 2024-05-19 20:15:00+00:00, run_after=2024-05-19 20:20:00+00:00
[2024-05-19T20:24:45.890+0000] {processor.py:183} INFO - Processing /opt/airflow/dags/api_disney_file.py took 0.325 seconds
[2024-05-19T20:25:16.230+0000] {processor.py:161} INFO - Started process (PID=512) to work on /opt/airflow/dags/api_disney_file.py
[2024-05-19T20:25:16.232+0000] {processor.py:830} INFO - Processing file /opt/airflow/dags/api_disney_file.py for tasks to queue
[2024-05-19T20:25:16.235+0000] {logging_mixin.py:188} INFO - [2024-05-19T20:25:16.234+0000] {dagbag.py:545} INFO - Filling up the DagBag from /opt/airflow/dags/api_disney_file.py
[2024-05-19T20:25:17.263+0000] {processor.py:840} INFO - DAG(s) 'disney_api_file' retrieved from /opt/airflow/dags/api_disney_file.py
[2024-05-19T20:25:17.295+0000] {logging_mixin.py:188} INFO - [2024-05-19T20:25:17.295+0000] {dag.py:3096} INFO - Sync 1 DAGs
[2024-05-19T20:25:17.329+0000] {logging_mixin.py:188} INFO - [2024-05-19T20:25:17.329+0000] {dag.py:3954} INFO - Setting next_dagrun for disney_api_file to 2024-05-19 20:20:00+00:00, run_after=2024-05-19 20:25:00+00:00
[2024-05-19T20:25:17.373+0000] {processor.py:183} INFO - Processing /opt/airflow/dags/api_disney_file.py took 1.156 seconds
[2024-05-19T20:25:47.685+0000] {processor.py:161} INFO - Started process (PID=527) to work on /opt/airflow/dags/api_disney_file.py
[2024-05-19T20:25:47.692+0000] {processor.py:830} INFO - Processing file /opt/airflow/dags/api_disney_file.py for tasks to queue
[2024-05-19T20:25:47.696+0000] {logging_mixin.py:188} INFO - [2024-05-19T20:25:47.695+0000] {dagbag.py:545} INFO - Filling up the DagBag from /opt/airflow/dags/api_disney_file.py
[2024-05-19T20:25:48.634+0000] {processor.py:840} INFO - DAG(s) 'disney_api_file' retrieved from /opt/airflow/dags/api_disney_file.py
[2024-05-19T20:25:48.657+0000] {logging_mixin.py:188} INFO - [2024-05-19T20:25:48.657+0000] {dag.py:3096} INFO - Sync 1 DAGs
[2024-05-19T20:25:48.677+0000] {logging_mixin.py:188} INFO - [2024-05-19T20:25:48.677+0000] {dag.py:3954} INFO - Setting next_dagrun for disney_api_file to 2024-05-19 20:20:00+00:00, run_after=2024-05-19 20:25:00+00:00
[2024-05-19T20:25:48.693+0000] {processor.py:183} INFO - Processing /opt/airflow/dags/api_disney_file.py took 1.028 seconds
[2024-05-19T20:26:19.206+0000] {processor.py:161} INFO - Started process (PID=542) to work on /opt/airflow/dags/api_disney_file.py
[2024-05-19T20:26:19.208+0000] {processor.py:830} INFO - Processing file /opt/airflow/dags/api_disney_file.py for tasks to queue
[2024-05-19T20:26:19.216+0000] {logging_mixin.py:188} INFO - [2024-05-19T20:26:19.213+0000] {dagbag.py:545} INFO - Filling up the DagBag from /opt/airflow/dags/api_disney_file.py
[2024-05-19T20:26:19.772+0000] {processor.py:840} INFO - DAG(s) 'disney_api_file' retrieved from /opt/airflow/dags/api_disney_file.py
[2024-05-19T20:26:19.800+0000] {logging_mixin.py:188} INFO - [2024-05-19T20:26:19.800+0000] {dag.py:3096} INFO - Sync 1 DAGs
[2024-05-19T20:26:19.810+0000] {logging_mixin.py:188} INFO - [2024-05-19T20:26:19.810+0000] {dag.py:3954} INFO - Setting next_dagrun for disney_api_file to 2024-05-19 20:20:00+00:00, run_after=2024-05-19 20:25:00+00:00
[2024-05-19T20:26:19.816+0000] {processor.py:183} INFO - Processing /opt/airflow/dags/api_disney_file.py took 0.619 seconds
[2024-05-19T20:26:49.945+0000] {processor.py:161} INFO - Started process (PID=557) to work on /opt/airflow/dags/api_disney_file.py
[2024-05-19T20:26:49.949+0000] {processor.py:830} INFO - Processing file /opt/airflow/dags/api_disney_file.py for tasks to queue
[2024-05-19T20:26:49.955+0000] {logging_mixin.py:188} INFO - [2024-05-19T20:26:49.954+0000] {dagbag.py:545} INFO - Filling up the DagBag from /opt/airflow/dags/api_disney_file.py
[2024-05-19T20:26:50.772+0000] {processor.py:840} INFO - DAG(s) 'disney_api_file' retrieved from /opt/airflow/dags/api_disney_file.py
[2024-05-19T20:26:50.799+0000] {logging_mixin.py:188} INFO - [2024-05-19T20:26:50.798+0000] {dag.py:3096} INFO - Sync 1 DAGs
[2024-05-19T20:26:50.840+0000] {logging_mixin.py:188} INFO - [2024-05-19T20:26:50.840+0000] {dag.py:3954} INFO - Setting next_dagrun for disney_api_file to 2024-05-19 20:20:00+00:00, run_after=2024-05-19 20:25:00+00:00
[2024-05-19T20:26:50.867+0000] {processor.py:183} INFO - Processing /opt/airflow/dags/api_disney_file.py took 0.933 seconds
[2024-05-19T20:27:21.037+0000] {processor.py:161} INFO - Started process (PID=572) to work on /opt/airflow/dags/api_disney_file.py
[2024-05-19T20:27:21.041+0000] {processor.py:830} INFO - Processing file /opt/airflow/dags/api_disney_file.py for tasks to queue
[2024-05-19T20:27:21.044+0000] {logging_mixin.py:188} INFO - [2024-05-19T20:27:21.043+0000] {dagbag.py:545} INFO - Filling up the DagBag from /opt/airflow/dags/api_disney_file.py
[2024-05-19T20:27:21.578+0000] {processor.py:840} INFO - DAG(s) 'disney_api_file' retrieved from /opt/airflow/dags/api_disney_file.py
[2024-05-19T20:27:21.592+0000] {logging_mixin.py:188} INFO - [2024-05-19T20:27:21.592+0000] {dag.py:3096} INFO - Sync 1 DAGs
[2024-05-19T20:27:21.604+0000] {logging_mixin.py:188} INFO - [2024-05-19T20:27:21.604+0000] {dag.py:3954} INFO - Setting next_dagrun for disney_api_file to 2024-05-19 20:20:00+00:00, run_after=2024-05-19 20:25:00+00:00
[2024-05-19T20:27:21.613+0000] {processor.py:183} INFO - Processing /opt/airflow/dags/api_disney_file.py took 0.597 seconds
[2024-05-19T20:27:51.879+0000] {processor.py:161} INFO - Started process (PID=597) to work on /opt/airflow/dags/api_disney_file.py
[2024-05-19T20:27:51.880+0000] {processor.py:830} INFO - Processing file /opt/airflow/dags/api_disney_file.py for tasks to queue
[2024-05-19T20:27:51.881+0000] {logging_mixin.py:188} INFO - [2024-05-19T20:27:51.881+0000] {dagbag.py:545} INFO - Filling up the DagBag from /opt/airflow/dags/api_disney_file.py
[2024-05-19T20:27:52.144+0000] {processor.py:840} INFO - DAG(s) 'disney_api_file' retrieved from /opt/airflow/dags/api_disney_file.py
[2024-05-19T20:27:52.156+0000] {logging_mixin.py:188} INFO - [2024-05-19T20:27:52.155+0000] {dag.py:3096} INFO - Sync 1 DAGs
[2024-05-19T20:27:52.166+0000] {logging_mixin.py:188} INFO - [2024-05-19T20:27:52.166+0000] {dag.py:3954} INFO - Setting next_dagrun for disney_api_file to 2024-05-19 20:20:00+00:00, run_after=2024-05-19 20:25:00+00:00
[2024-05-19T20:27:52.175+0000] {processor.py:183} INFO - Processing /opt/airflow/dags/api_disney_file.py took 0.300 seconds
[2024-05-19T20:28:22.257+0000] {processor.py:161} INFO - Started process (PID=612) to work on /opt/airflow/dags/api_disney_file.py
[2024-05-19T20:28:22.257+0000] {processor.py:830} INFO - Processing file /opt/airflow/dags/api_disney_file.py for tasks to queue
[2024-05-19T20:28:22.258+0000] {logging_mixin.py:188} INFO - [2024-05-19T20:28:22.258+0000] {dagbag.py:545} INFO - Filling up the DagBag from /opt/airflow/dags/api_disney_file.py
[2024-05-19T20:28:22.581+0000] {processor.py:840} INFO - DAG(s) 'disney_api_file' retrieved from /opt/airflow/dags/api_disney_file.py
[2024-05-19T20:28:22.589+0000] {logging_mixin.py:188} INFO - [2024-05-19T20:28:22.589+0000] {dag.py:3096} INFO - Sync 1 DAGs
[2024-05-19T20:28:22.598+0000] {logging_mixin.py:188} INFO - [2024-05-19T20:28:22.598+0000] {dag.py:3954} INFO - Setting next_dagrun for disney_api_file to 2024-05-19 20:20:00+00:00, run_after=2024-05-19 20:25:00+00:00
[2024-05-19T20:28:22.604+0000] {processor.py:183} INFO - Processing /opt/airflow/dags/api_disney_file.py took 0.350 seconds
[2024-05-19T20:28:53.327+0000] {processor.py:161} INFO - Started process (PID=627) to work on /opt/airflow/dags/api_disney_file.py
[2024-05-19T20:28:53.328+0000] {processor.py:830} INFO - Processing file /opt/airflow/dags/api_disney_file.py for tasks to queue
[2024-05-19T20:28:53.331+0000] {logging_mixin.py:188} INFO - [2024-05-19T20:28:53.331+0000] {dagbag.py:545} INFO - Filling up the DagBag from /opt/airflow/dags/api_disney_file.py
[2024-05-19T20:28:53.784+0000] {processor.py:840} INFO - DAG(s) 'disney_api_file' retrieved from /opt/airflow/dags/api_disney_file.py
[2024-05-19T20:28:53.796+0000] {logging_mixin.py:188} INFO - [2024-05-19T20:28:53.796+0000] {dag.py:3096} INFO - Sync 1 DAGs
[2024-05-19T20:28:53.806+0000] {logging_mixin.py:188} INFO - [2024-05-19T20:28:53.806+0000] {dag.py:3954} INFO - Setting next_dagrun for disney_api_file to 2024-05-19 20:20:00+00:00, run_after=2024-05-19 20:25:00+00:00
[2024-05-19T20:28:53.812+0000] {processor.py:183} INFO - Processing /opt/airflow/dags/api_disney_file.py took 0.497 seconds
[2024-05-19T20:29:24.030+0000] {processor.py:161} INFO - Started process (PID=642) to work on /opt/airflow/dags/api_disney_file.py
[2024-05-19T20:29:24.032+0000] {processor.py:830} INFO - Processing file /opt/airflow/dags/api_disney_file.py for tasks to queue
[2024-05-19T20:29:24.034+0000] {logging_mixin.py:188} INFO - [2024-05-19T20:29:24.034+0000] {dagbag.py:545} INFO - Filling up the DagBag from /opt/airflow/dags/api_disney_file.py
[2024-05-19T20:29:24.411+0000] {processor.py:840} INFO - DAG(s) 'disney_api_file' retrieved from /opt/airflow/dags/api_disney_file.py
[2024-05-19T20:29:24.421+0000] {logging_mixin.py:188} INFO - [2024-05-19T20:29:24.420+0000] {dag.py:3096} INFO - Sync 1 DAGs
[2024-05-19T20:29:24.429+0000] {logging_mixin.py:188} INFO - [2024-05-19T20:29:24.429+0000] {dag.py:3954} INFO - Setting next_dagrun for disney_api_file to 2024-05-19 20:20:00+00:00, run_after=2024-05-19 20:25:00+00:00
[2024-05-19T20:29:24.435+0000] {processor.py:183} INFO - Processing /opt/airflow/dags/api_disney_file.py took 0.414 seconds
[2024-05-19T20:29:54.721+0000] {processor.py:161} INFO - Started process (PID=657) to work on /opt/airflow/dags/api_disney_file.py
[2024-05-19T20:29:54.722+0000] {processor.py:830} INFO - Processing file /opt/airflow/dags/api_disney_file.py for tasks to queue
[2024-05-19T20:29:54.724+0000] {logging_mixin.py:188} INFO - [2024-05-19T20:29:54.723+0000] {dagbag.py:545} INFO - Filling up the DagBag from /opt/airflow/dags/api_disney_file.py
[2024-05-19T20:29:54.981+0000] {processor.py:840} INFO - DAG(s) 'disney_api_file' retrieved from /opt/airflow/dags/api_disney_file.py
[2024-05-19T20:29:54.990+0000] {logging_mixin.py:188} INFO - [2024-05-19T20:29:54.989+0000] {dag.py:3096} INFO - Sync 1 DAGs
[2024-05-19T20:29:54.998+0000] {logging_mixin.py:188} INFO - [2024-05-19T20:29:54.998+0000] {dag.py:3954} INFO - Setting next_dagrun for disney_api_file to 2024-05-19 20:20:00+00:00, run_after=2024-05-19 20:25:00+00:00
[2024-05-19T20:29:55.005+0000] {processor.py:183} INFO - Processing /opt/airflow/dags/api_disney_file.py took 0.294 seconds
[2024-05-19T20:30:25.665+0000] {processor.py:161} INFO - Started process (PID=672) to work on /opt/airflow/dags/api_disney_file.py
[2024-05-19T20:30:25.665+0000] {processor.py:830} INFO - Processing file /opt/airflow/dags/api_disney_file.py for tasks to queue
[2024-05-19T20:30:25.666+0000] {logging_mixin.py:188} INFO - [2024-05-19T20:30:25.666+0000] {dagbag.py:545} INFO - Filling up the DagBag from /opt/airflow/dags/api_disney_file.py
[2024-05-19T20:30:26.108+0000] {processor.py:840} INFO - DAG(s) 'disney_api_file' retrieved from /opt/airflow/dags/api_disney_file.py
[2024-05-19T20:30:26.118+0000] {logging_mixin.py:188} INFO - [2024-05-19T20:30:26.118+0000] {dag.py:3096} INFO - Sync 1 DAGs
[2024-05-19T20:30:26.127+0000] {logging_mixin.py:188} INFO - [2024-05-19T20:30:26.127+0000] {dag.py:3954} INFO - Setting next_dagrun for disney_api_file to 2024-05-19 20:25:00+00:00, run_after=2024-05-19 20:30:00+00:00
[2024-05-19T20:30:26.133+0000] {processor.py:183} INFO - Processing /opt/airflow/dags/api_disney_file.py took 0.473 seconds
[2024-05-19T20:30:56.385+0000] {processor.py:161} INFO - Started process (PID=687) to work on /opt/airflow/dags/api_disney_file.py
[2024-05-19T20:30:56.386+0000] {processor.py:830} INFO - Processing file /opt/airflow/dags/api_disney_file.py for tasks to queue
[2024-05-19T20:30:56.387+0000] {logging_mixin.py:188} INFO - [2024-05-19T20:30:56.387+0000] {dagbag.py:545} INFO - Filling up the DagBag from /opt/airflow/dags/api_disney_file.py
[2024-05-19T20:30:56.779+0000] {processor.py:840} INFO - DAG(s) 'disney_api_file' retrieved from /opt/airflow/dags/api_disney_file.py
[2024-05-19T20:30:56.790+0000] {logging_mixin.py:188} INFO - [2024-05-19T20:30:56.789+0000] {dag.py:3096} INFO - Sync 1 DAGs
[2024-05-19T20:30:56.800+0000] {logging_mixin.py:188} INFO - [2024-05-19T20:30:56.799+0000] {dag.py:3954} INFO - Setting next_dagrun for disney_api_file to 2024-05-19 20:25:00+00:00, run_after=2024-05-19 20:30:00+00:00
[2024-05-19T20:30:56.807+0000] {processor.py:183} INFO - Processing /opt/airflow/dags/api_disney_file.py took 0.429 seconds
[2024-05-19T20:31:27.179+0000] {processor.py:161} INFO - Started process (PID=706) to work on /opt/airflow/dags/api_disney_file.py
[2024-05-19T20:31:27.180+0000] {processor.py:830} INFO - Processing file /opt/airflow/dags/api_disney_file.py for tasks to queue
[2024-05-19T20:31:27.181+0000] {logging_mixin.py:188} INFO - [2024-05-19T20:31:27.180+0000] {dagbag.py:545} INFO - Filling up the DagBag from /opt/airflow/dags/api_disney_file.py
[2024-05-19T20:31:27.584+0000] {processor.py:840} INFO - DAG(s) 'disney_api_file' retrieved from /opt/airflow/dags/api_disney_file.py
[2024-05-19T20:31:27.594+0000] {logging_mixin.py:188} INFO - [2024-05-19T20:31:27.594+0000] {dag.py:3096} INFO - Sync 1 DAGs
[2024-05-19T20:31:27.605+0000] {logging_mixin.py:188} INFO - [2024-05-19T20:31:27.604+0000] {dag.py:3954} INFO - Setting next_dagrun for disney_api_file to 2024-05-19 20:25:00+00:00, run_after=2024-05-19 20:30:00+00:00
[2024-05-19T20:31:27.611+0000] {processor.py:183} INFO - Processing /opt/airflow/dags/api_disney_file.py took 0.439 seconds
[2024-05-19T20:31:58.299+0000] {processor.py:161} INFO - Started process (PID=721) to work on /opt/airflow/dags/api_disney_file.py
[2024-05-19T20:31:58.300+0000] {processor.py:830} INFO - Processing file /opt/airflow/dags/api_disney_file.py for tasks to queue
[2024-05-19T20:31:58.301+0000] {logging_mixin.py:188} INFO - [2024-05-19T20:31:58.301+0000] {dagbag.py:545} INFO - Filling up the DagBag from /opt/airflow/dags/api_disney_file.py
[2024-05-19T20:31:58.677+0000] {processor.py:840} INFO - DAG(s) 'disney_api_file' retrieved from /opt/airflow/dags/api_disney_file.py
[2024-05-19T20:31:58.688+0000] {logging_mixin.py:188} INFO - [2024-05-19T20:31:58.688+0000] {dag.py:3096} INFO - Sync 1 DAGs
[2024-05-19T20:31:58.701+0000] {logging_mixin.py:188} INFO - [2024-05-19T20:31:58.701+0000] {dag.py:3954} INFO - Setting next_dagrun for disney_api_file to 2024-05-19 20:25:00+00:00, run_after=2024-05-19 20:30:00+00:00
[2024-05-19T20:31:58.709+0000] {processor.py:183} INFO - Processing /opt/airflow/dags/api_disney_file.py took 0.415 seconds
[2024-05-19T20:32:28.968+0000] {processor.py:161} INFO - Started process (PID=736) to work on /opt/airflow/dags/api_disney_file.py
[2024-05-19T20:32:28.969+0000] {processor.py:830} INFO - Processing file /opt/airflow/dags/api_disney_file.py for tasks to queue
[2024-05-19T20:32:28.970+0000] {logging_mixin.py:188} INFO - [2024-05-19T20:32:28.970+0000] {dagbag.py:545} INFO - Filling up the DagBag from /opt/airflow/dags/api_disney_file.py
[2024-05-19T20:32:29.430+0000] {processor.py:840} INFO - DAG(s) 'disney_api_file' retrieved from /opt/airflow/dags/api_disney_file.py
[2024-05-19T20:32:29.443+0000] {logging_mixin.py:188} INFO - [2024-05-19T20:32:29.443+0000] {dag.py:3096} INFO - Sync 1 DAGs
[2024-05-19T20:32:29.454+0000] {logging_mixin.py:188} INFO - [2024-05-19T20:32:29.454+0000] {dag.py:3954} INFO - Setting next_dagrun for disney_api_file to 2024-05-19 20:25:00+00:00, run_after=2024-05-19 20:30:00+00:00
[2024-05-19T20:32:29.462+0000] {processor.py:183} INFO - Processing /opt/airflow/dags/api_disney_file.py took 0.500 seconds
[2024-05-19T20:33:00.299+0000] {processor.py:161} INFO - Started process (PID=751) to work on /opt/airflow/dags/api_disney_file.py
[2024-05-19T20:33:00.301+0000] {processor.py:830} INFO - Processing file /opt/airflow/dags/api_disney_file.py for tasks to queue
[2024-05-19T20:33:00.307+0000] {logging_mixin.py:188} INFO - [2024-05-19T20:33:00.307+0000] {dagbag.py:545} INFO - Filling up the DagBag from /opt/airflow/dags/api_disney_file.py
[2024-05-19T20:33:00.792+0000] {processor.py:840} INFO - DAG(s) 'disney_api_file' retrieved from /opt/airflow/dags/api_disney_file.py
[2024-05-19T20:33:00.803+0000] {logging_mixin.py:188} INFO - [2024-05-19T20:33:00.803+0000] {dag.py:3096} INFO - Sync 1 DAGs
[2024-05-19T20:33:00.815+0000] {logging_mixin.py:188} INFO - [2024-05-19T20:33:00.815+0000] {dag.py:3954} INFO - Setting next_dagrun for disney_api_file to 2024-05-19 20:25:00+00:00, run_after=2024-05-19 20:30:00+00:00
[2024-05-19T20:33:00.823+0000] {processor.py:183} INFO - Processing /opt/airflow/dags/api_disney_file.py took 0.535 seconds
[2024-05-19T20:33:31.663+0000] {processor.py:161} INFO - Started process (PID=766) to work on /opt/airflow/dags/api_disney_file.py
[2024-05-19T20:33:31.664+0000] {processor.py:830} INFO - Processing file /opt/airflow/dags/api_disney_file.py for tasks to queue
[2024-05-19T20:33:31.665+0000] {logging_mixin.py:188} INFO - [2024-05-19T20:33:31.665+0000] {dagbag.py:545} INFO - Filling up the DagBag from /opt/airflow/dags/api_disney_file.py
[2024-05-19T20:33:31.976+0000] {processor.py:840} INFO - DAG(s) 'disney_api_file' retrieved from /opt/airflow/dags/api_disney_file.py
[2024-05-19T20:33:31.991+0000] {logging_mixin.py:188} INFO - [2024-05-19T20:33:31.991+0000] {dag.py:3096} INFO - Sync 1 DAGs
[2024-05-19T20:33:32.003+0000] {logging_mixin.py:188} INFO - [2024-05-19T20:33:32.003+0000] {dag.py:3954} INFO - Setting next_dagrun for disney_api_file to 2024-05-19 20:25:00+00:00, run_after=2024-05-19 20:30:00+00:00
[2024-05-19T20:33:32.011+0000] {processor.py:183} INFO - Processing /opt/airflow/dags/api_disney_file.py took 0.358 seconds
[2024-05-19T20:34:02.698+0000] {processor.py:161} INFO - Started process (PID=781) to work on /opt/airflow/dags/api_disney_file.py
[2024-05-19T20:34:02.700+0000] {processor.py:830} INFO - Processing file /opt/airflow/dags/api_disney_file.py for tasks to queue
[2024-05-19T20:34:02.702+0000] {logging_mixin.py:188} INFO - [2024-05-19T20:34:02.701+0000] {dagbag.py:545} INFO - Filling up the DagBag from /opt/airflow/dags/api_disney_file.py
[2024-05-19T20:34:03.024+0000] {processor.py:840} INFO - DAG(s) 'disney_api_file' retrieved from /opt/airflow/dags/api_disney_file.py
[2024-05-19T20:34:03.037+0000] {logging_mixin.py:188} INFO - [2024-05-19T20:34:03.036+0000] {dag.py:3096} INFO - Sync 1 DAGs
[2024-05-19T20:34:03.048+0000] {logging_mixin.py:188} INFO - [2024-05-19T20:34:03.047+0000] {dag.py:3954} INFO - Setting next_dagrun for disney_api_file to 2024-05-19 20:25:00+00:00, run_after=2024-05-19 20:30:00+00:00
[2024-05-19T20:34:03.056+0000] {processor.py:183} INFO - Processing /opt/airflow/dags/api_disney_file.py took 0.365 seconds
[2024-05-19T20:34:33.376+0000] {processor.py:161} INFO - Started process (PID=796) to work on /opt/airflow/dags/api_disney_file.py
[2024-05-19T20:34:33.377+0000] {processor.py:830} INFO - Processing file /opt/airflow/dags/api_disney_file.py for tasks to queue
[2024-05-19T20:34:33.378+0000] {logging_mixin.py:188} INFO - [2024-05-19T20:34:33.378+0000] {dagbag.py:545} INFO - Filling up the DagBag from /opt/airflow/dags/api_disney_file.py
[2024-05-19T20:34:33.673+0000] {processor.py:840} INFO - DAG(s) 'disney_api_file' retrieved from /opt/airflow/dags/api_disney_file.py
[2024-05-19T20:34:33.684+0000] {logging_mixin.py:188} INFO - [2024-05-19T20:34:33.684+0000] {dag.py:3096} INFO - Sync 1 DAGs
[2024-05-19T20:34:33.695+0000] {logging_mixin.py:188} INFO - [2024-05-19T20:34:33.695+0000] {dag.py:3954} INFO - Setting next_dagrun for disney_api_file to 2024-05-19 20:25:00+00:00, run_after=2024-05-19 20:30:00+00:00
[2024-05-19T20:34:33.702+0000] {processor.py:183} INFO - Processing /opt/airflow/dags/api_disney_file.py took 0.334 seconds
[2024-05-19T20:35:04.078+0000] {processor.py:161} INFO - Started process (PID=811) to work on /opt/airflow/dags/api_disney_file.py
[2024-05-19T20:35:04.080+0000] {processor.py:830} INFO - Processing file /opt/airflow/dags/api_disney_file.py for tasks to queue
[2024-05-19T20:35:04.081+0000] {logging_mixin.py:188} INFO - [2024-05-19T20:35:04.080+0000] {dagbag.py:545} INFO - Filling up the DagBag from /opt/airflow/dags/api_disney_file.py
[2024-05-19T20:35:04.401+0000] {processor.py:840} INFO - DAG(s) 'disney_api_file' retrieved from /opt/airflow/dags/api_disney_file.py
[2024-05-19T20:35:04.413+0000] {logging_mixin.py:188} INFO - [2024-05-19T20:35:04.413+0000] {dag.py:3096} INFO - Sync 1 DAGs
[2024-05-19T20:35:04.423+0000] {logging_mixin.py:188} INFO - [2024-05-19T20:35:04.423+0000] {dag.py:3954} INFO - Setting next_dagrun for disney_api_file to 2024-05-19 20:30:00+00:00, run_after=2024-05-19 20:35:00+00:00
[2024-05-19T20:35:04.430+0000] {processor.py:183} INFO - Processing /opt/airflow/dags/api_disney_file.py took 0.360 seconds
[2024-05-19T20:35:34.517+0000] {processor.py:161} INFO - Started process (PID=830) to work on /opt/airflow/dags/api_disney_file.py
[2024-05-19T20:35:34.519+0000] {processor.py:830} INFO - Processing file /opt/airflow/dags/api_disney_file.py for tasks to queue
[2024-05-19T20:35:34.521+0000] {logging_mixin.py:188} INFO - [2024-05-19T20:35:34.520+0000] {dagbag.py:545} INFO - Filling up the DagBag from /opt/airflow/dags/api_disney_file.py
[2024-05-19T20:35:34.833+0000] {processor.py:840} INFO - DAG(s) 'disney_api_file' retrieved from /opt/airflow/dags/api_disney_file.py
[2024-05-19T20:35:34.845+0000] {logging_mixin.py:188} INFO - [2024-05-19T20:35:34.844+0000] {dag.py:3096} INFO - Sync 1 DAGs
[2024-05-19T20:35:34.854+0000] {logging_mixin.py:188} INFO - [2024-05-19T20:35:34.854+0000] {dag.py:3954} INFO - Setting next_dagrun for disney_api_file to 2024-05-19 20:30:00+00:00, run_after=2024-05-19 20:35:00+00:00
[2024-05-19T20:35:34.863+0000] {processor.py:183} INFO - Processing /opt/airflow/dags/api_disney_file.py took 0.356 seconds
[2024-05-19T20:36:05.641+0000] {processor.py:161} INFO - Started process (PID=847) to work on /opt/airflow/dags/api_disney_file.py
[2024-05-19T20:36:05.643+0000] {processor.py:830} INFO - Processing file /opt/airflow/dags/api_disney_file.py for tasks to queue
[2024-05-19T20:36:05.644+0000] {logging_mixin.py:188} INFO - [2024-05-19T20:36:05.644+0000] {dagbag.py:545} INFO - Filling up the DagBag from /opt/airflow/dags/api_disney_file.py
[2024-05-19T20:36:05.970+0000] {processor.py:840} INFO - DAG(s) 'disney_api_file' retrieved from /opt/airflow/dags/api_disney_file.py
[2024-05-19T20:36:05.978+0000] {logging_mixin.py:188} INFO - [2024-05-19T20:36:05.978+0000] {dag.py:3096} INFO - Sync 1 DAGs
[2024-05-19T20:36:05.988+0000] {logging_mixin.py:188} INFO - [2024-05-19T20:36:05.988+0000] {dag.py:3954} INFO - Setting next_dagrun for disney_api_file to 2024-05-19 20:30:00+00:00, run_after=2024-05-19 20:35:00+00:00
[2024-05-19T20:36:05.994+0000] {processor.py:183} INFO - Processing /opt/airflow/dags/api_disney_file.py took 0.361 seconds
[2024-05-19T20:36:36.332+0000] {processor.py:161} INFO - Started process (PID=878) to work on /opt/airflow/dags/api_disney_file.py
[2024-05-19T20:36:36.333+0000] {processor.py:830} INFO - Processing file /opt/airflow/dags/api_disney_file.py for tasks to queue
[2024-05-19T20:36:36.334+0000] {logging_mixin.py:188} INFO - [2024-05-19T20:36:36.334+0000] {dagbag.py:545} INFO - Filling up the DagBag from /opt/airflow/dags/api_disney_file.py
[2024-05-19T20:36:36.618+0000] {processor.py:840} INFO - DAG(s) 'disney_api_file' retrieved from /opt/airflow/dags/api_disney_file.py
[2024-05-19T20:36:36.630+0000] {logging_mixin.py:188} INFO - [2024-05-19T20:36:36.630+0000] {dag.py:3096} INFO - Sync 1 DAGs
[2024-05-19T20:36:36.640+0000] {logging_mixin.py:188} INFO - [2024-05-19T20:36:36.640+0000] {dag.py:3954} INFO - Setting next_dagrun for disney_api_file to 2024-05-19 20:30:00+00:00, run_after=2024-05-19 20:35:00+00:00
[2024-05-19T20:36:36.648+0000] {processor.py:183} INFO - Processing /opt/airflow/dags/api_disney_file.py took 0.319 seconds
[2024-05-19T20:37:06.991+0000] {processor.py:161} INFO - Started process (PID=893) to work on /opt/airflow/dags/api_disney_file.py
[2024-05-19T20:37:06.992+0000] {processor.py:830} INFO - Processing file /opt/airflow/dags/api_disney_file.py for tasks to queue
[2024-05-19T20:37:06.993+0000] {logging_mixin.py:188} INFO - [2024-05-19T20:37:06.993+0000] {dagbag.py:545} INFO - Filling up the DagBag from /opt/airflow/dags/api_disney_file.py
[2024-05-19T20:37:07.441+0000] {processor.py:840} INFO - DAG(s) 'disney_api_file' retrieved from /opt/airflow/dags/api_disney_file.py
[2024-05-19T20:37:07.458+0000] {logging_mixin.py:188} INFO - [2024-05-19T20:37:07.458+0000] {dag.py:3096} INFO - Sync 1 DAGs
[2024-05-19T20:37:07.474+0000] {logging_mixin.py:188} INFO - [2024-05-19T20:37:07.474+0000] {dag.py:3954} INFO - Setting next_dagrun for disney_api_file to 2024-05-19 20:30:00+00:00, run_after=2024-05-19 20:35:00+00:00
[2024-05-19T20:37:07.484+0000] {processor.py:183} INFO - Processing /opt/airflow/dags/api_disney_file.py took 0.497 seconds
[2024-05-19T20:37:37.817+0000] {processor.py:161} INFO - Started process (PID=908) to work on /opt/airflow/dags/api_disney_file.py
[2024-05-19T20:37:37.819+0000] {processor.py:830} INFO - Processing file /opt/airflow/dags/api_disney_file.py for tasks to queue
[2024-05-19T20:37:37.819+0000] {logging_mixin.py:188} INFO - [2024-05-19T20:37:37.819+0000] {dagbag.py:545} INFO - Filling up the DagBag from /opt/airflow/dags/api_disney_file.py
[2024-05-19T20:37:38.112+0000] {processor.py:840} INFO - DAG(s) 'disney_api_file' retrieved from /opt/airflow/dags/api_disney_file.py
[2024-05-19T20:37:38.121+0000] {logging_mixin.py:188} INFO - [2024-05-19T20:37:38.120+0000] {dag.py:3096} INFO - Sync 1 DAGs
[2024-05-19T20:37:38.129+0000] {logging_mixin.py:188} INFO - [2024-05-19T20:37:38.129+0000] {dag.py:3954} INFO - Setting next_dagrun for disney_api_file to 2024-05-19 20:30:00+00:00, run_after=2024-05-19 20:35:00+00:00
[2024-05-19T20:37:38.136+0000] {processor.py:183} INFO - Processing /opt/airflow/dags/api_disney_file.py took 0.321 seconds
[2024-05-19T20:38:08.834+0000] {processor.py:161} INFO - Started process (PID=923) to work on /opt/airflow/dags/api_disney_file.py
[2024-05-19T20:38:08.835+0000] {processor.py:830} INFO - Processing file /opt/airflow/dags/api_disney_file.py for tasks to queue
[2024-05-19T20:38:08.836+0000] {logging_mixin.py:188} INFO - [2024-05-19T20:38:08.836+0000] {dagbag.py:545} INFO - Filling up the DagBag from /opt/airflow/dags/api_disney_file.py
[2024-05-19T20:38:09.094+0000] {processor.py:840} INFO - DAG(s) 'disney_api_file' retrieved from /opt/airflow/dags/api_disney_file.py
[2024-05-19T20:38:09.104+0000] {logging_mixin.py:188} INFO - [2024-05-19T20:38:09.104+0000] {dag.py:3096} INFO - Sync 1 DAGs
[2024-05-19T20:38:09.116+0000] {logging_mixin.py:188} INFO - [2024-05-19T20:38:09.115+0000] {dag.py:3954} INFO - Setting next_dagrun for disney_api_file to 2024-05-19 20:30:00+00:00, run_after=2024-05-19 20:35:00+00:00
[2024-05-19T20:38:09.124+0000] {processor.py:183} INFO - Processing /opt/airflow/dags/api_disney_file.py took 0.298 seconds
[2024-05-19T20:38:39.434+0000] {processor.py:161} INFO - Started process (PID=938) to work on /opt/airflow/dags/api_disney_file.py
[2024-05-19T20:38:39.435+0000] {processor.py:830} INFO - Processing file /opt/airflow/dags/api_disney_file.py for tasks to queue
[2024-05-19T20:38:39.436+0000] {logging_mixin.py:188} INFO - [2024-05-19T20:38:39.436+0000] {dagbag.py:545} INFO - Filling up the DagBag from /opt/airflow/dags/api_disney_file.py
[2024-05-19T20:38:39.673+0000] {processor.py:840} INFO - DAG(s) 'disney_api_file' retrieved from /opt/airflow/dags/api_disney_file.py
[2024-05-19T20:38:39.681+0000] {logging_mixin.py:188} INFO - [2024-05-19T20:38:39.681+0000] {dag.py:3096} INFO - Sync 1 DAGs
[2024-05-19T20:38:39.690+0000] {logging_mixin.py:188} INFO - [2024-05-19T20:38:39.690+0000] {dag.py:3954} INFO - Setting next_dagrun for disney_api_file to 2024-05-19 20:30:00+00:00, run_after=2024-05-19 20:35:00+00:00
[2024-05-19T20:38:39.696+0000] {processor.py:183} INFO - Processing /opt/airflow/dags/api_disney_file.py took 0.271 seconds
[2024-05-19T20:39:10.034+0000] {processor.py:161} INFO - Started process (PID=953) to work on /opt/airflow/dags/api_disney_file.py
[2024-05-19T20:39:10.037+0000] {processor.py:830} INFO - Processing file /opt/airflow/dags/api_disney_file.py for tasks to queue
[2024-05-19T20:39:10.039+0000] {logging_mixin.py:188} INFO - [2024-05-19T20:39:10.038+0000] {dagbag.py:545} INFO - Filling up the DagBag from /opt/airflow/dags/api_disney_file.py
[2024-05-19T20:39:10.322+0000] {processor.py:840} INFO - DAG(s) 'disney_api_file' retrieved from /opt/airflow/dags/api_disney_file.py
[2024-05-19T20:39:10.332+0000] {logging_mixin.py:188} INFO - [2024-05-19T20:39:10.332+0000] {dag.py:3096} INFO - Sync 1 DAGs
[2024-05-19T20:39:10.342+0000] {logging_mixin.py:188} INFO - [2024-05-19T20:39:10.342+0000] {dag.py:3954} INFO - Setting next_dagrun for disney_api_file to 2024-05-19 20:30:00+00:00, run_after=2024-05-19 20:35:00+00:00
[2024-05-19T20:39:10.348+0000] {processor.py:183} INFO - Processing /opt/airflow/dags/api_disney_file.py took 0.324 seconds
[2024-05-19T20:39:40.781+0000] {processor.py:161} INFO - Started process (PID=968) to work on /opt/airflow/dags/api_disney_file.py
[2024-05-19T20:39:40.783+0000] {processor.py:830} INFO - Processing file /opt/airflow/dags/api_disney_file.py for tasks to queue
[2024-05-19T20:39:40.784+0000] {logging_mixin.py:188} INFO - [2024-05-19T20:39:40.784+0000] {dagbag.py:545} INFO - Filling up the DagBag from /opt/airflow/dags/api_disney_file.py
[2024-05-19T20:39:41.115+0000] {processor.py:840} INFO - DAG(s) 'disney_api_file' retrieved from /opt/airflow/dags/api_disney_file.py
[2024-05-19T20:39:41.129+0000] {logging_mixin.py:188} INFO - [2024-05-19T20:39:41.128+0000] {dag.py:3096} INFO - Sync 1 DAGs
[2024-05-19T20:39:41.140+0000] {logging_mixin.py:188} INFO - [2024-05-19T20:39:41.139+0000] {dag.py:3954} INFO - Setting next_dagrun for disney_api_file to 2024-05-19 20:30:00+00:00, run_after=2024-05-19 20:35:00+00:00
[2024-05-19T20:39:41.146+0000] {processor.py:183} INFO - Processing /opt/airflow/dags/api_disney_file.py took 0.375 seconds
[2024-05-19T20:40:11.570+0000] {processor.py:161} INFO - Started process (PID=983) to work on /opt/airflow/dags/api_disney_file.py
[2024-05-19T20:40:11.572+0000] {processor.py:830} INFO - Processing file /opt/airflow/dags/api_disney_file.py for tasks to queue
[2024-05-19T20:40:11.573+0000] {logging_mixin.py:188} INFO - [2024-05-19T20:40:11.572+0000] {dagbag.py:545} INFO - Filling up the DagBag from /opt/airflow/dags/api_disney_file.py
[2024-05-19T20:40:11.868+0000] {processor.py:840} INFO - DAG(s) 'disney_api_file' retrieved from /opt/airflow/dags/api_disney_file.py
[2024-05-19T20:40:11.881+0000] {logging_mixin.py:188} INFO - [2024-05-19T20:40:11.881+0000] {dag.py:3096} INFO - Sync 1 DAGs
[2024-05-19T20:40:11.913+0000] {logging_mixin.py:188} INFO - [2024-05-19T20:40:11.913+0000] {dag.py:3954} INFO - Setting next_dagrun for disney_api_file to 2024-05-19 20:35:00+00:00, run_after=2024-05-19 20:40:00+00:00
[2024-05-19T20:40:11.922+0000] {processor.py:183} INFO - Processing /opt/airflow/dags/api_disney_file.py took 0.361 seconds
[2024-05-19T20:40:42.393+0000] {processor.py:161} INFO - Started process (PID=1001) to work on /opt/airflow/dags/api_disney_file.py
[2024-05-19T20:40:42.394+0000] {processor.py:830} INFO - Processing file /opt/airflow/dags/api_disney_file.py for tasks to queue
[2024-05-19T20:40:42.396+0000] {logging_mixin.py:188} INFO - [2024-05-19T20:40:42.395+0000] {dagbag.py:545} INFO - Filling up the DagBag from /opt/airflow/dags/api_disney_file.py
[2024-05-19T20:40:42.700+0000] {processor.py:840} INFO - DAG(s) 'disney_api_file' retrieved from /opt/airflow/dags/api_disney_file.py
[2024-05-19T20:40:42.709+0000] {logging_mixin.py:188} INFO - [2024-05-19T20:40:42.709+0000] {dag.py:3096} INFO - Sync 1 DAGs
[2024-05-19T20:40:42.718+0000] {logging_mixin.py:188} INFO - [2024-05-19T20:40:42.718+0000] {dag.py:3954} INFO - Setting next_dagrun for disney_api_file to 2024-05-19 20:35:00+00:00, run_after=2024-05-19 20:40:00+00:00
[2024-05-19T20:40:42.725+0000] {processor.py:183} INFO - Processing /opt/airflow/dags/api_disney_file.py took 0.341 seconds
[2024-05-19T20:41:13.100+0000] {processor.py:161} INFO - Started process (PID=1016) to work on /opt/airflow/dags/api_disney_file.py
[2024-05-19T20:41:13.101+0000] {processor.py:830} INFO - Processing file /opt/airflow/dags/api_disney_file.py for tasks to queue
[2024-05-19T20:41:13.103+0000] {logging_mixin.py:188} INFO - [2024-05-19T20:41:13.102+0000] {dagbag.py:545} INFO - Filling up the DagBag from /opt/airflow/dags/api_disney_file.py
[2024-05-19T20:41:13.442+0000] {processor.py:840} INFO - DAG(s) 'disney_api_file' retrieved from /opt/airflow/dags/api_disney_file.py
[2024-05-19T20:41:13.454+0000] {logging_mixin.py:188} INFO - [2024-05-19T20:41:13.453+0000] {dag.py:3096} INFO - Sync 1 DAGs
[2024-05-19T20:41:13.466+0000] {logging_mixin.py:188} INFO - [2024-05-19T20:41:13.465+0000] {dag.py:3954} INFO - Setting next_dagrun for disney_api_file to 2024-05-19 20:35:00+00:00, run_after=2024-05-19 20:40:00+00:00
[2024-05-19T20:41:13.473+0000] {processor.py:183} INFO - Processing /opt/airflow/dags/api_disney_file.py took 0.382 seconds
[2024-05-19T20:41:43.794+0000] {processor.py:161} INFO - Started process (PID=1031) to work on /opt/airflow/dags/api_disney_file.py
[2024-05-19T20:41:43.795+0000] {processor.py:830} INFO - Processing file /opt/airflow/dags/api_disney_file.py for tasks to queue
[2024-05-19T20:41:43.797+0000] {logging_mixin.py:188} INFO - [2024-05-19T20:41:43.796+0000] {dagbag.py:545} INFO - Filling up the DagBag from /opt/airflow/dags/api_disney_file.py
[2024-05-19T20:41:44.059+0000] {processor.py:840} INFO - DAG(s) 'disney_api_file' retrieved from /opt/airflow/dags/api_disney_file.py
[2024-05-19T20:41:44.070+0000] {logging_mixin.py:188} INFO - [2024-05-19T20:41:44.070+0000] {dag.py:3096} INFO - Sync 1 DAGs
[2024-05-19T20:41:44.080+0000] {logging_mixin.py:188} INFO - [2024-05-19T20:41:44.080+0000] {dag.py:3954} INFO - Setting next_dagrun for disney_api_file to 2024-05-19 20:35:00+00:00, run_after=2024-05-19 20:40:00+00:00
[2024-05-19T20:41:44.086+0000] {processor.py:183} INFO - Processing /opt/airflow/dags/api_disney_file.py took 0.301 seconds
[2024-05-19T20:42:14.428+0000] {processor.py:161} INFO - Started process (PID=1046) to work on /opt/airflow/dags/api_disney_file.py
[2024-05-19T20:42:14.429+0000] {processor.py:830} INFO - Processing file /opt/airflow/dags/api_disney_file.py for tasks to queue
[2024-05-19T20:42:14.430+0000] {logging_mixin.py:188} INFO - [2024-05-19T20:42:14.430+0000] {dagbag.py:545} INFO - Filling up the DagBag from /opt/airflow/dags/api_disney_file.py
[2024-05-19T20:42:14.763+0000] {processor.py:840} INFO - DAG(s) 'disney_api_file' retrieved from /opt/airflow/dags/api_disney_file.py
[2024-05-19T20:42:14.775+0000] {logging_mixin.py:188} INFO - [2024-05-19T20:42:14.775+0000] {dag.py:3096} INFO - Sync 1 DAGs
[2024-05-19T20:42:14.786+0000] {logging_mixin.py:188} INFO - [2024-05-19T20:42:14.786+0000] {dag.py:3954} INFO - Setting next_dagrun for disney_api_file to 2024-05-19 20:35:00+00:00, run_after=2024-05-19 20:40:00+00:00
[2024-05-19T20:42:14.795+0000] {processor.py:183} INFO - Processing /opt/airflow/dags/api_disney_file.py took 0.376 seconds
[2024-05-19T20:42:45.174+0000] {processor.py:161} INFO - Started process (PID=1061) to work on /opt/airflow/dags/api_disney_file.py
[2024-05-19T20:42:45.175+0000] {processor.py:830} INFO - Processing file /opt/airflow/dags/api_disney_file.py for tasks to queue
[2024-05-19T20:42:45.176+0000] {logging_mixin.py:188} INFO - [2024-05-19T20:42:45.176+0000] {dagbag.py:545} INFO - Filling up the DagBag from /opt/airflow/dags/api_disney_file.py
[2024-05-19T20:42:45.509+0000] {processor.py:840} INFO - DAG(s) 'disney_api_file' retrieved from /opt/airflow/dags/api_disney_file.py
[2024-05-19T20:42:45.528+0000] {logging_mixin.py:188} INFO - [2024-05-19T20:42:45.527+0000] {dag.py:3096} INFO - Sync 1 DAGs
[2024-05-19T20:42:45.541+0000] {logging_mixin.py:188} INFO - [2024-05-19T20:42:45.541+0000] {dag.py:3954} INFO - Setting next_dagrun for disney_api_file to 2024-05-19 20:35:00+00:00, run_after=2024-05-19 20:40:00+00:00
[2024-05-19T20:42:45.549+0000] {processor.py:183} INFO - Processing /opt/airflow/dags/api_disney_file.py took 0.382 seconds
