[2024-05-19T20:12:25.936+0000] {processor.py:161} INFO - Started process (PID=152) to work on /opt/airflow/dags/disney_s3.py
[2024-05-19T20:12:25.937+0000] {processor.py:830} INFO - Processing file /opt/airflow/dags/disney_s3.py for tasks to queue
[2024-05-19T20:12:25.940+0000] {logging_mixin.py:188} INFO - [2024-05-19T20:12:25.940+0000] {dagbag.py:545} INFO - Filling up the DagBag from /opt/airflow/dags/disney_s3.py
[2024-05-19T20:12:26.266+0000] {processor.py:840} INFO - DAG(s) 'disney_api_to_s3' retrieved from /opt/airflow/dags/disney_s3.py
[2024-05-19T20:12:26.313+0000] {logging_mixin.py:188} INFO - [2024-05-19T20:12:26.312+0000] {dag.py:3096} INFO - Sync 1 DAGs
[2024-05-19T20:12:26.321+0000] {logging_mixin.py:188} INFO - [2024-05-19T20:12:26.321+0000] {dag.py:3954} INFO - Setting next_dagrun for disney_api_to_s3 to 2024-05-19 00:00:00+00:00, run_after=2024-05-20 00:00:00+00:00
[2024-05-19T20:12:26.330+0000] {processor.py:183} INFO - Processing /opt/airflow/dags/disney_s3.py took 0.399 seconds
[2024-05-19T20:12:56.977+0000] {processor.py:161} INFO - Started process (PID=165) to work on /opt/airflow/dags/disney_s3.py
[2024-05-19T20:12:56.978+0000] {processor.py:830} INFO - Processing file /opt/airflow/dags/disney_s3.py for tasks to queue
[2024-05-19T20:12:56.980+0000] {logging_mixin.py:188} INFO - [2024-05-19T20:12:56.980+0000] {dagbag.py:545} INFO - Filling up the DagBag from /opt/airflow/dags/disney_s3.py
[2024-05-19T20:12:57.236+0000] {processor.py:840} INFO - DAG(s) 'disney_api_to_s3' retrieved from /opt/airflow/dags/disney_s3.py
[2024-05-19T20:12:57.248+0000] {logging_mixin.py:188} INFO - [2024-05-19T20:12:57.248+0000] {dag.py:3096} INFO - Sync 1 DAGs
[2024-05-19T20:12:57.258+0000] {logging_mixin.py:188} INFO - [2024-05-19T20:12:57.258+0000] {dag.py:3954} INFO - Setting next_dagrun for disney_api_to_s3 to 2024-05-19 00:00:00+00:00, run_after=2024-05-20 00:00:00+00:00
[2024-05-19T20:12:57.266+0000] {processor.py:183} INFO - Processing /opt/airflow/dags/disney_s3.py took 0.293 seconds
[2024-05-19T20:13:04.449+0000] {processor.py:161} INFO - Started process (PID=172) to work on /opt/airflow/dags/disney_s3.py
[2024-05-19T20:13:04.450+0000] {processor.py:830} INFO - Processing file /opt/airflow/dags/disney_s3.py for tasks to queue
[2024-05-19T20:13:04.453+0000] {logging_mixin.py:188} INFO - [2024-05-19T20:13:04.452+0000] {dagbag.py:545} INFO - Filling up the DagBag from /opt/airflow/dags/disney_s3.py
[2024-05-19T20:13:04.675+0000] {processor.py:840} INFO - DAG(s) 'disney_api_to_s3' retrieved from /opt/airflow/dags/disney_s3.py
[2024-05-19T20:13:04.680+0000] {logging_mixin.py:188} INFO - [2024-05-19T20:13:04.680+0000] {dag.py:3096} INFO - Sync 1 DAGs
[2024-05-19T20:13:04.688+0000] {logging_mixin.py:188} INFO - [2024-05-19T20:13:04.688+0000] {dag.py:3954} INFO - Setting next_dagrun for disney_api_to_s3 to 2024-05-19 00:00:00+00:00, run_after=2024-05-20 00:00:00+00:00
[2024-05-19T20:13:04.695+0000] {processor.py:183} INFO - Processing /opt/airflow/dags/disney_s3.py took 0.253 seconds
[2024-05-19T20:13:15.866+0000] {processor.py:161} INFO - Started process (PID=174) to work on /opt/airflow/dags/disney_s3.py
[2024-05-19T20:13:15.868+0000] {processor.py:830} INFO - Processing file /opt/airflow/dags/disney_s3.py for tasks to queue
[2024-05-19T20:13:15.871+0000] {logging_mixin.py:188} INFO - [2024-05-19T20:13:15.870+0000] {dagbag.py:545} INFO - Filling up the DagBag from /opt/airflow/dags/disney_s3.py
[2024-05-19T20:13:16.140+0000] {processor.py:840} INFO - DAG(s) 'disney_s3' retrieved from /opt/airflow/dags/disney_s3.py
[2024-05-19T20:13:16.179+0000] {logging_mixin.py:188} INFO - [2024-05-19T20:13:16.179+0000] {override.py:1829} INFO - Created Permission View: can delete on DAG:disney_s3
[2024-05-19T20:13:16.182+0000] {logging_mixin.py:188} INFO - [2024-05-19T20:13:16.182+0000] {override.py:1829} INFO - Created Permission View: can edit on DAG:disney_s3
[2024-05-19T20:13:16.184+0000] {logging_mixin.py:188} INFO - [2024-05-19T20:13:16.184+0000] {override.py:1829} INFO - Created Permission View: can read on DAG:disney_s3
[2024-05-19T20:13:16.185+0000] {logging_mixin.py:188} INFO - [2024-05-19T20:13:16.184+0000] {dag.py:3096} INFO - Sync 1 DAGs
[2024-05-19T20:13:16.189+0000] {logging_mixin.py:188} INFO - [2024-05-19T20:13:16.189+0000] {dag.py:3118} INFO - Creating ORM DAG for disney_s3
[2024-05-19T20:13:16.193+0000] {logging_mixin.py:188} INFO - [2024-05-19T20:13:16.193+0000] {dag.py:3954} INFO - Setting next_dagrun for disney_s3 to 2024-05-18 00:00:00+00:00, run_after=2024-05-19 00:00:00+00:00
[2024-05-19T20:13:16.198+0000] {processor.py:183} INFO - Processing /opt/airflow/dags/disney_s3.py took 0.343 seconds
[2024-05-19T20:13:46.667+0000] {processor.py:161} INFO - Started process (PID=195) to work on /opt/airflow/dags/disney_s3.py
[2024-05-19T20:13:46.669+0000] {processor.py:830} INFO - Processing file /opt/airflow/dags/disney_s3.py for tasks to queue
[2024-05-19T20:13:46.672+0000] {logging_mixin.py:188} INFO - [2024-05-19T20:13:46.671+0000] {dagbag.py:545} INFO - Filling up the DagBag from /opt/airflow/dags/disney_s3.py
[2024-05-19T20:13:46.956+0000] {processor.py:840} INFO - DAG(s) 'disney_s3' retrieved from /opt/airflow/dags/disney_s3.py
[2024-05-19T20:13:46.965+0000] {logging_mixin.py:188} INFO - [2024-05-19T20:13:46.965+0000] {dag.py:3096} INFO - Sync 1 DAGs
[2024-05-19T20:13:46.973+0000] {logging_mixin.py:188} INFO - [2024-05-19T20:13:46.973+0000] {dag.py:3954} INFO - Setting next_dagrun for disney_s3 to 2024-05-19 00:00:00+00:00, run_after=2024-05-20 00:00:00+00:00
[2024-05-19T20:13:46.979+0000] {processor.py:183} INFO - Processing /opt/airflow/dags/disney_s3.py took 0.320 seconds
[2024-05-19T20:14:17.427+0000] {processor.py:161} INFO - Started process (PID=208) to work on /opt/airflow/dags/disney_s3.py
[2024-05-19T20:14:17.429+0000] {processor.py:830} INFO - Processing file /opt/airflow/dags/disney_s3.py for tasks to queue
[2024-05-19T20:14:17.432+0000] {logging_mixin.py:188} INFO - [2024-05-19T20:14:17.431+0000] {dagbag.py:545} INFO - Filling up the DagBag from /opt/airflow/dags/disney_s3.py
[2024-05-19T20:14:17.646+0000] {processor.py:840} INFO - DAG(s) 'disney_s3' retrieved from /opt/airflow/dags/disney_s3.py
[2024-05-19T20:14:17.656+0000] {logging_mixin.py:188} INFO - [2024-05-19T20:14:17.656+0000] {dag.py:3096} INFO - Sync 1 DAGs
[2024-05-19T20:14:17.665+0000] {logging_mixin.py:188} INFO - [2024-05-19T20:14:17.665+0000] {dag.py:3954} INFO - Setting next_dagrun for disney_s3 to 2024-05-19 00:00:00+00:00, run_after=2024-05-20 00:00:00+00:00
[2024-05-19T20:14:17.673+0000] {processor.py:183} INFO - Processing /opt/airflow/dags/disney_s3.py took 0.255 seconds
[2024-05-19T20:14:48.103+0000] {processor.py:161} INFO - Started process (PID=221) to work on /opt/airflow/dags/disney_s3.py
[2024-05-19T20:14:48.105+0000] {processor.py:830} INFO - Processing file /opt/airflow/dags/disney_s3.py for tasks to queue
[2024-05-19T20:14:48.107+0000] {logging_mixin.py:188} INFO - [2024-05-19T20:14:48.107+0000] {dagbag.py:545} INFO - Filling up the DagBag from /opt/airflow/dags/disney_s3.py
[2024-05-19T20:14:48.313+0000] {processor.py:840} INFO - DAG(s) 'disney_s3' retrieved from /opt/airflow/dags/disney_s3.py
[2024-05-19T20:14:48.321+0000] {logging_mixin.py:188} INFO - [2024-05-19T20:14:48.321+0000] {dag.py:3096} INFO - Sync 1 DAGs
[2024-05-19T20:14:48.328+0000] {logging_mixin.py:188} INFO - [2024-05-19T20:14:48.328+0000] {dag.py:3954} INFO - Setting next_dagrun for disney_s3 to 2024-05-19 00:00:00+00:00, run_after=2024-05-20 00:00:00+00:00
[2024-05-19T20:14:48.334+0000] {processor.py:183} INFO - Processing /opt/airflow/dags/disney_s3.py took 0.239 seconds
[2024-05-19T20:15:18.736+0000] {processor.py:161} INFO - Started process (PID=234) to work on /opt/airflow/dags/disney_s3.py
[2024-05-19T20:15:18.737+0000] {processor.py:830} INFO - Processing file /opt/airflow/dags/disney_s3.py for tasks to queue
[2024-05-19T20:15:18.739+0000] {logging_mixin.py:188} INFO - [2024-05-19T20:15:18.739+0000] {dagbag.py:545} INFO - Filling up the DagBag from /opt/airflow/dags/disney_s3.py
[2024-05-19T20:15:18.954+0000] {processor.py:840} INFO - DAG(s) 'disney_s3' retrieved from /opt/airflow/dags/disney_s3.py
[2024-05-19T20:15:18.962+0000] {logging_mixin.py:188} INFO - [2024-05-19T20:15:18.962+0000] {dag.py:3096} INFO - Sync 1 DAGs
[2024-05-19T20:15:18.969+0000] {logging_mixin.py:188} INFO - [2024-05-19T20:15:18.969+0000] {dag.py:3954} INFO - Setting next_dagrun for disney_s3 to 2024-05-19 00:00:00+00:00, run_after=2024-05-20 00:00:00+00:00
[2024-05-19T20:15:18.975+0000] {processor.py:183} INFO - Processing /opt/airflow/dags/disney_s3.py took 0.247 seconds
[2024-05-19T20:15:49.388+0000] {processor.py:161} INFO - Started process (PID=247) to work on /opt/airflow/dags/disney_s3.py
[2024-05-19T20:15:49.390+0000] {processor.py:830} INFO - Processing file /opt/airflow/dags/disney_s3.py for tasks to queue
[2024-05-19T20:15:49.393+0000] {logging_mixin.py:188} INFO - [2024-05-19T20:15:49.392+0000] {dagbag.py:545} INFO - Filling up the DagBag from /opt/airflow/dags/disney_s3.py
[2024-05-19T20:15:49.637+0000] {processor.py:840} INFO - DAG(s) 'disney_s3' retrieved from /opt/airflow/dags/disney_s3.py
[2024-05-19T20:15:49.646+0000] {logging_mixin.py:188} INFO - [2024-05-19T20:15:49.645+0000] {dag.py:3096} INFO - Sync 1 DAGs
[2024-05-19T20:15:49.654+0000] {logging_mixin.py:188} INFO - [2024-05-19T20:15:49.653+0000] {dag.py:3954} INFO - Setting next_dagrun for disney_s3 to 2024-05-19 00:00:00+00:00, run_after=2024-05-20 00:00:00+00:00
[2024-05-19T20:15:49.660+0000] {processor.py:183} INFO - Processing /opt/airflow/dags/disney_s3.py took 0.279 seconds
[2024-05-19T20:16:20.022+0000] {processor.py:161} INFO - Started process (PID=266) to work on /opt/airflow/dags/disney_s3.py
[2024-05-19T20:16:20.023+0000] {processor.py:830} INFO - Processing file /opt/airflow/dags/disney_s3.py for tasks to queue
[2024-05-19T20:16:20.027+0000] {logging_mixin.py:188} INFO - [2024-05-19T20:16:20.026+0000] {dagbag.py:545} INFO - Filling up the DagBag from /opt/airflow/dags/disney_s3.py
[2024-05-19T20:16:20.292+0000] {processor.py:840} INFO - DAG(s) 'disney_s3' retrieved from /opt/airflow/dags/disney_s3.py
[2024-05-19T20:16:20.301+0000] {logging_mixin.py:188} INFO - [2024-05-19T20:16:20.301+0000] {dag.py:3096} INFO - Sync 1 DAGs
[2024-05-19T20:16:20.309+0000] {logging_mixin.py:188} INFO - [2024-05-19T20:16:20.309+0000] {dag.py:3954} INFO - Setting next_dagrun for disney_s3 to 2024-05-19 00:00:00+00:00, run_after=2024-05-20 00:00:00+00:00
[2024-05-19T20:16:20.315+0000] {processor.py:183} INFO - Processing /opt/airflow/dags/disney_s3.py took 0.301 seconds
[2024-05-19T20:16:50.688+0000] {processor.py:161} INFO - Started process (PID=279) to work on /opt/airflow/dags/disney_s3.py
[2024-05-19T20:16:50.690+0000] {processor.py:830} INFO - Processing file /opt/airflow/dags/disney_s3.py for tasks to queue
[2024-05-19T20:16:50.692+0000] {logging_mixin.py:188} INFO - [2024-05-19T20:16:50.691+0000] {dagbag.py:545} INFO - Filling up the DagBag from /opt/airflow/dags/disney_s3.py
[2024-05-19T20:16:50.898+0000] {processor.py:840} INFO - DAG(s) 'disney_s3' retrieved from /opt/airflow/dags/disney_s3.py
[2024-05-19T20:16:50.905+0000] {logging_mixin.py:188} INFO - [2024-05-19T20:16:50.905+0000] {dag.py:3096} INFO - Sync 1 DAGs
[2024-05-19T20:16:50.913+0000] {logging_mixin.py:188} INFO - [2024-05-19T20:16:50.912+0000] {dag.py:3954} INFO - Setting next_dagrun for disney_s3 to 2024-05-19 00:00:00+00:00, run_after=2024-05-20 00:00:00+00:00
[2024-05-19T20:16:50.918+0000] {processor.py:183} INFO - Processing /opt/airflow/dags/disney_s3.py took 0.237 seconds
[2024-05-19T20:17:21.340+0000] {processor.py:161} INFO - Started process (PID=292) to work on /opt/airflow/dags/disney_s3.py
[2024-05-19T20:17:21.341+0000] {processor.py:830} INFO - Processing file /opt/airflow/dags/disney_s3.py for tasks to queue
[2024-05-19T20:17:21.343+0000] {logging_mixin.py:188} INFO - [2024-05-19T20:17:21.343+0000] {dagbag.py:545} INFO - Filling up the DagBag from /opt/airflow/dags/disney_s3.py
[2024-05-19T20:17:21.556+0000] {processor.py:840} INFO - DAG(s) 'disney_s3' retrieved from /opt/airflow/dags/disney_s3.py
[2024-05-19T20:17:21.564+0000] {logging_mixin.py:188} INFO - [2024-05-19T20:17:21.564+0000] {dag.py:3096} INFO - Sync 1 DAGs
[2024-05-19T20:17:21.571+0000] {logging_mixin.py:188} INFO - [2024-05-19T20:17:21.571+0000] {dag.py:3954} INFO - Setting next_dagrun for disney_s3 to 2024-05-19 00:00:00+00:00, run_after=2024-05-20 00:00:00+00:00
[2024-05-19T20:17:21.577+0000] {processor.py:183} INFO - Processing /opt/airflow/dags/disney_s3.py took 0.245 seconds
[2024-05-19T20:17:52.262+0000] {processor.py:161} INFO - Started process (PID=305) to work on /opt/airflow/dags/disney_s3.py
[2024-05-19T20:17:52.264+0000] {processor.py:830} INFO - Processing file /opt/airflow/dags/disney_s3.py for tasks to queue
[2024-05-19T20:17:52.266+0000] {logging_mixin.py:188} INFO - [2024-05-19T20:17:52.266+0000] {dagbag.py:545} INFO - Filling up the DagBag from /opt/airflow/dags/disney_s3.py
[2024-05-19T20:17:52.492+0000] {processor.py:840} INFO - DAG(s) 'disney_s3' retrieved from /opt/airflow/dags/disney_s3.py
[2024-05-19T20:17:52.500+0000] {logging_mixin.py:188} INFO - [2024-05-19T20:17:52.500+0000] {dag.py:3096} INFO - Sync 1 DAGs
[2024-05-19T20:17:52.507+0000] {logging_mixin.py:188} INFO - [2024-05-19T20:17:52.507+0000] {dag.py:3954} INFO - Setting next_dagrun for disney_s3 to 2024-05-19 00:00:00+00:00, run_after=2024-05-20 00:00:00+00:00
[2024-05-19T20:17:52.513+0000] {processor.py:183} INFO - Processing /opt/airflow/dags/disney_s3.py took 0.260 seconds
[2024-05-19T20:18:22.664+0000] {processor.py:161} INFO - Started process (PID=318) to work on /opt/airflow/dags/disney_s3.py
[2024-05-19T20:18:22.666+0000] {processor.py:830} INFO - Processing file /opt/airflow/dags/disney_s3.py for tasks to queue
[2024-05-19T20:18:22.668+0000] {logging_mixin.py:188} INFO - [2024-05-19T20:18:22.668+0000] {dagbag.py:545} INFO - Filling up the DagBag from /opt/airflow/dags/disney_s3.py
[2024-05-19T20:18:22.901+0000] {processor.py:840} INFO - DAG(s) 'disney_s3' retrieved from /opt/airflow/dags/disney_s3.py
[2024-05-19T20:18:22.909+0000] {logging_mixin.py:188} INFO - [2024-05-19T20:18:22.909+0000] {dag.py:3096} INFO - Sync 1 DAGs
[2024-05-19T20:18:22.916+0000] {logging_mixin.py:188} INFO - [2024-05-19T20:18:22.916+0000] {dag.py:3954} INFO - Setting next_dagrun for disney_s3 to 2024-05-19 00:00:00+00:00, run_after=2024-05-20 00:00:00+00:00
[2024-05-19T20:18:22.922+0000] {processor.py:183} INFO - Processing /opt/airflow/dags/disney_s3.py took 0.267 seconds
[2024-05-19T20:18:53.304+0000] {processor.py:161} INFO - Started process (PID=331) to work on /opt/airflow/dags/disney_s3.py
[2024-05-19T20:18:53.305+0000] {processor.py:830} INFO - Processing file /opt/airflow/dags/disney_s3.py for tasks to queue
[2024-05-19T20:18:53.307+0000] {logging_mixin.py:188} INFO - [2024-05-19T20:18:53.307+0000] {dagbag.py:545} INFO - Filling up the DagBag from /opt/airflow/dags/disney_s3.py
[2024-05-19T20:18:53.526+0000] {processor.py:840} INFO - DAG(s) 'disney_s3' retrieved from /opt/airflow/dags/disney_s3.py
[2024-05-19T20:18:53.534+0000] {logging_mixin.py:188} INFO - [2024-05-19T20:18:53.534+0000] {dag.py:3096} INFO - Sync 1 DAGs
[2024-05-19T20:18:53.541+0000] {logging_mixin.py:188} INFO - [2024-05-19T20:18:53.541+0000] {dag.py:3954} INFO - Setting next_dagrun for disney_s3 to 2024-05-19 00:00:00+00:00, run_after=2024-05-20 00:00:00+00:00
[2024-05-19T20:18:53.547+0000] {processor.py:183} INFO - Processing /opt/airflow/dags/disney_s3.py took 0.252 seconds
[2024-05-19T20:19:23.930+0000] {processor.py:161} INFO - Started process (PID=344) to work on /opt/airflow/dags/disney_s3.py
[2024-05-19T20:19:23.931+0000] {processor.py:830} INFO - Processing file /opt/airflow/dags/disney_s3.py for tasks to queue
[2024-05-19T20:19:23.933+0000] {logging_mixin.py:188} INFO - [2024-05-19T20:19:23.932+0000] {dagbag.py:545} INFO - Filling up the DagBag from /opt/airflow/dags/disney_s3.py
[2024-05-19T20:19:24.137+0000] {processor.py:840} INFO - DAG(s) 'disney_s3' retrieved from /opt/airflow/dags/disney_s3.py
[2024-05-19T20:19:24.144+0000] {logging_mixin.py:188} INFO - [2024-05-19T20:19:24.144+0000] {dag.py:3096} INFO - Sync 1 DAGs
[2024-05-19T20:19:24.152+0000] {logging_mixin.py:188} INFO - [2024-05-19T20:19:24.152+0000] {dag.py:3954} INFO - Setting next_dagrun for disney_s3 to 2024-05-19 00:00:00+00:00, run_after=2024-05-20 00:00:00+00:00
[2024-05-19T20:19:24.158+0000] {processor.py:183} INFO - Processing /opt/airflow/dags/disney_s3.py took 0.234 seconds
[2024-05-19T20:19:54.527+0000] {processor.py:161} INFO - Started process (PID=357) to work on /opt/airflow/dags/disney_s3.py
[2024-05-19T20:19:54.529+0000] {processor.py:830} INFO - Processing file /opt/airflow/dags/disney_s3.py for tasks to queue
[2024-05-19T20:19:54.530+0000] {logging_mixin.py:188} INFO - [2024-05-19T20:19:54.530+0000] {dagbag.py:545} INFO - Filling up the DagBag from /opt/airflow/dags/disney_s3.py
[2024-05-19T20:19:54.792+0000] {processor.py:840} INFO - DAG(s) 'disney_s3' retrieved from /opt/airflow/dags/disney_s3.py
[2024-05-19T20:19:54.801+0000] {logging_mixin.py:188} INFO - [2024-05-19T20:19:54.801+0000] {dag.py:3096} INFO - Sync 1 DAGs
[2024-05-19T20:19:54.809+0000] {logging_mixin.py:188} INFO - [2024-05-19T20:19:54.809+0000] {dag.py:3954} INFO - Setting next_dagrun for disney_s3 to 2024-05-19 00:00:00+00:00, run_after=2024-05-20 00:00:00+00:00
[2024-05-19T20:19:54.816+0000] {processor.py:183} INFO - Processing /opt/airflow/dags/disney_s3.py took 0.296 seconds
[2024-05-19T20:20:25.132+0000] {processor.py:161} INFO - Started process (PID=370) to work on /opt/airflow/dags/disney_s3.py
[2024-05-19T20:20:25.133+0000] {processor.py:830} INFO - Processing file /opt/airflow/dags/disney_s3.py for tasks to queue
[2024-05-19T20:20:25.135+0000] {logging_mixin.py:188} INFO - [2024-05-19T20:20:25.135+0000] {dagbag.py:545} INFO - Filling up the DagBag from /opt/airflow/dags/disney_s3.py
[2024-05-19T20:20:25.354+0000] {processor.py:840} INFO - DAG(s) 'disney_s3' retrieved from /opt/airflow/dags/disney_s3.py
[2024-05-19T20:20:25.363+0000] {logging_mixin.py:188} INFO - [2024-05-19T20:20:25.363+0000] {dag.py:3096} INFO - Sync 1 DAGs
[2024-05-19T20:20:25.371+0000] {logging_mixin.py:188} INFO - [2024-05-19T20:20:25.371+0000] {dag.py:3954} INFO - Setting next_dagrun for disney_s3 to 2024-05-19 00:00:00+00:00, run_after=2024-05-20 00:00:00+00:00
[2024-05-19T20:20:25.378+0000] {processor.py:183} INFO - Processing /opt/airflow/dags/disney_s3.py took 0.255 seconds
[2024-05-19T20:20:55.546+0000] {processor.py:161} INFO - Started process (PID=383) to work on /opt/airflow/dags/disney_s3.py
[2024-05-19T20:20:55.547+0000] {processor.py:830} INFO - Processing file /opt/airflow/dags/disney_s3.py for tasks to queue
[2024-05-19T20:20:55.550+0000] {logging_mixin.py:188} INFO - [2024-05-19T20:20:55.550+0000] {dagbag.py:545} INFO - Filling up the DagBag from /opt/airflow/dags/disney_s3.py
[2024-05-19T20:20:55.782+0000] {processor.py:840} INFO - DAG(s) 'disney_s3' retrieved from /opt/airflow/dags/disney_s3.py
[2024-05-19T20:20:55.790+0000] {logging_mixin.py:188} INFO - [2024-05-19T20:20:55.790+0000] {dag.py:3096} INFO - Sync 1 DAGs
[2024-05-19T20:20:55.797+0000] {logging_mixin.py:188} INFO - [2024-05-19T20:20:55.797+0000] {dag.py:3954} INFO - Setting next_dagrun for disney_s3 to 2024-05-19 00:00:00+00:00, run_after=2024-05-20 00:00:00+00:00
[2024-05-19T20:20:55.803+0000] {processor.py:183} INFO - Processing /opt/airflow/dags/disney_s3.py took 0.266 seconds
[2024-05-19T20:21:25.967+0000] {processor.py:161} INFO - Started process (PID=396) to work on /opt/airflow/dags/disney_s3.py
[2024-05-19T20:21:25.968+0000] {processor.py:830} INFO - Processing file /opt/airflow/dags/disney_s3.py for tasks to queue
[2024-05-19T20:21:25.970+0000] {logging_mixin.py:188} INFO - [2024-05-19T20:21:25.970+0000] {dagbag.py:545} INFO - Filling up the DagBag from /opt/airflow/dags/disney_s3.py
[2024-05-19T20:21:26.201+0000] {processor.py:840} INFO - DAG(s) 'disney_s3' retrieved from /opt/airflow/dags/disney_s3.py
[2024-05-19T20:21:26.209+0000] {logging_mixin.py:188} INFO - [2024-05-19T20:21:26.209+0000] {dag.py:3096} INFO - Sync 1 DAGs
[2024-05-19T20:21:26.216+0000] {logging_mixin.py:188} INFO - [2024-05-19T20:21:26.216+0000] {dag.py:3954} INFO - Setting next_dagrun for disney_s3 to 2024-05-19 00:00:00+00:00, run_after=2024-05-20 00:00:00+00:00
[2024-05-19T20:21:26.222+0000] {processor.py:183} INFO - Processing /opt/airflow/dags/disney_s3.py took 0.262 seconds
[2024-05-19T20:21:56.479+0000] {processor.py:161} INFO - Started process (PID=409) to work on /opt/airflow/dags/disney_s3.py
[2024-05-19T20:21:56.480+0000] {processor.py:830} INFO - Processing file /opt/airflow/dags/disney_s3.py for tasks to queue
[2024-05-19T20:21:56.484+0000] {logging_mixin.py:188} INFO - [2024-05-19T20:21:56.483+0000] {dagbag.py:545} INFO - Filling up the DagBag from /opt/airflow/dags/disney_s3.py
[2024-05-19T20:21:56.757+0000] {processor.py:840} INFO - DAG(s) 'disney_s3' retrieved from /opt/airflow/dags/disney_s3.py
[2024-05-19T20:21:56.767+0000] {logging_mixin.py:188} INFO - [2024-05-19T20:21:56.766+0000] {dag.py:3096} INFO - Sync 1 DAGs
[2024-05-19T20:21:56.774+0000] {logging_mixin.py:188} INFO - [2024-05-19T20:21:56.774+0000] {dag.py:3954} INFO - Setting next_dagrun for disney_s3 to 2024-05-19 00:00:00+00:00, run_after=2024-05-20 00:00:00+00:00
[2024-05-19T20:21:56.782+0000] {processor.py:183} INFO - Processing /opt/airflow/dags/disney_s3.py took 0.311 seconds
[2024-05-19T20:22:27.111+0000] {processor.py:161} INFO - Started process (PID=423) to work on /opt/airflow/dags/disney_s3.py
[2024-05-19T20:22:27.112+0000] {processor.py:830} INFO - Processing file /opt/airflow/dags/disney_s3.py for tasks to queue
[2024-05-19T20:22:27.113+0000] {logging_mixin.py:188} INFO - [2024-05-19T20:22:27.113+0000] {dagbag.py:545} INFO - Filling up the DagBag from /opt/airflow/dags/disney_s3.py
[2024-05-19T20:22:27.360+0000] {processor.py:840} INFO - DAG(s) 'disney_s3' retrieved from /opt/airflow/dags/disney_s3.py
[2024-05-19T20:22:27.373+0000] {logging_mixin.py:188} INFO - [2024-05-19T20:22:27.373+0000] {dag.py:3096} INFO - Sync 1 DAGs
[2024-05-19T20:22:27.396+0000] {logging_mixin.py:188} INFO - [2024-05-19T20:22:27.395+0000] {dag.py:3954} INFO - Setting next_dagrun for disney_s3 to 2024-05-19 00:00:00+00:00, run_after=2024-05-20 00:00:00+00:00
[2024-05-19T20:22:27.404+0000] {processor.py:183} INFO - Processing /opt/airflow/dags/disney_s3.py took 0.296 seconds
[2024-05-19T20:22:55.791+0000] {processor.py:161} INFO - Started process (PID=437) to work on /opt/airflow/dags/disney_s3.py
[2024-05-19T20:22:55.792+0000] {processor.py:830} INFO - Processing file /opt/airflow/dags/disney_s3.py for tasks to queue
[2024-05-19T20:22:55.793+0000] {logging_mixin.py:188} INFO - [2024-05-19T20:22:55.793+0000] {dagbag.py:545} INFO - Filling up the DagBag from /opt/airflow/dags/disney_s3.py
[2024-05-19T20:22:56.055+0000] {processor.py:840} INFO - DAG(s) 'disney_s3' retrieved from /opt/airflow/dags/disney_s3.py
[2024-05-19T20:22:56.065+0000] {logging_mixin.py:188} INFO - [2024-05-19T20:22:56.064+0000] {dag.py:3096} INFO - Sync 1 DAGs
[2024-05-19T20:22:56.074+0000] {logging_mixin.py:188} INFO - [2024-05-19T20:22:56.074+0000] {dag.py:3954} INFO - Setting next_dagrun for disney_s3 to 2024-05-19 00:00:00+00:00, run_after=2024-05-20 00:00:00+00:00
[2024-05-19T20:22:56.082+0000] {processor.py:183} INFO - Processing /opt/airflow/dags/disney_s3.py took 0.295 seconds
[2024-05-19T20:23:04.467+0000] {processor.py:161} INFO - Started process (PID=441) to work on /opt/airflow/dags/disney_s3.py
[2024-05-19T20:23:04.469+0000] {processor.py:830} INFO - Processing file /opt/airflow/dags/disney_s3.py for tasks to queue
[2024-05-19T20:23:04.471+0000] {logging_mixin.py:188} INFO - [2024-05-19T20:23:04.471+0000] {dagbag.py:545} INFO - Filling up the DagBag from /opt/airflow/dags/disney_s3.py
[2024-05-19T20:23:04.698+0000] {processor.py:840} INFO - DAG(s) 'disney_s3' retrieved from /opt/airflow/dags/disney_s3.py
[2024-05-19T20:23:04.708+0000] {logging_mixin.py:188} INFO - [2024-05-19T20:23:04.708+0000] {dag.py:3096} INFO - Sync 1 DAGs
[2024-05-19T20:23:04.716+0000] {logging_mixin.py:188} INFO - [2024-05-19T20:23:04.716+0000] {dag.py:3954} INFO - Setting next_dagrun for disney_s3 to 2024-05-19 00:00:00+00:00, run_after=2024-05-20 00:00:00+00:00
[2024-05-19T20:23:04.723+0000] {processor.py:183} INFO - Processing /opt/airflow/dags/disney_s3.py took 0.264 seconds
[2024-05-19T20:23:34.922+0000] {processor.py:161} INFO - Started process (PID=456) to work on /opt/airflow/dags/disney_s3.py
[2024-05-19T20:23:34.925+0000] {processor.py:830} INFO - Processing file /opt/airflow/dags/disney_s3.py for tasks to queue
[2024-05-19T20:23:34.928+0000] {logging_mixin.py:188} INFO - [2024-05-19T20:23:34.927+0000] {dagbag.py:545} INFO - Filling up the DagBag from /opt/airflow/dags/disney_s3.py
[2024-05-19T20:23:35.176+0000] {processor.py:840} INFO - DAG(s) 'disney_s3' retrieved from /opt/airflow/dags/disney_s3.py
[2024-05-19T20:23:35.185+0000] {logging_mixin.py:188} INFO - [2024-05-19T20:23:35.185+0000] {dag.py:3096} INFO - Sync 1 DAGs
[2024-05-19T20:23:35.192+0000] {logging_mixin.py:188} INFO - [2024-05-19T20:23:35.192+0000] {dag.py:3954} INFO - Setting next_dagrun for disney_s3 to 2024-05-19 00:00:00+00:00, run_after=2024-05-20 00:00:00+00:00
[2024-05-19T20:23:35.199+0000] {processor.py:183} INFO - Processing /opt/airflow/dags/disney_s3.py took 0.286 seconds
[2024-05-19T20:24:05.584+0000] {processor.py:161} INFO - Started process (PID=471) to work on /opt/airflow/dags/disney_s3.py
[2024-05-19T20:24:05.586+0000] {processor.py:830} INFO - Processing file /opt/airflow/dags/disney_s3.py for tasks to queue
[2024-05-19T20:24:05.588+0000] {logging_mixin.py:188} INFO - [2024-05-19T20:24:05.587+0000] {dagbag.py:545} INFO - Filling up the DagBag from /opt/airflow/dags/disney_s3.py
[2024-05-19T20:24:05.828+0000] {processor.py:840} INFO - DAG(s) 'disney_s3' retrieved from /opt/airflow/dags/disney_s3.py
[2024-05-19T20:24:05.837+0000] {logging_mixin.py:188} INFO - [2024-05-19T20:24:05.837+0000] {dag.py:3096} INFO - Sync 1 DAGs
[2024-05-19T20:24:05.845+0000] {logging_mixin.py:188} INFO - [2024-05-19T20:24:05.845+0000] {dag.py:3954} INFO - Setting next_dagrun for disney_s3 to 2024-05-19 00:00:00+00:00, run_after=2024-05-20 00:00:00+00:00
[2024-05-19T20:24:05.853+0000] {processor.py:183} INFO - Processing /opt/airflow/dags/disney_s3.py took 0.275 seconds
[2024-05-19T20:24:06.897+0000] {processor.py:161} INFO - Started process (PID=473) to work on /opt/airflow/dags/disney_s3.py
[2024-05-19T20:24:06.898+0000] {processor.py:830} INFO - Processing file /opt/airflow/dags/disney_s3.py for tasks to queue
[2024-05-19T20:24:06.901+0000] {logging_mixin.py:188} INFO - [2024-05-19T20:24:06.901+0000] {dagbag.py:545} INFO - Filling up the DagBag from /opt/airflow/dags/disney_s3.py
[2024-05-19T20:24:07.155+0000] {processor.py:840} INFO - DAG(s) 'disney_api_to_s3' retrieved from /opt/airflow/dags/disney_s3.py
[2024-05-19T20:24:07.190+0000] {logging_mixin.py:188} INFO - [2024-05-19T20:24:07.190+0000] {dag.py:3096} INFO - Sync 1 DAGs
[2024-05-19T20:24:07.197+0000] {logging_mixin.py:188} INFO - [2024-05-19T20:24:07.197+0000] {dag.py:3954} INFO - Setting next_dagrun for disney_api_to_s3 to 2024-05-19 20:15:00+00:00, run_after=2024-05-19 20:20:00+00:00
[2024-05-19T20:24:07.206+0000] {processor.py:183} INFO - Processing /opt/airflow/dags/disney_s3.py took 0.318 seconds
[2024-05-19T20:24:12.280+0000] {processor.py:161} INFO - Started process (PID=475) to work on /opt/airflow/dags/disney_s3.py
[2024-05-19T20:24:12.282+0000] {processor.py:830} INFO - Processing file /opt/airflow/dags/disney_s3.py for tasks to queue
[2024-05-19T20:24:12.284+0000] {logging_mixin.py:188} INFO - [2024-05-19T20:24:12.284+0000] {dagbag.py:545} INFO - Filling up the DagBag from /opt/airflow/dags/disney_s3.py
[2024-05-19T20:24:12.514+0000] {processor.py:840} INFO - DAG(s) 'disney_s3' retrieved from /opt/airflow/dags/disney_s3.py
[2024-05-19T20:24:12.548+0000] {logging_mixin.py:188} INFO - [2024-05-19T20:24:12.548+0000] {dag.py:3096} INFO - Sync 1 DAGs
[2024-05-19T20:24:12.555+0000] {logging_mixin.py:188} INFO - [2024-05-19T20:24:12.555+0000] {dag.py:3954} INFO - Setting next_dagrun for disney_s3 to 2024-05-19 20:15:00+00:00, run_after=2024-05-19 20:20:00+00:00
[2024-05-19T20:24:12.563+0000] {processor.py:183} INFO - Processing /opt/airflow/dags/disney_s3.py took 0.288 seconds
[2024-05-19T20:24:21.005+0000] {processor.py:161} INFO - Started process (PID=488) to work on /opt/airflow/dags/disney_s3.py
[2024-05-19T20:24:21.005+0000] {processor.py:830} INFO - Processing file /opt/airflow/dags/disney_s3.py for tasks to queue
[2024-05-19T20:24:21.007+0000] {logging_mixin.py:188} INFO - [2024-05-19T20:24:21.007+0000] {dagbag.py:545} INFO - Filling up the DagBag from /opt/airflow/dags/disney_s3.py
[2024-05-19T20:24:21.249+0000] {processor.py:840} INFO - DAG(s) 'disney_s3' retrieved from /opt/airflow/dags/disney_s3.py
[2024-05-19T20:24:21.254+0000] {logging_mixin.py:188} INFO - [2024-05-19T20:24:21.254+0000] {dag.py:3096} INFO - Sync 1 DAGs
[2024-05-19T20:24:21.263+0000] {logging_mixin.py:188} INFO - [2024-05-19T20:24:21.263+0000] {dag.py:3954} INFO - Setting next_dagrun for disney_s3 to 2024-05-19 20:15:00+00:00, run_after=2024-05-19 20:20:00+00:00
[2024-05-19T20:24:21.269+0000] {processor.py:183} INFO - Processing /opt/airflow/dags/disney_s3.py took 0.269 seconds
[2024-05-19T20:24:51.979+0000] {processor.py:161} INFO - Started process (PID=503) to work on /opt/airflow/dags/disney_s3.py
[2024-05-19T20:24:51.981+0000] {processor.py:830} INFO - Processing file /opt/airflow/dags/disney_s3.py for tasks to queue
[2024-05-19T20:24:51.982+0000] {logging_mixin.py:188} INFO - [2024-05-19T20:24:51.982+0000] {dagbag.py:545} INFO - Filling up the DagBag from /opt/airflow/dags/disney_s3.py
[2024-05-19T20:24:52.205+0000] {processor.py:840} INFO - DAG(s) 'disney_s3' retrieved from /opt/airflow/dags/disney_s3.py
[2024-05-19T20:24:52.215+0000] {logging_mixin.py:188} INFO - [2024-05-19T20:24:52.215+0000] {dag.py:3096} INFO - Sync 1 DAGs
[2024-05-19T20:24:52.225+0000] {logging_mixin.py:188} INFO - [2024-05-19T20:24:52.224+0000] {dag.py:3954} INFO - Setting next_dagrun for disney_s3 to 2024-05-19 20:15:00+00:00, run_after=2024-05-19 20:20:00+00:00
[2024-05-19T20:24:52.232+0000] {processor.py:183} INFO - Processing /opt/airflow/dags/disney_s3.py took 0.257 seconds
[2024-05-19T20:25:22.405+0000] {processor.py:161} INFO - Started process (PID=522) to work on /opt/airflow/dags/disney_s3.py
[2024-05-19T20:25:22.406+0000] {processor.py:830} INFO - Processing file /opt/airflow/dags/disney_s3.py for tasks to queue
[2024-05-19T20:25:22.411+0000] {logging_mixin.py:188} INFO - [2024-05-19T20:25:22.411+0000] {dagbag.py:545} INFO - Filling up the DagBag from /opt/airflow/dags/disney_s3.py
[2024-05-19T20:25:23.229+0000] {processor.py:840} INFO - DAG(s) 'disney_s3' retrieved from /opt/airflow/dags/disney_s3.py
[2024-05-19T20:25:23.242+0000] {logging_mixin.py:188} INFO - [2024-05-19T20:25:23.242+0000] {dag.py:3096} INFO - Sync 1 DAGs
[2024-05-19T20:25:23.254+0000] {logging_mixin.py:188} INFO - [2024-05-19T20:25:23.254+0000] {dag.py:3954} INFO - Setting next_dagrun for disney_s3 to 2024-05-19 20:20:00+00:00, run_after=2024-05-19 20:25:00+00:00
[2024-05-19T20:25:23.262+0000] {processor.py:183} INFO - Processing /opt/airflow/dags/disney_s3.py took 0.867 seconds
[2024-05-19T20:25:53.814+0000] {processor.py:161} INFO - Started process (PID=537) to work on /opt/airflow/dags/disney_s3.py
[2024-05-19T20:25:53.817+0000] {processor.py:830} INFO - Processing file /opt/airflow/dags/disney_s3.py for tasks to queue
[2024-05-19T20:25:53.823+0000] {logging_mixin.py:188} INFO - [2024-05-19T20:25:53.822+0000] {dagbag.py:545} INFO - Filling up the DagBag from /opt/airflow/dags/disney_s3.py
[2024-05-19T20:25:54.320+0000] {processor.py:840} INFO - DAG(s) 'disney_s3' retrieved from /opt/airflow/dags/disney_s3.py
[2024-05-19T20:25:54.330+0000] {logging_mixin.py:188} INFO - [2024-05-19T20:25:54.330+0000] {dag.py:3096} INFO - Sync 1 DAGs
[2024-05-19T20:25:54.339+0000] {logging_mixin.py:188} INFO - [2024-05-19T20:25:54.339+0000] {dag.py:3954} INFO - Setting next_dagrun for disney_s3 to 2024-05-19 20:20:00+00:00, run_after=2024-05-19 20:25:00+00:00
[2024-05-19T20:25:54.346+0000] {processor.py:183} INFO - Processing /opt/airflow/dags/disney_s3.py took 0.544 seconds
[2024-05-19T20:26:24.952+0000] {processor.py:161} INFO - Started process (PID=552) to work on /opt/airflow/dags/disney_s3.py
[2024-05-19T20:26:24.956+0000] {processor.py:830} INFO - Processing file /opt/airflow/dags/disney_s3.py for tasks to queue
[2024-05-19T20:26:24.965+0000] {logging_mixin.py:188} INFO - [2024-05-19T20:26:24.964+0000] {dagbag.py:545} INFO - Filling up the DagBag from /opt/airflow/dags/disney_s3.py
[2024-05-19T20:26:25.867+0000] {processor.py:840} INFO - DAG(s) 'disney_s3' retrieved from /opt/airflow/dags/disney_s3.py
[2024-05-19T20:26:25.915+0000] {logging_mixin.py:188} INFO - [2024-05-19T20:26:25.915+0000] {dag.py:3096} INFO - Sync 1 DAGs
[2024-05-19T20:26:25.949+0000] {logging_mixin.py:188} INFO - [2024-05-19T20:26:25.949+0000] {dag.py:3954} INFO - Setting next_dagrun for disney_s3 to 2024-05-19 20:20:00+00:00, run_after=2024-05-19 20:25:00+00:00
[2024-05-19T20:26:25.993+0000] {processor.py:183} INFO - Processing /opt/airflow/dags/disney_s3.py took 1.058 seconds
[2024-05-19T20:26:56.989+0000] {processor.py:161} INFO - Started process (PID=567) to work on /opt/airflow/dags/disney_s3.py
[2024-05-19T20:26:56.991+0000] {processor.py:830} INFO - Processing file /opt/airflow/dags/disney_s3.py for tasks to queue
[2024-05-19T20:26:56.995+0000] {logging_mixin.py:188} INFO - [2024-05-19T20:26:56.995+0000] {dagbag.py:545} INFO - Filling up the DagBag from /opt/airflow/dags/disney_s3.py
[2024-05-19T20:26:57.454+0000] {processor.py:840} INFO - DAG(s) 'disney_s3' retrieved from /opt/airflow/dags/disney_s3.py
[2024-05-19T20:26:57.465+0000] {logging_mixin.py:188} INFO - [2024-05-19T20:26:57.465+0000] {dag.py:3096} INFO - Sync 1 DAGs
[2024-05-19T20:26:57.474+0000] {logging_mixin.py:188} INFO - [2024-05-19T20:26:57.474+0000] {dag.py:3954} INFO - Setting next_dagrun for disney_s3 to 2024-05-19 20:20:00+00:00, run_after=2024-05-19 20:25:00+00:00
[2024-05-19T20:26:57.482+0000] {processor.py:183} INFO - Processing /opt/airflow/dags/disney_s3.py took 0.503 seconds
[2024-05-19T20:27:27.716+0000] {processor.py:161} INFO - Started process (PID=582) to work on /opt/airflow/dags/disney_s3.py
[2024-05-19T20:27:27.718+0000] {processor.py:830} INFO - Processing file /opt/airflow/dags/disney_s3.py for tasks to queue
[2024-05-19T20:27:27.722+0000] {logging_mixin.py:188} INFO - [2024-05-19T20:27:27.721+0000] {dagbag.py:545} INFO - Filling up the DagBag from /opt/airflow/dags/disney_s3.py
[2024-05-19T20:27:28.186+0000] {processor.py:840} INFO - DAG(s) 'disney_s3' retrieved from /opt/airflow/dags/disney_s3.py
[2024-05-19T20:27:28.199+0000] {logging_mixin.py:188} INFO - [2024-05-19T20:27:28.199+0000] {dag.py:3096} INFO - Sync 1 DAGs
[2024-05-19T20:27:28.222+0000] {logging_mixin.py:188} INFO - [2024-05-19T20:27:28.222+0000] {dag.py:3954} INFO - Setting next_dagrun for disney_s3 to 2024-05-19 20:20:00+00:00, run_after=2024-05-19 20:25:00+00:00
[2024-05-19T20:27:28.239+0000] {processor.py:183} INFO - Processing /opt/airflow/dags/disney_s3.py took 0.542 seconds
[2024-05-19T20:27:59.281+0000] {processor.py:161} INFO - Started process (PID=601) to work on /opt/airflow/dags/disney_s3.py
[2024-05-19T20:27:59.283+0000] {processor.py:830} INFO - Processing file /opt/airflow/dags/disney_s3.py for tasks to queue
[2024-05-19T20:27:59.286+0000] {logging_mixin.py:188} INFO - [2024-05-19T20:27:59.286+0000] {dagbag.py:545} INFO - Filling up the DagBag from /opt/airflow/dags/disney_s3.py
[2024-05-19T20:27:59.630+0000] {processor.py:840} INFO - DAG(s) 'disney_s3' retrieved from /opt/airflow/dags/disney_s3.py
[2024-05-19T20:27:59.643+0000] {logging_mixin.py:188} INFO - [2024-05-19T20:27:59.642+0000] {dag.py:3096} INFO - Sync 1 DAGs
[2024-05-19T20:27:59.653+0000] {logging_mixin.py:188} INFO - [2024-05-19T20:27:59.653+0000] {dag.py:3954} INFO - Setting next_dagrun for disney_s3 to 2024-05-19 20:20:00+00:00, run_after=2024-05-19 20:25:00+00:00
[2024-05-19T20:27:59.663+0000] {processor.py:183} INFO - Processing /opt/airflow/dags/disney_s3.py took 0.391 seconds
[2024-05-19T20:28:29.717+0000] {processor.py:161} INFO - Started process (PID=616) to work on /opt/airflow/dags/disney_s3.py
[2024-05-19T20:28:29.719+0000] {processor.py:830} INFO - Processing file /opt/airflow/dags/disney_s3.py for tasks to queue
[2024-05-19T20:28:29.722+0000] {logging_mixin.py:188} INFO - [2024-05-19T20:28:29.722+0000] {dagbag.py:545} INFO - Filling up the DagBag from /opt/airflow/dags/disney_s3.py
[2024-05-19T20:28:30.001+0000] {processor.py:840} INFO - DAG(s) 'disney_s3' retrieved from /opt/airflow/dags/disney_s3.py
[2024-05-19T20:28:30.012+0000] {logging_mixin.py:188} INFO - [2024-05-19T20:28:30.012+0000] {dag.py:3096} INFO - Sync 1 DAGs
[2024-05-19T20:28:30.020+0000] {logging_mixin.py:188} INFO - [2024-05-19T20:28:30.020+0000] {dag.py:3954} INFO - Setting next_dagrun for disney_s3 to 2024-05-19 20:20:00+00:00, run_after=2024-05-19 20:25:00+00:00
[2024-05-19T20:28:30.027+0000] {processor.py:183} INFO - Processing /opt/airflow/dags/disney_s3.py took 0.319 seconds
[2024-05-19T20:29:00.458+0000] {processor.py:161} INFO - Started process (PID=631) to work on /opt/airflow/dags/disney_s3.py
[2024-05-19T20:29:00.460+0000] {processor.py:830} INFO - Processing file /opt/airflow/dags/disney_s3.py for tasks to queue
[2024-05-19T20:29:00.461+0000] {logging_mixin.py:188} INFO - [2024-05-19T20:29:00.461+0000] {dagbag.py:545} INFO - Filling up the DagBag from /opt/airflow/dags/disney_s3.py
[2024-05-19T20:29:00.707+0000] {processor.py:840} INFO - DAG(s) 'disney_s3' retrieved from /opt/airflow/dags/disney_s3.py
[2024-05-19T20:29:00.718+0000] {logging_mixin.py:188} INFO - [2024-05-19T20:29:00.718+0000] {dag.py:3096} INFO - Sync 1 DAGs
[2024-05-19T20:29:00.727+0000] {logging_mixin.py:188} INFO - [2024-05-19T20:29:00.727+0000] {dag.py:3954} INFO - Setting next_dagrun for disney_s3 to 2024-05-19 20:20:00+00:00, run_after=2024-05-19 20:25:00+00:00
[2024-05-19T20:29:00.734+0000] {processor.py:183} INFO - Processing /opt/airflow/dags/disney_s3.py took 0.284 seconds
[2024-05-19T20:29:31.184+0000] {processor.py:161} INFO - Started process (PID=646) to work on /opt/airflow/dags/disney_s3.py
[2024-05-19T20:29:31.187+0000] {processor.py:830} INFO - Processing file /opt/airflow/dags/disney_s3.py for tasks to queue
[2024-05-19T20:29:31.189+0000] {logging_mixin.py:188} INFO - [2024-05-19T20:29:31.189+0000] {dagbag.py:545} INFO - Filling up the DagBag from /opt/airflow/dags/disney_s3.py
[2024-05-19T20:29:31.425+0000] {processor.py:840} INFO - DAG(s) 'disney_s3' retrieved from /opt/airflow/dags/disney_s3.py
[2024-05-19T20:29:31.434+0000] {logging_mixin.py:188} INFO - [2024-05-19T20:29:31.434+0000] {dag.py:3096} INFO - Sync 1 DAGs
[2024-05-19T20:29:31.442+0000] {logging_mixin.py:188} INFO - [2024-05-19T20:29:31.442+0000] {dag.py:3954} INFO - Setting next_dagrun for disney_s3 to 2024-05-19 20:20:00+00:00, run_after=2024-05-19 20:25:00+00:00
[2024-05-19T20:29:31.449+0000] {processor.py:183} INFO - Processing /opt/airflow/dags/disney_s3.py took 0.272 seconds
[2024-05-19T20:30:02.093+0000] {processor.py:161} INFO - Started process (PID=661) to work on /opt/airflow/dags/disney_s3.py
[2024-05-19T20:30:02.094+0000] {processor.py:830} INFO - Processing file /opt/airflow/dags/disney_s3.py for tasks to queue
[2024-05-19T20:30:02.095+0000] {logging_mixin.py:188} INFO - [2024-05-19T20:30:02.094+0000] {dagbag.py:545} INFO - Filling up the DagBag from /opt/airflow/dags/disney_s3.py
[2024-05-19T20:30:02.333+0000] {processor.py:840} INFO - DAG(s) 'disney_s3' retrieved from /opt/airflow/dags/disney_s3.py
[2024-05-19T20:30:02.342+0000] {logging_mixin.py:188} INFO - [2024-05-19T20:30:02.342+0000] {dag.py:3096} INFO - Sync 1 DAGs
[2024-05-19T20:30:02.351+0000] {logging_mixin.py:188} INFO - [2024-05-19T20:30:02.351+0000] {dag.py:3954} INFO - Setting next_dagrun for disney_s3 to 2024-05-19 20:25:00+00:00, run_after=2024-05-19 20:30:00+00:00
[2024-05-19T20:30:02.359+0000] {processor.py:183} INFO - Processing /opt/airflow/dags/disney_s3.py took 0.273 seconds
[2024-05-19T20:30:32.794+0000] {processor.py:161} INFO - Started process (PID=676) to work on /opt/airflow/dags/disney_s3.py
[2024-05-19T20:30:32.796+0000] {processor.py:830} INFO - Processing file /opt/airflow/dags/disney_s3.py for tasks to queue
[2024-05-19T20:30:32.797+0000] {logging_mixin.py:188} INFO - [2024-05-19T20:30:32.796+0000] {dagbag.py:545} INFO - Filling up the DagBag from /opt/airflow/dags/disney_s3.py
[2024-05-19T20:30:33.090+0000] {processor.py:840} INFO - DAG(s) 'disney_s3' retrieved from /opt/airflow/dags/disney_s3.py
[2024-05-19T20:30:33.099+0000] {logging_mixin.py:188} INFO - [2024-05-19T20:30:33.099+0000] {dag.py:3096} INFO - Sync 1 DAGs
[2024-05-19T20:30:33.109+0000] {logging_mixin.py:188} INFO - [2024-05-19T20:30:33.109+0000] {dag.py:3954} INFO - Setting next_dagrun for disney_s3 to 2024-05-19 20:25:00+00:00, run_after=2024-05-19 20:30:00+00:00
[2024-05-19T20:30:33.115+0000] {processor.py:183} INFO - Processing /opt/airflow/dags/disney_s3.py took 0.330 seconds
[2024-05-19T20:31:03.975+0000] {processor.py:161} INFO - Started process (PID=695) to work on /opt/airflow/dags/disney_s3.py
[2024-05-19T20:31:03.978+0000] {processor.py:830} INFO - Processing file /opt/airflow/dags/disney_s3.py for tasks to queue
[2024-05-19T20:31:03.980+0000] {logging_mixin.py:188} INFO - [2024-05-19T20:31:03.979+0000] {dagbag.py:545} INFO - Filling up the DagBag from /opt/airflow/dags/disney_s3.py
[2024-05-19T20:31:04.502+0000] {processor.py:840} INFO - DAG(s) 'disney_s3' retrieved from /opt/airflow/dags/disney_s3.py
[2024-05-19T20:31:04.520+0000] {logging_mixin.py:188} INFO - [2024-05-19T20:31:04.520+0000] {dag.py:3096} INFO - Sync 1 DAGs
[2024-05-19T20:31:04.531+0000] {logging_mixin.py:188} INFO - [2024-05-19T20:31:04.531+0000] {dag.py:3954} INFO - Setting next_dagrun for disney_s3 to 2024-05-19 20:25:00+00:00, run_after=2024-05-19 20:30:00+00:00
[2024-05-19T20:31:04.538+0000] {processor.py:183} INFO - Processing /opt/airflow/dags/disney_s3.py took 0.576 seconds
[2024-05-19T20:31:34.728+0000] {processor.py:161} INFO - Started process (PID=710) to work on /opt/airflow/dags/disney_s3.py
[2024-05-19T20:31:34.730+0000] {processor.py:830} INFO - Processing file /opt/airflow/dags/disney_s3.py for tasks to queue
[2024-05-19T20:31:34.731+0000] {logging_mixin.py:188} INFO - [2024-05-19T20:31:34.731+0000] {dagbag.py:545} INFO - Filling up the DagBag from /opt/airflow/dags/disney_s3.py
[2024-05-19T20:31:35.047+0000] {processor.py:840} INFO - DAG(s) 'disney_s3' retrieved from /opt/airflow/dags/disney_s3.py
[2024-05-19T20:31:35.056+0000] {logging_mixin.py:188} INFO - [2024-05-19T20:31:35.056+0000] {dag.py:3096} INFO - Sync 1 DAGs
[2024-05-19T20:31:35.065+0000] {logging_mixin.py:188} INFO - [2024-05-19T20:31:35.065+0000] {dag.py:3954} INFO - Setting next_dagrun for disney_s3 to 2024-05-19 20:25:00+00:00, run_after=2024-05-19 20:30:00+00:00
[2024-05-19T20:31:35.072+0000] {processor.py:183} INFO - Processing /opt/airflow/dags/disney_s3.py took 0.369 seconds
[2024-05-19T20:32:05.442+0000] {processor.py:161} INFO - Started process (PID=725) to work on /opt/airflow/dags/disney_s3.py
[2024-05-19T20:32:05.444+0000] {processor.py:830} INFO - Processing file /opt/airflow/dags/disney_s3.py for tasks to queue
[2024-05-19T20:32:05.445+0000] {logging_mixin.py:188} INFO - [2024-05-19T20:32:05.445+0000] {dagbag.py:545} INFO - Filling up the DagBag from /opt/airflow/dags/disney_s3.py
[2024-05-19T20:32:05.684+0000] {processor.py:840} INFO - DAG(s) 'disney_s3' retrieved from /opt/airflow/dags/disney_s3.py
[2024-05-19T20:32:05.693+0000] {logging_mixin.py:188} INFO - [2024-05-19T20:32:05.693+0000] {dag.py:3096} INFO - Sync 1 DAGs
[2024-05-19T20:32:05.700+0000] {logging_mixin.py:188} INFO - [2024-05-19T20:32:05.700+0000] {dag.py:3954} INFO - Setting next_dagrun for disney_s3 to 2024-05-19 20:25:00+00:00, run_after=2024-05-19 20:30:00+00:00
[2024-05-19T20:32:05.707+0000] {processor.py:183} INFO - Processing /opt/airflow/dags/disney_s3.py took 0.274 seconds
[2024-05-19T20:32:36.045+0000] {processor.py:161} INFO - Started process (PID=740) to work on /opt/airflow/dags/disney_s3.py
[2024-05-19T20:32:36.047+0000] {processor.py:830} INFO - Processing file /opt/airflow/dags/disney_s3.py for tasks to queue
[2024-05-19T20:32:36.048+0000] {logging_mixin.py:188} INFO - [2024-05-19T20:32:36.047+0000] {dagbag.py:545} INFO - Filling up the DagBag from /opt/airflow/dags/disney_s3.py
[2024-05-19T20:32:36.279+0000] {processor.py:840} INFO - DAG(s) 'disney_s3' retrieved from /opt/airflow/dags/disney_s3.py
[2024-05-19T20:32:36.288+0000] {logging_mixin.py:188} INFO - [2024-05-19T20:32:36.287+0000] {dag.py:3096} INFO - Sync 1 DAGs
[2024-05-19T20:32:36.295+0000] {logging_mixin.py:188} INFO - [2024-05-19T20:32:36.295+0000] {dag.py:3954} INFO - Setting next_dagrun for disney_s3 to 2024-05-19 20:25:00+00:00, run_after=2024-05-19 20:30:00+00:00
[2024-05-19T20:32:36.302+0000] {processor.py:183} INFO - Processing /opt/airflow/dags/disney_s3.py took 0.265 seconds
[2024-05-19T20:33:06.367+0000] {processor.py:161} INFO - Started process (PID=755) to work on /opt/airflow/dags/disney_s3.py
[2024-05-19T20:33:06.368+0000] {processor.py:830} INFO - Processing file /opt/airflow/dags/disney_s3.py for tasks to queue
[2024-05-19T20:33:06.369+0000] {logging_mixin.py:188} INFO - [2024-05-19T20:33:06.368+0000] {dagbag.py:545} INFO - Filling up the DagBag from /opt/airflow/dags/disney_s3.py
[2024-05-19T20:33:06.678+0000] {processor.py:840} INFO - DAG(s) 'disney_s3' retrieved from /opt/airflow/dags/disney_s3.py
[2024-05-19T20:33:06.688+0000] {logging_mixin.py:188} INFO - [2024-05-19T20:33:06.688+0000] {dag.py:3096} INFO - Sync 1 DAGs
[2024-05-19T20:33:06.697+0000] {logging_mixin.py:188} INFO - [2024-05-19T20:33:06.697+0000] {dag.py:3954} INFO - Setting next_dagrun for disney_s3 to 2024-05-19 20:25:00+00:00, run_after=2024-05-19 20:30:00+00:00
[2024-05-19T20:33:06.704+0000] {processor.py:183} INFO - Processing /opt/airflow/dags/disney_s3.py took 0.341 seconds
[2024-05-19T20:33:37.103+0000] {processor.py:161} INFO - Started process (PID=770) to work on /opt/airflow/dags/disney_s3.py
[2024-05-19T20:33:37.104+0000] {processor.py:830} INFO - Processing file /opt/airflow/dags/disney_s3.py for tasks to queue
[2024-05-19T20:33:37.105+0000] {logging_mixin.py:188} INFO - [2024-05-19T20:33:37.105+0000] {dagbag.py:545} INFO - Filling up the DagBag from /opt/airflow/dags/disney_s3.py
[2024-05-19T20:33:37.336+0000] {processor.py:840} INFO - DAG(s) 'disney_s3' retrieved from /opt/airflow/dags/disney_s3.py
[2024-05-19T20:33:37.344+0000] {logging_mixin.py:188} INFO - [2024-05-19T20:33:37.344+0000] {dag.py:3096} INFO - Sync 1 DAGs
[2024-05-19T20:33:37.353+0000] {logging_mixin.py:188} INFO - [2024-05-19T20:33:37.352+0000] {dag.py:3954} INFO - Setting next_dagrun for disney_s3 to 2024-05-19 20:25:00+00:00, run_after=2024-05-19 20:30:00+00:00
[2024-05-19T20:33:37.358+0000] {processor.py:183} INFO - Processing /opt/airflow/dags/disney_s3.py took 0.264 seconds
[2024-05-19T20:34:07.776+0000] {processor.py:161} INFO - Started process (PID=785) to work on /opt/airflow/dags/disney_s3.py
[2024-05-19T20:34:07.778+0000] {processor.py:830} INFO - Processing file /opt/airflow/dags/disney_s3.py for tasks to queue
[2024-05-19T20:34:07.780+0000] {logging_mixin.py:188} INFO - [2024-05-19T20:34:07.779+0000] {dagbag.py:545} INFO - Filling up the DagBag from /opt/airflow/dags/disney_s3.py
[2024-05-19T20:34:08.046+0000] {processor.py:840} INFO - DAG(s) 'disney_s3' retrieved from /opt/airflow/dags/disney_s3.py
[2024-05-19T20:34:08.057+0000] {logging_mixin.py:188} INFO - [2024-05-19T20:34:08.057+0000] {dag.py:3096} INFO - Sync 1 DAGs
[2024-05-19T20:34:08.066+0000] {logging_mixin.py:188} INFO - [2024-05-19T20:34:08.066+0000] {dag.py:3954} INFO - Setting next_dagrun for disney_s3 to 2024-05-19 20:25:00+00:00, run_after=2024-05-19 20:30:00+00:00
[2024-05-19T20:34:08.073+0000] {processor.py:183} INFO - Processing /opt/airflow/dags/disney_s3.py took 0.310 seconds
[2024-05-19T20:34:38.455+0000] {processor.py:161} INFO - Started process (PID=800) to work on /opt/airflow/dags/disney_s3.py
[2024-05-19T20:34:38.457+0000] {processor.py:830} INFO - Processing file /opt/airflow/dags/disney_s3.py for tasks to queue
[2024-05-19T20:34:38.458+0000] {logging_mixin.py:188} INFO - [2024-05-19T20:34:38.458+0000] {dagbag.py:545} INFO - Filling up the DagBag from /opt/airflow/dags/disney_s3.py
[2024-05-19T20:34:38.731+0000] {processor.py:840} INFO - DAG(s) 'disney_s3' retrieved from /opt/airflow/dags/disney_s3.py
[2024-05-19T20:34:38.741+0000] {logging_mixin.py:188} INFO - [2024-05-19T20:34:38.740+0000] {dag.py:3096} INFO - Sync 1 DAGs
[2024-05-19T20:34:38.749+0000] {logging_mixin.py:188} INFO - [2024-05-19T20:34:38.749+0000] {dag.py:3954} INFO - Setting next_dagrun for disney_s3 to 2024-05-19 20:25:00+00:00, run_after=2024-05-19 20:30:00+00:00
[2024-05-19T20:34:38.756+0000] {processor.py:183} INFO - Processing /opt/airflow/dags/disney_s3.py took 0.308 seconds
[2024-05-19T20:35:09.197+0000] {processor.py:161} INFO - Started process (PID=815) to work on /opt/airflow/dags/disney_s3.py
[2024-05-19T20:35:09.198+0000] {processor.py:830} INFO - Processing file /opt/airflow/dags/disney_s3.py for tasks to queue
[2024-05-19T20:35:09.199+0000] {logging_mixin.py:188} INFO - [2024-05-19T20:35:09.199+0000] {dagbag.py:545} INFO - Filling up the DagBag from /opt/airflow/dags/disney_s3.py
[2024-05-19T20:35:09.450+0000] {processor.py:840} INFO - DAG(s) 'disney_s3' retrieved from /opt/airflow/dags/disney_s3.py
[2024-05-19T20:35:09.458+0000] {logging_mixin.py:188} INFO - [2024-05-19T20:35:09.458+0000] {dag.py:3096} INFO - Sync 1 DAGs
[2024-05-19T20:35:09.466+0000] {logging_mixin.py:188} INFO - [2024-05-19T20:35:09.466+0000] {dag.py:3954} INFO - Setting next_dagrun for disney_s3 to 2024-05-19 20:30:00+00:00, run_after=2024-05-19 20:35:00+00:00
[2024-05-19T20:35:09.472+0000] {processor.py:183} INFO - Processing /opt/airflow/dags/disney_s3.py took 0.283 seconds
[2024-05-19T20:35:39.773+0000] {processor.py:161} INFO - Started process (PID=834) to work on /opt/airflow/dags/disney_s3.py
[2024-05-19T20:35:39.775+0000] {processor.py:830} INFO - Processing file /opt/airflow/dags/disney_s3.py for tasks to queue
[2024-05-19T20:35:39.776+0000] {logging_mixin.py:188} INFO - [2024-05-19T20:35:39.776+0000] {dagbag.py:545} INFO - Filling up the DagBag from /opt/airflow/dags/disney_s3.py
[2024-05-19T20:35:40.026+0000] {processor.py:840} INFO - DAG(s) 'disney_s3' retrieved from /opt/airflow/dags/disney_s3.py
[2024-05-19T20:35:40.035+0000] {logging_mixin.py:188} INFO - [2024-05-19T20:35:40.035+0000] {dag.py:3096} INFO - Sync 1 DAGs
[2024-05-19T20:35:40.043+0000] {logging_mixin.py:188} INFO - [2024-05-19T20:35:40.042+0000] {dag.py:3954} INFO - Setting next_dagrun for disney_s3 to 2024-05-19 20:30:00+00:00, run_after=2024-05-19 20:35:00+00:00
[2024-05-19T20:35:40.049+0000] {processor.py:183} INFO - Processing /opt/airflow/dags/disney_s3.py took 0.285 seconds
[2024-05-19T20:36:10.962+0000] {processor.py:161} INFO - Started process (PID=851) to work on /opt/airflow/dags/disney_s3.py
[2024-05-19T20:36:10.963+0000] {processor.py:830} INFO - Processing file /opt/airflow/dags/disney_s3.py for tasks to queue
[2024-05-19T20:36:10.965+0000] {logging_mixin.py:188} INFO - [2024-05-19T20:36:10.964+0000] {dagbag.py:545} INFO - Filling up the DagBag from /opt/airflow/dags/disney_s3.py
[2024-05-19T20:36:11.257+0000] {processor.py:840} INFO - DAG(s) 'disney_s3' retrieved from /opt/airflow/dags/disney_s3.py
[2024-05-19T20:36:11.266+0000] {logging_mixin.py:188} INFO - [2024-05-19T20:36:11.266+0000] {dag.py:3096} INFO - Sync 1 DAGs
[2024-05-19T20:36:11.274+0000] {logging_mixin.py:188} INFO - [2024-05-19T20:36:11.274+0000] {dag.py:3954} INFO - Setting next_dagrun for disney_s3 to 2024-05-19 20:30:00+00:00, run_after=2024-05-19 20:35:00+00:00
[2024-05-19T20:36:11.280+0000] {processor.py:183} INFO - Processing /opt/airflow/dags/disney_s3.py took 0.328 seconds
[2024-05-19T20:36:41.698+0000] {processor.py:161} INFO - Started process (PID=882) to work on /opt/airflow/dags/disney_s3.py
[2024-05-19T20:36:41.700+0000] {processor.py:830} INFO - Processing file /opt/airflow/dags/disney_s3.py for tasks to queue
[2024-05-19T20:36:41.701+0000] {logging_mixin.py:188} INFO - [2024-05-19T20:36:41.700+0000] {dagbag.py:545} INFO - Filling up the DagBag from /opt/airflow/dags/disney_s3.py
[2024-05-19T20:36:42.087+0000] {processor.py:840} INFO - DAG(s) 'disney_s3' retrieved from /opt/airflow/dags/disney_s3.py
[2024-05-19T20:36:42.097+0000] {logging_mixin.py:188} INFO - [2024-05-19T20:36:42.097+0000] {dag.py:3096} INFO - Sync 1 DAGs
[2024-05-19T20:36:42.106+0000] {logging_mixin.py:188} INFO - [2024-05-19T20:36:42.106+0000] {dag.py:3954} INFO - Setting next_dagrun for disney_s3 to 2024-05-19 20:30:00+00:00, run_after=2024-05-19 20:35:00+00:00
[2024-05-19T20:36:42.112+0000] {processor.py:183} INFO - Processing /opt/airflow/dags/disney_s3.py took 0.418 seconds
[2024-05-19T20:37:12.445+0000] {processor.py:161} INFO - Started process (PID=897) to work on /opt/airflow/dags/disney_s3.py
[2024-05-19T20:37:12.447+0000] {processor.py:830} INFO - Processing file /opt/airflow/dags/disney_s3.py for tasks to queue
[2024-05-19T20:37:12.448+0000] {logging_mixin.py:188} INFO - [2024-05-19T20:37:12.447+0000] {dagbag.py:545} INFO - Filling up the DagBag from /opt/airflow/dags/disney_s3.py
[2024-05-19T20:37:13.024+0000] {processor.py:840} INFO - DAG(s) 'disney_s3' retrieved from /opt/airflow/dags/disney_s3.py
[2024-05-19T20:37:13.045+0000] {logging_mixin.py:188} INFO - [2024-05-19T20:37:13.044+0000] {dag.py:3096} INFO - Sync 1 DAGs
[2024-05-19T20:37:13.064+0000] {logging_mixin.py:188} INFO - [2024-05-19T20:37:13.064+0000] {dag.py:3954} INFO - Setting next_dagrun for disney_s3 to 2024-05-19 20:30:00+00:00, run_after=2024-05-19 20:35:00+00:00
[2024-05-19T20:37:13.074+0000] {processor.py:183} INFO - Processing /opt/airflow/dags/disney_s3.py took 0.638 seconds
[2024-05-19T20:37:43.204+0000] {processor.py:161} INFO - Started process (PID=912) to work on /opt/airflow/dags/disney_s3.py
[2024-05-19T20:37:43.205+0000] {processor.py:830} INFO - Processing file /opt/airflow/dags/disney_s3.py for tasks to queue
[2024-05-19T20:37:43.206+0000] {logging_mixin.py:188} INFO - [2024-05-19T20:37:43.206+0000] {dagbag.py:545} INFO - Filling up the DagBag from /opt/airflow/dags/disney_s3.py
[2024-05-19T20:37:43.459+0000] {processor.py:840} INFO - DAG(s) 'disney_s3' retrieved from /opt/airflow/dags/disney_s3.py
[2024-05-19T20:37:43.468+0000] {logging_mixin.py:188} INFO - [2024-05-19T20:37:43.468+0000] {dag.py:3096} INFO - Sync 1 DAGs
[2024-05-19T20:37:43.477+0000] {logging_mixin.py:188} INFO - [2024-05-19T20:37:43.477+0000] {dag.py:3954} INFO - Setting next_dagrun for disney_s3 to 2024-05-19 20:30:00+00:00, run_after=2024-05-19 20:35:00+00:00
[2024-05-19T20:37:43.484+0000] {processor.py:183} INFO - Processing /opt/airflow/dags/disney_s3.py took 0.286 seconds
[2024-05-19T20:38:14.178+0000] {processor.py:161} INFO - Started process (PID=927) to work on /opt/airflow/dags/disney_s3.py
[2024-05-19T20:38:14.180+0000] {processor.py:830} INFO - Processing file /opt/airflow/dags/disney_s3.py for tasks to queue
[2024-05-19T20:38:14.182+0000] {logging_mixin.py:188} INFO - [2024-05-19T20:38:14.181+0000] {dagbag.py:545} INFO - Filling up the DagBag from /opt/airflow/dags/disney_s3.py
[2024-05-19T20:38:14.419+0000] {processor.py:840} INFO - DAG(s) 'disney_s3' retrieved from /opt/airflow/dags/disney_s3.py
[2024-05-19T20:38:14.428+0000] {logging_mixin.py:188} INFO - [2024-05-19T20:38:14.427+0000] {dag.py:3096} INFO - Sync 1 DAGs
[2024-05-19T20:38:14.435+0000] {logging_mixin.py:188} INFO - [2024-05-19T20:38:14.435+0000] {dag.py:3954} INFO - Setting next_dagrun for disney_s3 to 2024-05-19 20:30:00+00:00, run_after=2024-05-19 20:35:00+00:00
[2024-05-19T20:38:14.442+0000] {processor.py:183} INFO - Processing /opt/airflow/dags/disney_s3.py took 0.278 seconds
[2024-05-19T20:38:44.755+0000] {processor.py:161} INFO - Started process (PID=942) to work on /opt/airflow/dags/disney_s3.py
[2024-05-19T20:38:44.756+0000] {processor.py:830} INFO - Processing file /opt/airflow/dags/disney_s3.py for tasks to queue
[2024-05-19T20:38:44.756+0000] {logging_mixin.py:188} INFO - [2024-05-19T20:38:44.756+0000] {dagbag.py:545} INFO - Filling up the DagBag from /opt/airflow/dags/disney_s3.py
[2024-05-19T20:38:44.964+0000] {processor.py:840} INFO - DAG(s) 'disney_s3' retrieved from /opt/airflow/dags/disney_s3.py
[2024-05-19T20:38:44.973+0000] {logging_mixin.py:188} INFO - [2024-05-19T20:38:44.972+0000] {dag.py:3096} INFO - Sync 1 DAGs
[2024-05-19T20:38:44.982+0000] {logging_mixin.py:188} INFO - [2024-05-19T20:38:44.982+0000] {dag.py:3954} INFO - Setting next_dagrun for disney_s3 to 2024-05-19 20:30:00+00:00, run_after=2024-05-19 20:35:00+00:00
[2024-05-19T20:38:44.988+0000] {processor.py:183} INFO - Processing /opt/airflow/dags/disney_s3.py took 0.237 seconds
[2024-05-19T20:39:15.107+0000] {processor.py:161} INFO - Started process (PID=957) to work on /opt/airflow/dags/disney_s3.py
[2024-05-19T20:39:15.109+0000] {processor.py:830} INFO - Processing file /opt/airflow/dags/disney_s3.py for tasks to queue
[2024-05-19T20:39:15.110+0000] {logging_mixin.py:188} INFO - [2024-05-19T20:39:15.109+0000] {dagbag.py:545} INFO - Filling up the DagBag from /opt/airflow/dags/disney_s3.py
[2024-05-19T20:39:15.382+0000] {processor.py:840} INFO - DAG(s) 'disney_s3' retrieved from /opt/airflow/dags/disney_s3.py
[2024-05-19T20:39:15.392+0000] {logging_mixin.py:188} INFO - [2024-05-19T20:39:15.391+0000] {dag.py:3096} INFO - Sync 1 DAGs
[2024-05-19T20:39:15.401+0000] {logging_mixin.py:188} INFO - [2024-05-19T20:39:15.401+0000] {dag.py:3954} INFO - Setting next_dagrun for disney_s3 to 2024-05-19 20:30:00+00:00, run_after=2024-05-19 20:35:00+00:00
[2024-05-19T20:39:15.408+0000] {processor.py:183} INFO - Processing /opt/airflow/dags/disney_s3.py took 0.310 seconds
[2024-05-19T20:39:46.225+0000] {processor.py:161} INFO - Started process (PID=972) to work on /opt/airflow/dags/disney_s3.py
[2024-05-19T20:39:46.226+0000] {processor.py:830} INFO - Processing file /opt/airflow/dags/disney_s3.py for tasks to queue
[2024-05-19T20:39:46.227+0000] {logging_mixin.py:188} INFO - [2024-05-19T20:39:46.227+0000] {dagbag.py:545} INFO - Filling up the DagBag from /opt/airflow/dags/disney_s3.py
[2024-05-19T20:39:46.452+0000] {processor.py:840} INFO - DAG(s) 'disney_s3' retrieved from /opt/airflow/dags/disney_s3.py
[2024-05-19T20:39:46.462+0000] {logging_mixin.py:188} INFO - [2024-05-19T20:39:46.462+0000] {dag.py:3096} INFO - Sync 1 DAGs
[2024-05-19T20:39:46.470+0000] {logging_mixin.py:188} INFO - [2024-05-19T20:39:46.470+0000] {dag.py:3954} INFO - Setting next_dagrun for disney_s3 to 2024-05-19 20:30:00+00:00, run_after=2024-05-19 20:35:00+00:00
[2024-05-19T20:39:46.476+0000] {processor.py:183} INFO - Processing /opt/airflow/dags/disney_s3.py took 0.259 seconds
[2024-05-19T20:40:16.898+0000] {processor.py:161} INFO - Started process (PID=987) to work on /opt/airflow/dags/disney_s3.py
[2024-05-19T20:40:16.900+0000] {processor.py:830} INFO - Processing file /opt/airflow/dags/disney_s3.py for tasks to queue
[2024-05-19T20:40:16.901+0000] {logging_mixin.py:188} INFO - [2024-05-19T20:40:16.900+0000] {dagbag.py:545} INFO - Filling up the DagBag from /opt/airflow/dags/disney_s3.py
[2024-05-19T20:40:17.165+0000] {processor.py:840} INFO - DAG(s) 'disney_s3' retrieved from /opt/airflow/dags/disney_s3.py
[2024-05-19T20:40:17.173+0000] {logging_mixin.py:188} INFO - [2024-05-19T20:40:17.173+0000] {dag.py:3096} INFO - Sync 1 DAGs
[2024-05-19T20:40:17.181+0000] {logging_mixin.py:188} INFO - [2024-05-19T20:40:17.181+0000] {dag.py:3954} INFO - Setting next_dagrun for disney_s3 to 2024-05-19 20:35:00+00:00, run_after=2024-05-19 20:40:00+00:00
[2024-05-19T20:40:17.187+0000] {processor.py:183} INFO - Processing /opt/airflow/dags/disney_s3.py took 0.299 seconds
[2024-05-19T20:40:47.790+0000] {processor.py:161} INFO - Started process (PID=1005) to work on /opt/airflow/dags/disney_s3.py
[2024-05-19T20:40:47.792+0000] {processor.py:830} INFO - Processing file /opt/airflow/dags/disney_s3.py for tasks to queue
[2024-05-19T20:40:47.793+0000] {logging_mixin.py:188} INFO - [2024-05-19T20:40:47.792+0000] {dagbag.py:545} INFO - Filling up the DagBag from /opt/airflow/dags/disney_s3.py
[2024-05-19T20:40:48.076+0000] {processor.py:840} INFO - DAG(s) 'disney_s3' retrieved from /opt/airflow/dags/disney_s3.py
[2024-05-19T20:40:48.086+0000] {logging_mixin.py:188} INFO - [2024-05-19T20:40:48.085+0000] {dag.py:3096} INFO - Sync 1 DAGs
[2024-05-19T20:40:48.095+0000] {logging_mixin.py:188} INFO - [2024-05-19T20:40:48.095+0000] {dag.py:3954} INFO - Setting next_dagrun for disney_s3 to 2024-05-19 20:35:00+00:00, run_after=2024-05-19 20:40:00+00:00
[2024-05-19T20:40:48.102+0000] {processor.py:183} INFO - Processing /opt/airflow/dags/disney_s3.py took 0.317 seconds
[2024-05-19T20:41:18.419+0000] {processor.py:161} INFO - Started process (PID=1020) to work on /opt/airflow/dags/disney_s3.py
[2024-05-19T20:41:18.421+0000] {processor.py:830} INFO - Processing file /opt/airflow/dags/disney_s3.py for tasks to queue
[2024-05-19T20:41:18.421+0000] {logging_mixin.py:188} INFO - [2024-05-19T20:41:18.421+0000] {dagbag.py:545} INFO - Filling up the DagBag from /opt/airflow/dags/disney_s3.py
[2024-05-19T20:41:18.642+0000] {processor.py:840} INFO - DAG(s) 'disney_s3' retrieved from /opt/airflow/dags/disney_s3.py
[2024-05-19T20:41:18.650+0000] {logging_mixin.py:188} INFO - [2024-05-19T20:41:18.650+0000] {dag.py:3096} INFO - Sync 1 DAGs
[2024-05-19T20:41:18.658+0000] {logging_mixin.py:188} INFO - [2024-05-19T20:41:18.658+0000] {dag.py:3954} INFO - Setting next_dagrun for disney_s3 to 2024-05-19 20:35:00+00:00, run_after=2024-05-19 20:40:00+00:00
[2024-05-19T20:41:18.664+0000] {processor.py:183} INFO - Processing /opt/airflow/dags/disney_s3.py took 0.251 seconds
[2024-05-19T20:41:49.094+0000] {processor.py:161} INFO - Started process (PID=1035) to work on /opt/airflow/dags/disney_s3.py
[2024-05-19T20:41:49.095+0000] {processor.py:830} INFO - Processing file /opt/airflow/dags/disney_s3.py for tasks to queue
[2024-05-19T20:41:49.095+0000] {logging_mixin.py:188} INFO - [2024-05-19T20:41:49.095+0000] {dagbag.py:545} INFO - Filling up the DagBag from /opt/airflow/dags/disney_s3.py
[2024-05-19T20:41:49.376+0000] {processor.py:840} INFO - DAG(s) 'disney_s3' retrieved from /opt/airflow/dags/disney_s3.py
[2024-05-19T20:41:49.384+0000] {logging_mixin.py:188} INFO - [2024-05-19T20:41:49.384+0000] {dag.py:3096} INFO - Sync 1 DAGs
[2024-05-19T20:41:49.393+0000] {logging_mixin.py:188} INFO - [2024-05-19T20:41:49.393+0000] {dag.py:3954} INFO - Setting next_dagrun for disney_s3 to 2024-05-19 20:35:00+00:00, run_after=2024-05-19 20:40:00+00:00
[2024-05-19T20:41:49.398+0000] {processor.py:183} INFO - Processing /opt/airflow/dags/disney_s3.py took 0.308 seconds
[2024-05-19T20:42:19.769+0000] {processor.py:161} INFO - Started process (PID=1050) to work on /opt/airflow/dags/disney_s3.py
[2024-05-19T20:42:19.771+0000] {processor.py:830} INFO - Processing file /opt/airflow/dags/disney_s3.py for tasks to queue
[2024-05-19T20:42:19.773+0000] {logging_mixin.py:188} INFO - [2024-05-19T20:42:19.772+0000] {dagbag.py:545} INFO - Filling up the DagBag from /opt/airflow/dags/disney_s3.py
[2024-05-19T20:42:20.166+0000] {processor.py:840} INFO - DAG(s) 'disney_s3' retrieved from /opt/airflow/dags/disney_s3.py
[2024-05-19T20:42:20.178+0000] {logging_mixin.py:188} INFO - [2024-05-19T20:42:20.178+0000] {dag.py:3096} INFO - Sync 1 DAGs
[2024-05-19T20:42:20.187+0000] {logging_mixin.py:188} INFO - [2024-05-19T20:42:20.187+0000] {dag.py:3954} INFO - Setting next_dagrun for disney_s3 to 2024-05-19 20:35:00+00:00, run_after=2024-05-19 20:40:00+00:00
[2024-05-19T20:42:20.195+0000] {processor.py:183} INFO - Processing /opt/airflow/dags/disney_s3.py took 0.440 seconds
[2024-05-19T20:42:50.533+0000] {processor.py:161} INFO - Started process (PID=1065) to work on /opt/airflow/dags/disney_s3.py
[2024-05-19T20:42:50.534+0000] {processor.py:830} INFO - Processing file /opt/airflow/dags/disney_s3.py for tasks to queue
[2024-05-19T20:42:50.535+0000] {logging_mixin.py:188} INFO - [2024-05-19T20:42:50.534+0000] {dagbag.py:545} INFO - Filling up the DagBag from /opt/airflow/dags/disney_s3.py
[2024-05-19T20:42:50.755+0000] {processor.py:840} INFO - DAG(s) 'disney_s3' retrieved from /opt/airflow/dags/disney_s3.py
[2024-05-19T20:42:50.763+0000] {logging_mixin.py:188} INFO - [2024-05-19T20:42:50.763+0000] {dag.py:3096} INFO - Sync 1 DAGs
[2024-05-19T20:42:50.771+0000] {logging_mixin.py:188} INFO - [2024-05-19T20:42:50.771+0000] {dag.py:3954} INFO - Setting next_dagrun for disney_s3 to 2024-05-19 20:35:00+00:00, run_after=2024-05-19 20:40:00+00:00
[2024-05-19T20:42:50.778+0000] {processor.py:183} INFO - Processing /opt/airflow/dags/disney_s3.py took 0.253 seconds
[2024-05-19T20:43:21.052+0000] {processor.py:161} INFO - Started process (PID=1076) to work on /opt/airflow/dags/disney_s3.py
[2024-05-19T20:43:21.055+0000] {processor.py:830} INFO - Processing file /opt/airflow/dags/disney_s3.py for tasks to queue
[2024-05-19T20:43:21.056+0000] {logging_mixin.py:188} INFO - [2024-05-19T20:43:21.056+0000] {dagbag.py:545} INFO - Filling up the DagBag from /opt/airflow/dags/disney_s3.py
[2024-05-19T20:43:21.309+0000] {processor.py:840} INFO - DAG(s) 'disney_s3' retrieved from /opt/airflow/dags/disney_s3.py
[2024-05-19T20:43:21.318+0000] {logging_mixin.py:188} INFO - [2024-05-19T20:43:21.318+0000] {dag.py:3096} INFO - Sync 1 DAGs
[2024-05-19T20:43:21.326+0000] {logging_mixin.py:188} INFO - [2024-05-19T20:43:21.326+0000] {dag.py:3954} INFO - Setting next_dagrun for disney_s3 to 2024-05-19 20:35:00+00:00, run_after=2024-05-19 20:40:00+00:00
[2024-05-19T20:43:21.332+0000] {processor.py:183} INFO - Processing /opt/airflow/dags/disney_s3.py took 0.290 seconds
[2024-05-19T20:43:51.469+0000] {processor.py:161} INFO - Started process (PID=1087) to work on /opt/airflow/dags/disney_s3.py
[2024-05-19T20:43:51.470+0000] {processor.py:830} INFO - Processing file /opt/airflow/dags/disney_s3.py for tasks to queue
[2024-05-19T20:43:51.472+0000] {logging_mixin.py:188} INFO - [2024-05-19T20:43:51.471+0000] {dagbag.py:545} INFO - Filling up the DagBag from /opt/airflow/dags/disney_s3.py
[2024-05-19T20:43:51.741+0000] {processor.py:840} INFO - DAG(s) 'disney_s3' retrieved from /opt/airflow/dags/disney_s3.py
[2024-05-19T20:43:51.750+0000] {logging_mixin.py:188} INFO - [2024-05-19T20:43:51.750+0000] {dag.py:3096} INFO - Sync 1 DAGs
[2024-05-19T20:43:51.758+0000] {logging_mixin.py:188} INFO - [2024-05-19T20:43:51.758+0000] {dag.py:3954} INFO - Setting next_dagrun for disney_s3 to 2024-05-19 20:35:00+00:00, run_after=2024-05-19 20:40:00+00:00
[2024-05-19T20:43:51.765+0000] {processor.py:183} INFO - Processing /opt/airflow/dags/disney_s3.py took 0.305 seconds
[2024-05-19T20:44:22.252+0000] {processor.py:161} INFO - Started process (PID=1098) to work on /opt/airflow/dags/disney_s3.py
[2024-05-19T20:44:22.253+0000] {processor.py:830} INFO - Processing file /opt/airflow/dags/disney_s3.py for tasks to queue
[2024-05-19T20:44:22.254+0000] {logging_mixin.py:188} INFO - [2024-05-19T20:44:22.254+0000] {dagbag.py:545} INFO - Filling up the DagBag from /opt/airflow/dags/disney_s3.py
[2024-05-19T20:44:22.597+0000] {processor.py:840} INFO - DAG(s) 'disney_s3' retrieved from /opt/airflow/dags/disney_s3.py
[2024-05-19T20:44:22.608+0000] {logging_mixin.py:188} INFO - [2024-05-19T20:44:22.608+0000] {dag.py:3096} INFO - Sync 1 DAGs
[2024-05-19T20:44:22.617+0000] {logging_mixin.py:188} INFO - [2024-05-19T20:44:22.617+0000] {dag.py:3954} INFO - Setting next_dagrun for disney_s3 to 2024-05-19 20:35:00+00:00, run_after=2024-05-19 20:40:00+00:00
[2024-05-19T20:44:22.624+0000] {processor.py:183} INFO - Processing /opt/airflow/dags/disney_s3.py took 0.383 seconds
[2024-05-19T20:44:52.827+0000] {processor.py:161} INFO - Started process (PID=1117) to work on /opt/airflow/dags/disney_s3.py
[2024-05-19T20:44:52.829+0000] {processor.py:830} INFO - Processing file /opt/airflow/dags/disney_s3.py for tasks to queue
[2024-05-19T20:44:52.830+0000] {logging_mixin.py:188} INFO - [2024-05-19T20:44:52.830+0000] {dagbag.py:545} INFO - Filling up the DagBag from /opt/airflow/dags/disney_s3.py
[2024-05-19T20:44:53.089+0000] {processor.py:840} INFO - DAG(s) 'disney_s3' retrieved from /opt/airflow/dags/disney_s3.py
[2024-05-19T20:44:53.099+0000] {logging_mixin.py:188} INFO - [2024-05-19T20:44:53.099+0000] {dag.py:3096} INFO - Sync 1 DAGs
[2024-05-19T20:44:53.108+0000] {logging_mixin.py:188} INFO - [2024-05-19T20:44:53.108+0000] {dag.py:3954} INFO - Setting next_dagrun for disney_s3 to 2024-05-19 20:40:00+00:00, run_after=2024-05-19 20:45:00+00:00
[2024-05-19T20:44:53.116+0000] {processor.py:183} INFO - Processing /opt/airflow/dags/disney_s3.py took 0.295 seconds
[2024-05-19T20:45:23.149+0000] {processor.py:161} INFO - Started process (PID=1128) to work on /opt/airflow/dags/disney_s3.py
[2024-05-19T20:45:23.151+0000] {processor.py:830} INFO - Processing file /opt/airflow/dags/disney_s3.py for tasks to queue
[2024-05-19T20:45:23.152+0000] {logging_mixin.py:188} INFO - [2024-05-19T20:45:23.152+0000] {dagbag.py:545} INFO - Filling up the DagBag from /opt/airflow/dags/disney_s3.py
[2024-05-19T20:45:23.392+0000] {processor.py:840} INFO - DAG(s) 'disney_s3' retrieved from /opt/airflow/dags/disney_s3.py
[2024-05-19T20:45:23.403+0000] {logging_mixin.py:188} INFO - [2024-05-19T20:45:23.403+0000] {dag.py:3096} INFO - Sync 1 DAGs
[2024-05-19T20:45:23.412+0000] {logging_mixin.py:188} INFO - [2024-05-19T20:45:23.412+0000] {dag.py:3954} INFO - Setting next_dagrun for disney_s3 to 2024-05-19 20:45:00+00:00, run_after=2024-05-19 20:50:00+00:00
[2024-05-19T20:45:23.418+0000] {processor.py:183} INFO - Processing /opt/airflow/dags/disney_s3.py took 0.275 seconds
[2024-05-19T20:45:53.551+0000] {processor.py:161} INFO - Started process (PID=1139) to work on /opt/airflow/dags/disney_s3.py
[2024-05-19T20:45:53.552+0000] {processor.py:830} INFO - Processing file /opt/airflow/dags/disney_s3.py for tasks to queue
[2024-05-19T20:45:53.553+0000] {logging_mixin.py:188} INFO - [2024-05-19T20:45:53.552+0000] {dagbag.py:545} INFO - Filling up the DagBag from /opt/airflow/dags/disney_s3.py
[2024-05-19T20:45:53.775+0000] {processor.py:840} INFO - DAG(s) 'disney_s3' retrieved from /opt/airflow/dags/disney_s3.py
[2024-05-19T20:45:53.785+0000] {logging_mixin.py:188} INFO - [2024-05-19T20:45:53.785+0000] {dag.py:3096} INFO - Sync 1 DAGs
[2024-05-19T20:45:53.795+0000] {logging_mixin.py:188} INFO - [2024-05-19T20:45:53.795+0000] {dag.py:3954} INFO - Setting next_dagrun for disney_s3 to 2024-05-19 20:45:00+00:00, run_after=2024-05-19 20:50:00+00:00
[2024-05-19T20:45:53.801+0000] {processor.py:183} INFO - Processing /opt/airflow/dags/disney_s3.py took 0.255 seconds
[2024-05-19T20:46:23.939+0000] {processor.py:161} INFO - Started process (PID=1156) to work on /opt/airflow/dags/disney_s3.py
[2024-05-19T20:46:23.941+0000] {processor.py:830} INFO - Processing file /opt/airflow/dags/disney_s3.py for tasks to queue
[2024-05-19T20:46:23.942+0000] {logging_mixin.py:188} INFO - [2024-05-19T20:46:23.942+0000] {dagbag.py:545} INFO - Filling up the DagBag from /opt/airflow/dags/disney_s3.py
[2024-05-19T20:46:24.158+0000] {processor.py:840} INFO - DAG(s) 'disney_s3' retrieved from /opt/airflow/dags/disney_s3.py
[2024-05-19T20:46:24.166+0000] {logging_mixin.py:188} INFO - [2024-05-19T20:46:24.166+0000] {dag.py:3096} INFO - Sync 1 DAGs
[2024-05-19T20:46:24.173+0000] {logging_mixin.py:188} INFO - [2024-05-19T20:46:24.173+0000] {dag.py:3954} INFO - Setting next_dagrun for disney_s3 to 2024-05-19 20:45:00+00:00, run_after=2024-05-19 20:50:00+00:00
[2024-05-19T20:46:24.180+0000] {processor.py:183} INFO - Processing /opt/airflow/dags/disney_s3.py took 0.249 seconds
