[2024-05-19T20:22:27.108+0000] {processor.py:161} INFO - Started process (PID=422) to work on /opt/airflow/dags/silver_s3.py
[2024-05-19T20:22:27.110+0000] {processor.py:830} INFO - Processing file /opt/airflow/dags/silver_s3.py for tasks to queue
[2024-05-19T20:22:27.111+0000] {logging_mixin.py:188} INFO - [2024-05-19T20:22:27.111+0000] {dagbag.py:545} INFO - Filling up the DagBag from /opt/airflow/dags/silver_s3.py
[2024-05-19T20:22:27.363+0000] {processor.py:840} INFO - DAG(s) 'silver_s3' retrieved from /opt/airflow/dags/silver_s3.py
[2024-05-19T20:22:27.419+0000] {logging_mixin.py:188} INFO - [2024-05-19T20:22:27.418+0000] {override.py:1829} INFO - Created Permission View: can delete on DAG:silver_s3
[2024-05-19T20:22:27.423+0000] {logging_mixin.py:188} INFO - [2024-05-19T20:22:27.423+0000] {override.py:1829} INFO - Created Permission View: can edit on DAG:silver_s3
[2024-05-19T20:22:27.426+0000] {logging_mixin.py:188} INFO - [2024-05-19T20:22:27.426+0000] {override.py:1829} INFO - Created Permission View: can read on DAG:silver_s3
[2024-05-19T20:22:27.427+0000] {logging_mixin.py:188} INFO - [2024-05-19T20:22:27.427+0000] {dag.py:3096} INFO - Sync 1 DAGs
[2024-05-19T20:22:27.432+0000] {logging_mixin.py:188} INFO - [2024-05-19T20:22:27.431+0000] {dag.py:3118} INFO - Creating ORM DAG for silver_s3
[2024-05-19T20:22:27.435+0000] {logging_mixin.py:188} INFO - [2024-05-19T20:22:27.435+0000] {dag.py:3954} INFO - Setting next_dagrun for silver_s3 to 2023-01-01 00:00:00+00:00, run_after=2023-01-02 00:00:00+00:00
[2024-05-19T20:22:27.441+0000] {processor.py:183} INFO - Processing /opt/airflow/dags/silver_s3.py took 0.337 seconds
[2024-05-19T20:22:58.121+0000] {processor.py:161} INFO - Started process (PID=439) to work on /opt/airflow/dags/silver_s3.py
[2024-05-19T20:22:58.122+0000] {processor.py:830} INFO - Processing file /opt/airflow/dags/silver_s3.py for tasks to queue
[2024-05-19T20:22:58.125+0000] {logging_mixin.py:188} INFO - [2024-05-19T20:22:58.124+0000] {dagbag.py:545} INFO - Filling up the DagBag from /opt/airflow/dags/silver_s3.py
[2024-05-19T20:22:58.346+0000] {processor.py:840} INFO - DAG(s) 'silver_s3' retrieved from /opt/airflow/dags/silver_s3.py
[2024-05-19T20:22:58.354+0000] {logging_mixin.py:188} INFO - [2024-05-19T20:22:58.354+0000] {dag.py:3096} INFO - Sync 1 DAGs
[2024-05-19T20:22:58.362+0000] {logging_mixin.py:188} INFO - [2024-05-19T20:22:58.362+0000] {dag.py:3954} INFO - Setting next_dagrun for silver_s3 to 2023-01-01 00:00:00+00:00, run_after=2023-01-02 00:00:00+00:00
[2024-05-19T20:22:58.368+0000] {processor.py:183} INFO - Processing /opt/airflow/dags/silver_s3.py took 0.254 seconds
[2024-05-19T20:23:28.585+0000] {processor.py:161} INFO - Started process (PID=454) to work on /opt/airflow/dags/silver_s3.py
[2024-05-19T20:23:28.586+0000] {processor.py:830} INFO - Processing file /opt/airflow/dags/silver_s3.py for tasks to queue
[2024-05-19T20:23:28.589+0000] {logging_mixin.py:188} INFO - [2024-05-19T20:23:28.588+0000] {dagbag.py:545} INFO - Filling up the DagBag from /opt/airflow/dags/silver_s3.py
[2024-05-19T20:23:28.807+0000] {processor.py:840} INFO - DAG(s) 'silver_s3' retrieved from /opt/airflow/dags/silver_s3.py
[2024-05-19T20:23:28.816+0000] {logging_mixin.py:188} INFO - [2024-05-19T20:23:28.816+0000] {dag.py:3096} INFO - Sync 1 DAGs
[2024-05-19T20:23:28.823+0000] {logging_mixin.py:188} INFO - [2024-05-19T20:23:28.823+0000] {dag.py:3954} INFO - Setting next_dagrun for silver_s3 to 2023-01-01 00:00:00+00:00, run_after=2023-01-02 00:00:00+00:00
[2024-05-19T20:23:28.829+0000] {processor.py:183} INFO - Processing /opt/airflow/dags/silver_s3.py took 0.253 seconds
[2024-05-19T20:23:59.271+0000] {processor.py:161} INFO - Started process (PID=469) to work on /opt/airflow/dags/silver_s3.py
[2024-05-19T20:23:59.271+0000] {processor.py:830} INFO - Processing file /opt/airflow/dags/silver_s3.py for tasks to queue
[2024-05-19T20:23:59.272+0000] {logging_mixin.py:188} INFO - [2024-05-19T20:23:59.272+0000] {dagbag.py:545} INFO - Filling up the DagBag from /opt/airflow/dags/silver_s3.py
[2024-05-19T20:23:59.524+0000] {processor.py:840} INFO - DAG(s) 'silver_s3' retrieved from /opt/airflow/dags/silver_s3.py
[2024-05-19T20:23:59.532+0000] {logging_mixin.py:188} INFO - [2024-05-19T20:23:59.532+0000] {dag.py:3096} INFO - Sync 1 DAGs
[2024-05-19T20:23:59.539+0000] {logging_mixin.py:188} INFO - [2024-05-19T20:23:59.539+0000] {dag.py:3954} INFO - Setting next_dagrun for silver_s3 to 2023-01-01 00:00:00+00:00, run_after=2023-01-02 00:00:00+00:00
[2024-05-19T20:23:59.544+0000] {processor.py:183} INFO - Processing /opt/airflow/dags/silver_s3.py took 0.277 seconds
[2024-05-19T20:24:30.121+0000] {processor.py:161} INFO - Started process (PID=490) to work on /opt/airflow/dags/silver_s3.py
[2024-05-19T20:24:30.123+0000] {processor.py:830} INFO - Processing file /opt/airflow/dags/silver_s3.py for tasks to queue
[2024-05-19T20:24:30.129+0000] {logging_mixin.py:188} INFO - [2024-05-19T20:24:30.128+0000] {dagbag.py:545} INFO - Filling up the DagBag from /opt/airflow/dags/silver_s3.py
[2024-05-19T20:24:30.467+0000] {processor.py:840} INFO - DAG(s) 'silver_s3' retrieved from /opt/airflow/dags/silver_s3.py
[2024-05-19T20:24:30.477+0000] {logging_mixin.py:188} INFO - [2024-05-19T20:24:30.477+0000] {dag.py:3096} INFO - Sync 1 DAGs
[2024-05-19T20:24:30.486+0000] {logging_mixin.py:188} INFO - [2024-05-19T20:24:30.486+0000] {dag.py:3954} INFO - Setting next_dagrun for silver_s3 to 2023-01-01 00:00:00+00:00, run_after=2023-01-02 00:00:00+00:00
[2024-05-19T20:24:30.494+0000] {processor.py:183} INFO - Processing /opt/airflow/dags/silver_s3.py took 0.383 seconds
[2024-05-19T20:25:01.094+0000] {processor.py:161} INFO - Started process (PID=509) to work on /opt/airflow/dags/silver_s3.py
[2024-05-19T20:25:01.098+0000] {processor.py:830} INFO - Processing file /opt/airflow/dags/silver_s3.py for tasks to queue
[2024-05-19T20:25:01.111+0000] {logging_mixin.py:188} INFO - [2024-05-19T20:25:01.107+0000] {dagbag.py:545} INFO - Filling up the DagBag from /opt/airflow/dags/silver_s3.py
[2024-05-19T20:25:01.913+0000] {processor.py:840} INFO - DAG(s) 'silver_s3' retrieved from /opt/airflow/dags/silver_s3.py
[2024-05-19T20:25:01.925+0000] {logging_mixin.py:188} INFO - [2024-05-19T20:25:01.925+0000] {dag.py:3096} INFO - Sync 1 DAGs
[2024-05-19T20:25:02.015+0000] {processor.py:183} INFO - Processing /opt/airflow/dags/silver_s3.py took 0.939 seconds
[2024-05-19T20:25:32.442+0000] {processor.py:161} INFO - Started process (PID=524) to work on /opt/airflow/dags/silver_s3.py
[2024-05-19T20:25:32.448+0000] {processor.py:830} INFO - Processing file /opt/airflow/dags/silver_s3.py for tasks to queue
[2024-05-19T20:25:32.461+0000] {logging_mixin.py:188} INFO - [2024-05-19T20:25:32.461+0000] {dagbag.py:545} INFO - Filling up the DagBag from /opt/airflow/dags/silver_s3.py
[2024-05-19T20:25:33.181+0000] {processor.py:840} INFO - DAG(s) 'silver_s3' retrieved from /opt/airflow/dags/silver_s3.py
[2024-05-19T20:25:33.197+0000] {logging_mixin.py:188} INFO - [2024-05-19T20:25:33.197+0000] {dag.py:3096} INFO - Sync 1 DAGs
[2024-05-19T20:25:33.220+0000] {processor.py:183} INFO - Processing /opt/airflow/dags/silver_s3.py took 0.803 seconds
[2024-05-19T20:26:03.477+0000] {processor.py:161} INFO - Started process (PID=539) to work on /opt/airflow/dags/silver_s3.py
[2024-05-19T20:26:03.479+0000] {processor.py:830} INFO - Processing file /opt/airflow/dags/silver_s3.py for tasks to queue
[2024-05-19T20:26:03.482+0000] {logging_mixin.py:188} INFO - [2024-05-19T20:26:03.482+0000] {dagbag.py:545} INFO - Filling up the DagBag from /opt/airflow/dags/silver_s3.py
[2024-05-19T20:26:04.023+0000] {processor.py:840} INFO - DAG(s) 'silver_s3' retrieved from /opt/airflow/dags/silver_s3.py
[2024-05-19T20:26:04.042+0000] {logging_mixin.py:188} INFO - [2024-05-19T20:26:04.042+0000] {dag.py:3096} INFO - Sync 1 DAGs
[2024-05-19T20:26:04.058+0000] {processor.py:183} INFO - Processing /opt/airflow/dags/silver_s3.py took 0.589 seconds
[2024-05-19T20:26:34.105+0000] {processor.py:161} INFO - Started process (PID=554) to work on /opt/airflow/dags/silver_s3.py
[2024-05-19T20:26:34.107+0000] {processor.py:830} INFO - Processing file /opt/airflow/dags/silver_s3.py for tasks to queue
[2024-05-19T20:26:34.111+0000] {logging_mixin.py:188} INFO - [2024-05-19T20:26:34.111+0000] {dagbag.py:545} INFO - Filling up the DagBag from /opt/airflow/dags/silver_s3.py
[2024-05-19T20:26:34.596+0000] {processor.py:840} INFO - DAG(s) 'silver_s3' retrieved from /opt/airflow/dags/silver_s3.py
[2024-05-19T20:26:34.608+0000] {logging_mixin.py:188} INFO - [2024-05-19T20:26:34.608+0000] {dag.py:3096} INFO - Sync 1 DAGs
[2024-05-19T20:26:34.617+0000] {logging_mixin.py:188} INFO - [2024-05-19T20:26:34.617+0000] {dag.py:3954} INFO - Setting next_dagrun for silver_s3 to 2023-04-23 00:00:00+00:00, run_after=2023-04-24 00:00:00+00:00
[2024-05-19T20:26:34.624+0000] {processor.py:183} INFO - Processing /opt/airflow/dags/silver_s3.py took 0.529 seconds
[2024-05-19T20:27:05.047+0000] {processor.py:161} INFO - Started process (PID=569) to work on /opt/airflow/dags/silver_s3.py
[2024-05-19T20:27:05.049+0000] {processor.py:830} INFO - Processing file /opt/airflow/dags/silver_s3.py for tasks to queue
[2024-05-19T20:27:05.051+0000] {logging_mixin.py:188} INFO - [2024-05-19T20:27:05.051+0000] {dagbag.py:545} INFO - Filling up the DagBag from /opt/airflow/dags/silver_s3.py
[2024-05-19T20:27:05.707+0000] {processor.py:840} INFO - DAG(s) 'silver_s3' retrieved from /opt/airflow/dags/silver_s3.py
[2024-05-19T20:27:05.718+0000] {logging_mixin.py:188} INFO - [2024-05-19T20:27:05.717+0000] {dag.py:3096} INFO - Sync 1 DAGs
[2024-05-19T20:27:05.733+0000] {logging_mixin.py:188} INFO - [2024-05-19T20:27:05.733+0000] {dag.py:3954} INFO - Setting next_dagrun for silver_s3 to 2023-06-10 00:00:00+00:00, run_after=2023-06-11 00:00:00+00:00
[2024-05-19T20:27:05.747+0000] {processor.py:183} INFO - Processing /opt/airflow/dags/silver_s3.py took 0.707 seconds
[2024-05-19T20:27:36.346+0000] {processor.py:161} INFO - Started process (PID=584) to work on /opt/airflow/dags/silver_s3.py
[2024-05-19T20:27:36.359+0000] {processor.py:830} INFO - Processing file /opt/airflow/dags/silver_s3.py for tasks to queue
[2024-05-19T20:27:36.372+0000] {logging_mixin.py:188} INFO - [2024-05-19T20:27:36.371+0000] {dagbag.py:545} INFO - Filling up the DagBag from /opt/airflow/dags/silver_s3.py
[2024-05-19T20:27:36.984+0000] {processor.py:840} INFO - DAG(s) 'silver_s3' retrieved from /opt/airflow/dags/silver_s3.py
[2024-05-19T20:27:36.995+0000] {logging_mixin.py:188} INFO - [2024-05-19T20:27:36.995+0000] {dag.py:3096} INFO - Sync 1 DAGs
[2024-05-19T20:27:37.012+0000] {processor.py:183} INFO - Processing /opt/airflow/dags/silver_s3.py took 0.697 seconds
[2024-05-19T20:27:42.095+0000] {processor.py:161} INFO - Started process (PID=586) to work on /opt/airflow/dags/silver_s3.py
[2024-05-19T20:27:42.096+0000] {processor.py:830} INFO - Processing file /opt/airflow/dags/silver_s3.py for tasks to queue
[2024-05-19T20:27:42.098+0000] {logging_mixin.py:188} INFO - [2024-05-19T20:27:42.098+0000] {dagbag.py:545} INFO - Filling up the DagBag from /opt/airflow/dags/silver_s3.py
[2024-05-19T20:27:42.492+0000] {processor.py:840} INFO - DAG(s) 's3_parquet_to_table' retrieved from /opt/airflow/dags/silver_s3.py
[2024-05-19T20:27:42.567+0000] {logging_mixin.py:188} INFO - [2024-05-19T20:27:42.566+0000] {override.py:1829} INFO - Created Permission View: can delete on DAG:s3_parquet_to_table
[2024-05-19T20:27:42.571+0000] {logging_mixin.py:188} INFO - [2024-05-19T20:27:42.571+0000] {override.py:1829} INFO - Created Permission View: can edit on DAG:s3_parquet_to_table
[2024-05-19T20:27:42.573+0000] {logging_mixin.py:188} INFO - [2024-05-19T20:27:42.573+0000] {override.py:1829} INFO - Created Permission View: can read on DAG:s3_parquet_to_table
[2024-05-19T20:27:42.574+0000] {logging_mixin.py:188} INFO - [2024-05-19T20:27:42.574+0000] {dag.py:3096} INFO - Sync 1 DAGs
[2024-05-19T20:27:42.580+0000] {logging_mixin.py:188} INFO - [2024-05-19T20:27:42.580+0000] {dag.py:3118} INFO - Creating ORM DAG for s3_parquet_to_table
[2024-05-19T20:27:42.585+0000] {logging_mixin.py:188} INFO - [2024-05-19T20:27:42.585+0000] {dag.py:3954} INFO - Setting next_dagrun for s3_parquet_to_table to 2023-01-01 00:00:00+00:00, run_after=2023-01-02 00:00:00+00:00
[2024-05-19T20:27:42.613+0000] {processor.py:183} INFO - Processing /opt/airflow/dags/silver_s3.py took 0.524 seconds
[2024-05-19T20:27:51.488+0000] {processor.py:161} INFO - Started process (PID=595) to work on /opt/airflow/dags/silver_s3.py
[2024-05-19T20:27:51.490+0000] {processor.py:830} INFO - Processing file /opt/airflow/dags/silver_s3.py for tasks to queue
[2024-05-19T20:27:51.493+0000] {logging_mixin.py:188} INFO - [2024-05-19T20:27:51.492+0000] {dagbag.py:545} INFO - Filling up the DagBag from /opt/airflow/dags/silver_s3.py
[2024-05-19T20:27:51.827+0000] {processor.py:840} INFO - DAG(s) 'silver_s3' retrieved from /opt/airflow/dags/silver_s3.py
[2024-05-19T20:27:51.837+0000] {logging_mixin.py:188} INFO - [2024-05-19T20:27:51.837+0000] {dag.py:3096} INFO - Sync 1 DAGs
[2024-05-19T20:27:51.855+0000] {processor.py:183} INFO - Processing /opt/airflow/dags/silver_s3.py took 0.377 seconds
[2024-05-19T20:28:21.898+0000] {processor.py:161} INFO - Started process (PID=610) to work on /opt/airflow/dags/silver_s3.py
[2024-05-19T20:28:21.898+0000] {processor.py:830} INFO - Processing file /opt/airflow/dags/silver_s3.py for tasks to queue
[2024-05-19T20:28:21.900+0000] {logging_mixin.py:188} INFO - [2024-05-19T20:28:21.899+0000] {dagbag.py:545} INFO - Filling up the DagBag from /opt/airflow/dags/silver_s3.py
[2024-05-19T20:28:22.215+0000] {processor.py:840} INFO - DAG(s) 'silver_s3' retrieved from /opt/airflow/dags/silver_s3.py
[2024-05-19T20:28:22.225+0000] {logging_mixin.py:188} INFO - [2024-05-19T20:28:22.224+0000] {dag.py:3096} INFO - Sync 1 DAGs
[2024-05-19T20:28:22.241+0000] {processor.py:183} INFO - Processing /opt/airflow/dags/silver_s3.py took 0.348 seconds
[2024-05-19T20:28:37.151+0000] {processor.py:161} INFO - Started process (PID=618) to work on /opt/airflow/dags/silver_s3.py
[2024-05-19T20:28:37.153+0000] {processor.py:830} INFO - Processing file /opt/airflow/dags/silver_s3.py for tasks to queue
[2024-05-19T20:28:37.156+0000] {logging_mixin.py:188} INFO - [2024-05-19T20:28:37.155+0000] {dagbag.py:545} INFO - Filling up the DagBag from /opt/airflow/dags/silver_s3.py
[2024-05-19T20:28:37.394+0000] {processor.py:840} INFO - DAG(s) 'silver_s3' retrieved from /opt/airflow/dags/silver_s3.py
[2024-05-19T20:28:37.405+0000] {logging_mixin.py:188} INFO - [2024-05-19T20:28:37.404+0000] {dag.py:3096} INFO - Sync 1 DAGs
[2024-05-19T20:28:37.427+0000] {processor.py:183} INFO - Processing /opt/airflow/dags/silver_s3.py took 0.284 seconds
[2024-05-19T20:29:07.556+0000] {processor.py:161} INFO - Started process (PID=633) to work on /opt/airflow/dags/silver_s3.py
[2024-05-19T20:29:07.559+0000] {processor.py:830} INFO - Processing file /opt/airflow/dags/silver_s3.py for tasks to queue
[2024-05-19T20:29:07.562+0000] {logging_mixin.py:188} INFO - [2024-05-19T20:29:07.561+0000] {dagbag.py:545} INFO - Filling up the DagBag from /opt/airflow/dags/silver_s3.py
[2024-05-19T20:29:07.810+0000] {processor.py:840} INFO - DAG(s) 'silver_s3' retrieved from /opt/airflow/dags/silver_s3.py
[2024-05-19T20:29:07.819+0000] {logging_mixin.py:188} INFO - [2024-05-19T20:29:07.819+0000] {dag.py:3096} INFO - Sync 1 DAGs
[2024-05-19T20:29:07.832+0000] {processor.py:183} INFO - Processing /opt/airflow/dags/silver_s3.py took 0.285 seconds
[2024-05-19T20:29:38.287+0000] {processor.py:161} INFO - Started process (PID=648) to work on /opt/airflow/dags/silver_s3.py
[2024-05-19T20:29:38.289+0000] {processor.py:830} INFO - Processing file /opt/airflow/dags/silver_s3.py for tasks to queue
[2024-05-19T20:29:38.290+0000] {logging_mixin.py:188} INFO - [2024-05-19T20:29:38.290+0000] {dagbag.py:545} INFO - Filling up the DagBag from /opt/airflow/dags/silver_s3.py
[2024-05-19T20:29:38.525+0000] {processor.py:840} INFO - DAG(s) 'silver_s3' retrieved from /opt/airflow/dags/silver_s3.py
[2024-05-19T20:29:38.533+0000] {logging_mixin.py:188} INFO - [2024-05-19T20:29:38.533+0000] {dag.py:3096} INFO - Sync 1 DAGs
[2024-05-19T20:29:38.546+0000] {processor.py:183} INFO - Processing /opt/airflow/dags/silver_s3.py took 0.267 seconds
[2024-05-19T20:30:09.164+0000] {processor.py:161} INFO - Started process (PID=663) to work on /opt/airflow/dags/silver_s3.py
[2024-05-19T20:30:09.165+0000] {processor.py:830} INFO - Processing file /opt/airflow/dags/silver_s3.py for tasks to queue
[2024-05-19T20:30:09.166+0000] {logging_mixin.py:188} INFO - [2024-05-19T20:30:09.166+0000] {dagbag.py:545} INFO - Filling up the DagBag from /opt/airflow/dags/silver_s3.py
[2024-05-19T20:30:09.467+0000] {processor.py:840} INFO - DAG(s) 'silver_s3' retrieved from /opt/airflow/dags/silver_s3.py
[2024-05-19T20:30:09.477+0000] {logging_mixin.py:188} INFO - [2024-05-19T20:30:09.476+0000] {dag.py:3096} INFO - Sync 1 DAGs
[2024-05-19T20:30:09.493+0000] {processor.py:183} INFO - Processing /opt/airflow/dags/silver_s3.py took 0.334 seconds
[2024-05-19T20:30:39.864+0000] {processor.py:161} INFO - Started process (PID=678) to work on /opt/airflow/dags/silver_s3.py
[2024-05-19T20:30:39.865+0000] {processor.py:830} INFO - Processing file /opt/airflow/dags/silver_s3.py for tasks to queue
[2024-05-19T20:30:39.866+0000] {logging_mixin.py:188} INFO - [2024-05-19T20:30:39.866+0000] {dagbag.py:545} INFO - Filling up the DagBag from /opt/airflow/dags/silver_s3.py
[2024-05-19T20:30:40.160+0000] {processor.py:840} INFO - DAG(s) 'silver_s3' retrieved from /opt/airflow/dags/silver_s3.py
[2024-05-19T20:30:40.171+0000] {logging_mixin.py:188} INFO - [2024-05-19T20:30:40.171+0000] {dag.py:3096} INFO - Sync 1 DAGs
[2024-05-19T20:30:40.187+0000] {logging_mixin.py:188} INFO - [2024-05-19T20:30:40.187+0000] {dag.py:3954} INFO - Setting next_dagrun for silver_s3 to 2023-04-20 00:00:00+00:00, run_after=2023-04-21 00:00:00+00:00
[2024-05-19T20:30:40.197+0000] {processor.py:183} INFO - Processing /opt/airflow/dags/silver_s3.py took 0.338 seconds
[2024-05-19T20:31:10.615+0000] {processor.py:161} INFO - Started process (PID=697) to work on /opt/airflow/dags/silver_s3.py
[2024-05-19T20:31:10.617+0000] {processor.py:830} INFO - Processing file /opt/airflow/dags/silver_s3.py for tasks to queue
[2024-05-19T20:31:10.618+0000] {logging_mixin.py:188} INFO - [2024-05-19T20:31:10.617+0000] {dagbag.py:545} INFO - Filling up the DagBag from /opt/airflow/dags/silver_s3.py
[2024-05-19T20:31:11.056+0000] {processor.py:840} INFO - DAG(s) 'silver_s3' retrieved from /opt/airflow/dags/silver_s3.py
[2024-05-19T20:31:11.065+0000] {logging_mixin.py:188} INFO - [2024-05-19T20:31:11.065+0000] {dag.py:3096} INFO - Sync 1 DAGs
[2024-05-19T20:31:11.080+0000] {processor.py:183} INFO - Processing /opt/airflow/dags/silver_s3.py took 0.474 seconds
[2024-05-19T20:31:41.133+0000] {processor.py:161} INFO - Started process (PID=712) to work on /opt/airflow/dags/silver_s3.py
[2024-05-19T20:31:41.134+0000] {processor.py:830} INFO - Processing file /opt/airflow/dags/silver_s3.py for tasks to queue
[2024-05-19T20:31:41.135+0000] {logging_mixin.py:188} INFO - [2024-05-19T20:31:41.134+0000] {dagbag.py:545} INFO - Filling up the DagBag from /opt/airflow/dags/silver_s3.py
[2024-05-19T20:31:41.391+0000] {processor.py:840} INFO - DAG(s) 'silver_s3' retrieved from /opt/airflow/dags/silver_s3.py
[2024-05-19T20:31:41.401+0000] {logging_mixin.py:188} INFO - [2024-05-19T20:31:41.400+0000] {dag.py:3096} INFO - Sync 1 DAGs
[2024-05-19T20:31:41.415+0000] {processor.py:183} INFO - Processing /opt/airflow/dags/silver_s3.py took 0.287 seconds
[2024-05-19T20:32:11.524+0000] {processor.py:161} INFO - Started process (PID=727) to work on /opt/airflow/dags/silver_s3.py
[2024-05-19T20:32:11.526+0000] {processor.py:830} INFO - Processing file /opt/airflow/dags/silver_s3.py for tasks to queue
[2024-05-19T20:32:11.528+0000] {logging_mixin.py:188} INFO - [2024-05-19T20:32:11.527+0000] {dagbag.py:545} INFO - Filling up the DagBag from /opt/airflow/dags/silver_s3.py
[2024-05-19T20:32:11.786+0000] {processor.py:840} INFO - DAG(s) 'silver_s3' retrieved from /opt/airflow/dags/silver_s3.py
[2024-05-19T20:32:11.794+0000] {logging_mixin.py:188} INFO - [2024-05-19T20:32:11.794+0000] {dag.py:3096} INFO - Sync 1 DAGs
[2024-05-19T20:32:11.807+0000] {processor.py:183} INFO - Processing /opt/airflow/dags/silver_s3.py took 0.295 seconds
[2024-05-19T20:32:42.088+0000] {processor.py:161} INFO - Started process (PID=742) to work on /opt/airflow/dags/silver_s3.py
[2024-05-19T20:32:42.089+0000] {processor.py:830} INFO - Processing file /opt/airflow/dags/silver_s3.py for tasks to queue
[2024-05-19T20:32:42.090+0000] {logging_mixin.py:188} INFO - [2024-05-19T20:32:42.089+0000] {dagbag.py:545} INFO - Filling up the DagBag from /opt/airflow/dags/silver_s3.py
[2024-05-19T20:32:42.328+0000] {processor.py:840} INFO - DAG(s) 'silver_s3' retrieved from /opt/airflow/dags/silver_s3.py
[2024-05-19T20:32:42.336+0000] {logging_mixin.py:188} INFO - [2024-05-19T20:32:42.336+0000] {dag.py:3096} INFO - Sync 1 DAGs
[2024-05-19T20:32:42.350+0000] {processor.py:183} INFO - Processing /opt/airflow/dags/silver_s3.py took 0.268 seconds
[2024-05-19T20:33:12.442+0000] {processor.py:161} INFO - Started process (PID=757) to work on /opt/airflow/dags/silver_s3.py
[2024-05-19T20:33:12.444+0000] {processor.py:830} INFO - Processing file /opt/airflow/dags/silver_s3.py for tasks to queue
[2024-05-19T20:33:12.446+0000] {logging_mixin.py:188} INFO - [2024-05-19T20:33:12.445+0000] {dagbag.py:545} INFO - Filling up the DagBag from /opt/airflow/dags/silver_s3.py
[2024-05-19T20:33:12.724+0000] {processor.py:840} INFO - DAG(s) 'silver_s3' retrieved from /opt/airflow/dags/silver_s3.py
[2024-05-19T20:33:12.733+0000] {logging_mixin.py:188} INFO - [2024-05-19T20:33:12.733+0000] {dag.py:3096} INFO - Sync 1 DAGs
[2024-05-19T20:33:12.746+0000] {processor.py:183} INFO - Processing /opt/airflow/dags/silver_s3.py took 0.312 seconds
[2024-05-19T20:33:43.180+0000] {processor.py:161} INFO - Started process (PID=772) to work on /opt/airflow/dags/silver_s3.py
[2024-05-19T20:33:43.181+0000] {processor.py:830} INFO - Processing file /opt/airflow/dags/silver_s3.py for tasks to queue
[2024-05-19T20:33:43.182+0000] {logging_mixin.py:188} INFO - [2024-05-19T20:33:43.181+0000] {dagbag.py:545} INFO - Filling up the DagBag from /opt/airflow/dags/silver_s3.py
[2024-05-19T20:33:43.403+0000] {processor.py:840} INFO - DAG(s) 'silver_s3' retrieved from /opt/airflow/dags/silver_s3.py
[2024-05-19T20:33:43.412+0000] {logging_mixin.py:188} INFO - [2024-05-19T20:33:43.412+0000] {dag.py:3096} INFO - Sync 1 DAGs
[2024-05-19T20:33:43.420+0000] {logging_mixin.py:188} INFO - [2024-05-19T20:33:43.420+0000] {dag.py:3954} INFO - Setting next_dagrun for silver_s3 to 2023-05-09 00:00:00+00:00, run_after=2023-05-10 00:00:00+00:00
[2024-05-19T20:33:43.427+0000] {processor.py:183} INFO - Processing /opt/airflow/dags/silver_s3.py took 0.252 seconds
[2024-05-19T20:34:13.844+0000] {processor.py:161} INFO - Started process (PID=787) to work on /opt/airflow/dags/silver_s3.py
[2024-05-19T20:34:13.845+0000] {processor.py:830} INFO - Processing file /opt/airflow/dags/silver_s3.py for tasks to queue
[2024-05-19T20:34:13.846+0000] {logging_mixin.py:188} INFO - [2024-05-19T20:34:13.846+0000] {dagbag.py:545} INFO - Filling up the DagBag from /opt/airflow/dags/silver_s3.py
[2024-05-19T20:34:14.096+0000] {processor.py:840} INFO - DAG(s) 'silver_s3' retrieved from /opt/airflow/dags/silver_s3.py
[2024-05-19T20:34:14.105+0000] {logging_mixin.py:188} INFO - [2024-05-19T20:34:14.105+0000] {dag.py:3096} INFO - Sync 1 DAGs
[2024-05-19T20:34:14.113+0000] {logging_mixin.py:188} INFO - [2024-05-19T20:34:14.113+0000] {dag.py:3954} INFO - Setting next_dagrun for silver_s3 to 2023-05-09 00:00:00+00:00, run_after=2023-05-10 00:00:00+00:00
[2024-05-19T20:34:14.119+0000] {processor.py:183} INFO - Processing /opt/airflow/dags/silver_s3.py took 0.283 seconds
[2024-05-19T20:34:44.826+0000] {processor.py:161} INFO - Started process (PID=802) to work on /opt/airflow/dags/silver_s3.py
[2024-05-19T20:34:44.827+0000] {processor.py:830} INFO - Processing file /opt/airflow/dags/silver_s3.py for tasks to queue
[2024-05-19T20:34:44.828+0000] {logging_mixin.py:188} INFO - [2024-05-19T20:34:44.827+0000] {dagbag.py:545} INFO - Filling up the DagBag from /opt/airflow/dags/silver_s3.py
[2024-05-19T20:34:45.078+0000] {processor.py:840} INFO - DAG(s) 'silver_s3' retrieved from /opt/airflow/dags/silver_s3.py
[2024-05-19T20:34:45.087+0000] {logging_mixin.py:188} INFO - [2024-05-19T20:34:45.087+0000] {dag.py:3096} INFO - Sync 1 DAGs
[2024-05-19T20:34:45.095+0000] {logging_mixin.py:188} INFO - [2024-05-19T20:34:45.095+0000] {dag.py:3954} INFO - Setting next_dagrun for silver_s3 to 2023-05-09 00:00:00+00:00, run_after=2023-05-10 00:00:00+00:00
[2024-05-19T20:34:45.101+0000] {processor.py:183} INFO - Processing /opt/airflow/dags/silver_s3.py took 0.281 seconds
[2024-05-19T20:35:15.568+0000] {processor.py:161} INFO - Started process (PID=817) to work on /opt/airflow/dags/silver_s3.py
[2024-05-19T20:35:15.570+0000] {processor.py:830} INFO - Processing file /opt/airflow/dags/silver_s3.py for tasks to queue
[2024-05-19T20:35:15.571+0000] {logging_mixin.py:188} INFO - [2024-05-19T20:35:15.570+0000] {dagbag.py:545} INFO - Filling up the DagBag from /opt/airflow/dags/silver_s3.py
[2024-05-19T20:35:15.789+0000] {processor.py:840} INFO - DAG(s) 'silver_s3' retrieved from /opt/airflow/dags/silver_s3.py
[2024-05-19T20:35:15.798+0000] {logging_mixin.py:188} INFO - [2024-05-19T20:35:15.797+0000] {dag.py:3096} INFO - Sync 1 DAGs
[2024-05-19T20:35:15.805+0000] {logging_mixin.py:188} INFO - [2024-05-19T20:35:15.805+0000] {dag.py:3954} INFO - Setting next_dagrun for silver_s3 to 2023-05-09 00:00:00+00:00, run_after=2023-05-10 00:00:00+00:00
[2024-05-19T20:35:15.811+0000] {processor.py:183} INFO - Processing /opt/airflow/dags/silver_s3.py took 0.249 seconds
[2024-05-19T20:35:20.908+0000] {processor.py:161} INFO - Started process (PID=819) to work on /opt/airflow/dags/silver_s3.py
[2024-05-19T20:35:20.910+0000] {processor.py:830} INFO - Processing file /opt/airflow/dags/silver_s3.py for tasks to queue
[2024-05-19T20:35:20.910+0000] {logging_mixin.py:188} INFO - [2024-05-19T20:35:20.910+0000] {dagbag.py:545} INFO - Filling up the DagBag from /opt/airflow/dags/silver_s3.py
[2024-05-19T20:35:21.169+0000] {processor.py:840} INFO - DAG(s) 's3_parquet_to_table' retrieved from /opt/airflow/dags/silver_s3.py
[2024-05-19T20:35:21.227+0000] {logging_mixin.py:188} INFO - [2024-05-19T20:35:21.227+0000] {dag.py:3096} INFO - Sync 1 DAGs
[2024-05-19T20:35:21.234+0000] {logging_mixin.py:188} INFO - [2024-05-19T20:35:21.234+0000] {dag.py:3954} INFO - Setting next_dagrun for s3_parquet_to_table to 2023-01-01 00:00:00+00:00, run_after=2023-01-02 00:00:00+00:00
[2024-05-19T20:35:21.241+0000] {processor.py:183} INFO - Processing /opt/airflow/dags/silver_s3.py took 0.341 seconds
[2024-05-19T20:35:25.327+0000] {processor.py:161} INFO - Started process (PID=827) to work on /opt/airflow/dags/silver_s3.py
[2024-05-19T20:35:25.328+0000] {processor.py:830} INFO - Processing file /opt/airflow/dags/silver_s3.py for tasks to queue
[2024-05-19T20:35:25.329+0000] {logging_mixin.py:188} INFO - [2024-05-19T20:35:25.329+0000] {dagbag.py:545} INFO - Filling up the DagBag from /opt/airflow/dags/silver_s3.py
[2024-05-19T20:35:25.579+0000] {processor.py:840} INFO - DAG(s) 's3_parquet_to_table' retrieved from /opt/airflow/dags/silver_s3.py
[2024-05-19T20:35:25.585+0000] {logging_mixin.py:188} INFO - [2024-05-19T20:35:25.585+0000] {dag.py:3096} INFO - Sync 1 DAGs
[2024-05-19T20:35:25.593+0000] {logging_mixin.py:188} INFO - [2024-05-19T20:35:25.593+0000] {dag.py:3954} INFO - Setting next_dagrun for s3_parquet_to_table to 2023-01-01 00:00:00+00:00, run_after=2023-01-02 00:00:00+00:00
[2024-05-19T20:35:25.600+0000] {processor.py:183} INFO - Processing /opt/airflow/dags/silver_s3.py took 0.282 seconds
[2024-05-19T20:35:43.986+0000] {processor.py:161} INFO - Started process (PID=836) to work on /opt/airflow/dags/silver_s3.py
[2024-05-19T20:35:43.987+0000] {processor.py:830} INFO - Processing file /opt/airflow/dags/silver_s3.py for tasks to queue
[2024-05-19T20:35:43.988+0000] {logging_mixin.py:188} INFO - [2024-05-19T20:35:43.988+0000] {dagbag.py:545} INFO - Filling up the DagBag from /opt/airflow/dags/silver_s3.py
[2024-05-19T20:35:44.248+0000] {processor.py:840} INFO - DAG(s) 'silver_s3' retrieved from /opt/airflow/dags/silver_s3.py
[2024-05-19T20:35:44.257+0000] {logging_mixin.py:188} INFO - [2024-05-19T20:35:44.257+0000] {dag.py:3096} INFO - Sync 1 DAGs
[2024-05-19T20:35:44.266+0000] {logging_mixin.py:188} INFO - [2024-05-19T20:35:44.265+0000] {dag.py:3954} INFO - Setting next_dagrun for silver_s3 to 2023-05-09 00:00:00+00:00, run_after=2023-05-10 00:00:00+00:00
[2024-05-19T20:35:44.272+0000] {processor.py:183} INFO - Processing /opt/airflow/dags/silver_s3.py took 0.295 seconds
[2024-05-19T20:36:04.562+0000] {processor.py:161} INFO - Started process (PID=845) to work on /opt/airflow/dags/silver_s3.py
[2024-05-19T20:36:04.563+0000] {processor.py:830} INFO - Processing file /opt/airflow/dags/silver_s3.py for tasks to queue
[2024-05-19T20:36:04.564+0000] {logging_mixin.py:188} INFO - [2024-05-19T20:36:04.563+0000] {dagbag.py:545} INFO - Filling up the DagBag from /opt/airflow/dags/silver_s3.py
[2024-05-19T20:36:04.833+0000] {processor.py:840} INFO - DAG(s) 'silver_s3' retrieved from /opt/airflow/dags/silver_s3.py
[2024-05-19T20:36:04.843+0000] {logging_mixin.py:188} INFO - [2024-05-19T20:36:04.843+0000] {dag.py:3096} INFO - Sync 1 DAGs
[2024-05-19T20:36:04.852+0000] {logging_mixin.py:188} INFO - [2024-05-19T20:36:04.852+0000] {dag.py:3954} INFO - Setting next_dagrun for silver_s3 to 2023-05-09 00:00:00+00:00, run_after=2023-05-10 00:00:00+00:00
[2024-05-19T20:36:04.860+0000] {processor.py:183} INFO - Processing /opt/airflow/dags/silver_s3.py took 0.306 seconds
[2024-05-19T20:36:35.233+0000] {processor.py:161} INFO - Started process (PID=876) to work on /opt/airflow/dags/silver_s3.py
[2024-05-19T20:36:35.234+0000] {processor.py:830} INFO - Processing file /opt/airflow/dags/silver_s3.py for tasks to queue
[2024-05-19T20:36:35.235+0000] {logging_mixin.py:188} INFO - [2024-05-19T20:36:35.235+0000] {dagbag.py:545} INFO - Filling up the DagBag from /opt/airflow/dags/silver_s3.py
[2024-05-19T20:36:35.624+0000] {processor.py:840} INFO - DAG(s) 'silver_s3' retrieved from /opt/airflow/dags/silver_s3.py
[2024-05-19T20:36:35.634+0000] {logging_mixin.py:188} INFO - [2024-05-19T20:36:35.634+0000] {dag.py:3096} INFO - Sync 1 DAGs
[2024-05-19T20:36:35.643+0000] {logging_mixin.py:188} INFO - [2024-05-19T20:36:35.643+0000] {dag.py:3954} INFO - Setting next_dagrun for silver_s3 to 2023-05-11 00:00:00+00:00, run_after=2023-05-12 00:00:00+00:00
[2024-05-19T20:36:35.650+0000] {processor.py:183} INFO - Processing /opt/airflow/dags/silver_s3.py took 0.425 seconds
[2024-05-19T20:37:05.928+0000] {processor.py:161} INFO - Started process (PID=891) to work on /opt/airflow/dags/silver_s3.py
[2024-05-19T20:37:05.930+0000] {processor.py:830} INFO - Processing file /opt/airflow/dags/silver_s3.py for tasks to queue
[2024-05-19T20:37:05.931+0000] {logging_mixin.py:188} INFO - [2024-05-19T20:37:05.930+0000] {dagbag.py:545} INFO - Filling up the DagBag from /opt/airflow/dags/silver_s3.py
[2024-05-19T20:37:06.327+0000] {processor.py:840} INFO - DAG(s) 'silver_s3' retrieved from /opt/airflow/dags/silver_s3.py
[2024-05-19T20:37:06.339+0000] {logging_mixin.py:188} INFO - [2024-05-19T20:37:06.339+0000] {dag.py:3096} INFO - Sync 1 DAGs
[2024-05-19T20:37:06.348+0000] {logging_mixin.py:188} INFO - [2024-05-19T20:37:06.348+0000] {dag.py:3954} INFO - Setting next_dagrun for silver_s3 to 2023-05-15 00:00:00+00:00, run_after=2023-05-16 00:00:00+00:00
[2024-05-19T20:37:06.355+0000] {processor.py:183} INFO - Processing /opt/airflow/dags/silver_s3.py took 0.435 seconds
[2024-05-19T20:37:36.420+0000] {processor.py:161} INFO - Started process (PID=906) to work on /opt/airflow/dags/silver_s3.py
[2024-05-19T20:37:36.423+0000] {processor.py:830} INFO - Processing file /opt/airflow/dags/silver_s3.py for tasks to queue
[2024-05-19T20:37:36.425+0000] {logging_mixin.py:188} INFO - [2024-05-19T20:37:36.424+0000] {dagbag.py:545} INFO - Filling up the DagBag from /opt/airflow/dags/silver_s3.py
[2024-05-19T20:37:36.767+0000] {processor.py:840} INFO - DAG(s) 'silver_s3' retrieved from /opt/airflow/dags/silver_s3.py
[2024-05-19T20:37:36.776+0000] {logging_mixin.py:188} INFO - [2024-05-19T20:37:36.776+0000] {dag.py:3096} INFO - Sync 1 DAGs
[2024-05-19T20:37:36.784+0000] {logging_mixin.py:188} INFO - [2024-05-19T20:37:36.784+0000] {dag.py:3954} INFO - Setting next_dagrun for silver_s3 to 2023-05-27 00:00:00+00:00, run_after=2023-05-28 00:00:00+00:00
[2024-05-19T20:37:36.790+0000] {processor.py:183} INFO - Processing /opt/airflow/dags/silver_s3.py took 0.378 seconds
[2024-05-19T20:38:07.761+0000] {processor.py:161} INFO - Started process (PID=921) to work on /opt/airflow/dags/silver_s3.py
[2024-05-19T20:38:07.763+0000] {processor.py:830} INFO - Processing file /opt/airflow/dags/silver_s3.py for tasks to queue
[2024-05-19T20:38:07.763+0000] {logging_mixin.py:188} INFO - [2024-05-19T20:38:07.763+0000] {dagbag.py:545} INFO - Filling up the DagBag from /opt/airflow/dags/silver_s3.py
[2024-05-19T20:38:08.068+0000] {processor.py:840} INFO - DAG(s) 'silver_s3' retrieved from /opt/airflow/dags/silver_s3.py
[2024-05-19T20:38:08.076+0000] {logging_mixin.py:188} INFO - [2024-05-19T20:38:08.076+0000] {dag.py:3096} INFO - Sync 1 DAGs
[2024-05-19T20:38:08.090+0000] {processor.py:183} INFO - Processing /opt/airflow/dags/silver_s3.py took 0.340 seconds
[2024-05-19T20:38:38.407+0000] {processor.py:161} INFO - Started process (PID=936) to work on /opt/airflow/dags/silver_s3.py
[2024-05-19T20:38:38.409+0000] {processor.py:830} INFO - Processing file /opt/airflow/dags/silver_s3.py for tasks to queue
[2024-05-19T20:38:38.411+0000] {logging_mixin.py:188} INFO - [2024-05-19T20:38:38.410+0000] {dagbag.py:545} INFO - Filling up the DagBag from /opt/airflow/dags/silver_s3.py
[2024-05-19T20:38:38.664+0000] {processor.py:840} INFO - DAG(s) 'silver_s3' retrieved from /opt/airflow/dags/silver_s3.py
[2024-05-19T20:38:38.673+0000] {logging_mixin.py:188} INFO - [2024-05-19T20:38:38.673+0000] {dag.py:3096} INFO - Sync 1 DAGs
[2024-05-19T20:38:38.687+0000] {processor.py:183} INFO - Processing /opt/airflow/dags/silver_s3.py took 0.294 seconds
[2024-05-19T20:39:07.980+0000] {processor.py:161} INFO - Started process (PID=951) to work on /opt/airflow/dags/silver_s3.py
[2024-05-19T20:39:07.982+0000] {processor.py:830} INFO - Processing file /opt/airflow/dags/silver_s3.py for tasks to queue
[2024-05-19T20:39:07.983+0000] {logging_mixin.py:188} INFO - [2024-05-19T20:39:07.983+0000] {dagbag.py:545} INFO - Filling up the DagBag from /opt/airflow/dags/silver_s3.py
[2024-05-19T20:39:08.355+0000] {processor.py:840} INFO - DAG(s) 'silver_s3' retrieved from /opt/airflow/dags/silver_s3.py
[2024-05-19T20:39:08.365+0000] {logging_mixin.py:188} INFO - [2024-05-19T20:39:08.365+0000] {dag.py:3096} INFO - Sync 1 DAGs
[2024-05-19T20:39:08.383+0000] {processor.py:183} INFO - Processing /opt/airflow/dags/silver_s3.py took 0.413 seconds
[2024-05-19T20:39:38.715+0000] {processor.py:161} INFO - Started process (PID=966) to work on /opt/airflow/dags/silver_s3.py
[2024-05-19T20:39:38.716+0000] {processor.py:830} INFO - Processing file /opt/airflow/dags/silver_s3.py for tasks to queue
[2024-05-19T20:39:38.717+0000] {logging_mixin.py:188} INFO - [2024-05-19T20:39:38.716+0000] {dagbag.py:545} INFO - Filling up the DagBag from /opt/airflow/dags/silver_s3.py
[2024-05-19T20:39:39.080+0000] {processor.py:840} INFO - DAG(s) 'silver_s3' retrieved from /opt/airflow/dags/silver_s3.py
[2024-05-19T20:39:39.092+0000] {logging_mixin.py:188} INFO - [2024-05-19T20:39:39.092+0000] {dag.py:3096} INFO - Sync 1 DAGs
[2024-05-19T20:39:39.102+0000] {logging_mixin.py:188} INFO - [2024-05-19T20:39:39.102+0000] {dag.py:3954} INFO - Setting next_dagrun for silver_s3 to 2023-06-06 00:00:00+00:00, run_after=2023-06-07 00:00:00+00:00
[2024-05-19T20:39:39.108+0000] {processor.py:183} INFO - Processing /opt/airflow/dags/silver_s3.py took 0.398 seconds
[2024-05-19T20:40:09.483+0000] {processor.py:161} INFO - Started process (PID=981) to work on /opt/airflow/dags/silver_s3.py
[2024-05-19T20:40:09.483+0000] {processor.py:830} INFO - Processing file /opt/airflow/dags/silver_s3.py for tasks to queue
[2024-05-19T20:40:09.484+0000] {logging_mixin.py:188} INFO - [2024-05-19T20:40:09.484+0000] {dagbag.py:545} INFO - Filling up the DagBag from /opt/airflow/dags/silver_s3.py
[2024-05-19T20:40:09.766+0000] {processor.py:840} INFO - DAG(s) 'silver_s3' retrieved from /opt/airflow/dags/silver_s3.py
[2024-05-19T20:40:09.776+0000] {logging_mixin.py:188} INFO - [2024-05-19T20:40:09.776+0000] {dag.py:3096} INFO - Sync 1 DAGs
[2024-05-19T20:40:09.785+0000] {logging_mixin.py:188} INFO - [2024-05-19T20:40:09.785+0000] {dag.py:3954} INFO - Setting next_dagrun for silver_s3 to 2023-06-06 00:00:00+00:00, run_after=2023-06-07 00:00:00+00:00
[2024-05-19T20:40:09.791+0000] {processor.py:183} INFO - Processing /opt/airflow/dags/silver_s3.py took 0.313 seconds
[2024-05-19T20:40:40.357+0000] {processor.py:161} INFO - Started process (PID=999) to work on /opt/airflow/dags/silver_s3.py
[2024-05-19T20:40:40.358+0000] {processor.py:830} INFO - Processing file /opt/airflow/dags/silver_s3.py for tasks to queue
[2024-05-19T20:40:40.359+0000] {logging_mixin.py:188} INFO - [2024-05-19T20:40:40.358+0000] {dagbag.py:545} INFO - Filling up the DagBag from /opt/airflow/dags/silver_s3.py
[2024-05-19T20:40:40.783+0000] {processor.py:840} INFO - DAG(s) 'silver_s3' retrieved from /opt/airflow/dags/silver_s3.py
[2024-05-19T20:40:40.794+0000] {logging_mixin.py:188} INFO - [2024-05-19T20:40:40.794+0000] {dag.py:3096} INFO - Sync 1 DAGs
[2024-05-19T20:40:40.809+0000] {processor.py:183} INFO - Processing /opt/airflow/dags/silver_s3.py took 0.458 seconds
[2024-05-19T20:41:11.015+0000] {processor.py:161} INFO - Started process (PID=1014) to work on /opt/airflow/dags/silver_s3.py
[2024-05-19T20:41:11.016+0000] {processor.py:830} INFO - Processing file /opt/airflow/dags/silver_s3.py for tasks to queue
[2024-05-19T20:41:11.016+0000] {logging_mixin.py:188} INFO - [2024-05-19T20:41:11.016+0000] {dagbag.py:545} INFO - Filling up the DagBag from /opt/airflow/dags/silver_s3.py
[2024-05-19T20:41:11.311+0000] {processor.py:840} INFO - DAG(s) 'silver_s3' retrieved from /opt/airflow/dags/silver_s3.py
[2024-05-19T20:41:11.319+0000] {logging_mixin.py:188} INFO - [2024-05-19T20:41:11.319+0000] {dag.py:3096} INFO - Sync 1 DAGs
[2024-05-19T20:41:11.332+0000] {processor.py:183} INFO - Processing /opt/airflow/dags/silver_s3.py took 0.321 seconds
[2024-05-19T20:41:41.765+0000] {processor.py:161} INFO - Started process (PID=1029) to work on /opt/airflow/dags/silver_s3.py
[2024-05-19T20:41:41.766+0000] {processor.py:830} INFO - Processing file /opt/airflow/dags/silver_s3.py for tasks to queue
[2024-05-19T20:41:41.767+0000] {logging_mixin.py:188} INFO - [2024-05-19T20:41:41.767+0000] {dagbag.py:545} INFO - Filling up the DagBag from /opt/airflow/dags/silver_s3.py
[2024-05-19T20:41:42.000+0000] {processor.py:840} INFO - DAG(s) 'silver_s3' retrieved from /opt/airflow/dags/silver_s3.py
[2024-05-19T20:41:42.008+0000] {logging_mixin.py:188} INFO - [2024-05-19T20:41:42.008+0000] {dag.py:3096} INFO - Sync 1 DAGs
[2024-05-19T20:41:42.023+0000] {processor.py:183} INFO - Processing /opt/airflow/dags/silver_s3.py took 0.267 seconds
[2024-05-19T20:42:12.371+0000] {processor.py:161} INFO - Started process (PID=1044) to work on /opt/airflow/dags/silver_s3.py
[2024-05-19T20:42:12.372+0000] {processor.py:830} INFO - Processing file /opt/airflow/dags/silver_s3.py for tasks to queue
[2024-05-19T20:42:12.373+0000] {logging_mixin.py:188} INFO - [2024-05-19T20:42:12.373+0000] {dagbag.py:545} INFO - Filling up the DagBag from /opt/airflow/dags/silver_s3.py
[2024-05-19T20:42:12.650+0000] {processor.py:840} INFO - DAG(s) 'silver_s3' retrieved from /opt/airflow/dags/silver_s3.py
[2024-05-19T20:42:12.659+0000] {logging_mixin.py:188} INFO - [2024-05-19T20:42:12.659+0000] {dag.py:3096} INFO - Sync 1 DAGs
[2024-05-19T20:42:12.674+0000] {processor.py:183} INFO - Processing /opt/airflow/dags/silver_s3.py took 0.311 seconds
[2024-05-19T20:42:43.127+0000] {processor.py:161} INFO - Started process (PID=1059) to work on /opt/airflow/dags/silver_s3.py
[2024-05-19T20:42:43.129+0000] {processor.py:830} INFO - Processing file /opt/airflow/dags/silver_s3.py for tasks to queue
[2024-05-19T20:42:43.130+0000] {logging_mixin.py:188} INFO - [2024-05-19T20:42:43.130+0000] {dagbag.py:545} INFO - Filling up the DagBag from /opt/airflow/dags/silver_s3.py
[2024-05-19T20:42:43.414+0000] {processor.py:840} INFO - DAG(s) 'silver_s3' retrieved from /opt/airflow/dags/silver_s3.py
[2024-05-19T20:42:43.424+0000] {logging_mixin.py:188} INFO - [2024-05-19T20:42:43.423+0000] {dag.py:3096} INFO - Sync 1 DAGs
[2024-05-19T20:42:43.432+0000] {logging_mixin.py:188} INFO - [2024-05-19T20:42:43.432+0000] {dag.py:3954} INFO - Setting next_dagrun for silver_s3 to 2023-07-03 00:00:00+00:00, run_after=2023-07-04 00:00:00+00:00
[2024-05-19T20:42:43.439+0000] {processor.py:183} INFO - Processing /opt/airflow/dags/silver_s3.py took 0.321 seconds
[2024-05-19T20:43:13.942+0000] {processor.py:161} INFO - Started process (PID=1074) to work on /opt/airflow/dags/silver_s3.py
[2024-05-19T20:43:13.944+0000] {processor.py:830} INFO - Processing file /opt/airflow/dags/silver_s3.py for tasks to queue
[2024-05-19T20:43:13.945+0000] {logging_mixin.py:188} INFO - [2024-05-19T20:43:13.945+0000] {dagbag.py:545} INFO - Filling up the DagBag from /opt/airflow/dags/silver_s3.py
[2024-05-19T20:43:14.268+0000] {processor.py:840} INFO - DAG(s) 'silver_s3' retrieved from /opt/airflow/dags/silver_s3.py
[2024-05-19T20:43:14.277+0000] {logging_mixin.py:188} INFO - [2024-05-19T20:43:14.276+0000] {dag.py:3096} INFO - Sync 1 DAGs
[2024-05-19T20:43:14.285+0000] {logging_mixin.py:188} INFO - [2024-05-19T20:43:14.285+0000] {dag.py:3954} INFO - Setting next_dagrun for silver_s3 to 2023-07-03 00:00:00+00:00, run_after=2023-07-04 00:00:00+00:00
[2024-05-19T20:43:14.291+0000] {processor.py:183} INFO - Processing /opt/airflow/dags/silver_s3.py took 0.358 seconds
[2024-05-19T20:43:44.340+0000] {processor.py:161} INFO - Started process (PID=1085) to work on /opt/airflow/dags/silver_s3.py
[2024-05-19T20:43:44.342+0000] {processor.py:830} INFO - Processing file /opt/airflow/dags/silver_s3.py for tasks to queue
[2024-05-19T20:43:44.343+0000] {logging_mixin.py:188} INFO - [2024-05-19T20:43:44.343+0000] {dagbag.py:545} INFO - Filling up the DagBag from /opt/airflow/dags/silver_s3.py
[2024-05-19T20:43:44.660+0000] {processor.py:840} INFO - DAG(s) 'silver_s3' retrieved from /opt/airflow/dags/silver_s3.py
[2024-05-19T20:43:44.685+0000] {logging_mixin.py:188} INFO - [2024-05-19T20:43:44.684+0000] {dag.py:3096} INFO - Sync 1 DAGs
[2024-05-19T20:43:44.696+0000] {logging_mixin.py:188} INFO - [2024-05-19T20:43:44.695+0000] {dag.py:3954} INFO - Setting next_dagrun for silver_s3 to 2023-07-03 00:00:00+00:00, run_after=2023-07-04 00:00:00+00:00
[2024-05-19T20:43:44.702+0000] {processor.py:183} INFO - Processing /opt/airflow/dags/silver_s3.py took 0.372 seconds
[2024-05-19T20:44:15.081+0000] {processor.py:161} INFO - Started process (PID=1096) to work on /opt/airflow/dags/silver_s3.py
[2024-05-19T20:44:15.082+0000] {processor.py:830} INFO - Processing file /opt/airflow/dags/silver_s3.py for tasks to queue
[2024-05-19T20:44:15.083+0000] {logging_mixin.py:188} INFO - [2024-05-19T20:44:15.083+0000] {dagbag.py:545} INFO - Filling up the DagBag from /opt/airflow/dags/silver_s3.py
[2024-05-19T20:44:15.400+0000] {processor.py:840} INFO - DAG(s) 'silver_s3' retrieved from /opt/airflow/dags/silver_s3.py
[2024-05-19T20:44:15.410+0000] {logging_mixin.py:188} INFO - [2024-05-19T20:44:15.410+0000] {dag.py:3096} INFO - Sync 1 DAGs
[2024-05-19T20:44:15.419+0000] {logging_mixin.py:188} INFO - [2024-05-19T20:44:15.419+0000] {dag.py:3954} INFO - Setting next_dagrun for silver_s3 to 2023-07-03 00:00:00+00:00, run_after=2023-07-04 00:00:00+00:00
[2024-05-19T20:44:15.426+0000] {processor.py:183} INFO - Processing /opt/airflow/dags/silver_s3.py took 0.353 seconds
[2024-05-19T20:44:45.756+0000] {processor.py:161} INFO - Started process (PID=1115) to work on /opt/airflow/dags/silver_s3.py
[2024-05-19T20:44:45.758+0000] {processor.py:830} INFO - Processing file /opt/airflow/dags/silver_s3.py for tasks to queue
[2024-05-19T20:44:45.760+0000] {logging_mixin.py:188} INFO - [2024-05-19T20:44:45.759+0000] {dagbag.py:545} INFO - Filling up the DagBag from /opt/airflow/dags/silver_s3.py
[2024-05-19T20:44:46.149+0000] {processor.py:840} INFO - DAG(s) 'silver_s3' retrieved from /opt/airflow/dags/silver_s3.py
[2024-05-19T20:44:46.160+0000] {logging_mixin.py:188} INFO - [2024-05-19T20:44:46.160+0000] {dag.py:3096} INFO - Sync 1 DAGs
[2024-05-19T20:44:46.170+0000] {logging_mixin.py:188} INFO - [2024-05-19T20:44:46.170+0000] {dag.py:3954} INFO - Setting next_dagrun for silver_s3 to 2023-07-03 00:00:00+00:00, run_after=2023-07-04 00:00:00+00:00
[2024-05-19T20:44:46.177+0000] {processor.py:183} INFO - Processing /opt/airflow/dags/silver_s3.py took 0.433 seconds
[2024-05-19T20:45:17.089+0000] {processor.py:161} INFO - Started process (PID=1126) to work on /opt/airflow/dags/silver_s3.py
[2024-05-19T20:45:17.092+0000] {processor.py:830} INFO - Processing file /opt/airflow/dags/silver_s3.py for tasks to queue
[2024-05-19T20:45:17.093+0000] {logging_mixin.py:188} INFO - [2024-05-19T20:45:17.093+0000] {dagbag.py:545} INFO - Filling up the DagBag from /opt/airflow/dags/silver_s3.py
[2024-05-19T20:45:17.554+0000] {processor.py:840} INFO - DAG(s) 'silver_s3' retrieved from /opt/airflow/dags/silver_s3.py
[2024-05-19T20:45:17.576+0000] {logging_mixin.py:188} INFO - [2024-05-19T20:45:17.575+0000] {dag.py:3096} INFO - Sync 1 DAGs
[2024-05-19T20:45:17.589+0000] {logging_mixin.py:188} INFO - [2024-05-19T20:45:17.589+0000] {dag.py:3954} INFO - Setting next_dagrun for silver_s3 to 2023-07-03 00:00:00+00:00, run_after=2023-07-04 00:00:00+00:00
[2024-05-19T20:45:17.596+0000] {processor.py:183} INFO - Processing /opt/airflow/dags/silver_s3.py took 0.517 seconds
[2024-05-19T20:45:48.487+0000] {processor.py:161} INFO - Started process (PID=1137) to work on /opt/airflow/dags/silver_s3.py
[2024-05-19T20:45:48.489+0000] {processor.py:830} INFO - Processing file /opt/airflow/dags/silver_s3.py for tasks to queue
[2024-05-19T20:45:48.491+0000] {logging_mixin.py:188} INFO - [2024-05-19T20:45:48.490+0000] {dagbag.py:545} INFO - Filling up the DagBag from /opt/airflow/dags/silver_s3.py
[2024-05-19T20:45:48.884+0000] {processor.py:840} INFO - DAG(s) 'silver_s3' retrieved from /opt/airflow/dags/silver_s3.py
[2024-05-19T20:45:48.897+0000] {logging_mixin.py:188} INFO - [2024-05-19T20:45:48.897+0000] {dag.py:3096} INFO - Sync 1 DAGs
[2024-05-19T20:45:48.906+0000] {logging_mixin.py:188} INFO - [2024-05-19T20:45:48.906+0000] {dag.py:3954} INFO - Setting next_dagrun for silver_s3 to 2023-07-03 00:00:00+00:00, run_after=2023-07-04 00:00:00+00:00
[2024-05-19T20:45:48.912+0000] {processor.py:183} INFO - Processing /opt/airflow/dags/silver_s3.py took 0.443 seconds
[2024-05-19T20:46:19.879+0000] {processor.py:161} INFO - Started process (PID=1148) to work on /opt/airflow/dags/silver_s3.py
[2024-05-19T20:46:19.880+0000] {processor.py:830} INFO - Processing file /opt/airflow/dags/silver_s3.py for tasks to queue
[2024-05-19T20:46:19.882+0000] {logging_mixin.py:188} INFO - [2024-05-19T20:46:19.881+0000] {dagbag.py:545} INFO - Filling up the DagBag from /opt/airflow/dags/silver_s3.py
[2024-05-19T20:46:20.127+0000] {processor.py:840} INFO - DAG(s) 'silver_s3' retrieved from /opt/airflow/dags/silver_s3.py
[2024-05-19T20:46:20.136+0000] {logging_mixin.py:188} INFO - [2024-05-19T20:46:20.136+0000] {dag.py:3096} INFO - Sync 1 DAGs
[2024-05-19T20:46:20.144+0000] {logging_mixin.py:188} INFO - [2024-05-19T20:46:20.144+0000] {dag.py:3954} INFO - Setting next_dagrun for silver_s3 to 2023-07-03 00:00:00+00:00, run_after=2023-07-04 00:00:00+00:00
[2024-05-19T20:46:20.150+0000] {processor.py:183} INFO - Processing /opt/airflow/dags/silver_s3.py took 0.281 seconds
