[2024-05-19T20:27:15.110+0000] {local_task_job_runner.py:120} INFO - ::group::Pre task execution logs
[2024-05-19T20:27:15.119+0000] {taskinstance.py:2076} INFO - Dependencies all met for dep_context=non-requeueable deps ti=<TaskInstance: silver_s3.process_parquet_files scheduled__2023-06-25T00:00:00+00:00 [queued]>
[2024-05-19T20:27:15.124+0000] {taskinstance.py:2076} INFO - Dependencies all met for dep_context=requeueable deps ti=<TaskInstance: silver_s3.process_parquet_files scheduled__2023-06-25T00:00:00+00:00 [queued]>
[2024-05-19T20:27:15.125+0000] {taskinstance.py:2306} INFO - Starting attempt 1 of 2
[2024-05-19T20:27:15.134+0000] {taskinstance.py:2330} INFO - Executing <Task(PythonOperator): process_parquet_files> on 2023-06-25 00:00:00+00:00
[2024-05-19T20:27:15.141+0000] {warnings.py:110} WARNING - /home/***/.local/lib/python3.12/site-packages/***/task/task_runner/standard_task_runner.py:61: DeprecationWarning: This process (pid=876) is multi-threaded, use of fork() may lead to deadlocks in the child.
  pid = os.fork()

[2024-05-19T20:27:15.143+0000] {standard_task_runner.py:63} INFO - Started process 889 to run task
[2024-05-19T20:27:15.143+0000] {standard_task_runner.py:90} INFO - Running: ['***', 'tasks', 'run', 'silver_s3', 'process_parquet_files', 'scheduled__2023-06-25T00:00:00+00:00', '--job-id', '305', '--raw', '--subdir', 'DAGS_FOLDER/silver_s3.py', '--cfg-path', '/tmp/tmpg4oyuss5']
[2024-05-19T20:27:15.146+0000] {standard_task_runner.py:91} INFO - Job 305: Subtask process_parquet_files
[2024-05-19T20:27:15.188+0000] {task_command.py:426} INFO - Running <TaskInstance: silver_s3.process_parquet_files scheduled__2023-06-25T00:00:00+00:00 [running]> on host 620090466bc8
[2024-05-19T20:27:15.263+0000] {taskinstance.py:2648} INFO - Exporting env vars: AIRFLOW_CTX_DAG_OWNER='***' AIRFLOW_CTX_DAG_ID='silver_s3' AIRFLOW_CTX_TASK_ID='process_parquet_files' AIRFLOW_CTX_EXECUTION_DATE='2023-06-25T00:00:00+00:00' AIRFLOW_CTX_TRY_NUMBER='1' AIRFLOW_CTX_DAG_RUN_ID='scheduled__2023-06-25T00:00:00+00:00'
[2024-05-19T20:27:15.265+0000] {taskinstance.py:430} INFO - ::endgroup::
[2024-05-19T20:27:15.283+0000] {base.py:84} INFO - Using connection ID 'aws_s3' for task execution.
[2024-05-19T20:27:15.283+0000] {connection_wrapper.py:384} INFO - AWS Connection (conn_id='aws_s3', conn_type='aws') credentials retrieved from login and password.
[2024-05-19T20:27:19.964+0000] {logging_mixin.py:188} INFO - No .parquet files found.
[2024-05-19T20:27:19.973+0000] {python.py:237} INFO - Done. Returned value was: None
[2024-05-19T20:27:19.977+0000] {taskinstance.py:441} INFO - ::group::Post task execution logs
[2024-05-19T20:27:19.994+0000] {taskinstance.py:1206} INFO - Marking task as SUCCESS. dag_id=silver_s3, task_id=process_parquet_files, run_id=scheduled__2023-06-25T00:00:00+00:00, execution_date=20230625T000000, start_date=20240519T202715, end_date=20240519T202719
[2024-05-19T20:27:20.038+0000] {local_task_job_runner.py:240} INFO - Task exited with return code 0
[2024-05-19T20:27:20.056+0000] {taskinstance.py:3498} INFO - 0 downstream tasks scheduled from follow-on schedule check
[2024-05-19T20:27:20.057+0000] {local_task_job_runner.py:222} INFO - ::endgroup::
[2024-05-19T20:41:02.780+0000] {local_task_job_runner.py:120} INFO - ::group::Pre task execution logs
[2024-05-19T20:41:02.787+0000] {taskinstance.py:2076} INFO - Dependencies all met for dep_context=non-requeueable deps ti=<TaskInstance: silver_s3.process_parquet_files scheduled__2023-06-25T00:00:00+00:00 [queued]>
[2024-05-19T20:41:02.789+0000] {taskinstance.py:2076} INFO - Dependencies all met for dep_context=requeueable deps ti=<TaskInstance: silver_s3.process_parquet_files scheduled__2023-06-25T00:00:00+00:00 [queued]>
[2024-05-19T20:41:02.789+0000] {taskinstance.py:2306} INFO - Starting attempt 1 of 2
[2024-05-19T20:41:02.794+0000] {taskinstance.py:2330} INFO - Executing <Task(PythonOperator): process_parquet_files> on 2023-06-25 00:00:00+00:00
[2024-05-19T20:41:02.797+0000] {warnings.py:110} WARNING - /home/***/.local/lib/python3.12/site-packages/***/task/task_runner/standard_task_runner.py:61: DeprecationWarning: This process (pid=2984) is multi-threaded, use of fork() may lead to deadlocks in the child.
  pid = os.fork()

[2024-05-19T20:41:02.798+0000] {standard_task_runner.py:63} INFO - Started process 2986 to run task
[2024-05-19T20:41:02.798+0000] {standard_task_runner.py:90} INFO - Running: ['***', 'tasks', 'run', 'silver_s3', 'process_parquet_files', 'scheduled__2023-06-25T00:00:00+00:00', '--job-id', '422', '--raw', '--subdir', 'DAGS_FOLDER/silver_s3.py', '--cfg-path', '/tmp/tmpvi8ryrdi']
[2024-05-19T20:41:02.799+0000] {standard_task_runner.py:91} INFO - Job 422: Subtask process_parquet_files
[2024-05-19T20:41:02.817+0000] {task_command.py:426} INFO - Running <TaskInstance: silver_s3.process_parquet_files scheduled__2023-06-25T00:00:00+00:00 [running]> on host 620090466bc8
[2024-05-19T20:41:02.849+0000] {taskinstance.py:2648} INFO - Exporting env vars: AIRFLOW_CTX_DAG_OWNER='***' AIRFLOW_CTX_DAG_ID='silver_s3' AIRFLOW_CTX_TASK_ID='process_parquet_files' AIRFLOW_CTX_EXECUTION_DATE='2023-06-25T00:00:00+00:00' AIRFLOW_CTX_TRY_NUMBER='1' AIRFLOW_CTX_DAG_RUN_ID='scheduled__2023-06-25T00:00:00+00:00'
[2024-05-19T20:41:02.850+0000] {taskinstance.py:430} INFO - ::endgroup::
[2024-05-19T20:41:02.858+0000] {base.py:84} INFO - Using connection ID 'aws_s3' for task execution.
[2024-05-19T20:41:02.858+0000] {connection_wrapper.py:384} INFO - AWS Connection (conn_id='aws_s3', conn_type='aws') credentials retrieved from login and password.
[2024-05-19T20:41:08.314+0000] {python.py:237} INFO - Done. Returned value was: None
[2024-05-19T20:41:08.317+0000] {taskinstance.py:441} INFO - ::group::Post task execution logs
[2024-05-19T20:41:08.329+0000] {taskinstance.py:1206} INFO - Marking task as SUCCESS. dag_id=silver_s3, task_id=process_parquet_files, run_id=scheduled__2023-06-25T00:00:00+00:00, execution_date=20230625T000000, start_date=20240519T204102, end_date=20240519T204108
[2024-05-19T20:41:08.389+0000] {local_task_job_runner.py:240} INFO - Task exited with return code 0
[2024-05-19T20:41:08.395+0000] {taskinstance.py:3498} INFO - 0 downstream tasks scheduled from follow-on schedule check
[2024-05-19T20:41:08.396+0000] {local_task_job_runner.py:222} INFO - ::endgroup::
