[2024-05-19T16:31:50.818+0000] {local_task_job_runner.py:120} INFO - ::group::Pre task execution logs
[2024-05-19T16:31:50.824+0000] {taskinstance.py:2076} INFO - Dependencies all met for dep_context=non-requeueable deps ti=<TaskInstance: disney_api_to_s3.save_to_s3 manual__2024-05-19T16:30:46.934043+00:00 [queued]>
[2024-05-19T16:31:50.828+0000] {taskinstance.py:2076} INFO - Dependencies all met for dep_context=requeueable deps ti=<TaskInstance: disney_api_to_s3.save_to_s3 manual__2024-05-19T16:30:46.934043+00:00 [queued]>
[2024-05-19T16:31:50.828+0000] {taskinstance.py:2306} INFO - Starting attempt 2 of 2
[2024-05-19T16:31:50.832+0000] {taskinstance.py:2330} INFO - Executing <Task(PythonOperator): save_to_s3> on 2024-05-19 16:30:46.934043+00:00
[2024-05-19T16:31:50.835+0000] {warnings.py:110} WARNING - /home/***/.local/lib/python3.12/site-packages/***/task/task_runner/standard_task_runner.py:61: DeprecationWarning: This process (pid=391) is multi-threaded, use of fork() may lead to deadlocks in the child.
  pid = os.fork()

[2024-05-19T16:31:50.836+0000] {standard_task_runner.py:63} INFO - Started process 393 to run task
[2024-05-19T16:31:50.836+0000] {standard_task_runner.py:90} INFO - Running: ['***', 'tasks', 'run', 'disney_api_to_s3', 'save_to_s3', 'manual__2024-05-19T16:30:46.934043+00:00', '--job-id', '78', '--raw', '--subdir', 'DAGS_FOLDER/api_disney.py', '--cfg-path', '/tmp/tmpr1c4e1pm']
[2024-05-19T16:31:50.837+0000] {standard_task_runner.py:91} INFO - Job 78: Subtask save_to_s3
[2024-05-19T16:31:50.856+0000] {task_command.py:426} INFO - Running <TaskInstance: disney_api_to_s3.save_to_s3 manual__2024-05-19T16:30:46.934043+00:00 [running]> on host 620090466bc8
[2024-05-19T16:31:50.889+0000] {taskinstance.py:2648} INFO - Exporting env vars: AIRFLOW_CTX_DAG_OWNER='***' AIRFLOW_CTX_DAG_ID='disney_api_to_s3' AIRFLOW_CTX_TASK_ID='save_to_s3' AIRFLOW_CTX_EXECUTION_DATE='2024-05-19T16:30:46.934043+00:00' AIRFLOW_CTX_TRY_NUMBER='2' AIRFLOW_CTX_DAG_RUN_ID='manual__2024-05-19T16:30:46.934043+00:00'
[2024-05-19T16:31:50.890+0000] {taskinstance.py:430} INFO - ::endgroup::
[2024-05-19T16:31:50.902+0000] {taskinstance.py:441} INFO - ::group::Post task execution logs
[2024-05-19T16:31:50.903+0000] {taskinstance.py:2905} ERROR - Task failed with exception
Traceback (most recent call last):
  File "/home/airflow/.local/lib/python3.12/site-packages/airflow/models/taskinstance.py", line 465, in _execute_task
    result = _execute_callable(context=context, **execute_callable_kwargs)
             ^^^^^^^^^^^^^^^^^^^^^^^^^^^^^^^^^^^^^^^^^^^^^^^^^^^^^^^^^^^^^
  File "/home/airflow/.local/lib/python3.12/site-packages/airflow/models/taskinstance.py", line 432, in _execute_callable
    return execute_callable(context=context, **execute_callable_kwargs)
           ^^^^^^^^^^^^^^^^^^^^^^^^^^^^^^^^^^^^^^^^^^^^^^^^^^^^^^^^^^^^
  File "/home/airflow/.local/lib/python3.12/site-packages/airflow/models/baseoperator.py", line 400, in wrapper
    return func(self, *args, **kwargs)
           ^^^^^^^^^^^^^^^^^^^^^^^^^^^
  File "/home/airflow/.local/lib/python3.12/site-packages/airflow/operators/python.py", line 235, in execute
    return_value = self.execute_callable()
                   ^^^^^^^^^^^^^^^^^^^^^^^
  File "/home/airflow/.local/lib/python3.12/site-packages/airflow/operators/python.py", line 252, in execute_callable
    return self.python_callable(*self.op_args, **self.op_kwargs)
           ^^^^^^^^^^^^^^^^^^^^^^^^^^^^^^^^^^^^^^^^^^^^^^^^^^^^^
  File "/opt/airflow/dags/api_disney.py", line 24, in save_to_s3
    df = pd.DataFrame(response_data)
         ^^^^^^^^^^^^^^^^^^^^^^^^^^^
  File "/home/airflow/.local/lib/python3.12/site-packages/pandas/core/frame.py", line 733, in __init__
    mgr = dict_to_mgr(data, index, columns, dtype=dtype, copy=copy, typ=manager)
          ^^^^^^^^^^^^^^^^^^^^^^^^^^^^^^^^^^^^^^^^^^^^^^^^^^^^^^^^^^^^^^^^^^^^^^
  File "/home/airflow/.local/lib/python3.12/site-packages/pandas/core/internals/construction.py", line 503, in dict_to_mgr
    return arrays_to_mgr(arrays, columns, index, dtype=dtype, typ=typ, consolidate=copy)
           ^^^^^^^^^^^^^^^^^^^^^^^^^^^^^^^^^^^^^^^^^^^^^^^^^^^^^^^^^^^^^^^^^^^^^^^^^^^^^
  File "/home/airflow/.local/lib/python3.12/site-packages/pandas/core/internals/construction.py", line 114, in arrays_to_mgr
    index = _extract_index(arrays)
            ^^^^^^^^^^^^^^^^^^^^^^
  File "/home/airflow/.local/lib/python3.12/site-packages/pandas/core/internals/construction.py", line 680, in _extract_index
    raise ValueError(
ValueError: Mixing dicts with non-Series may lead to ambiguous ordering.
[2024-05-19T16:31:50.908+0000] {taskinstance.py:1206} INFO - Marking task as FAILED. dag_id=disney_api_to_s3, task_id=save_to_s3, run_id=manual__2024-05-19T16:30:46.934043+00:00, execution_date=20240519T163046, start_date=20240519T163150, end_date=20240519T163150
[2024-05-19T16:31:50.913+0000] {standard_task_runner.py:110} ERROR - Failed to execute job 78 for task save_to_s3 (Mixing dicts with non-Series may lead to ambiguous ordering.; 393)
[2024-05-19T16:31:50.937+0000] {local_task_job_runner.py:240} INFO - Task exited with return code 1
[2024-05-19T16:31:50.946+0000] {taskinstance.py:3498} INFO - 0 downstream tasks scheduled from follow-on schedule check
[2024-05-19T16:31:50.947+0000] {local_task_job_runner.py:222} INFO - ::endgroup::
