[2024-05-19T20:27:01.486+0000] {local_task_job_runner.py:120} INFO - ::group::Pre task execution logs
[2024-05-19T20:27:01.509+0000] {taskinstance.py:2076} INFO - Dependencies all met for dep_context=non-requeueable deps ti=<TaskInstance: silver_s3.process_parquet_files scheduled__2023-06-06T00:00:00+00:00 [queued]>
[2024-05-19T20:27:01.523+0000] {taskinstance.py:2076} INFO - Dependencies all met for dep_context=requeueable deps ti=<TaskInstance: silver_s3.process_parquet_files scheduled__2023-06-06T00:00:00+00:00 [queued]>
[2024-05-19T20:27:01.524+0000] {taskinstance.py:2306} INFO - Starting attempt 1 of 2
[2024-05-19T20:27:01.539+0000] {taskinstance.py:2330} INFO - Executing <Task(PythonOperator): process_parquet_files> on 2023-06-06 00:00:00+00:00
[2024-05-19T20:27:01.546+0000] {warnings.py:110} WARNING - /home/***/.local/lib/python3.12/site-packages/***/task/task_runner/standard_task_runner.py:61: DeprecationWarning: This process (pid=813) is multi-threaded, use of fork() may lead to deadlocks in the child.
  pid = os.fork()

[2024-05-19T20:27:01.550+0000] {standard_task_runner.py:63} INFO - Started process 831 to run task
[2024-05-19T20:27:01.551+0000] {standard_task_runner.py:90} INFO - Running: ['***', 'tasks', 'run', 'silver_s3', 'process_parquet_files', 'scheduled__2023-06-06T00:00:00+00:00', '--job-id', '286', '--raw', '--subdir', 'DAGS_FOLDER/silver_s3.py', '--cfg-path', '/tmp/tmpaxg_iinr']
[2024-05-19T20:27:01.555+0000] {standard_task_runner.py:91} INFO - Job 286: Subtask process_parquet_files
[2024-05-19T20:27:01.655+0000] {task_command.py:426} INFO - Running <TaskInstance: silver_s3.process_parquet_files scheduled__2023-06-06T00:00:00+00:00 [running]> on host 620090466bc8
[2024-05-19T20:27:01.775+0000] {taskinstance.py:2648} INFO - Exporting env vars: AIRFLOW_CTX_DAG_OWNER='***' AIRFLOW_CTX_DAG_ID='silver_s3' AIRFLOW_CTX_TASK_ID='process_parquet_files' AIRFLOW_CTX_EXECUTION_DATE='2023-06-06T00:00:00+00:00' AIRFLOW_CTX_TRY_NUMBER='1' AIRFLOW_CTX_DAG_RUN_ID='scheduled__2023-06-06T00:00:00+00:00'
[2024-05-19T20:27:01.777+0000] {taskinstance.py:430} INFO - ::endgroup::
[2024-05-19T20:27:01.810+0000] {base.py:84} INFO - Using connection ID 'aws_s3' for task execution.
[2024-05-19T20:27:01.813+0000] {connection_wrapper.py:384} INFO - AWS Connection (conn_id='aws_s3', conn_type='aws') credentials retrieved from login and password.
[2024-05-19T20:27:06.605+0000] {logging_mixin.py:188} INFO - No .parquet files found.
[2024-05-19T20:27:06.615+0000] {python.py:237} INFO - Done. Returned value was: None
[2024-05-19T20:27:06.632+0000] {taskinstance.py:441} INFO - ::group::Post task execution logs
[2024-05-19T20:27:06.658+0000] {taskinstance.py:1206} INFO - Marking task as SUCCESS. dag_id=silver_s3, task_id=process_parquet_files, run_id=scheduled__2023-06-06T00:00:00+00:00, execution_date=20230606T000000, start_date=20240519T202701, end_date=20240519T202706
[2024-05-19T20:27:06.718+0000] {local_task_job_runner.py:240} INFO - Task exited with return code 0
[2024-05-19T20:27:06.732+0000] {taskinstance.py:3498} INFO - 0 downstream tasks scheduled from follow-on schedule check
[2024-05-19T20:27:06.734+0000] {local_task_job_runner.py:222} INFO - ::endgroup::
[2024-05-19T20:40:21.946+0000] {local_task_job_runner.py:120} INFO - ::group::Pre task execution logs
[2024-05-19T20:40:21.965+0000] {taskinstance.py:2076} INFO - Dependencies all met for dep_context=non-requeueable deps ti=<TaskInstance: silver_s3.process_parquet_files scheduled__2023-06-06T00:00:00+00:00 [queued]>
[2024-05-19T20:40:21.983+0000] {taskinstance.py:2076} INFO - Dependencies all met for dep_context=requeueable deps ti=<TaskInstance: silver_s3.process_parquet_files scheduled__2023-06-06T00:00:00+00:00 [queued]>
[2024-05-19T20:40:21.990+0000] {taskinstance.py:2306} INFO - Starting attempt 1 of 2
[2024-05-19T20:40:22.021+0000] {taskinstance.py:2330} INFO - Executing <Task(PythonOperator): process_parquet_files> on 2023-06-06 00:00:00+00:00
[2024-05-19T20:40:22.034+0000] {warnings.py:110} WARNING - /home/***/.local/lib/python3.12/site-packages/***/task/task_runner/standard_task_runner.py:61: DeprecationWarning: This process (pid=2578) is multi-threaded, use of fork() may lead to deadlocks in the child.
  pid = os.fork()

[2024-05-19T20:40:22.037+0000] {standard_task_runner.py:90} INFO - Running: ['***', 'tasks', 'run', 'silver_s3', 'process_parquet_files', 'scheduled__2023-06-06T00:00:00+00:00', '--job-id', '402', '--raw', '--subdir', 'DAGS_FOLDER/silver_s3.py', '--cfg-path', '/tmp/tmpf9qxdjcj']
[2024-05-19T20:40:22.046+0000] {standard_task_runner.py:63} INFO - Started process 2594 to run task
[2024-05-19T20:40:22.048+0000] {standard_task_runner.py:91} INFO - Job 402: Subtask process_parquet_files
[2024-05-19T20:40:22.130+0000] {task_command.py:426} INFO - Running <TaskInstance: silver_s3.process_parquet_files scheduled__2023-06-06T00:00:00+00:00 [running]> on host 620090466bc8
[2024-05-19T20:40:22.243+0000] {taskinstance.py:2648} INFO - Exporting env vars: AIRFLOW_CTX_DAG_OWNER='***' AIRFLOW_CTX_DAG_ID='silver_s3' AIRFLOW_CTX_TASK_ID='process_parquet_files' AIRFLOW_CTX_EXECUTION_DATE='2023-06-06T00:00:00+00:00' AIRFLOW_CTX_TRY_NUMBER='1' AIRFLOW_CTX_DAG_RUN_ID='scheduled__2023-06-06T00:00:00+00:00'
[2024-05-19T20:40:22.250+0000] {taskinstance.py:430} INFO - ::endgroup::
[2024-05-19T20:40:22.285+0000] {base.py:84} INFO - Using connection ID 'aws_s3' for task execution.
[2024-05-19T20:40:22.290+0000] {connection_wrapper.py:384} INFO - AWS Connection (conn_id='aws_s3', conn_type='aws') credentials retrieved from login and password.
[2024-05-19T20:40:27.467+0000] {python.py:237} INFO - Done. Returned value was: None
[2024-05-19T20:40:27.469+0000] {taskinstance.py:441} INFO - ::group::Post task execution logs
[2024-05-19T20:40:27.482+0000] {taskinstance.py:1206} INFO - Marking task as SUCCESS. dag_id=silver_s3, task_id=process_parquet_files, run_id=scheduled__2023-06-06T00:00:00+00:00, execution_date=20230606T000000, start_date=20240519T204021, end_date=20240519T204027
[2024-05-19T20:40:27.577+0000] {local_task_job_runner.py:240} INFO - Task exited with return code 0
[2024-05-19T20:40:27.589+0000] {taskinstance.py:3498} INFO - 0 downstream tasks scheduled from follow-on schedule check
[2024-05-19T20:40:27.589+0000] {local_task_job_runner.py:222} INFO - ::endgroup::
