[2024-05-19T20:27:22.927+0000] {local_task_job_runner.py:120} INFO - ::group::Pre task execution logs
[2024-05-19T20:27:22.952+0000] {taskinstance.py:2076} INFO - Dependencies all met for dep_context=non-requeueable deps ti=<TaskInstance: silver_s3.process_parquet_files scheduled__2023-06-27T00:00:00+00:00 [queued]>
[2024-05-19T20:27:22.959+0000] {taskinstance.py:2076} INFO - Dependencies all met for dep_context=requeueable deps ti=<TaskInstance: silver_s3.process_parquet_files scheduled__2023-06-27T00:00:00+00:00 [queued]>
[2024-05-19T20:27:22.962+0000] {taskinstance.py:2306} INFO - Starting attempt 1 of 2
[2024-05-19T20:27:22.996+0000] {taskinstance.py:2330} INFO - Executing <Task(PythonOperator): process_parquet_files> on 2023-06-27 00:00:00+00:00
[2024-05-19T20:27:23.005+0000] {warnings.py:110} WARNING - /home/***/.local/lib/python3.12/site-packages/***/task/task_runner/standard_task_runner.py:61: DeprecationWarning: This process (pid=891) is multi-threaded, use of fork() may lead to deadlocks in the child.
  pid = os.fork()

[2024-05-19T20:27:23.007+0000] {standard_task_runner.py:63} INFO - Started process 908 to run task
[2024-05-19T20:27:23.007+0000] {standard_task_runner.py:90} INFO - Running: ['***', 'tasks', 'run', 'silver_s3', 'process_parquet_files', 'scheduled__2023-06-27T00:00:00+00:00', '--job-id', '306', '--raw', '--subdir', 'DAGS_FOLDER/silver_s3.py', '--cfg-path', '/tmp/tmpobgiz05h']
[2024-05-19T20:27:23.010+0000] {standard_task_runner.py:91} INFO - Job 306: Subtask process_parquet_files
[2024-05-19T20:27:23.079+0000] {task_command.py:426} INFO - Running <TaskInstance: silver_s3.process_parquet_files scheduled__2023-06-27T00:00:00+00:00 [running]> on host 620090466bc8
[2024-05-19T20:27:23.232+0000] {taskinstance.py:2648} INFO - Exporting env vars: AIRFLOW_CTX_DAG_OWNER='***' AIRFLOW_CTX_DAG_ID='silver_s3' AIRFLOW_CTX_TASK_ID='process_parquet_files' AIRFLOW_CTX_EXECUTION_DATE='2023-06-27T00:00:00+00:00' AIRFLOW_CTX_TRY_NUMBER='1' AIRFLOW_CTX_DAG_RUN_ID='scheduled__2023-06-27T00:00:00+00:00'
[2024-05-19T20:27:23.242+0000] {taskinstance.py:430} INFO - ::endgroup::
[2024-05-19T20:27:23.274+0000] {base.py:84} INFO - Using connection ID 'aws_s3' for task execution.
[2024-05-19T20:27:23.278+0000] {connection_wrapper.py:384} INFO - AWS Connection (conn_id='aws_s3', conn_type='aws') credentials retrieved from login and password.
[2024-05-19T20:27:28.567+0000] {logging_mixin.py:188} INFO - No .parquet files found.
[2024-05-19T20:27:28.573+0000] {python.py:237} INFO - Done. Returned value was: None
[2024-05-19T20:27:28.584+0000] {taskinstance.py:441} INFO - ::group::Post task execution logs
[2024-05-19T20:27:28.604+0000] {taskinstance.py:1206} INFO - Marking task as SUCCESS. dag_id=silver_s3, task_id=process_parquet_files, run_id=scheduled__2023-06-27T00:00:00+00:00, execution_date=20230627T000000, start_date=20240519T202722, end_date=20240519T202728
[2024-05-19T20:27:28.624+0000] {local_task_job_runner.py:240} INFO - Task exited with return code 0
[2024-05-19T20:27:28.640+0000] {taskinstance.py:3498} INFO - 0 downstream tasks scheduled from follow-on schedule check
[2024-05-19T20:27:28.641+0000] {local_task_job_runner.py:222} INFO - ::endgroup::
[2024-05-19T20:41:18.000+0000] {local_task_job_runner.py:120} INFO - ::group::Pre task execution logs
[2024-05-19T20:41:18.006+0000] {taskinstance.py:2076} INFO - Dependencies all met for dep_context=non-requeueable deps ti=<TaskInstance: silver_s3.process_parquet_files scheduled__2023-06-27T00:00:00+00:00 [queued]>
[2024-05-19T20:41:18.009+0000] {taskinstance.py:2076} INFO - Dependencies all met for dep_context=requeueable deps ti=<TaskInstance: silver_s3.process_parquet_files scheduled__2023-06-27T00:00:00+00:00 [queued]>
[2024-05-19T20:41:18.009+0000] {taskinstance.py:2306} INFO - Starting attempt 1 of 2
[2024-05-19T20:41:18.013+0000] {taskinstance.py:2330} INFO - Executing <Task(PythonOperator): process_parquet_files> on 2023-06-27 00:00:00+00:00
[2024-05-19T20:41:18.017+0000] {warnings.py:110} WARNING - /home/***/.local/lib/python3.12/site-packages/***/task/task_runner/standard_task_runner.py:61: DeprecationWarning: This process (pid=3030) is multi-threaded, use of fork() may lead to deadlocks in the child.
  pid = os.fork()

[2024-05-19T20:41:18.018+0000] {standard_task_runner.py:63} INFO - Started process 3032 to run task
[2024-05-19T20:41:18.018+0000] {standard_task_runner.py:90} INFO - Running: ['***', 'tasks', 'run', 'silver_s3', 'process_parquet_files', 'scheduled__2023-06-27T00:00:00+00:00', '--job-id', '424', '--raw', '--subdir', 'DAGS_FOLDER/silver_s3.py', '--cfg-path', '/tmp/tmpg6i5o6z5']
[2024-05-19T20:41:18.019+0000] {standard_task_runner.py:91} INFO - Job 424: Subtask process_parquet_files
[2024-05-19T20:41:18.038+0000] {task_command.py:426} INFO - Running <TaskInstance: silver_s3.process_parquet_files scheduled__2023-06-27T00:00:00+00:00 [running]> on host 620090466bc8
[2024-05-19T20:41:18.072+0000] {taskinstance.py:2648} INFO - Exporting env vars: AIRFLOW_CTX_DAG_OWNER='***' AIRFLOW_CTX_DAG_ID='silver_s3' AIRFLOW_CTX_TASK_ID='process_parquet_files' AIRFLOW_CTX_EXECUTION_DATE='2023-06-27T00:00:00+00:00' AIRFLOW_CTX_TRY_NUMBER='1' AIRFLOW_CTX_DAG_RUN_ID='scheduled__2023-06-27T00:00:00+00:00'
[2024-05-19T20:41:18.073+0000] {taskinstance.py:430} INFO - ::endgroup::
[2024-05-19T20:41:18.081+0000] {base.py:84} INFO - Using connection ID 'aws_s3' for task execution.
[2024-05-19T20:41:18.082+0000] {connection_wrapper.py:384} INFO - AWS Connection (conn_id='aws_s3', conn_type='aws') credentials retrieved from login and password.
[2024-05-19T20:41:26.159+0000] {python.py:237} INFO - Done. Returned value was: None
[2024-05-19T20:41:26.160+0000] {taskinstance.py:441} INFO - ::group::Post task execution logs
[2024-05-19T20:41:26.167+0000] {taskinstance.py:1206} INFO - Marking task as SUCCESS. dag_id=silver_s3, task_id=process_parquet_files, run_id=scheduled__2023-06-27T00:00:00+00:00, execution_date=20230627T000000, start_date=20240519T204118, end_date=20240519T204126
[2024-05-19T20:41:26.187+0000] {local_task_job_runner.py:240} INFO - Task exited with return code 0
[2024-05-19T20:41:26.195+0000] {taskinstance.py:3498} INFO - 0 downstream tasks scheduled from follow-on schedule check
[2024-05-19T20:41:26.195+0000] {local_task_job_runner.py:222} INFO - ::endgroup::
