[2024-05-19T20:25:47.075+0000] {local_task_job_runner.py:120} INFO - ::group::Pre task execution logs
[2024-05-19T20:25:47.092+0000] {taskinstance.py:2076} INFO - Dependencies all met for dep_context=non-requeueable deps ti=<TaskInstance: silver_s3.process_parquet_files scheduled__2023-02-20T00:00:00+00:00 [queued]>
[2024-05-19T20:25:47.097+0000] {taskinstance.py:2076} INFO - Dependencies all met for dep_context=requeueable deps ti=<TaskInstance: silver_s3.process_parquet_files scheduled__2023-02-20T00:00:00+00:00 [queued]>
[2024-05-19T20:25:47.098+0000] {taskinstance.py:2306} INFO - Starting attempt 1 of 2
[2024-05-19T20:25:47.117+0000] {taskinstance.py:2330} INFO - Executing <Task(PythonOperator): process_parquet_files> on 2023-02-20 00:00:00+00:00
[2024-05-19T20:25:47.134+0000] {warnings.py:110} WARNING - /home/***/.local/lib/python3.12/site-packages/***/task/task_runner/standard_task_runner.py:61: DeprecationWarning: This process (pid=487) is multi-threaded, use of fork() may lead to deadlocks in the child.
  pid = os.fork()

[2024-05-19T20:25:47.141+0000] {standard_task_runner.py:63} INFO - Started process 507 to run task
[2024-05-19T20:25:47.141+0000] {standard_task_runner.py:90} INFO - Running: ['***', 'tasks', 'run', 'silver_s3', 'process_parquet_files', 'scheduled__2023-02-20T00:00:00+00:00', '--job-id', '178', '--raw', '--subdir', 'DAGS_FOLDER/silver_s3.py', '--cfg-path', '/tmp/tmpootfv6da']
[2024-05-19T20:25:47.144+0000] {standard_task_runner.py:91} INFO - Job 178: Subtask process_parquet_files
[2024-05-19T20:25:47.233+0000] {task_command.py:426} INFO - Running <TaskInstance: silver_s3.process_parquet_files scheduled__2023-02-20T00:00:00+00:00 [running]> on host 620090466bc8
[2024-05-19T20:25:47.351+0000] {taskinstance.py:2648} INFO - Exporting env vars: AIRFLOW_CTX_DAG_OWNER='***' AIRFLOW_CTX_DAG_ID='silver_s3' AIRFLOW_CTX_TASK_ID='process_parquet_files' AIRFLOW_CTX_EXECUTION_DATE='2023-02-20T00:00:00+00:00' AIRFLOW_CTX_TRY_NUMBER='1' AIRFLOW_CTX_DAG_RUN_ID='scheduled__2023-02-20T00:00:00+00:00'
[2024-05-19T20:25:47.361+0000] {taskinstance.py:430} INFO - ::endgroup::
[2024-05-19T20:25:47.418+0000] {base.py:84} INFO - Using connection ID 'aws_s3' for task execution.
[2024-05-19T20:25:47.423+0000] {connection_wrapper.py:384} INFO - AWS Connection (conn_id='aws_s3', conn_type='aws') credentials retrieved from login and password.
[2024-05-19T20:25:52.452+0000] {logging_mixin.py:188} INFO - No .parquet files found.
[2024-05-19T20:25:52.456+0000] {python.py:237} INFO - Done. Returned value was: None
[2024-05-19T20:25:52.459+0000] {taskinstance.py:441} INFO - ::group::Post task execution logs
[2024-05-19T20:25:52.493+0000] {taskinstance.py:1206} INFO - Marking task as SUCCESS. dag_id=silver_s3, task_id=process_parquet_files, run_id=scheduled__2023-02-20T00:00:00+00:00, execution_date=20230220T000000, start_date=20240519T202547, end_date=20240519T202552
[2024-05-19T20:25:52.543+0000] {local_task_job_runner.py:240} INFO - Task exited with return code 0
[2024-05-19T20:25:52.561+0000] {taskinstance.py:3498} INFO - 0 downstream tasks scheduled from follow-on schedule check
[2024-05-19T20:25:52.561+0000] {local_task_job_runner.py:222} INFO - ::endgroup::
