[2024-05-19T16:28:29.589+0000] {local_task_job_runner.py:120} INFO - ::group::Pre task execution logs
[2024-05-19T16:28:29.595+0000] {taskinstance.py:2076} INFO - Dependencies all met for dep_context=non-requeueable deps ti=<TaskInstance: disney_api_to_s3.save_to_s3 manual__2024-05-19T16:28:27.216289+00:00 [queued]>
[2024-05-19T16:28:29.598+0000] {taskinstance.py:2076} INFO - Dependencies all met for dep_context=requeueable deps ti=<TaskInstance: disney_api_to_s3.save_to_s3 manual__2024-05-19T16:28:27.216289+00:00 [queued]>
[2024-05-19T16:28:29.598+0000] {taskinstance.py:2306} INFO - Starting attempt 1 of 2
[2024-05-19T16:28:29.603+0000] {taskinstance.py:2330} INFO - Executing <Task(S3FileTransformOperator): save_to_s3> on 2024-05-19 16:28:27.216289+00:00
[2024-05-19T16:28:29.605+0000] {warnings.py:110} WARNING - /home/***/.local/lib/python3.12/site-packages/***/task/task_runner/standard_task_runner.py:61: DeprecationWarning: This process (pid=332) is multi-threaded, use of fork() may lead to deadlocks in the child.
  pid = os.fork()

[2024-05-19T16:28:29.606+0000] {standard_task_runner.py:63} INFO - Started process 333 to run task
[2024-05-19T16:28:29.607+0000] {standard_task_runner.py:90} INFO - Running: ['***', 'tasks', 'run', 'disney_api_to_s3', 'save_to_s3', 'manual__2024-05-19T16:28:27.216289+00:00', '--job-id', '71', '--raw', '--subdir', 'DAGS_FOLDER/api_disney.py', '--cfg-path', '/tmp/tmpi96boq25']
[2024-05-19T16:28:29.607+0000] {standard_task_runner.py:91} INFO - Job 71: Subtask save_to_s3
[2024-05-19T16:28:29.627+0000] {task_command.py:426} INFO - Running <TaskInstance: disney_api_to_s3.save_to_s3 manual__2024-05-19T16:28:27.216289+00:00 [running]> on host 620090466bc8
[2024-05-19T16:28:29.654+0000] {taskinstance.py:2648} INFO - Exporting env vars: AIRFLOW_CTX_DAG_OWNER='***' AIRFLOW_CTX_DAG_ID='disney_api_to_s3' AIRFLOW_CTX_TASK_ID='save_to_s3' AIRFLOW_CTX_EXECUTION_DATE='2024-05-19T16:28:27.216289+00:00' AIRFLOW_CTX_TRY_NUMBER='1' AIRFLOW_CTX_DAG_RUN_ID='manual__2024-05-19T16:28:27.216289+00:00'
[2024-05-19T16:28:29.655+0000] {taskinstance.py:430} INFO - ::endgroup::
[2024-05-19T16:28:29.661+0000] {s3.py:652} INFO - Downloading source S3 file tmp/disney_data.json
[2024-05-19T16:28:29.664+0000] {base.py:84} INFO - Using connection ID 'aws_s3' for task execution.
[2024-05-19T16:28:29.665+0000] {connection_wrapper.py:384} INFO - AWS Connection (conn_id='aws_s3', conn_type='aws') credentials retrieved from login and password.
[2024-05-19T16:28:29.785+0000] {taskinstance.py:441} INFO - ::group::Post task execution logs
[2024-05-19T16:28:29.785+0000] {taskinstance.py:2905} ERROR - Task failed with exception
Traceback (most recent call last):
  File "/home/airflow/.local/lib/python3.12/site-packages/airflow/models/taskinstance.py", line 465, in _execute_task
    result = _execute_callable(context=context, **execute_callable_kwargs)
             ^^^^^^^^^^^^^^^^^^^^^^^^^^^^^^^^^^^^^^^^^^^^^^^^^^^^^^^^^^^^^
  File "/home/airflow/.local/lib/python3.12/site-packages/airflow/models/taskinstance.py", line 432, in _execute_callable
    return execute_callable(context=context, **execute_callable_kwargs)
           ^^^^^^^^^^^^^^^^^^^^^^^^^^^^^^^^^^^^^^^^^^^^^^^^^^^^^^^^^^^^
  File "/home/airflow/.local/lib/python3.12/site-packages/airflow/models/baseoperator.py", line 400, in wrapper
    return func(self, *args, **kwargs)
           ^^^^^^^^^^^^^^^^^^^^^^^^^^^
  File "/home/airflow/.local/lib/python3.12/site-packages/airflow/providers/amazon/aws/operators/s3.py", line 653, in execute
    if not source_s3.check_for_key(self.source_s3_key):
           ^^^^^^^^^^^^^^^^^^^^^^^^^^^^^^^^^^^^^^^^^^^
  File "/home/airflow/.local/lib/python3.12/site-packages/airflow/providers/amazon/aws/hooks/s3.py", line 135, in wrapper
    return func(*bound_args.args, **bound_args.kwargs)
           ^^^^^^^^^^^^^^^^^^^^^^^^^^^^^^^^^^^^^^^^^^^
  File "/home/airflow/.local/lib/python3.12/site-packages/airflow/providers/amazon/aws/hooks/s3.py", line 89, in wrapper
    return func(*bound_args.args, **bound_args.kwargs)
           ^^^^^^^^^^^^^^^^^^^^^^^^^^^^^^^^^^^^^^^^^^^
  File "/home/airflow/.local/lib/python3.12/site-packages/airflow/providers/amazon/aws/hooks/s3.py", line 922, in check_for_key
    obj = self.head_object(key, bucket_name)
          ^^^^^^^^^^^^^^^^^^^^^^^^^^^^^^^^^^
  File "/home/airflow/.local/lib/python3.12/site-packages/airflow/providers/amazon/aws/hooks/s3.py", line 135, in wrapper
    return func(*bound_args.args, **bound_args.kwargs)
           ^^^^^^^^^^^^^^^^^^^^^^^^^^^^^^^^^^^^^^^^^^^
  File "/home/airflow/.local/lib/python3.12/site-packages/airflow/providers/amazon/aws/hooks/s3.py", line 89, in wrapper
    return func(*bound_args.args, **bound_args.kwargs)
           ^^^^^^^^^^^^^^^^^^^^^^^^^^^^^^^^^^^^^^^^^^^
  File "/home/airflow/.local/lib/python3.12/site-packages/airflow/providers/amazon/aws/hooks/s3.py", line 902, in head_object
    return self.get_conn().head_object(Bucket=bucket_name, Key=key)
           ^^^^^^^^^^^^^^^^^^^^^^^^^^^^^^^^^^^^^^^^^^^^^^^^^^^^^^^^
  File "/home/airflow/.local/lib/python3.12/site-packages/botocore/client.py", line 553, in _api_call
    return self._make_api_call(operation_name, kwargs)
           ^^^^^^^^^^^^^^^^^^^^^^^^^^^^^^^^^^^^^^^^^^^
  File "/home/airflow/.local/lib/python3.12/site-packages/botocore/client.py", line 946, in _make_api_call
    api_params = self._emit_api_params(
                 ^^^^^^^^^^^^^^^^^^^^^^
  File "/home/airflow/.local/lib/python3.12/site-packages/botocore/client.py", line 1072, in _emit_api_params
    self.meta.events.emit(
  File "/home/airflow/.local/lib/python3.12/site-packages/botocore/hooks.py", line 412, in emit
    return self._emitter.emit(aliased_event_name, **kwargs)
           ^^^^^^^^^^^^^^^^^^^^^^^^^^^^^^^^^^^^^^^^^^^^^^^^
  File "/home/airflow/.local/lib/python3.12/site-packages/botocore/hooks.py", line 256, in emit
    return self._emit(event_name, kwargs)
           ^^^^^^^^^^^^^^^^^^^^^^^^^^^^^^
  File "/home/airflow/.local/lib/python3.12/site-packages/botocore/hooks.py", line 239, in _emit
    response = handler(**kwargs)
               ^^^^^^^^^^^^^^^^^
  File "/home/airflow/.local/lib/python3.12/site-packages/botocore/handlers.py", line 282, in validate_bucket_name
    if not VALID_BUCKET.search(bucket) and not VALID_S3_ARN.search(bucket):
           ^^^^^^^^^^^^^^^^^^^^^^^^^^^
TypeError: expected string or bytes-like object, got 'NoneType'
[2024-05-19T16:28:29.790+0000] {taskinstance.py:1206} INFO - Marking task as UP_FOR_RETRY. dag_id=disney_api_to_s3, task_id=save_to_s3, run_id=manual__2024-05-19T16:28:27.216289+00:00, execution_date=20240519T162827, start_date=20240519T162829, end_date=20240519T162829
[2024-05-19T16:28:29.794+0000] {standard_task_runner.py:110} ERROR - Failed to execute job 71 for task save_to_s3 (expected string or bytes-like object, got 'NoneType'; 333)
[2024-05-19T16:28:29.806+0000] {local_task_job_runner.py:240} INFO - Task exited with return code 1
[2024-05-19T16:28:29.813+0000] {taskinstance.py:3498} INFO - 0 downstream tasks scheduled from follow-on schedule check
[2024-05-19T16:28:29.814+0000] {local_task_job_runner.py:222} INFO - ::endgroup::
