[2024-05-19T20:26:37.904+0000] {local_task_job_runner.py:120} INFO - ::group::Pre task execution logs
[2024-05-19T20:26:37.915+0000] {taskinstance.py:2076} INFO - Dependencies all met for dep_context=non-requeueable deps ti=<TaskInstance: silver_s3.process_parquet_files scheduled__2023-05-06T00:00:00+00:00 [queued]>
[2024-05-19T20:26:37.922+0000] {taskinstance.py:2076} INFO - Dependencies all met for dep_context=requeueable deps ti=<TaskInstance: silver_s3.process_parquet_files scheduled__2023-05-06T00:00:00+00:00 [queued]>
[2024-05-19T20:26:37.922+0000] {taskinstance.py:2306} INFO - Starting attempt 1 of 2
[2024-05-19T20:26:37.934+0000] {taskinstance.py:2330} INFO - Executing <Task(PythonOperator): process_parquet_files> on 2023-05-06 00:00:00+00:00
[2024-05-19T20:26:37.941+0000] {warnings.py:110} WARNING - /home/***/.local/lib/python3.12/site-packages/***/task/task_runner/standard_task_runner.py:61: DeprecationWarning: This process (pid=714) is multi-threaded, use of fork() may lead to deadlocks in the child.
  pid = os.fork()

[2024-05-19T20:26:37.943+0000] {standard_task_runner.py:63} INFO - Started process 736 to run task
[2024-05-19T20:26:37.943+0000] {standard_task_runner.py:90} INFO - Running: ['***', 'tasks', 'run', 'silver_s3', 'process_parquet_files', 'scheduled__2023-05-06T00:00:00+00:00', '--job-id', '255', '--raw', '--subdir', 'DAGS_FOLDER/silver_s3.py', '--cfg-path', '/tmp/tmp9sf9t92l']
[2024-05-19T20:26:37.945+0000] {standard_task_runner.py:91} INFO - Job 255: Subtask process_parquet_files
[2024-05-19T20:26:37.986+0000] {task_command.py:426} INFO - Running <TaskInstance: silver_s3.process_parquet_files scheduled__2023-05-06T00:00:00+00:00 [running]> on host 620090466bc8
[2024-05-19T20:26:38.064+0000] {taskinstance.py:2648} INFO - Exporting env vars: AIRFLOW_CTX_DAG_OWNER='***' AIRFLOW_CTX_DAG_ID='silver_s3' AIRFLOW_CTX_TASK_ID='process_parquet_files' AIRFLOW_CTX_EXECUTION_DATE='2023-05-06T00:00:00+00:00' AIRFLOW_CTX_TRY_NUMBER='1' AIRFLOW_CTX_DAG_RUN_ID='scheduled__2023-05-06T00:00:00+00:00'
[2024-05-19T20:26:38.065+0000] {taskinstance.py:430} INFO - ::endgroup::
[2024-05-19T20:26:38.080+0000] {base.py:84} INFO - Using connection ID 'aws_s3' for task execution.
[2024-05-19T20:26:38.082+0000] {connection_wrapper.py:384} INFO - AWS Connection (conn_id='aws_s3', conn_type='aws') credentials retrieved from login and password.
[2024-05-19T20:26:42.775+0000] {logging_mixin.py:188} INFO - No .parquet files found.
[2024-05-19T20:26:42.777+0000] {python.py:237} INFO - Done. Returned value was: None
[2024-05-19T20:26:42.778+0000] {taskinstance.py:441} INFO - ::group::Post task execution logs
[2024-05-19T20:26:42.786+0000] {taskinstance.py:1206} INFO - Marking task as SUCCESS. dag_id=silver_s3, task_id=process_parquet_files, run_id=scheduled__2023-05-06T00:00:00+00:00, execution_date=20230506T000000, start_date=20240519T202637, end_date=20240519T202642
[2024-05-19T20:26:42.837+0000] {local_task_job_runner.py:240} INFO - Task exited with return code 0
[2024-05-19T20:26:42.852+0000] {taskinstance.py:3498} INFO - 0 downstream tasks scheduled from follow-on schedule check
[2024-05-19T20:26:42.853+0000] {local_task_job_runner.py:222} INFO - ::endgroup::
[2024-05-19T20:31:39.968+0000] {local_task_job_runner.py:120} INFO - ::group::Pre task execution logs
[2024-05-19T20:31:39.976+0000] {taskinstance.py:2076} INFO - Dependencies all met for dep_context=non-requeueable deps ti=<TaskInstance: silver_s3.process_parquet_files scheduled__2023-05-06T00:00:00+00:00 [queued]>
[2024-05-19T20:31:39.979+0000] {taskinstance.py:2076} INFO - Dependencies all met for dep_context=requeueable deps ti=<TaskInstance: silver_s3.process_parquet_files scheduled__2023-05-06T00:00:00+00:00 [queued]>
[2024-05-19T20:31:39.979+0000] {taskinstance.py:2306} INFO - Starting attempt 1 of 2
[2024-05-19T20:31:39.985+0000] {taskinstance.py:2330} INFO - Executing <Task(PythonOperator): process_parquet_files> on 2023-05-06 00:00:00+00:00
[2024-05-19T20:31:39.988+0000] {warnings.py:110} WARNING - /home/***/.local/lib/python3.12/site-packages/***/task/task_runner/standard_task_runner.py:61: DeprecationWarning: This process (pid=1422) is multi-threaded, use of fork() may lead to deadlocks in the child.
  pid = os.fork()

[2024-05-19T20:31:39.989+0000] {standard_task_runner.py:63} INFO - Started process 1424 to run task
[2024-05-19T20:31:39.990+0000] {standard_task_runner.py:90} INFO - Running: ['***', 'tasks', 'run', 'silver_s3', 'process_parquet_files', 'scheduled__2023-05-06T00:00:00+00:00', '--job-id', '355', '--raw', '--subdir', 'DAGS_FOLDER/silver_s3.py', '--cfg-path', '/tmp/tmp6p95671m']
[2024-05-19T20:31:39.992+0000] {standard_task_runner.py:91} INFO - Job 355: Subtask process_parquet_files
[2024-05-19T20:31:40.014+0000] {task_command.py:426} INFO - Running <TaskInstance: silver_s3.process_parquet_files scheduled__2023-05-06T00:00:00+00:00 [running]> on host 620090466bc8
[2024-05-19T20:31:40.052+0000] {taskinstance.py:2648} INFO - Exporting env vars: AIRFLOW_CTX_DAG_OWNER='***' AIRFLOW_CTX_DAG_ID='silver_s3' AIRFLOW_CTX_TASK_ID='process_parquet_files' AIRFLOW_CTX_EXECUTION_DATE='2023-05-06T00:00:00+00:00' AIRFLOW_CTX_TRY_NUMBER='1' AIRFLOW_CTX_DAG_RUN_ID='scheduled__2023-05-06T00:00:00+00:00'
[2024-05-19T20:31:40.054+0000] {taskinstance.py:430} INFO - ::endgroup::
[2024-05-19T20:31:40.065+0000] {base.py:84} INFO - Using connection ID 'aws_s3' for task execution.
[2024-05-19T20:31:40.065+0000] {connection_wrapper.py:384} INFO - AWS Connection (conn_id='aws_s3', conn_type='aws') credentials retrieved from login and password.
[2024-05-19T20:31:54.544+0000] {python.py:237} INFO - Done. Returned value was: None
[2024-05-19T20:31:54.552+0000] {taskinstance.py:441} INFO - ::group::Post task execution logs
[2024-05-19T20:31:54.577+0000] {taskinstance.py:1206} INFO - Marking task as SUCCESS. dag_id=silver_s3, task_id=process_parquet_files, run_id=scheduled__2023-05-06T00:00:00+00:00, execution_date=20230506T000000, start_date=20240519T203139, end_date=20240519T203154
[2024-05-19T20:31:54.638+0000] {local_task_job_runner.py:240} INFO - Task exited with return code 0
[2024-05-19T20:31:54.653+0000] {taskinstance.py:3498} INFO - 0 downstream tasks scheduled from follow-on schedule check
[2024-05-19T20:31:54.654+0000] {local_task_job_runner.py:222} INFO - ::endgroup::
