[2024-05-19T20:26:36.233+0000] {local_task_job_runner.py:120} INFO - ::group::Pre task execution logs
[2024-05-19T20:26:36.251+0000] {taskinstance.py:2076} INFO - Dependencies all met for dep_context=non-requeueable deps ti=<TaskInstance: silver_s3.process_parquet_files scheduled__2023-04-26T00:00:00+00:00 [queued]>
[2024-05-19T20:26:36.263+0000] {taskinstance.py:2076} INFO - Dependencies all met for dep_context=requeueable deps ti=<TaskInstance: silver_s3.process_parquet_files scheduled__2023-04-26T00:00:00+00:00 [queued]>
[2024-05-19T20:26:36.268+0000] {taskinstance.py:2306} INFO - Starting attempt 1 of 2
[2024-05-19T20:26:36.288+0000] {taskinstance.py:2330} INFO - Executing <Task(PythonOperator): process_parquet_files> on 2023-04-26 00:00:00+00:00
[2024-05-19T20:26:36.301+0000] {warnings.py:110} WARNING - /home/***/.local/lib/python3.12/site-packages/***/task/task_runner/standard_task_runner.py:61: DeprecationWarning: This process (pid=687) is multi-threaded, use of fork() may lead to deadlocks in the child.
  pid = os.fork()

[2024-05-19T20:26:36.308+0000] {standard_task_runner.py:63} INFO - Started process 709 to run task
[2024-05-19T20:26:36.305+0000] {standard_task_runner.py:90} INFO - Running: ['***', 'tasks', 'run', 'silver_s3', 'process_parquet_files', 'scheduled__2023-04-26T00:00:00+00:00', '--job-id', '245', '--raw', '--subdir', 'DAGS_FOLDER/silver_s3.py', '--cfg-path', '/tmp/tmpken4yje3']
[2024-05-19T20:26:36.312+0000] {standard_task_runner.py:91} INFO - Job 245: Subtask process_parquet_files
[2024-05-19T20:26:36.385+0000] {task_command.py:426} INFO - Running <TaskInstance: silver_s3.process_parquet_files scheduled__2023-04-26T00:00:00+00:00 [running]> on host 620090466bc8
[2024-05-19T20:26:36.553+0000] {taskinstance.py:2648} INFO - Exporting env vars: AIRFLOW_CTX_DAG_OWNER='***' AIRFLOW_CTX_DAG_ID='silver_s3' AIRFLOW_CTX_TASK_ID='process_parquet_files' AIRFLOW_CTX_EXECUTION_DATE='2023-04-26T00:00:00+00:00' AIRFLOW_CTX_TRY_NUMBER='1' AIRFLOW_CTX_DAG_RUN_ID='scheduled__2023-04-26T00:00:00+00:00'
[2024-05-19T20:26:36.557+0000] {taskinstance.py:430} INFO - ::endgroup::
[2024-05-19T20:26:36.606+0000] {base.py:84} INFO - Using connection ID 'aws_s3' for task execution.
[2024-05-19T20:26:36.608+0000] {connection_wrapper.py:384} INFO - AWS Connection (conn_id='aws_s3', conn_type='aws') credentials retrieved from login and password.
[2024-05-19T20:26:41.552+0000] {logging_mixin.py:188} INFO - No .parquet files found.
[2024-05-19T20:26:41.555+0000] {python.py:237} INFO - Done. Returned value was: None
[2024-05-19T20:26:41.558+0000] {taskinstance.py:441} INFO - ::group::Post task execution logs
[2024-05-19T20:26:41.567+0000] {taskinstance.py:1206} INFO - Marking task as SUCCESS. dag_id=silver_s3, task_id=process_parquet_files, run_id=scheduled__2023-04-26T00:00:00+00:00, execution_date=20230426T000000, start_date=20240519T202636, end_date=20240519T202641
[2024-05-19T20:26:41.589+0000] {local_task_job_runner.py:240} INFO - Task exited with return code 0
[2024-05-19T20:26:41.598+0000] {local_task_job_runner.py:222} INFO - ::endgroup::
[2024-05-19T20:31:01.769+0000] {local_task_job_runner.py:120} INFO - ::group::Pre task execution logs
[2024-05-19T20:31:01.813+0000] {taskinstance.py:2076} INFO - Dependencies all met for dep_context=non-requeueable deps ti=<TaskInstance: silver_s3.process_parquet_files scheduled__2023-04-26T00:00:00+00:00 [queued]>
[2024-05-19T20:31:01.832+0000] {taskinstance.py:2076} INFO - Dependencies all met for dep_context=requeueable deps ti=<TaskInstance: silver_s3.process_parquet_files scheduled__2023-04-26T00:00:00+00:00 [queued]>
[2024-05-19T20:31:01.835+0000] {taskinstance.py:2306} INFO - Starting attempt 1 of 2
[2024-05-19T20:31:01.883+0000] {taskinstance.py:2330} INFO - Executing <Task(PythonOperator): process_parquet_files> on 2023-04-26 00:00:00+00:00
[2024-05-19T20:31:01.896+0000] {warnings.py:110} WARNING - /home/***/.local/lib/python3.12/site-packages/***/task/task_runner/standard_task_runner.py:61: DeprecationWarning: This process (pid=1080) is multi-threaded, use of fork() may lead to deadlocks in the child.
  pid = os.fork()

[2024-05-19T20:31:01.905+0000] {standard_task_runner.py:63} INFO - Started process 1102 to run task
[2024-05-19T20:31:01.902+0000] {standard_task_runner.py:90} INFO - Running: ['***', 'tasks', 'run', 'silver_s3', 'process_parquet_files', 'scheduled__2023-04-26T00:00:00+00:00', '--job-id', '345', '--raw', '--subdir', 'DAGS_FOLDER/silver_s3.py', '--cfg-path', '/tmp/tmpbljbv31z']
[2024-05-19T20:31:01.924+0000] {standard_task_runner.py:91} INFO - Job 345: Subtask process_parquet_files
[2024-05-19T20:31:02.033+0000] {task_command.py:426} INFO - Running <TaskInstance: silver_s3.process_parquet_files scheduled__2023-04-26T00:00:00+00:00 [running]> on host 620090466bc8
[2024-05-19T20:31:02.143+0000] {taskinstance.py:2648} INFO - Exporting env vars: AIRFLOW_CTX_DAG_OWNER='***' AIRFLOW_CTX_DAG_ID='silver_s3' AIRFLOW_CTX_TASK_ID='process_parquet_files' AIRFLOW_CTX_EXECUTION_DATE='2023-04-26T00:00:00+00:00' AIRFLOW_CTX_TRY_NUMBER='1' AIRFLOW_CTX_DAG_RUN_ID='scheduled__2023-04-26T00:00:00+00:00'
[2024-05-19T20:31:02.147+0000] {taskinstance.py:430} INFO - ::endgroup::
[2024-05-19T20:31:02.183+0000] {base.py:84} INFO - Using connection ID 'aws_s3' for task execution.
[2024-05-19T20:31:02.186+0000] {connection_wrapper.py:384} INFO - AWS Connection (conn_id='aws_s3', conn_type='aws') credentials retrieved from login and password.
[2024-05-19T20:31:23.658+0000] {taskinstance.py:441} INFO - ::group::Post task execution logs
[2024-05-19T20:31:23.662+0000] {taskinstance.py:2905} ERROR - Task failed with exception
Traceback (most recent call last):
  File "/home/airflow/.local/lib/python3.12/site-packages/airflow/models/taskinstance.py", line 465, in _execute_task
    result = _execute_callable(context=context, **execute_callable_kwargs)
             ^^^^^^^^^^^^^^^^^^^^^^^^^^^^^^^^^^^^^^^^^^^^^^^^^^^^^^^^^^^^^
  File "/home/airflow/.local/lib/python3.12/site-packages/airflow/models/taskinstance.py", line 432, in _execute_callable
    return execute_callable(context=context, **execute_callable_kwargs)
           ^^^^^^^^^^^^^^^^^^^^^^^^^^^^^^^^^^^^^^^^^^^^^^^^^^^^^^^^^^^^
  File "/home/airflow/.local/lib/python3.12/site-packages/airflow/models/baseoperator.py", line 400, in wrapper
    return func(self, *args, **kwargs)
           ^^^^^^^^^^^^^^^^^^^^^^^^^^^
  File "/home/airflow/.local/lib/python3.12/site-packages/airflow/operators/python.py", line 235, in execute
    return_value = self.execute_callable()
                   ^^^^^^^^^^^^^^^^^^^^^^^
  File "/home/airflow/.local/lib/python3.12/site-packages/airflow/operators/python.py", line 252, in execute_callable
    return self.python_callable(*self.op_args, **self.op_kwargs)
           ^^^^^^^^^^^^^^^^^^^^^^^^^^^^^^^^^^^^^^^^^^^^^^^^^^^^^
  File "/opt/airflow/dags/silver_s3.py", line 68, in process_parquet_files
    os.remove(file_path)
FileNotFoundError: [Errno 2] No such file or directory: '/tmp/disney_data_20240518T000000.parquet'
[2024-05-19T20:31:23.672+0000] {taskinstance.py:1206} INFO - Marking task as UP_FOR_RETRY. dag_id=silver_s3, task_id=process_parquet_files, run_id=scheduled__2023-04-26T00:00:00+00:00, execution_date=20230426T000000, start_date=20240519T203101, end_date=20240519T203123
[2024-05-19T20:31:23.680+0000] {standard_task_runner.py:110} ERROR - Failed to execute job 345 for task process_parquet_files ([Errno 2] No such file or directory: '/tmp/disney_data_20240518T000000.parquet'; 1102)
[2024-05-19T20:31:23.701+0000] {local_task_job_runner.py:240} INFO - Task exited with return code 1
[2024-05-19T20:31:23.712+0000] {taskinstance.py:3498} INFO - 0 downstream tasks scheduled from follow-on schedule check
[2024-05-19T20:31:23.712+0000] {local_task_job_runner.py:222} INFO - ::endgroup::
