[2024-05-19T20:36:50.006+0000] {local_task_job_runner.py:120} INFO - ::group::Pre task execution logs
[2024-05-19T20:36:50.015+0000] {taskinstance.py:2076} INFO - Dependencies all met for dep_context=non-requeueable deps ti=<TaskInstance: silver_s3.process_parquet_files scheduled__2023-05-02T00:00:00+00:00 [queued]>
[2024-05-19T20:36:50.018+0000] {taskinstance.py:2076} INFO - Dependencies all met for dep_context=requeueable deps ti=<TaskInstance: silver_s3.process_parquet_files scheduled__2023-05-02T00:00:00+00:00 [queued]>
[2024-05-19T20:36:50.018+0000] {taskinstance.py:2306} INFO - Starting attempt 2 of 2
[2024-05-19T20:36:50.023+0000] {taskinstance.py:2330} INFO - Executing <Task(PythonOperator): process_parquet_files> on 2023-05-02 00:00:00+00:00
[2024-05-19T20:36:50.027+0000] {warnings.py:110} WARNING - /home/***/.local/lib/python3.12/site-packages/***/task/task_runner/standard_task_runner.py:61: DeprecationWarning: This process (pid=1969) is multi-threaded, use of fork() may lead to deadlocks in the child.
  pid = os.fork()

[2024-05-19T20:36:50.029+0000] {standard_task_runner.py:63} INFO - Started process 1973 to run task
[2024-05-19T20:36:50.031+0000] {standard_task_runner.py:90} INFO - Running: ['***', 'tasks', 'run', 'silver_s3', 'process_parquet_files', 'scheduled__2023-05-02T00:00:00+00:00', '--job-id', '377', '--raw', '--subdir', 'DAGS_FOLDER/silver_s3.py', '--cfg-path', '/tmp/tmpgga3b8d8']
[2024-05-19T20:36:50.033+0000] {standard_task_runner.py:91} INFO - Job 377: Subtask process_parquet_files
[2024-05-19T20:36:50.083+0000] {task_command.py:426} INFO - Running <TaskInstance: silver_s3.process_parquet_files scheduled__2023-05-02T00:00:00+00:00 [running]> on host 620090466bc8
[2024-05-19T20:36:50.148+0000] {taskinstance.py:2648} INFO - Exporting env vars: AIRFLOW_CTX_DAG_OWNER='***' AIRFLOW_CTX_DAG_ID='silver_s3' AIRFLOW_CTX_TASK_ID='process_parquet_files' AIRFLOW_CTX_EXECUTION_DATE='2023-05-02T00:00:00+00:00' AIRFLOW_CTX_TRY_NUMBER='2' AIRFLOW_CTX_DAG_RUN_ID='scheduled__2023-05-02T00:00:00+00:00'
[2024-05-19T20:36:50.149+0000] {taskinstance.py:430} INFO - ::endgroup::
[2024-05-19T20:36:50.161+0000] {base.py:84} INFO - Using connection ID 'aws_s3' for task execution.
[2024-05-19T20:36:50.162+0000] {connection_wrapper.py:384} INFO - AWS Connection (conn_id='aws_s3', conn_type='aws') credentials retrieved from login and password.
[2024-05-19T20:36:57.656+0000] {python.py:237} INFO - Done. Returned value was: None
[2024-05-19T20:36:57.660+0000] {taskinstance.py:441} INFO - ::group::Post task execution logs
[2024-05-19T20:36:57.676+0000] {taskinstance.py:1206} INFO - Marking task as SUCCESS. dag_id=silver_s3, task_id=process_parquet_files, run_id=scheduled__2023-05-02T00:00:00+00:00, execution_date=20230502T000000, start_date=20240519T203650, end_date=20240519T203657
[2024-05-19T20:36:57.728+0000] {local_task_job_runner.py:240} INFO - Task exited with return code 0
[2024-05-19T20:36:57.744+0000] {taskinstance.py:3498} INFO - 0 downstream tasks scheduled from follow-on schedule check
[2024-05-19T20:36:57.745+0000] {local_task_job_runner.py:222} INFO - ::endgroup::
