[2024-05-19T15:51:32.294+0000] {local_task_job_runner.py:120} INFO - ::group::Pre task execution logs
[2024-05-19T15:51:32.301+0000] {taskinstance.py:2076} INFO - Dependencies all met for dep_context=non-requeueable deps ti=<TaskInstance: disney_data_pipeline.query_disney_api manual__2024-05-19T15:51:30.956075+00:00 [queued]>
[2024-05-19T15:51:32.304+0000] {taskinstance.py:2076} INFO - Dependencies all met for dep_context=requeueable deps ti=<TaskInstance: disney_data_pipeline.query_disney_api manual__2024-05-19T15:51:30.956075+00:00 [queued]>
[2024-05-19T15:51:32.304+0000] {taskinstance.py:2306} INFO - Starting attempt 1 of 2
[2024-05-19T15:51:32.310+0000] {taskinstance.py:2330} INFO - Executing <Task(PythonOperator): query_disney_api> on 2024-05-19 15:51:30.956075+00:00
[2024-05-19T15:51:32.314+0000] {warnings.py:110} WARNING - /home/***/.local/lib/python3.12/site-packages/***/task/task_runner/standard_task_runner.py:61: DeprecationWarning: This process (pid=704) is multi-threaded, use of fork() may lead to deadlocks in the child.
  pid = os.fork()

[2024-05-19T15:51:32.316+0000] {standard_task_runner.py:63} INFO - Started process 710 to run task
[2024-05-19T15:51:32.316+0000] {standard_task_runner.py:90} INFO - Running: ['***', 'tasks', 'run', 'disney_data_pipeline', 'query_disney_api', 'manual__2024-05-19T15:51:30.956075+00:00', '--job-id', '22', '--raw', '--subdir', 'DAGS_FOLDER/api_disney.py', '--cfg-path', '/tmp/tmptwtumanw']
[2024-05-19T15:51:32.318+0000] {standard_task_runner.py:91} INFO - Job 22: Subtask query_disney_api
[2024-05-19T15:51:32.340+0000] {task_command.py:426} INFO - Running <TaskInstance: disney_data_pipeline.query_disney_api manual__2024-05-19T15:51:30.956075+00:00 [running]> on host 620090466bc8
[2024-05-19T15:51:32.371+0000] {taskinstance.py:2648} INFO - Exporting env vars: AIRFLOW_CTX_DAG_EMAIL='***@example.com' AIRFLOW_CTX_DAG_OWNER='***' AIRFLOW_CTX_DAG_ID='disney_data_pipeline' AIRFLOW_CTX_TASK_ID='query_disney_api' AIRFLOW_CTX_EXECUTION_DATE='2024-05-19T15:51:30.956075+00:00' AIRFLOW_CTX_TRY_NUMBER='1' AIRFLOW_CTX_DAG_RUN_ID='manual__2024-05-19T15:51:30.956075+00:00'
[2024-05-19T15:51:32.372+0000] {taskinstance.py:430} INFO - ::endgroup::
[2024-05-19T15:51:32.849+0000] {logging_mixin.py:188} INFO - Error: 404 Client Error: Not Found for url: https://api.disneyapi.dev/characters
[2024-05-19T15:51:32.850+0000] {python.py:237} INFO - Done. Returned value was: None
[2024-05-19T15:51:32.851+0000] {taskinstance.py:441} INFO - ::group::Post task execution logs
[2024-05-19T15:51:32.855+0000] {taskinstance.py:1206} INFO - Marking task as SUCCESS. dag_id=disney_data_pipeline, task_id=query_disney_api, run_id=manual__2024-05-19T15:51:30.956075+00:00, execution_date=20240519T155130, start_date=20240519T155132, end_date=20240519T155132
[2024-05-19T15:51:32.894+0000] {local_task_job_runner.py:240} INFO - Task exited with return code 0
[2024-05-19T15:51:32.903+0000] {taskinstance.py:3498} INFO - 1 downstream tasks scheduled from follow-on schedule check
[2024-05-19T15:51:32.904+0000] {local_task_job_runner.py:222} INFO - ::endgroup::
