[2024-05-19T20:25:00.509+0000] {local_task_job_runner.py:120} INFO - ::group::Pre task execution logs
[2024-05-19T20:25:00.529+0000] {taskinstance.py:2076} INFO - Dependencies all met for dep_context=non-requeueable deps ti=<TaskInstance: silver_s3.process_parquet_files scheduled__2023-01-11T00:00:00+00:00 [queued]>
[2024-05-19T20:25:00.538+0000] {taskinstance.py:2076} INFO - Dependencies all met for dep_context=requeueable deps ti=<TaskInstance: silver_s3.process_parquet_files scheduled__2023-01-11T00:00:00+00:00 [queued]>
[2024-05-19T20:25:00.539+0000] {taskinstance.py:2306} INFO - Starting attempt 1 of 2
[2024-05-19T20:25:00.555+0000] {taskinstance.py:2330} INFO - Executing <Task(PythonOperator): process_parquet_files> on 2023-01-11 00:00:00+00:00
[2024-05-19T20:25:00.576+0000] {warnings.py:110} WARNING - /home/***/.local/lib/python3.12/site-packages/***/task/task_runner/standard_task_runner.py:61: DeprecationWarning: This process (pid=344) is multi-threaded, use of fork() may lead to deadlocks in the child.
  pid = os.fork()

[2024-05-19T20:25:00.579+0000] {standard_task_runner.py:63} INFO - Started process 371 to run task
[2024-05-19T20:25:00.579+0000] {standard_task_runner.py:90} INFO - Running: ['***', 'tasks', 'run', 'silver_s3', 'process_parquet_files', 'scheduled__2023-01-11T00:00:00+00:00', '--job-id', '139', '--raw', '--subdir', 'DAGS_FOLDER/silver_s3.py', '--cfg-path', '/tmp/tmpn78if1m0']
[2024-05-19T20:25:00.582+0000] {standard_task_runner.py:91} INFO - Job 139: Subtask process_parquet_files
[2024-05-19T20:25:00.682+0000] {task_command.py:426} INFO - Running <TaskInstance: silver_s3.process_parquet_files scheduled__2023-01-11T00:00:00+00:00 [running]> on host 620090466bc8
[2024-05-19T20:25:00.770+0000] {taskinstance.py:2648} INFO - Exporting env vars: AIRFLOW_CTX_DAG_OWNER='***' AIRFLOW_CTX_DAG_ID='silver_s3' AIRFLOW_CTX_TASK_ID='process_parquet_files' AIRFLOW_CTX_EXECUTION_DATE='2023-01-11T00:00:00+00:00' AIRFLOW_CTX_TRY_NUMBER='1' AIRFLOW_CTX_DAG_RUN_ID='scheduled__2023-01-11T00:00:00+00:00'
[2024-05-19T20:25:00.772+0000] {taskinstance.py:430} INFO - ::endgroup::
[2024-05-19T20:25:00.788+0000] {base.py:84} INFO - Using connection ID 'aws_s3' for task execution.
[2024-05-19T20:25:00.790+0000] {connection_wrapper.py:384} INFO - AWS Connection (conn_id='aws_s3', conn_type='aws') credentials retrieved from login and password.
[2024-05-19T20:25:05.687+0000] {logging_mixin.py:188} INFO - No .parquet files found.
[2024-05-19T20:25:05.692+0000] {python.py:237} INFO - Done. Returned value was: None
[2024-05-19T20:25:05.694+0000] {taskinstance.py:441} INFO - ::group::Post task execution logs
[2024-05-19T20:25:05.708+0000] {taskinstance.py:1206} INFO - Marking task as SUCCESS. dag_id=silver_s3, task_id=process_parquet_files, run_id=scheduled__2023-01-11T00:00:00+00:00, execution_date=20230111T000000, start_date=20240519T202500, end_date=20240519T202505
[2024-05-19T20:25:05.740+0000] {local_task_job_runner.py:240} INFO - Task exited with return code 0
[2024-05-19T20:25:05.763+0000] {taskinstance.py:3498} INFO - 0 downstream tasks scheduled from follow-on schedule check
[2024-05-19T20:25:05.765+0000] {local_task_job_runner.py:222} INFO - ::endgroup::
