[2024-05-19T20:27:01.231+0000] {local_task_job_runner.py:120} INFO - ::group::Pre task execution logs
[2024-05-19T20:27:01.252+0000] {taskinstance.py:2076} INFO - Dependencies all met for dep_context=non-requeueable deps ti=<TaskInstance: silver_s3.process_parquet_files scheduled__2023-06-04T00:00:00+00:00 [queued]>
[2024-05-19T20:27:01.262+0000] {taskinstance.py:2076} INFO - Dependencies all met for dep_context=requeueable deps ti=<TaskInstance: silver_s3.process_parquet_files scheduled__2023-06-04T00:00:00+00:00 [queued]>
[2024-05-19T20:27:01.263+0000] {taskinstance.py:2306} INFO - Starting attempt 1 of 2
[2024-05-19T20:27:01.281+0000] {taskinstance.py:2330} INFO - Executing <Task(PythonOperator): process_parquet_files> on 2023-06-04 00:00:00+00:00
[2024-05-19T20:27:01.298+0000] {warnings.py:110} WARNING - /home/***/.local/lib/python3.12/site-packages/***/task/task_runner/standard_task_runner.py:61: DeprecationWarning: This process (pid=808) is multi-threaded, use of fork() may lead to deadlocks in the child.
  pid = os.fork()

[2024-05-19T20:27:01.304+0000] {standard_task_runner.py:63} INFO - Started process 828 to run task
[2024-05-19T20:27:01.303+0000] {standard_task_runner.py:90} INFO - Running: ['***', 'tasks', 'run', 'silver_s3', 'process_parquet_files', 'scheduled__2023-06-04T00:00:00+00:00', '--job-id', '284', '--raw', '--subdir', 'DAGS_FOLDER/silver_s3.py', '--cfg-path', '/tmp/tmpmwvycmwo']
[2024-05-19T20:27:01.311+0000] {standard_task_runner.py:91} INFO - Job 284: Subtask process_parquet_files
[2024-05-19T20:27:01.403+0000] {task_command.py:426} INFO - Running <TaskInstance: silver_s3.process_parquet_files scheduled__2023-06-04T00:00:00+00:00 [running]> on host 620090466bc8
[2024-05-19T20:27:01.533+0000] {taskinstance.py:2648} INFO - Exporting env vars: AIRFLOW_CTX_DAG_OWNER='***' AIRFLOW_CTX_DAG_ID='silver_s3' AIRFLOW_CTX_TASK_ID='process_parquet_files' AIRFLOW_CTX_EXECUTION_DATE='2023-06-04T00:00:00+00:00' AIRFLOW_CTX_TRY_NUMBER='1' AIRFLOW_CTX_DAG_RUN_ID='scheduled__2023-06-04T00:00:00+00:00'
[2024-05-19T20:27:01.536+0000] {taskinstance.py:430} INFO - ::endgroup::
[2024-05-19T20:27:01.558+0000] {base.py:84} INFO - Using connection ID 'aws_s3' for task execution.
[2024-05-19T20:27:01.558+0000] {connection_wrapper.py:384} INFO - AWS Connection (conn_id='aws_s3', conn_type='aws') credentials retrieved from login and password.
[2024-05-19T20:27:06.445+0000] {logging_mixin.py:188} INFO - No .parquet files found.
[2024-05-19T20:27:06.451+0000] {python.py:237} INFO - Done. Returned value was: None
[2024-05-19T20:27:06.453+0000] {taskinstance.py:441} INFO - ::group::Post task execution logs
[2024-05-19T20:27:06.464+0000] {taskinstance.py:1206} INFO - Marking task as SUCCESS. dag_id=silver_s3, task_id=process_parquet_files, run_id=scheduled__2023-06-04T00:00:00+00:00, execution_date=20230604T000000, start_date=20240519T202701, end_date=20240519T202706
[2024-05-19T20:27:06.500+0000] {local_task_job_runner.py:240} INFO - Task exited with return code 0
[2024-05-19T20:27:06.507+0000] {local_task_job_runner.py:222} INFO - ::endgroup::
[2024-05-19T20:39:02.651+0000] {local_task_job_runner.py:120} INFO - ::group::Pre task execution logs
[2024-05-19T20:39:02.659+0000] {taskinstance.py:2076} INFO - Dependencies all met for dep_context=non-requeueable deps ti=<TaskInstance: silver_s3.process_parquet_files scheduled__2023-06-04T00:00:00+00:00 [queued]>
[2024-05-19T20:39:02.663+0000] {taskinstance.py:2076} INFO - Dependencies all met for dep_context=requeueable deps ti=<TaskInstance: silver_s3.process_parquet_files scheduled__2023-06-04T00:00:00+00:00 [queued]>
[2024-05-19T20:39:02.663+0000] {taskinstance.py:2306} INFO - Starting attempt 1 of 2
[2024-05-19T20:39:02.668+0000] {taskinstance.py:2330} INFO - Executing <Task(PythonOperator): process_parquet_files> on 2023-06-04 00:00:00+00:00
[2024-05-19T20:39:02.672+0000] {warnings.py:110} WARNING - /home/***/.local/lib/python3.12/site-packages/***/task/task_runner/standard_task_runner.py:61: DeprecationWarning: This process (pid=2509) is multi-threaded, use of fork() may lead to deadlocks in the child.
  pid = os.fork()

[2024-05-19T20:39:02.673+0000] {standard_task_runner.py:63} INFO - Started process 2511 to run task
[2024-05-19T20:39:02.674+0000] {standard_task_runner.py:90} INFO - Running: ['***', 'tasks', 'run', 'silver_s3', 'process_parquet_files', 'scheduled__2023-06-04T00:00:00+00:00', '--job-id', '400', '--raw', '--subdir', 'DAGS_FOLDER/silver_s3.py', '--cfg-path', '/tmp/tmpkoe7n_ll']
[2024-05-19T20:39:02.676+0000] {standard_task_runner.py:91} INFO - Job 400: Subtask process_parquet_files
[2024-05-19T20:39:02.699+0000] {task_command.py:426} INFO - Running <TaskInstance: silver_s3.process_parquet_files scheduled__2023-06-04T00:00:00+00:00 [running]> on host 620090466bc8
[2024-05-19T20:39:02.736+0000] {taskinstance.py:2648} INFO - Exporting env vars: AIRFLOW_CTX_DAG_OWNER='***' AIRFLOW_CTX_DAG_ID='silver_s3' AIRFLOW_CTX_TASK_ID='process_parquet_files' AIRFLOW_CTX_EXECUTION_DATE='2023-06-04T00:00:00+00:00' AIRFLOW_CTX_TRY_NUMBER='1' AIRFLOW_CTX_DAG_RUN_ID='scheduled__2023-06-04T00:00:00+00:00'
[2024-05-19T20:39:02.737+0000] {taskinstance.py:430} INFO - ::endgroup::
[2024-05-19T20:39:02.748+0000] {base.py:84} INFO - Using connection ID 'aws_s3' for task execution.
[2024-05-19T20:39:02.748+0000] {connection_wrapper.py:384} INFO - AWS Connection (conn_id='aws_s3', conn_type='aws') credentials retrieved from login and password.
[2024-05-19T20:39:10.950+0000] {python.py:237} INFO - Done. Returned value was: None
[2024-05-19T20:39:10.957+0000] {taskinstance.py:441} INFO - ::group::Post task execution logs
[2024-05-19T20:39:10.973+0000] {taskinstance.py:1206} INFO - Marking task as SUCCESS. dag_id=silver_s3, task_id=process_parquet_files, run_id=scheduled__2023-06-04T00:00:00+00:00, execution_date=20230604T000000, start_date=20240519T203902, end_date=20240519T203910
[2024-05-19T20:39:11.015+0000] {local_task_job_runner.py:240} INFO - Task exited with return code 0
[2024-05-19T20:39:11.035+0000] {taskinstance.py:3498} INFO - 0 downstream tasks scheduled from follow-on schedule check
[2024-05-19T20:39:11.035+0000] {local_task_job_runner.py:222} INFO - ::endgroup::
