[2024-05-19T20:27:02.021+0000] {local_task_job_runner.py:120} INFO - ::group::Pre task execution logs
[2024-05-19T20:27:02.029+0000] {taskinstance.py:2076} INFO - Dependencies all met for dep_context=non-requeueable deps ti=<TaskInstance: silver_s3.process_parquet_files scheduled__2023-06-07T00:00:00+00:00 [queued]>
[2024-05-19T20:27:02.033+0000] {taskinstance.py:2076} INFO - Dependencies all met for dep_context=requeueable deps ti=<TaskInstance: silver_s3.process_parquet_files scheduled__2023-06-07T00:00:00+00:00 [queued]>
[2024-05-19T20:27:02.034+0000] {taskinstance.py:2306} INFO - Starting attempt 1 of 2
[2024-05-19T20:27:02.041+0000] {taskinstance.py:2330} INFO - Executing <Task(PythonOperator): process_parquet_files> on 2023-06-07 00:00:00+00:00
[2024-05-19T20:27:02.049+0000] {warnings.py:110} WARNING - /home/***/.local/lib/python3.12/site-packages/***/task/task_runner/standard_task_runner.py:61: DeprecationWarning: This process (pid=820) is multi-threaded, use of fork() may lead to deadlocks in the child.
  pid = os.fork()

[2024-05-19T20:27:02.052+0000] {standard_task_runner.py:63} INFO - Started process 832 to run task
[2024-05-19T20:27:02.053+0000] {standard_task_runner.py:90} INFO - Running: ['***', 'tasks', 'run', 'silver_s3', 'process_parquet_files', 'scheduled__2023-06-07T00:00:00+00:00', '--job-id', '287', '--raw', '--subdir', 'DAGS_FOLDER/silver_s3.py', '--cfg-path', '/tmp/tmp6rc9s4zw']
[2024-05-19T20:27:02.057+0000] {standard_task_runner.py:91} INFO - Job 287: Subtask process_parquet_files
[2024-05-19T20:27:02.094+0000] {task_command.py:426} INFO - Running <TaskInstance: silver_s3.process_parquet_files scheduled__2023-06-07T00:00:00+00:00 [running]> on host 620090466bc8
[2024-05-19T20:27:02.141+0000] {taskinstance.py:2648} INFO - Exporting env vars: AIRFLOW_CTX_DAG_OWNER='***' AIRFLOW_CTX_DAG_ID='silver_s3' AIRFLOW_CTX_TASK_ID='process_parquet_files' AIRFLOW_CTX_EXECUTION_DATE='2023-06-07T00:00:00+00:00' AIRFLOW_CTX_TRY_NUMBER='1' AIRFLOW_CTX_DAG_RUN_ID='scheduled__2023-06-07T00:00:00+00:00'
[2024-05-19T20:27:02.142+0000] {taskinstance.py:430} INFO - ::endgroup::
[2024-05-19T20:27:02.153+0000] {base.py:84} INFO - Using connection ID 'aws_s3' for task execution.
[2024-05-19T20:27:02.154+0000] {connection_wrapper.py:384} INFO - AWS Connection (conn_id='aws_s3', conn_type='aws') credentials retrieved from login and password.
[2024-05-19T20:27:06.833+0000] {logging_mixin.py:188} INFO - No .parquet files found.
[2024-05-19T20:27:06.837+0000] {python.py:237} INFO - Done. Returned value was: None
[2024-05-19T20:27:06.839+0000] {taskinstance.py:441} INFO - ::group::Post task execution logs
[2024-05-19T20:27:06.856+0000] {taskinstance.py:1206} INFO - Marking task as SUCCESS. dag_id=silver_s3, task_id=process_parquet_files, run_id=scheduled__2023-06-07T00:00:00+00:00, execution_date=20230607T000000, start_date=20240519T202702, end_date=20240519T202706
[2024-05-19T20:27:06.911+0000] {local_task_job_runner.py:240} INFO - Task exited with return code 0
[2024-05-19T20:27:06.934+0000] {taskinstance.py:3498} INFO - 0 downstream tasks scheduled from follow-on schedule check
[2024-05-19T20:27:06.935+0000] {local_task_job_runner.py:222} INFO - ::endgroup::
[2024-05-19T20:40:22.030+0000] {local_task_job_runner.py:120} INFO - ::group::Pre task execution logs
[2024-05-19T20:40:22.053+0000] {taskinstance.py:2076} INFO - Dependencies all met for dep_context=non-requeueable deps ti=<TaskInstance: silver_s3.process_parquet_files scheduled__2023-06-07T00:00:00+00:00 [queued]>
[2024-05-19T20:40:22.066+0000] {taskinstance.py:2076} INFO - Dependencies all met for dep_context=requeueable deps ti=<TaskInstance: silver_s3.process_parquet_files scheduled__2023-06-07T00:00:00+00:00 [queued]>
[2024-05-19T20:40:22.068+0000] {taskinstance.py:2306} INFO - Starting attempt 1 of 2
[2024-05-19T20:40:22.125+0000] {taskinstance.py:2330} INFO - Executing <Task(PythonOperator): process_parquet_files> on 2023-06-07 00:00:00+00:00
[2024-05-19T20:40:22.131+0000] {warnings.py:110} WARNING - /home/***/.local/lib/python3.12/site-packages/***/task/task_runner/standard_task_runner.py:61: DeprecationWarning: This process (pid=2579) is multi-threaded, use of fork() may lead to deadlocks in the child.
  pid = os.fork()

[2024-05-19T20:40:22.138+0000] {standard_task_runner.py:63} INFO - Started process 2597 to run task
[2024-05-19T20:40:22.145+0000] {standard_task_runner.py:90} INFO - Running: ['***', 'tasks', 'run', 'silver_s3', 'process_parquet_files', 'scheduled__2023-06-07T00:00:00+00:00', '--job-id', '404', '--raw', '--subdir', 'DAGS_FOLDER/silver_s3.py', '--cfg-path', '/tmp/tmp94rzkzho']
[2024-05-19T20:40:22.152+0000] {standard_task_runner.py:91} INFO - Job 404: Subtask process_parquet_files
[2024-05-19T20:40:22.243+0000] {task_command.py:426} INFO - Running <TaskInstance: silver_s3.process_parquet_files scheduled__2023-06-07T00:00:00+00:00 [running]> on host 620090466bc8
[2024-05-19T20:40:22.370+0000] {taskinstance.py:2648} INFO - Exporting env vars: AIRFLOW_CTX_DAG_OWNER='***' AIRFLOW_CTX_DAG_ID='silver_s3' AIRFLOW_CTX_TASK_ID='process_parquet_files' AIRFLOW_CTX_EXECUTION_DATE='2023-06-07T00:00:00+00:00' AIRFLOW_CTX_TRY_NUMBER='1' AIRFLOW_CTX_DAG_RUN_ID='scheduled__2023-06-07T00:00:00+00:00'
[2024-05-19T20:40:22.381+0000] {taskinstance.py:430} INFO - ::endgroup::
[2024-05-19T20:40:22.418+0000] {base.py:84} INFO - Using connection ID 'aws_s3' for task execution.
[2024-05-19T20:40:22.421+0000] {connection_wrapper.py:384} INFO - AWS Connection (conn_id='aws_s3', conn_type='aws') credentials retrieved from login and password.
[2024-05-19T20:40:26.307+0000] {taskinstance.py:441} INFO - ::group::Post task execution logs
[2024-05-19T20:40:26.311+0000] {taskinstance.py:2905} ERROR - Task failed with exception
Traceback (most recent call last):
  File "/home/airflow/.local/lib/python3.12/site-packages/airflow/models/taskinstance.py", line 465, in _execute_task
    result = _execute_callable(context=context, **execute_callable_kwargs)
             ^^^^^^^^^^^^^^^^^^^^^^^^^^^^^^^^^^^^^^^^^^^^^^^^^^^^^^^^^^^^^
  File "/home/airflow/.local/lib/python3.12/site-packages/airflow/models/taskinstance.py", line 432, in _execute_callable
    return execute_callable(context=context, **execute_callable_kwargs)
           ^^^^^^^^^^^^^^^^^^^^^^^^^^^^^^^^^^^^^^^^^^^^^^^^^^^^^^^^^^^^
  File "/home/airflow/.local/lib/python3.12/site-packages/airflow/models/baseoperator.py", line 400, in wrapper
    return func(self, *args, **kwargs)
           ^^^^^^^^^^^^^^^^^^^^^^^^^^^
  File "/home/airflow/.local/lib/python3.12/site-packages/airflow/operators/python.py", line 235, in execute
    return_value = self.execute_callable()
                   ^^^^^^^^^^^^^^^^^^^^^^^
  File "/home/airflow/.local/lib/python3.12/site-packages/airflow/operators/python.py", line 252, in execute_callable
    return self.python_callable(*self.op_args, **self.op_kwargs)
           ^^^^^^^^^^^^^^^^^^^^^^^^^^^^^^^^^^^^^^^^^^^^^^^^^^^^^
  File "/opt/airflow/dags/silver_s3.py", line 67, in process_parquet_files
    os.remove(file_path)
FileNotFoundError: [Errno 2] No such file or directory: '/tmp/disney_data_20240518T000000.parquet'
[2024-05-19T20:40:26.330+0000] {taskinstance.py:1206} INFO - Marking task as UP_FOR_RETRY. dag_id=silver_s3, task_id=process_parquet_files, run_id=scheduled__2023-06-07T00:00:00+00:00, execution_date=20230607T000000, start_date=20240519T204022, end_date=20240519T204026
[2024-05-19T20:40:26.342+0000] {standard_task_runner.py:110} ERROR - Failed to execute job 404 for task process_parquet_files ([Errno 2] No such file or directory: '/tmp/disney_data_20240518T000000.parquet'; 2597)
[2024-05-19T20:40:26.385+0000] {local_task_job_runner.py:240} INFO - Task exited with return code 1
[2024-05-19T20:40:26.413+0000] {local_task_job_runner.py:222} INFO - ::endgroup::
