[2024-05-19T20:27:10.950+0000] {local_task_job_runner.py:120} INFO - ::group::Pre task execution logs
[2024-05-19T20:27:11.034+0000] {taskinstance.py:2076} INFO - Dependencies all met for dep_context=non-requeueable deps ti=<TaskInstance: silver_s3.process_parquet_files scheduled__2023-06-14T00:00:00+00:00 [queued]>
[2024-05-19T20:27:11.044+0000] {taskinstance.py:2076} INFO - Dependencies all met for dep_context=requeueable deps ti=<TaskInstance: silver_s3.process_parquet_files scheduled__2023-06-14T00:00:00+00:00 [queued]>
[2024-05-19T20:27:11.045+0000] {taskinstance.py:2306} INFO - Starting attempt 1 of 2
[2024-05-19T20:27:11.067+0000] {taskinstance.py:2330} INFO - Executing <Task(PythonOperator): process_parquet_files> on 2023-06-14 00:00:00+00:00
[2024-05-19T20:27:11.081+0000] {warnings.py:110} WARNING - /home/***/.local/lib/python3.12/site-packages/***/task/task_runner/standard_task_runner.py:61: DeprecationWarning: This process (pid=848) is multi-threaded, use of fork() may lead to deadlocks in the child.
  pid = os.fork()

[2024-05-19T20:27:11.089+0000] {standard_task_runner.py:63} INFO - Started process 867 to run task
[2024-05-19T20:27:11.101+0000] {standard_task_runner.py:90} INFO - Running: ['***', 'tasks', 'run', 'silver_s3', 'process_parquet_files', 'scheduled__2023-06-14T00:00:00+00:00', '--job-id', '294', '--raw', '--subdir', 'DAGS_FOLDER/silver_s3.py', '--cfg-path', '/tmp/tmp75zb0bxd']
[2024-05-19T20:27:11.120+0000] {standard_task_runner.py:91} INFO - Job 294: Subtask process_parquet_files
[2024-05-19T20:27:11.195+0000] {task_command.py:426} INFO - Running <TaskInstance: silver_s3.process_parquet_files scheduled__2023-06-14T00:00:00+00:00 [running]> on host 620090466bc8
[2024-05-19T20:27:11.431+0000] {taskinstance.py:2648} INFO - Exporting env vars: AIRFLOW_CTX_DAG_OWNER='***' AIRFLOW_CTX_DAG_ID='silver_s3' AIRFLOW_CTX_TASK_ID='process_parquet_files' AIRFLOW_CTX_EXECUTION_DATE='2023-06-14T00:00:00+00:00' AIRFLOW_CTX_TRY_NUMBER='1' AIRFLOW_CTX_DAG_RUN_ID='scheduled__2023-06-14T00:00:00+00:00'
[2024-05-19T20:27:11.439+0000] {taskinstance.py:430} INFO - ::endgroup::
[2024-05-19T20:27:11.510+0000] {base.py:84} INFO - Using connection ID 'aws_s3' for task execution.
[2024-05-19T20:27:11.518+0000] {connection_wrapper.py:384} INFO - AWS Connection (conn_id='aws_s3', conn_type='aws') credentials retrieved from login and password.
[2024-05-19T20:27:17.096+0000] {logging_mixin.py:188} INFO - No .parquet files found.
[2024-05-19T20:27:17.107+0000] {python.py:237} INFO - Done. Returned value was: None
[2024-05-19T20:27:17.109+0000] {taskinstance.py:441} INFO - ::group::Post task execution logs
[2024-05-19T20:27:17.120+0000] {taskinstance.py:1206} INFO - Marking task as SUCCESS. dag_id=silver_s3, task_id=process_parquet_files, run_id=scheduled__2023-06-14T00:00:00+00:00, execution_date=20230614T000000, start_date=20240519T202711, end_date=20240519T202717
[2024-05-19T20:27:17.155+0000] {local_task_job_runner.py:240} INFO - Task exited with return code 0
[2024-05-19T20:27:17.168+0000] {taskinstance.py:3498} INFO - 0 downstream tasks scheduled from follow-on schedule check
[2024-05-19T20:27:17.169+0000] {local_task_job_runner.py:222} INFO - ::endgroup::
[2024-05-19T20:40:23.799+0000] {local_task_job_runner.py:120} INFO - ::group::Pre task execution logs
[2024-05-19T20:40:23.887+0000] {taskinstance.py:2076} INFO - Dependencies all met for dep_context=non-requeueable deps ti=<TaskInstance: silver_s3.process_parquet_files scheduled__2023-06-14T00:00:00+00:00 [queued]>
[2024-05-19T20:40:23.915+0000] {taskinstance.py:2076} INFO - Dependencies all met for dep_context=requeueable deps ti=<TaskInstance: silver_s3.process_parquet_files scheduled__2023-06-14T00:00:00+00:00 [queued]>
[2024-05-19T20:40:23.925+0000] {taskinstance.py:2306} INFO - Starting attempt 1 of 2
[2024-05-19T20:40:23.980+0000] {taskinstance.py:2330} INFO - Executing <Task(PythonOperator): process_parquet_files> on 2023-06-14 00:00:00+00:00
[2024-05-19T20:40:24.021+0000] {warnings.py:110} WARNING - /home/***/.local/lib/python3.12/site-packages/***/task/task_runner/standard_task_runner.py:61: DeprecationWarning: This process (pid=2595) is multi-threaded, use of fork() may lead to deadlocks in the child.
  pid = os.fork()

[2024-05-19T20:40:24.030+0000] {standard_task_runner.py:90} INFO - Running: ['***', 'tasks', 'run', 'silver_s3', 'process_parquet_files', 'scheduled__2023-06-14T00:00:00+00:00', '--job-id', '411', '--raw', '--subdir', 'DAGS_FOLDER/silver_s3.py', '--cfg-path', '/tmp/tmpd55blfoc']
[2024-05-19T20:40:24.045+0000] {standard_task_runner.py:63} INFO - Started process 2617 to run task
[2024-05-19T20:40:24.045+0000] {standard_task_runner.py:91} INFO - Job 411: Subtask process_parquet_files
[2024-05-19T20:40:24.234+0000] {task_command.py:426} INFO - Running <TaskInstance: silver_s3.process_parquet_files scheduled__2023-06-14T00:00:00+00:00 [running]> on host 620090466bc8
[2024-05-19T20:40:24.456+0000] {taskinstance.py:2648} INFO - Exporting env vars: AIRFLOW_CTX_DAG_OWNER='***' AIRFLOW_CTX_DAG_ID='silver_s3' AIRFLOW_CTX_TASK_ID='process_parquet_files' AIRFLOW_CTX_EXECUTION_DATE='2023-06-14T00:00:00+00:00' AIRFLOW_CTX_TRY_NUMBER='1' AIRFLOW_CTX_DAG_RUN_ID='scheduled__2023-06-14T00:00:00+00:00'
[2024-05-19T20:40:24.464+0000] {taskinstance.py:430} INFO - ::endgroup::
[2024-05-19T20:40:24.513+0000] {base.py:84} INFO - Using connection ID 'aws_s3' for task execution.
[2024-05-19T20:40:24.517+0000] {connection_wrapper.py:384} INFO - AWS Connection (conn_id='aws_s3', conn_type='aws') credentials retrieved from login and password.
[2024-05-19T20:40:29.796+0000] {taskinstance.py:441} INFO - ::group::Post task execution logs
[2024-05-19T20:40:29.800+0000] {taskinstance.py:2905} ERROR - Task failed with exception
Traceback (most recent call last):
  File "/home/airflow/.local/lib/python3.12/site-packages/airflow/models/taskinstance.py", line 465, in _execute_task
    result = _execute_callable(context=context, **execute_callable_kwargs)
             ^^^^^^^^^^^^^^^^^^^^^^^^^^^^^^^^^^^^^^^^^^^^^^^^^^^^^^^^^^^^^
  File "/home/airflow/.local/lib/python3.12/site-packages/airflow/models/taskinstance.py", line 432, in _execute_callable
    return execute_callable(context=context, **execute_callable_kwargs)
           ^^^^^^^^^^^^^^^^^^^^^^^^^^^^^^^^^^^^^^^^^^^^^^^^^^^^^^^^^^^^
  File "/home/airflow/.local/lib/python3.12/site-packages/airflow/models/baseoperator.py", line 400, in wrapper
    return func(self, *args, **kwargs)
           ^^^^^^^^^^^^^^^^^^^^^^^^^^^
  File "/home/airflow/.local/lib/python3.12/site-packages/airflow/operators/python.py", line 235, in execute
    return_value = self.execute_callable()
                   ^^^^^^^^^^^^^^^^^^^^^^^
  File "/home/airflow/.local/lib/python3.12/site-packages/airflow/operators/python.py", line 252, in execute_callable
    return self.python_callable(*self.op_args, **self.op_kwargs)
           ^^^^^^^^^^^^^^^^^^^^^^^^^^^^^^^^^^^^^^^^^^^^^^^^^^^^^
  File "/opt/airflow/dags/silver_s3.py", line 67, in process_parquet_files
    os.remove(file_path)
FileNotFoundError: [Errno 2] No such file or directory: '/tmp/disney_data_20240518T000000.parquet'
[2024-05-19T20:40:29.817+0000] {taskinstance.py:1206} INFO - Marking task as UP_FOR_RETRY. dag_id=silver_s3, task_id=process_parquet_files, run_id=scheduled__2023-06-14T00:00:00+00:00, execution_date=20230614T000000, start_date=20240519T204023, end_date=20240519T204029
[2024-05-19T20:40:29.834+0000] {standard_task_runner.py:110} ERROR - Failed to execute job 411 for task process_parquet_files ([Errno 2] No such file or directory: '/tmp/disney_data_20240518T000000.parquet'; 2617)
[2024-05-19T20:40:29.872+0000] {local_task_job_runner.py:240} INFO - Task exited with return code 1
[2024-05-19T20:40:29.879+0000] {local_task_job_runner.py:222} INFO - ::endgroup::
