[2024-05-19T19:50:02.641+0000] {local_task_job_runner.py:120} INFO - ::group::Pre task execution logs
[2024-05-19T19:50:02.647+0000] {taskinstance.py:2076} INFO - Dependencies all met for dep_context=non-requeueable deps ti=<TaskInstance: disney_api_to_s3.save_to_s3 scheduled__2024-05-19T19:45:00+00:00 [queued]>
[2024-05-19T19:50:02.650+0000] {taskinstance.py:2076} INFO - Dependencies all met for dep_context=requeueable deps ti=<TaskInstance: disney_api_to_s3.save_to_s3 scheduled__2024-05-19T19:45:00+00:00 [queued]>
[2024-05-19T19:50:02.650+0000] {taskinstance.py:2306} INFO - Starting attempt 1 of 2
[2024-05-19T19:50:02.655+0000] {taskinstance.py:2330} INFO - Executing <Task(PythonOperator): save_to_s3> on 2024-05-19 19:45:00+00:00
[2024-05-19T19:50:02.658+0000] {warnings.py:110} WARNING - /home/***/.local/lib/python3.12/site-packages/***/task/task_runner/standard_task_runner.py:61: DeprecationWarning: This process (pid=661) is multi-threaded, use of fork() may lead to deadlocks in the child.
  pid = os.fork()

[2024-05-19T19:50:02.658+0000] {standard_task_runner.py:63} INFO - Started process 663 to run task
[2024-05-19T19:50:02.659+0000] {standard_task_runner.py:90} INFO - Running: ['***', 'tasks', 'run', 'disney_api_to_s3', 'save_to_s3', 'scheduled__2024-05-19T19:45:00+00:00', '--job-id', '114', '--raw', '--subdir', 'DAGS_FOLDER/api_disney.py', '--cfg-path', '/tmp/tmpzefl4geh']
[2024-05-19T19:50:02.660+0000] {standard_task_runner.py:91} INFO - Job 114: Subtask save_to_s3
[2024-05-19T19:50:02.675+0000] {task_command.py:426} INFO - Running <TaskInstance: disney_api_to_s3.save_to_s3 scheduled__2024-05-19T19:45:00+00:00 [running]> on host 620090466bc8
[2024-05-19T19:50:02.702+0000] {taskinstance.py:2648} INFO - Exporting env vars: AIRFLOW_CTX_DAG_OWNER='***' AIRFLOW_CTX_DAG_ID='disney_api_to_s3' AIRFLOW_CTX_TASK_ID='save_to_s3' AIRFLOW_CTX_EXECUTION_DATE='2024-05-19T19:45:00+00:00' AIRFLOW_CTX_TRY_NUMBER='1' AIRFLOW_CTX_DAG_RUN_ID='scheduled__2024-05-19T19:45:00+00:00'
[2024-05-19T19:50:02.703+0000] {taskinstance.py:430} INFO - ::endgroup::
[2024-05-19T19:50:02.713+0000] {warnings.py:110} WARNING - /home/***/.local/lib/python3.12/site-packages/***/utils/context.py:320: AirflowContextDeprecationWarning: Accessing 'execution_date' from the template is deprecated and will be removed in a future version. Please use 'data_interval_start' or 'logical_date' instead.
  warnings.warn(_create_deprecation_warning(k, replacements))

[2024-05-19T19:50:02.722+0000] {base.py:84} INFO - Using connection ID 'aws_s3' for task execution.
[2024-05-19T19:50:02.722+0000] {connection_wrapper.py:384} INFO - AWS Connection (conn_id='aws_s3', conn_type='aws') credentials retrieved from login and password.
[2024-05-19T19:50:03.506+0000] {python.py:237} INFO - Done. Returned value was: None
[2024-05-19T19:50:03.508+0000] {taskinstance.py:441} INFO - ::group::Post task execution logs
[2024-05-19T19:50:03.529+0000] {taskinstance.py:1206} INFO - Marking task as SUCCESS. dag_id=disney_api_to_s3, task_id=save_to_s3, run_id=scheduled__2024-05-19T19:45:00+00:00, execution_date=20240519T194500, start_date=20240519T195002, end_date=20240519T195003
[2024-05-19T19:50:03.547+0000] {local_task_job_runner.py:240} INFO - Task exited with return code 0
[2024-05-19T19:50:03.560+0000] {taskinstance.py:3498} INFO - 0 downstream tasks scheduled from follow-on schedule check
[2024-05-19T19:50:03.561+0000] {local_task_job_runner.py:222} INFO - ::endgroup::
