[2024-05-19T20:26:49.580+0000] {local_task_job_runner.py:120} INFO - ::group::Pre task execution logs
[2024-05-19T20:26:49.602+0000] {taskinstance.py:2076} INFO - Dependencies all met for dep_context=non-requeueable deps ti=<TaskInstance: silver_s3.process_parquet_files scheduled__2023-05-12T00:00:00+00:00 [queued]>
[2024-05-19T20:26:49.611+0000] {taskinstance.py:2076} INFO - Dependencies all met for dep_context=requeueable deps ti=<TaskInstance: silver_s3.process_parquet_files scheduled__2023-05-12T00:00:00+00:00 [queued]>
[2024-05-19T20:26:49.612+0000] {taskinstance.py:2306} INFO - Starting attempt 1 of 2
[2024-05-19T20:26:49.651+0000] {taskinstance.py:2330} INFO - Executing <Task(PythonOperator): process_parquet_files> on 2023-05-12 00:00:00+00:00
[2024-05-19T20:26:49.657+0000] {warnings.py:110} WARNING - /home/***/.local/lib/python3.12/site-packages/***/task/task_runner/standard_task_runner.py:61: DeprecationWarning: This process (pid=742) is multi-threaded, use of fork() may lead to deadlocks in the child.
  pid = os.fork()

[2024-05-19T20:26:49.666+0000] {standard_task_runner.py:63} INFO - Started process 765 to run task
[2024-05-19T20:26:49.662+0000] {standard_task_runner.py:90} INFO - Running: ['***', 'tasks', 'run', 'silver_s3', 'process_parquet_files', 'scheduled__2023-05-12T00:00:00+00:00', '--job-id', '261', '--raw', '--subdir', 'DAGS_FOLDER/silver_s3.py', '--cfg-path', '/tmp/tmpjtw91pb9']
[2024-05-19T20:26:49.669+0000] {standard_task_runner.py:91} INFO - Job 261: Subtask process_parquet_files
[2024-05-19T20:26:49.807+0000] {task_command.py:426} INFO - Running <TaskInstance: silver_s3.process_parquet_files scheduled__2023-05-12T00:00:00+00:00 [running]> on host 620090466bc8
[2024-05-19T20:26:50.014+0000] {taskinstance.py:2648} INFO - Exporting env vars: AIRFLOW_CTX_DAG_OWNER='***' AIRFLOW_CTX_DAG_ID='silver_s3' AIRFLOW_CTX_TASK_ID='process_parquet_files' AIRFLOW_CTX_EXECUTION_DATE='2023-05-12T00:00:00+00:00' AIRFLOW_CTX_TRY_NUMBER='1' AIRFLOW_CTX_DAG_RUN_ID='scheduled__2023-05-12T00:00:00+00:00'
[2024-05-19T20:26:50.022+0000] {taskinstance.py:430} INFO - ::endgroup::
[2024-05-19T20:26:50.070+0000] {base.py:84} INFO - Using connection ID 'aws_s3' for task execution.
[2024-05-19T20:26:50.074+0000] {connection_wrapper.py:384} INFO - AWS Connection (conn_id='aws_s3', conn_type='aws') credentials retrieved from login and password.
[2024-05-19T20:26:55.097+0000] {logging_mixin.py:188} INFO - No .parquet files found.
[2024-05-19T20:26:55.098+0000] {python.py:237} INFO - Done. Returned value was: None
[2024-05-19T20:26:55.100+0000] {taskinstance.py:441} INFO - ::group::Post task execution logs
[2024-05-19T20:26:55.119+0000] {taskinstance.py:1206} INFO - Marking task as SUCCESS. dag_id=silver_s3, task_id=process_parquet_files, run_id=scheduled__2023-05-12T00:00:00+00:00, execution_date=20230512T000000, start_date=20240519T202649, end_date=20240519T202655
[2024-05-19T20:26:55.145+0000] {local_task_job_runner.py:240} INFO - Task exited with return code 0
[2024-05-19T20:26:55.157+0000] {taskinstance.py:3498} INFO - 0 downstream tasks scheduled from follow-on schedule check
[2024-05-19T20:26:55.158+0000] {local_task_job_runner.py:222} INFO - ::endgroup::
[2024-05-19T20:36:37.350+0000] {local_task_job_runner.py:120} INFO - ::group::Pre task execution logs
[2024-05-19T20:36:37.364+0000] {taskinstance.py:2076} INFO - Dependencies all met for dep_context=non-requeueable deps ti=<TaskInstance: silver_s3.process_parquet_files scheduled__2023-05-12T00:00:00+00:00 [queued]>
[2024-05-19T20:36:37.371+0000] {taskinstance.py:2076} INFO - Dependencies all met for dep_context=requeueable deps ti=<TaskInstance: silver_s3.process_parquet_files scheduled__2023-05-12T00:00:00+00:00 [queued]>
[2024-05-19T20:36:37.372+0000] {taskinstance.py:2306} INFO - Starting attempt 1 of 2
[2024-05-19T20:36:37.383+0000] {taskinstance.py:2330} INFO - Executing <Task(PythonOperator): process_parquet_files> on 2023-05-12 00:00:00+00:00
[2024-05-19T20:36:37.394+0000] {warnings.py:110} WARNING - /home/***/.local/lib/python3.12/site-packages/***/task/task_runner/standard_task_runner.py:61: DeprecationWarning: This process (pid=1873) is multi-threaded, use of fork() may lead to deadlocks in the child.
  pid = os.fork()

[2024-05-19T20:36:37.398+0000] {standard_task_runner.py:63} INFO - Started process 1883 to run task
[2024-05-19T20:36:37.394+0000] {standard_task_runner.py:90} INFO - Running: ['***', 'tasks', 'run', 'silver_s3', 'process_parquet_files', 'scheduled__2023-05-12T00:00:00+00:00', '--job-id', '374', '--raw', '--subdir', 'DAGS_FOLDER/silver_s3.py', '--cfg-path', '/tmp/tmppyhem7uw']
[2024-05-19T20:36:37.399+0000] {standard_task_runner.py:91} INFO - Job 374: Subtask process_parquet_files
[2024-05-19T20:36:37.441+0000] {task_command.py:426} INFO - Running <TaskInstance: silver_s3.process_parquet_files scheduled__2023-05-12T00:00:00+00:00 [running]> on host 620090466bc8
[2024-05-19T20:36:37.507+0000] {taskinstance.py:2648} INFO - Exporting env vars: AIRFLOW_CTX_DAG_OWNER='***' AIRFLOW_CTX_DAG_ID='silver_s3' AIRFLOW_CTX_TASK_ID='process_parquet_files' AIRFLOW_CTX_EXECUTION_DATE='2023-05-12T00:00:00+00:00' AIRFLOW_CTX_TRY_NUMBER='1' AIRFLOW_CTX_DAG_RUN_ID='scheduled__2023-05-12T00:00:00+00:00'
[2024-05-19T20:36:37.509+0000] {taskinstance.py:430} INFO - ::endgroup::
[2024-05-19T20:36:37.525+0000] {base.py:84} INFO - Using connection ID 'aws_s3' for task execution.
[2024-05-19T20:36:37.526+0000] {connection_wrapper.py:384} INFO - AWS Connection (conn_id='aws_s3', conn_type='aws') credentials retrieved from login and password.
[2024-05-19T20:36:45.065+0000] {taskinstance.py:441} INFO - ::group::Post task execution logs
[2024-05-19T20:36:45.068+0000] {taskinstance.py:2905} ERROR - Task failed with exception
Traceback (most recent call last):
  File "/home/airflow/.local/lib/python3.12/site-packages/airflow/models/taskinstance.py", line 465, in _execute_task
    result = _execute_callable(context=context, **execute_callable_kwargs)
             ^^^^^^^^^^^^^^^^^^^^^^^^^^^^^^^^^^^^^^^^^^^^^^^^^^^^^^^^^^^^^
  File "/home/airflow/.local/lib/python3.12/site-packages/airflow/models/taskinstance.py", line 432, in _execute_callable
    return execute_callable(context=context, **execute_callable_kwargs)
           ^^^^^^^^^^^^^^^^^^^^^^^^^^^^^^^^^^^^^^^^^^^^^^^^^^^^^^^^^^^^
  File "/home/airflow/.local/lib/python3.12/site-packages/airflow/models/baseoperator.py", line 400, in wrapper
    return func(self, *args, **kwargs)
           ^^^^^^^^^^^^^^^^^^^^^^^^^^^
  File "/home/airflow/.local/lib/python3.12/site-packages/airflow/operators/python.py", line 235, in execute
    return_value = self.execute_callable()
                   ^^^^^^^^^^^^^^^^^^^^^^^
  File "/home/airflow/.local/lib/python3.12/site-packages/airflow/operators/python.py", line 252, in execute_callable
    return self.python_callable(*self.op_args, **self.op_kwargs)
           ^^^^^^^^^^^^^^^^^^^^^^^^^^^^^^^^^^^^^^^^^^^^^^^^^^^^^
  File "/opt/airflow/dags/silver_s3.py", line 69, in process_parquet_files
    os.remove(file_path)
FileNotFoundError: [Errno 2] No such file or directory: '/tmp/disney_data_20240519T201325.parquet'
[2024-05-19T20:36:45.078+0000] {taskinstance.py:1206} INFO - Marking task as UP_FOR_RETRY. dag_id=silver_s3, task_id=process_parquet_files, run_id=scheduled__2023-05-12T00:00:00+00:00, execution_date=20230512T000000, start_date=20240519T203637, end_date=20240519T203645
[2024-05-19T20:36:45.088+0000] {standard_task_runner.py:110} ERROR - Failed to execute job 374 for task process_parquet_files ([Errno 2] No such file or directory: '/tmp/disney_data_20240519T201325.parquet'; 1883)
[2024-05-19T20:36:45.113+0000] {local_task_job_runner.py:240} INFO - Task exited with return code 1
[2024-05-19T20:36:45.125+0000] {taskinstance.py:3498} INFO - 0 downstream tasks scheduled from follow-on schedule check
[2024-05-19T20:36:45.126+0000] {local_task_job_runner.py:222} INFO - ::endgroup::
