[2024-05-19T20:27:00.368+0000] {local_task_job_runner.py:120} INFO - ::group::Pre task execution logs
[2024-05-19T20:27:00.395+0000] {taskinstance.py:2076} INFO - Dependencies all met for dep_context=non-requeueable deps ti=<TaskInstance: silver_s3.process_parquet_files scheduled__2023-05-31T00:00:00+00:00 [queued]>
[2024-05-19T20:27:00.404+0000] {taskinstance.py:2076} INFO - Dependencies all met for dep_context=requeueable deps ti=<TaskInstance: silver_s3.process_parquet_files scheduled__2023-05-31T00:00:00+00:00 [queued]>
[2024-05-19T20:27:00.407+0000] {taskinstance.py:2306} INFO - Starting attempt 1 of 2
[2024-05-19T20:27:00.444+0000] {taskinstance.py:2330} INFO - Executing <Task(PythonOperator): process_parquet_files> on 2023-05-31 00:00:00+00:00
[2024-05-19T20:27:00.463+0000] {warnings.py:110} WARNING - /home/***/.local/lib/python3.12/site-packages/***/task/task_runner/standard_task_runner.py:61: DeprecationWarning: This process (pid=797) is multi-threaded, use of fork() may lead to deadlocks in the child.
  pid = os.fork()

[2024-05-19T20:27:00.475+0000] {standard_task_runner.py:90} INFO - Running: ['***', 'tasks', 'run', 'silver_s3', 'process_parquet_files', 'scheduled__2023-05-31T00:00:00+00:00', '--job-id', '280', '--raw', '--subdir', 'DAGS_FOLDER/silver_s3.py', '--cfg-path', '/tmp/tmpryvrvpzy']
[2024-05-19T20:27:00.485+0000] {standard_task_runner.py:91} INFO - Job 280: Subtask process_parquet_files
[2024-05-19T20:27:00.477+0000] {standard_task_runner.py:63} INFO - Started process 816 to run task
[2024-05-19T20:27:00.615+0000] {task_command.py:426} INFO - Running <TaskInstance: silver_s3.process_parquet_files scheduled__2023-05-31T00:00:00+00:00 [running]> on host 620090466bc8
[2024-05-19T20:27:00.773+0000] {taskinstance.py:2648} INFO - Exporting env vars: AIRFLOW_CTX_DAG_OWNER='***' AIRFLOW_CTX_DAG_ID='silver_s3' AIRFLOW_CTX_TASK_ID='process_parquet_files' AIRFLOW_CTX_EXECUTION_DATE='2023-05-31T00:00:00+00:00' AIRFLOW_CTX_TRY_NUMBER='1' AIRFLOW_CTX_DAG_RUN_ID='scheduled__2023-05-31T00:00:00+00:00'
[2024-05-19T20:27:00.777+0000] {taskinstance.py:430} INFO - ::endgroup::
[2024-05-19T20:27:00.803+0000] {base.py:84} INFO - Using connection ID 'aws_s3' for task execution.
[2024-05-19T20:27:00.806+0000] {connection_wrapper.py:384} INFO - AWS Connection (conn_id='aws_s3', conn_type='aws') credentials retrieved from login and password.
[2024-05-19T20:27:05.759+0000] {logging_mixin.py:188} INFO - No .parquet files found.
[2024-05-19T20:27:05.760+0000] {python.py:237} INFO - Done. Returned value was: None
[2024-05-19T20:27:05.762+0000] {taskinstance.py:441} INFO - ::group::Post task execution logs
[2024-05-19T20:27:05.805+0000] {taskinstance.py:1206} INFO - Marking task as SUCCESS. dag_id=silver_s3, task_id=process_parquet_files, run_id=scheduled__2023-05-31T00:00:00+00:00, execution_date=20230531T000000, start_date=20240519T202700, end_date=20240519T202705
[2024-05-19T20:27:05.863+0000] {local_task_job_runner.py:240} INFO - Task exited with return code 0
[2024-05-19T20:27:05.873+0000] {taskinstance.py:3498} INFO - 0 downstream tasks scheduled from follow-on schedule check
[2024-05-19T20:27:05.874+0000] {local_task_job_runner.py:222} INFO - ::endgroup::
[2024-05-19T20:38:19.242+0000] {local_task_job_runner.py:120} INFO - ::group::Pre task execution logs
[2024-05-19T20:38:19.248+0000] {taskinstance.py:2076} INFO - Dependencies all met for dep_context=non-requeueable deps ti=<TaskInstance: silver_s3.process_parquet_files scheduled__2023-05-31T00:00:00+00:00 [queued]>
[2024-05-19T20:38:19.251+0000] {taskinstance.py:2076} INFO - Dependencies all met for dep_context=requeueable deps ti=<TaskInstance: silver_s3.process_parquet_files scheduled__2023-05-31T00:00:00+00:00 [queued]>
[2024-05-19T20:38:19.251+0000] {taskinstance.py:2306} INFO - Starting attempt 1 of 2
[2024-05-19T20:38:19.256+0000] {taskinstance.py:2330} INFO - Executing <Task(PythonOperator): process_parquet_files> on 2023-05-31 00:00:00+00:00
[2024-05-19T20:38:19.259+0000] {warnings.py:110} WARNING - /home/***/.local/lib/python3.12/site-packages/***/task/task_runner/standard_task_runner.py:61: DeprecationWarning: This process (pid=2406) is multi-threaded, use of fork() may lead to deadlocks in the child.
  pid = os.fork()

[2024-05-19T20:38:19.260+0000] {standard_task_runner.py:63} INFO - Started process 2408 to run task
[2024-05-19T20:38:19.260+0000] {standard_task_runner.py:90} INFO - Running: ['***', 'tasks', 'run', 'silver_s3', 'process_parquet_files', 'scheduled__2023-05-31T00:00:00+00:00', '--job-id', '396', '--raw', '--subdir', 'DAGS_FOLDER/silver_s3.py', '--cfg-path', '/tmp/tmpzlih4ue6']
[2024-05-19T20:38:19.261+0000] {standard_task_runner.py:91} INFO - Job 396: Subtask process_parquet_files
[2024-05-19T20:38:19.280+0000] {task_command.py:426} INFO - Running <TaskInstance: silver_s3.process_parquet_files scheduled__2023-05-31T00:00:00+00:00 [running]> on host 620090466bc8
[2024-05-19T20:38:19.313+0000] {taskinstance.py:2648} INFO - Exporting env vars: AIRFLOW_CTX_DAG_OWNER='***' AIRFLOW_CTX_DAG_ID='silver_s3' AIRFLOW_CTX_TASK_ID='process_parquet_files' AIRFLOW_CTX_EXECUTION_DATE='2023-05-31T00:00:00+00:00' AIRFLOW_CTX_TRY_NUMBER='1' AIRFLOW_CTX_DAG_RUN_ID='scheduled__2023-05-31T00:00:00+00:00'
[2024-05-19T20:38:19.315+0000] {taskinstance.py:430} INFO - ::endgroup::
[2024-05-19T20:38:19.324+0000] {base.py:84} INFO - Using connection ID 'aws_s3' for task execution.
[2024-05-19T20:38:19.325+0000] {connection_wrapper.py:384} INFO - AWS Connection (conn_id='aws_s3', conn_type='aws') credentials retrieved from login and password.
[2024-05-19T20:38:23.441+0000] {python.py:237} INFO - Done. Returned value was: None
[2024-05-19T20:38:23.442+0000] {taskinstance.py:441} INFO - ::group::Post task execution logs
[2024-05-19T20:38:23.451+0000] {taskinstance.py:1206} INFO - Marking task as SUCCESS. dag_id=silver_s3, task_id=process_parquet_files, run_id=scheduled__2023-05-31T00:00:00+00:00, execution_date=20230531T000000, start_date=20240519T203819, end_date=20240519T203823
[2024-05-19T20:38:23.503+0000] {local_task_job_runner.py:240} INFO - Task exited with return code 0
[2024-05-19T20:38:23.518+0000] {taskinstance.py:3498} INFO - 0 downstream tasks scheduled from follow-on schedule check
[2024-05-19T20:38:23.518+0000] {local_task_job_runner.py:222} INFO - ::endgroup::
