[2024-05-19T15:57:54.829+0000] {local_task_job_runner.py:120} INFO - ::group::Pre task execution logs
[2024-05-19T15:57:54.835+0000] {taskinstance.py:2076} INFO - Dependencies all met for dep_context=non-requeueable deps ti=<TaskInstance: disney_data_pipeline.query_disney_api manual__2024-05-19T15:57:53.402979+00:00 [queued]>
[2024-05-19T15:57:54.838+0000] {taskinstance.py:2076} INFO - Dependencies all met for dep_context=requeueable deps ti=<TaskInstance: disney_data_pipeline.query_disney_api manual__2024-05-19T15:57:53.402979+00:00 [queued]>
[2024-05-19T15:57:54.838+0000] {taskinstance.py:2306} INFO - Starting attempt 1 of 2
[2024-05-19T15:57:54.842+0000] {taskinstance.py:2330} INFO - Executing <Task(PythonOperator): query_disney_api> on 2024-05-19 15:57:53.402979+00:00
[2024-05-19T15:57:54.846+0000] {warnings.py:110} WARNING - /home/***/.local/lib/python3.12/site-packages/***/task/task_runner/standard_task_runner.py:61: DeprecationWarning: This process (pid=831) is multi-threaded, use of fork() may lead to deadlocks in the child.
  pid = os.fork()

[2024-05-19T15:57:54.846+0000] {standard_task_runner.py:63} INFO - Started process 833 to run task
[2024-05-19T15:57:54.847+0000] {standard_task_runner.py:90} INFO - Running: ['***', 'tasks', 'run', 'disney_data_pipeline', 'query_disney_api', 'manual__2024-05-19T15:57:53.402979+00:00', '--job-id', '35', '--raw', '--subdir', 'DAGS_FOLDER/api_disney.py', '--cfg-path', '/tmp/tmpq85bgn15']
[2024-05-19T15:57:54.848+0000] {standard_task_runner.py:91} INFO - Job 35: Subtask query_disney_api
[2024-05-19T15:57:54.867+0000] {task_command.py:426} INFO - Running <TaskInstance: disney_data_pipeline.query_disney_api manual__2024-05-19T15:57:53.402979+00:00 [running]> on host 620090466bc8
[2024-05-19T15:57:54.894+0000] {taskinstance.py:2648} INFO - Exporting env vars: AIRFLOW_CTX_DAG_EMAIL='***@example.com' AIRFLOW_CTX_DAG_OWNER='***' AIRFLOW_CTX_DAG_ID='disney_data_pipeline' AIRFLOW_CTX_TASK_ID='query_disney_api' AIRFLOW_CTX_EXECUTION_DATE='2024-05-19T15:57:53.402979+00:00' AIRFLOW_CTX_TRY_NUMBER='1' AIRFLOW_CTX_DAG_RUN_ID='manual__2024-05-19T15:57:53.402979+00:00'
[2024-05-19T15:57:54.894+0000] {taskinstance.py:430} INFO - ::endgroup::
[2024-05-19T15:57:55.391+0000] {logging_mixin.py:188} INFO - Error: 404 Client Error: Not Found for url: https://api.disneyapi.dev/characters
[2024-05-19T15:57:55.395+0000] {python.py:237} INFO - Done. Returned value was: None
[2024-05-19T15:57:55.399+0000] {taskinstance.py:441} INFO - ::group::Post task execution logs
[2024-05-19T15:57:55.418+0000] {taskinstance.py:1206} INFO - Marking task as SUCCESS. dag_id=disney_data_pipeline, task_id=query_disney_api, run_id=manual__2024-05-19T15:57:53.402979+00:00, execution_date=20240519T155753, start_date=20240519T155754, end_date=20240519T155755
[2024-05-19T15:57:55.443+0000] {local_task_job_runner.py:240} INFO - Task exited with return code 0
[2024-05-19T15:57:55.463+0000] {taskinstance.py:3498} INFO - 1 downstream tasks scheduled from follow-on schedule check
[2024-05-19T15:57:55.464+0000] {local_task_job_runner.py:222} INFO - ::endgroup::
