[2024-05-19T20:26:59.679+0000] {local_task_job_runner.py:120} INFO - ::group::Pre task execution logs
[2024-05-19T20:26:59.704+0000] {taskinstance.py:2076} INFO - Dependencies all met for dep_context=non-requeueable deps ti=<TaskInstance: silver_s3.process_parquet_files scheduled__2023-05-26T00:00:00+00:00 [queued]>
[2024-05-19T20:26:59.714+0000] {taskinstance.py:2076} INFO - Dependencies all met for dep_context=requeueable deps ti=<TaskInstance: silver_s3.process_parquet_files scheduled__2023-05-26T00:00:00+00:00 [queued]>
[2024-05-19T20:26:59.716+0000] {taskinstance.py:2306} INFO - Starting attempt 1 of 2
[2024-05-19T20:26:59.741+0000] {taskinstance.py:2330} INFO - Executing <Task(PythonOperator): process_parquet_files> on 2023-05-26 00:00:00+00:00
[2024-05-19T20:26:59.755+0000] {warnings.py:110} WARNING - /home/***/.local/lib/python3.12/site-packages/***/task/task_runner/standard_task_runner.py:61: DeprecationWarning: This process (pid=788) is multi-threaded, use of fork() may lead to deadlocks in the child.
  pid = os.fork()

[2024-05-19T20:26:59.757+0000] {standard_task_runner.py:63} INFO - Started process 805 to run task
[2024-05-19T20:26:59.756+0000] {standard_task_runner.py:90} INFO - Running: ['***', 'tasks', 'run', 'silver_s3', 'process_parquet_files', 'scheduled__2023-05-26T00:00:00+00:00', '--job-id', '274', '--raw', '--subdir', 'DAGS_FOLDER/silver_s3.py', '--cfg-path', '/tmp/tmpf35wexft']
[2024-05-19T20:26:59.759+0000] {standard_task_runner.py:91} INFO - Job 274: Subtask process_parquet_files
[2024-05-19T20:26:59.831+0000] {task_command.py:426} INFO - Running <TaskInstance: silver_s3.process_parquet_files scheduled__2023-05-26T00:00:00+00:00 [running]> on host 620090466bc8
[2024-05-19T20:26:59.951+0000] {taskinstance.py:2648} INFO - Exporting env vars: AIRFLOW_CTX_DAG_OWNER='***' AIRFLOW_CTX_DAG_ID='silver_s3' AIRFLOW_CTX_TASK_ID='process_parquet_files' AIRFLOW_CTX_EXECUTION_DATE='2023-05-26T00:00:00+00:00' AIRFLOW_CTX_TRY_NUMBER='1' AIRFLOW_CTX_DAG_RUN_ID='scheduled__2023-05-26T00:00:00+00:00'
[2024-05-19T20:26:59.955+0000] {taskinstance.py:430} INFO - ::endgroup::
[2024-05-19T20:26:59.985+0000] {base.py:84} INFO - Using connection ID 'aws_s3' for task execution.
[2024-05-19T20:26:59.986+0000] {connection_wrapper.py:384} INFO - AWS Connection (conn_id='aws_s3', conn_type='aws') credentials retrieved from login and password.
[2024-05-19T20:27:05.168+0000] {logging_mixin.py:188} INFO - No .parquet files found.
[2024-05-19T20:27:05.172+0000] {python.py:237} INFO - Done. Returned value was: None
[2024-05-19T20:27:05.175+0000] {taskinstance.py:441} INFO - ::group::Post task execution logs
[2024-05-19T20:27:05.190+0000] {taskinstance.py:1206} INFO - Marking task as SUCCESS. dag_id=silver_s3, task_id=process_parquet_files, run_id=scheduled__2023-05-26T00:00:00+00:00, execution_date=20230526T000000, start_date=20240519T202659, end_date=20240519T202705
[2024-05-19T20:27:05.247+0000] {local_task_job_runner.py:240} INFO - Task exited with return code 0
[2024-05-19T20:27:05.269+0000] {taskinstance.py:3498} INFO - 0 downstream tasks scheduled from follow-on schedule check
[2024-05-19T20:27:05.270+0000] {local_task_job_runner.py:222} INFO - ::endgroup::
[2024-05-19T20:37:25.950+0000] {local_task_job_runner.py:120} INFO - ::group::Pre task execution logs
[2024-05-19T20:37:25.962+0000] {taskinstance.py:2076} INFO - Dependencies all met for dep_context=non-requeueable deps ti=<TaskInstance: silver_s3.process_parquet_files scheduled__2023-05-26T00:00:00+00:00 [queued]>
[2024-05-19T20:37:25.966+0000] {taskinstance.py:2076} INFO - Dependencies all met for dep_context=requeueable deps ti=<TaskInstance: silver_s3.process_parquet_files scheduled__2023-05-26T00:00:00+00:00 [queued]>
[2024-05-19T20:37:25.966+0000] {taskinstance.py:2306} INFO - Starting attempt 1 of 2
[2024-05-19T20:37:25.972+0000] {taskinstance.py:2330} INFO - Executing <Task(PythonOperator): process_parquet_files> on 2023-05-26 00:00:00+00:00
[2024-05-19T20:37:25.976+0000] {warnings.py:110} WARNING - /home/***/.local/lib/python3.12/site-packages/***/task/task_runner/standard_task_runner.py:61: DeprecationWarning: This process (pid=2253) is multi-threaded, use of fork() may lead to deadlocks in the child.
  pid = os.fork()

[2024-05-19T20:37:25.977+0000] {standard_task_runner.py:63} INFO - Started process 2257 to run task
[2024-05-19T20:37:25.977+0000] {standard_task_runner.py:90} INFO - Running: ['***', 'tasks', 'run', 'silver_s3', 'process_parquet_files', 'scheduled__2023-05-26T00:00:00+00:00', '--job-id', '391', '--raw', '--subdir', 'DAGS_FOLDER/silver_s3.py', '--cfg-path', '/tmp/tmpp5feah_h']
[2024-05-19T20:37:25.980+0000] {standard_task_runner.py:91} INFO - Job 391: Subtask process_parquet_files
[2024-05-19T20:37:26.008+0000] {task_command.py:426} INFO - Running <TaskInstance: silver_s3.process_parquet_files scheduled__2023-05-26T00:00:00+00:00 [running]> on host 620090466bc8
[2024-05-19T20:37:26.048+0000] {taskinstance.py:2648} INFO - Exporting env vars: AIRFLOW_CTX_DAG_OWNER='***' AIRFLOW_CTX_DAG_ID='silver_s3' AIRFLOW_CTX_TASK_ID='process_parquet_files' AIRFLOW_CTX_EXECUTION_DATE='2023-05-26T00:00:00+00:00' AIRFLOW_CTX_TRY_NUMBER='1' AIRFLOW_CTX_DAG_RUN_ID='scheduled__2023-05-26T00:00:00+00:00'
[2024-05-19T20:37:26.050+0000] {taskinstance.py:430} INFO - ::endgroup::
[2024-05-19T20:37:26.061+0000] {base.py:84} INFO - Using connection ID 'aws_s3' for task execution.
[2024-05-19T20:37:26.061+0000] {connection_wrapper.py:384} INFO - AWS Connection (conn_id='aws_s3', conn_type='aws') credentials retrieved from login and password.
[2024-05-19T20:37:35.349+0000] {python.py:237} INFO - Done. Returned value was: None
[2024-05-19T20:37:35.352+0000] {taskinstance.py:441} INFO - ::group::Post task execution logs
[2024-05-19T20:37:35.360+0000] {taskinstance.py:1206} INFO - Marking task as SUCCESS. dag_id=silver_s3, task_id=process_parquet_files, run_id=scheduled__2023-05-26T00:00:00+00:00, execution_date=20230526T000000, start_date=20240519T203725, end_date=20240519T203735
[2024-05-19T20:37:35.425+0000] {local_task_job_runner.py:240} INFO - Task exited with return code 0
[2024-05-19T20:37:35.434+0000] {taskinstance.py:3498} INFO - 0 downstream tasks scheduled from follow-on schedule check
[2024-05-19T20:37:35.434+0000] {local_task_job_runner.py:222} INFO - ::endgroup::
