[2024-05-19T20:26:35.971+0000] {local_task_job_runner.py:120} INFO - ::group::Pre task execution logs
[2024-05-19T20:26:35.991+0000] {taskinstance.py:2076} INFO - Dependencies all met for dep_context=non-requeueable deps ti=<TaskInstance: silver_s3.process_parquet_files scheduled__2023-04-24T00:00:00+00:00 [queued]>
[2024-05-19T20:26:35.997+0000] {taskinstance.py:2076} INFO - Dependencies all met for dep_context=requeueable deps ti=<TaskInstance: silver_s3.process_parquet_files scheduled__2023-04-24T00:00:00+00:00 [queued]>
[2024-05-19T20:26:35.999+0000] {taskinstance.py:2306} INFO - Starting attempt 1 of 2
[2024-05-19T20:26:36.014+0000] {taskinstance.py:2330} INFO - Executing <Task(PythonOperator): process_parquet_files> on 2023-04-24 00:00:00+00:00
[2024-05-19T20:26:36.027+0000] {warnings.py:110} WARNING - /home/***/.local/lib/python3.12/site-packages/***/task/task_runner/standard_task_runner.py:61: DeprecationWarning: This process (pid=685) is multi-threaded, use of fork() may lead to deadlocks in the child.
  pid = os.fork()

[2024-05-19T20:26:36.031+0000] {standard_task_runner.py:63} INFO - Started process 702 to run task
[2024-05-19T20:26:36.033+0000] {standard_task_runner.py:90} INFO - Running: ['***', 'tasks', 'run', 'silver_s3', 'process_parquet_files', 'scheduled__2023-04-24T00:00:00+00:00', '--job-id', '242', '--raw', '--subdir', 'DAGS_FOLDER/silver_s3.py', '--cfg-path', '/tmp/tmp42qi3zl9']
[2024-05-19T20:26:36.039+0000] {standard_task_runner.py:91} INFO - Job 242: Subtask process_parquet_files
[2024-05-19T20:26:36.110+0000] {task_command.py:426} INFO - Running <TaskInstance: silver_s3.process_parquet_files scheduled__2023-04-24T00:00:00+00:00 [running]> on host 620090466bc8
[2024-05-19T20:26:36.241+0000] {taskinstance.py:2648} INFO - Exporting env vars: AIRFLOW_CTX_DAG_OWNER='***' AIRFLOW_CTX_DAG_ID='silver_s3' AIRFLOW_CTX_TASK_ID='process_parquet_files' AIRFLOW_CTX_EXECUTION_DATE='2023-04-24T00:00:00+00:00' AIRFLOW_CTX_TRY_NUMBER='1' AIRFLOW_CTX_DAG_RUN_ID='scheduled__2023-04-24T00:00:00+00:00'
[2024-05-19T20:26:36.245+0000] {taskinstance.py:430} INFO - ::endgroup::
[2024-05-19T20:26:36.285+0000] {base.py:84} INFO - Using connection ID 'aws_s3' for task execution.
[2024-05-19T20:26:36.287+0000] {connection_wrapper.py:384} INFO - AWS Connection (conn_id='aws_s3', conn_type='aws') credentials retrieved from login and password.
[2024-05-19T20:26:41.310+0000] {logging_mixin.py:188} INFO - No .parquet files found.
[2024-05-19T20:26:41.314+0000] {python.py:237} INFO - Done. Returned value was: None
[2024-05-19T20:26:41.319+0000] {taskinstance.py:441} INFO - ::group::Post task execution logs
[2024-05-19T20:26:41.347+0000] {taskinstance.py:1206} INFO - Marking task as SUCCESS. dag_id=silver_s3, task_id=process_parquet_files, run_id=scheduled__2023-04-24T00:00:00+00:00, execution_date=20230424T000000, start_date=20240519T202635, end_date=20240519T202641
[2024-05-19T20:26:41.374+0000] {local_task_job_runner.py:240} INFO - Task exited with return code 0
[2024-05-19T20:26:41.416+0000] {taskinstance.py:3498} INFO - 0 downstream tasks scheduled from follow-on schedule check
[2024-05-19T20:26:41.417+0000] {local_task_job_runner.py:222} INFO - ::endgroup::
[2024-05-19T20:31:01.235+0000] {local_task_job_runner.py:120} INFO - ::group::Pre task execution logs
[2024-05-19T20:31:01.259+0000] {taskinstance.py:2076} INFO - Dependencies all met for dep_context=non-requeueable deps ti=<TaskInstance: silver_s3.process_parquet_files scheduled__2023-04-24T00:00:00+00:00 [queued]>
[2024-05-19T20:31:01.268+0000] {taskinstance.py:2076} INFO - Dependencies all met for dep_context=requeueable deps ti=<TaskInstance: silver_s3.process_parquet_files scheduled__2023-04-24T00:00:00+00:00 [queued]>
[2024-05-19T20:31:01.269+0000] {taskinstance.py:2306} INFO - Starting attempt 1 of 2
[2024-05-19T20:31:01.364+0000] {taskinstance.py:2330} INFO - Executing <Task(PythonOperator): process_parquet_files> on 2023-04-24 00:00:00+00:00
[2024-05-19T20:31:01.389+0000] {warnings.py:110} WARNING - /home/***/.local/lib/python3.12/site-packages/***/task/task_runner/standard_task_runner.py:61: DeprecationWarning: This process (pid=1074) is multi-threaded, use of fork() may lead to deadlocks in the child.
  pid = os.fork()

[2024-05-19T20:31:01.394+0000] {standard_task_runner.py:63} INFO - Started process 1096 to run task
[2024-05-19T20:31:01.400+0000] {standard_task_runner.py:90} INFO - Running: ['***', 'tasks', 'run', 'silver_s3', 'process_parquet_files', 'scheduled__2023-04-24T00:00:00+00:00', '--job-id', '343', '--raw', '--subdir', 'DAGS_FOLDER/silver_s3.py', '--cfg-path', '/tmp/tmp7ccnezp2']
[2024-05-19T20:31:01.405+0000] {standard_task_runner.py:91} INFO - Job 343: Subtask process_parquet_files
[2024-05-19T20:31:01.531+0000] {task_command.py:426} INFO - Running <TaskInstance: silver_s3.process_parquet_files scheduled__2023-04-24T00:00:00+00:00 [running]> on host 620090466bc8
[2024-05-19T20:31:01.800+0000] {taskinstance.py:2648} INFO - Exporting env vars: AIRFLOW_CTX_DAG_OWNER='***' AIRFLOW_CTX_DAG_ID='silver_s3' AIRFLOW_CTX_TASK_ID='process_parquet_files' AIRFLOW_CTX_EXECUTION_DATE='2023-04-24T00:00:00+00:00' AIRFLOW_CTX_TRY_NUMBER='1' AIRFLOW_CTX_DAG_RUN_ID='scheduled__2023-04-24T00:00:00+00:00'
[2024-05-19T20:31:01.803+0000] {taskinstance.py:430} INFO - ::endgroup::
[2024-05-19T20:31:01.843+0000] {base.py:84} INFO - Using connection ID 'aws_s3' for task execution.
[2024-05-19T20:31:01.847+0000] {connection_wrapper.py:384} INFO - AWS Connection (conn_id='aws_s3', conn_type='aws') credentials retrieved from login and password.
[2024-05-19T20:31:23.529+0000] {taskinstance.py:441} INFO - ::group::Post task execution logs
[2024-05-19T20:31:23.534+0000] {taskinstance.py:2905} ERROR - Task failed with exception
Traceback (most recent call last):
  File "/home/airflow/.local/lib/python3.12/site-packages/airflow/models/taskinstance.py", line 465, in _execute_task
    result = _execute_callable(context=context, **execute_callable_kwargs)
             ^^^^^^^^^^^^^^^^^^^^^^^^^^^^^^^^^^^^^^^^^^^^^^^^^^^^^^^^^^^^^
  File "/home/airflow/.local/lib/python3.12/site-packages/airflow/models/taskinstance.py", line 432, in _execute_callable
    return execute_callable(context=context, **execute_callable_kwargs)
           ^^^^^^^^^^^^^^^^^^^^^^^^^^^^^^^^^^^^^^^^^^^^^^^^^^^^^^^^^^^^
  File "/home/airflow/.local/lib/python3.12/site-packages/airflow/models/baseoperator.py", line 400, in wrapper
    return func(self, *args, **kwargs)
           ^^^^^^^^^^^^^^^^^^^^^^^^^^^
  File "/home/airflow/.local/lib/python3.12/site-packages/airflow/operators/python.py", line 235, in execute
    return_value = self.execute_callable()
                   ^^^^^^^^^^^^^^^^^^^^^^^
  File "/home/airflow/.local/lib/python3.12/site-packages/airflow/operators/python.py", line 252, in execute_callable
    return self.python_callable(*self.op_args, **self.op_kwargs)
           ^^^^^^^^^^^^^^^^^^^^^^^^^^^^^^^^^^^^^^^^^^^^^^^^^^^^^
  File "/opt/airflow/dags/silver_s3.py", line 68, in process_parquet_files
    os.remove(file_path)
FileNotFoundError: [Errno 2] No such file or directory: '/tmp/disney_data_20240518T000000.parquet'
[2024-05-19T20:31:23.545+0000] {taskinstance.py:1206} INFO - Marking task as UP_FOR_RETRY. dag_id=silver_s3, task_id=process_parquet_files, run_id=scheduled__2023-04-24T00:00:00+00:00, execution_date=20230424T000000, start_date=20240519T203101, end_date=20240519T203123
[2024-05-19T20:31:23.554+0000] {standard_task_runner.py:110} ERROR - Failed to execute job 343 for task process_parquet_files ([Errno 2] No such file or directory: '/tmp/disney_data_20240518T000000.parquet'; 1096)
[2024-05-19T20:31:23.572+0000] {local_task_job_runner.py:240} INFO - Task exited with return code 1
[2024-05-19T20:31:23.589+0000] {taskinstance.py:3498} INFO - 0 downstream tasks scheduled from follow-on schedule check
[2024-05-19T20:31:23.590+0000] {local_task_job_runner.py:222} INFO - ::endgroup::
