[2024-05-19T20:26:37.665+0000] {local_task_job_runner.py:120} INFO - ::group::Pre task execution logs
[2024-05-19T20:26:37.701+0000] {taskinstance.py:2076} INFO - Dependencies all met for dep_context=non-requeueable deps ti=<TaskInstance: silver_s3.process_parquet_files scheduled__2023-05-05T00:00:00+00:00 [queued]>
[2024-05-19T20:26:37.709+0000] {taskinstance.py:2076} INFO - Dependencies all met for dep_context=requeueable deps ti=<TaskInstance: silver_s3.process_parquet_files scheduled__2023-05-05T00:00:00+00:00 [queued]>
[2024-05-19T20:26:37.710+0000] {taskinstance.py:2306} INFO - Starting attempt 1 of 2
[2024-05-19T20:26:37.723+0000] {taskinstance.py:2330} INFO - Executing <Task(PythonOperator): process_parquet_files> on 2023-05-05 00:00:00+00:00
[2024-05-19T20:26:37.730+0000] {warnings.py:110} WARNING - /home/***/.local/lib/python3.12/site-packages/***/task/task_runner/standard_task_runner.py:61: DeprecationWarning: This process (pid=711) is multi-threaded, use of fork() may lead to deadlocks in the child.
  pid = os.fork()

[2024-05-19T20:26:37.733+0000] {standard_task_runner.py:63} INFO - Started process 735 to run task
[2024-05-19T20:26:37.734+0000] {standard_task_runner.py:90} INFO - Running: ['***', 'tasks', 'run', 'silver_s3', 'process_parquet_files', 'scheduled__2023-05-05T00:00:00+00:00', '--job-id', '254', '--raw', '--subdir', 'DAGS_FOLDER/silver_s3.py', '--cfg-path', '/tmp/tmp72g9wi9s']
[2024-05-19T20:26:37.738+0000] {standard_task_runner.py:91} INFO - Job 254: Subtask process_parquet_files
[2024-05-19T20:26:37.817+0000] {task_command.py:426} INFO - Running <TaskInstance: silver_s3.process_parquet_files scheduled__2023-05-05T00:00:00+00:00 [running]> on host 620090466bc8
[2024-05-19T20:26:37.906+0000] {taskinstance.py:2648} INFO - Exporting env vars: AIRFLOW_CTX_DAG_OWNER='***' AIRFLOW_CTX_DAG_ID='silver_s3' AIRFLOW_CTX_TASK_ID='process_parquet_files' AIRFLOW_CTX_EXECUTION_DATE='2023-05-05T00:00:00+00:00' AIRFLOW_CTX_TRY_NUMBER='1' AIRFLOW_CTX_DAG_RUN_ID='scheduled__2023-05-05T00:00:00+00:00'
[2024-05-19T20:26:37.908+0000] {taskinstance.py:430} INFO - ::endgroup::
[2024-05-19T20:26:37.923+0000] {base.py:84} INFO - Using connection ID 'aws_s3' for task execution.
[2024-05-19T20:26:37.924+0000] {connection_wrapper.py:384} INFO - AWS Connection (conn_id='aws_s3', conn_type='aws') credentials retrieved from login and password.
[2024-05-19T20:26:42.621+0000] {logging_mixin.py:188} INFO - No .parquet files found.
[2024-05-19T20:26:42.624+0000] {python.py:237} INFO - Done. Returned value was: None
[2024-05-19T20:26:42.626+0000] {taskinstance.py:441} INFO - ::group::Post task execution logs
[2024-05-19T20:26:42.637+0000] {taskinstance.py:1206} INFO - Marking task as SUCCESS. dag_id=silver_s3, task_id=process_parquet_files, run_id=scheduled__2023-05-05T00:00:00+00:00, execution_date=20230505T000000, start_date=20240519T202637, end_date=20240519T202642
[2024-05-19T20:26:42.692+0000] {local_task_job_runner.py:240} INFO - Task exited with return code 0
[2024-05-19T20:26:42.708+0000] {taskinstance.py:3498} INFO - 0 downstream tasks scheduled from follow-on schedule check
[2024-05-19T20:26:42.709+0000] {local_task_job_runner.py:222} INFO - ::endgroup::
[2024-05-19T20:31:21.727+0000] {local_task_job_runner.py:120} INFO - ::group::Pre task execution logs
[2024-05-19T20:31:21.733+0000] {taskinstance.py:2076} INFO - Dependencies all met for dep_context=non-requeueable deps ti=<TaskInstance: silver_s3.process_parquet_files scheduled__2023-05-05T00:00:00+00:00 [queued]>
[2024-05-19T20:31:21.736+0000] {taskinstance.py:2076} INFO - Dependencies all met for dep_context=requeueable deps ti=<TaskInstance: silver_s3.process_parquet_files scheduled__2023-05-05T00:00:00+00:00 [queued]>
[2024-05-19T20:31:21.736+0000] {taskinstance.py:2306} INFO - Starting attempt 1 of 2
[2024-05-19T20:31:21.741+0000] {taskinstance.py:2330} INFO - Executing <Task(PythonOperator): process_parquet_files> on 2023-05-05 00:00:00+00:00
[2024-05-19T20:31:21.745+0000] {warnings.py:110} WARNING - /home/***/.local/lib/python3.12/site-packages/***/task/task_runner/standard_task_runner.py:61: DeprecationWarning: This process (pid=1391) is multi-threaded, use of fork() may lead to deadlocks in the child.
  pid = os.fork()

[2024-05-19T20:31:21.746+0000] {standard_task_runner.py:63} INFO - Started process 1393 to run task
[2024-05-19T20:31:21.746+0000] {standard_task_runner.py:90} INFO - Running: ['***', 'tasks', 'run', 'silver_s3', 'process_parquet_files', 'scheduled__2023-05-05T00:00:00+00:00', '--job-id', '354', '--raw', '--subdir', 'DAGS_FOLDER/silver_s3.py', '--cfg-path', '/tmp/tmplxj7_yf9']
[2024-05-19T20:31:21.748+0000] {standard_task_runner.py:91} INFO - Job 354: Subtask process_parquet_files
[2024-05-19T20:31:21.778+0000] {task_command.py:426} INFO - Running <TaskInstance: silver_s3.process_parquet_files scheduled__2023-05-05T00:00:00+00:00 [running]> on host 620090466bc8
[2024-05-19T20:31:21.812+0000] {taskinstance.py:2648} INFO - Exporting env vars: AIRFLOW_CTX_DAG_OWNER='***' AIRFLOW_CTX_DAG_ID='silver_s3' AIRFLOW_CTX_TASK_ID='process_parquet_files' AIRFLOW_CTX_EXECUTION_DATE='2023-05-05T00:00:00+00:00' AIRFLOW_CTX_TRY_NUMBER='1' AIRFLOW_CTX_DAG_RUN_ID='scheduled__2023-05-05T00:00:00+00:00'
[2024-05-19T20:31:21.813+0000] {taskinstance.py:430} INFO - ::endgroup::
[2024-05-19T20:31:21.827+0000] {base.py:84} INFO - Using connection ID 'aws_s3' for task execution.
[2024-05-19T20:31:21.828+0000] {connection_wrapper.py:384} INFO - AWS Connection (conn_id='aws_s3', conn_type='aws') credentials retrieved from login and password.
[2024-05-19T20:31:37.899+0000] {python.py:237} INFO - Done. Returned value was: None
[2024-05-19T20:31:37.905+0000] {taskinstance.py:441} INFO - ::group::Post task execution logs
[2024-05-19T20:31:37.925+0000] {taskinstance.py:1206} INFO - Marking task as SUCCESS. dag_id=silver_s3, task_id=process_parquet_files, run_id=scheduled__2023-05-05T00:00:00+00:00, execution_date=20230505T000000, start_date=20240519T203121, end_date=20240519T203137
[2024-05-19T20:31:37.981+0000] {local_task_job_runner.py:240} INFO - Task exited with return code 0
[2024-05-19T20:31:37.995+0000] {taskinstance.py:3498} INFO - 0 downstream tasks scheduled from follow-on schedule check
[2024-05-19T20:31:37.996+0000] {local_task_job_runner.py:222} INFO - ::endgroup::
