[2024-05-19T20:36:26.076+0000] {local_task_job_runner.py:120} INFO - ::group::Pre task execution logs
[2024-05-19T20:36:26.084+0000] {taskinstance.py:2076} INFO - Dependencies all met for dep_context=non-requeueable deps ti=<TaskInstance: silver_s3.process_parquet_files scheduled__2023-05-03T00:00:00+00:00 [queued]>
[2024-05-19T20:36:26.087+0000] {taskinstance.py:2076} INFO - Dependencies all met for dep_context=requeueable deps ti=<TaskInstance: silver_s3.process_parquet_files scheduled__2023-05-03T00:00:00+00:00 [queued]>
[2024-05-19T20:36:26.087+0000] {taskinstance.py:2306} INFO - Starting attempt 2 of 2
[2024-05-19T20:36:26.093+0000] {taskinstance.py:2330} INFO - Executing <Task(PythonOperator): process_parquet_files> on 2023-05-03 00:00:00+00:00
[2024-05-19T20:36:26.098+0000] {warnings.py:110} WARNING - /home/***/.local/lib/python3.12/site-packages/***/task/task_runner/standard_task_runner.py:61: DeprecationWarning: This process (pid=1646) is multi-threaded, use of fork() may lead to deadlocks in the child.
  pid = os.fork()

[2024-05-19T20:36:26.099+0000] {standard_task_runner.py:63} INFO - Started process 1653 to run task
[2024-05-19T20:36:26.099+0000] {standard_task_runner.py:90} INFO - Running: ['***', 'tasks', 'run', 'silver_s3', 'process_parquet_files', 'scheduled__2023-05-03T00:00:00+00:00', '--job-id', '369', '--raw', '--subdir', 'DAGS_FOLDER/silver_s3.py', '--cfg-path', '/tmp/tmpvox122wt']
[2024-05-19T20:36:26.101+0000] {standard_task_runner.py:91} INFO - Job 369: Subtask process_parquet_files
[2024-05-19T20:36:26.128+0000] {task_command.py:426} INFO - Running <TaskInstance: silver_s3.process_parquet_files scheduled__2023-05-03T00:00:00+00:00 [running]> on host 620090466bc8
[2024-05-19T20:36:26.198+0000] {taskinstance.py:2648} INFO - Exporting env vars: AIRFLOW_CTX_DAG_OWNER='***' AIRFLOW_CTX_DAG_ID='silver_s3' AIRFLOW_CTX_TASK_ID='process_parquet_files' AIRFLOW_CTX_EXECUTION_DATE='2023-05-03T00:00:00+00:00' AIRFLOW_CTX_TRY_NUMBER='2' AIRFLOW_CTX_DAG_RUN_ID='scheduled__2023-05-03T00:00:00+00:00'
[2024-05-19T20:36:26.199+0000] {taskinstance.py:430} INFO - ::endgroup::
[2024-05-19T20:36:26.213+0000] {base.py:84} INFO - Using connection ID 'aws_s3' for task execution.
[2024-05-19T20:36:26.214+0000] {connection_wrapper.py:384} INFO - AWS Connection (conn_id='aws_s3', conn_type='aws') credentials retrieved from login and password.
[2024-05-19T20:36:43.756+0000] {python.py:237} INFO - Done. Returned value was: None
[2024-05-19T20:36:43.759+0000] {taskinstance.py:441} INFO - ::group::Post task execution logs
[2024-05-19T20:36:43.774+0000] {taskinstance.py:1206} INFO - Marking task as SUCCESS. dag_id=silver_s3, task_id=process_parquet_files, run_id=scheduled__2023-05-03T00:00:00+00:00, execution_date=20230503T000000, start_date=20240519T203626, end_date=20240519T203643
[2024-05-19T20:36:43.797+0000] {local_task_job_runner.py:240} INFO - Task exited with return code 0
[2024-05-19T20:36:43.806+0000] {taskinstance.py:3498} INFO - 0 downstream tasks scheduled from follow-on schedule check
[2024-05-19T20:36:43.807+0000] {local_task_job_runner.py:222} INFO - ::endgroup::
