[2024-05-19T20:27:23.771+0000] {local_task_job_runner.py:120} INFO - ::group::Pre task execution logs
[2024-05-19T20:27:23.811+0000] {taskinstance.py:2076} INFO - Dependencies all met for dep_context=non-requeueable deps ti=<TaskInstance: silver_s3.process_parquet_files scheduled__2023-07-02T00:00:00+00:00 [queued]>
[2024-05-19T20:27:23.840+0000] {taskinstance.py:2076} INFO - Dependencies all met for dep_context=requeueable deps ti=<TaskInstance: silver_s3.process_parquet_files scheduled__2023-07-02T00:00:00+00:00 [queued]>
[2024-05-19T20:27:23.845+0000] {taskinstance.py:2306} INFO - Starting attempt 1 of 2
[2024-05-19T20:27:23.999+0000] {taskinstance.py:2330} INFO - Executing <Task(PythonOperator): process_parquet_files> on 2023-07-02 00:00:00+00:00
[2024-05-19T20:27:24.016+0000] {warnings.py:110} WARNING - /home/***/.local/lib/python3.12/site-packages/***/task/task_runner/standard_task_runner.py:61: DeprecationWarning: This process (pid=900) is multi-threaded, use of fork() may lead to deadlocks in the child.
  pid = os.fork()

[2024-05-19T20:27:24.020+0000] {standard_task_runner.py:63} INFO - Started process 922 to run task
[2024-05-19T20:27:24.027+0000] {standard_task_runner.py:90} INFO - Running: ['***', 'tasks', 'run', 'silver_s3', 'process_parquet_files', 'scheduled__2023-07-02T00:00:00+00:00', '--job-id', '312', '--raw', '--subdir', 'DAGS_FOLDER/silver_s3.py', '--cfg-path', '/tmp/tmp36x14miz']
[2024-05-19T20:27:24.039+0000] {standard_task_runner.py:91} INFO - Job 312: Subtask process_parquet_files
[2024-05-19T20:27:24.129+0000] {task_command.py:426} INFO - Running <TaskInstance: silver_s3.process_parquet_files scheduled__2023-07-02T00:00:00+00:00 [running]> on host 620090466bc8
[2024-05-19T20:27:24.314+0000] {taskinstance.py:2648} INFO - Exporting env vars: AIRFLOW_CTX_DAG_OWNER='***' AIRFLOW_CTX_DAG_ID='silver_s3' AIRFLOW_CTX_TASK_ID='process_parquet_files' AIRFLOW_CTX_EXECUTION_DATE='2023-07-02T00:00:00+00:00' AIRFLOW_CTX_TRY_NUMBER='1' AIRFLOW_CTX_DAG_RUN_ID='scheduled__2023-07-02T00:00:00+00:00'
[2024-05-19T20:27:24.318+0000] {taskinstance.py:430} INFO - ::endgroup::
[2024-05-19T20:27:24.387+0000] {base.py:84} INFO - Using connection ID 'aws_s3' for task execution.
[2024-05-19T20:27:24.392+0000] {connection_wrapper.py:384} INFO - AWS Connection (conn_id='aws_s3', conn_type='aws') credentials retrieved from login and password.
[2024-05-19T20:27:29.427+0000] {logging_mixin.py:188} INFO - No .parquet files found.
[2024-05-19T20:27:29.430+0000] {python.py:237} INFO - Done. Returned value was: None
[2024-05-19T20:27:29.433+0000] {taskinstance.py:441} INFO - ::group::Post task execution logs
[2024-05-19T20:27:29.459+0000] {taskinstance.py:1206} INFO - Marking task as SUCCESS. dag_id=silver_s3, task_id=process_parquet_files, run_id=scheduled__2023-07-02T00:00:00+00:00, execution_date=20230702T000000, start_date=20240519T202723, end_date=20240519T202729
[2024-05-19T20:27:29.496+0000] {local_task_job_runner.py:240} INFO - Task exited with return code 0
[2024-05-19T20:27:29.507+0000] {taskinstance.py:3498} INFO - 0 downstream tasks scheduled from follow-on schedule check
[2024-05-19T20:27:29.508+0000] {local_task_job_runner.py:222} INFO - ::endgroup::
[2024-05-19T20:42:09.880+0000] {local_task_job_runner.py:120} INFO - ::group::Pre task execution logs
[2024-05-19T20:42:09.887+0000] {taskinstance.py:2076} INFO - Dependencies all met for dep_context=non-requeueable deps ti=<TaskInstance: silver_s3.process_parquet_files scheduled__2023-07-02T00:00:00+00:00 [queued]>
[2024-05-19T20:42:09.890+0000] {taskinstance.py:2076} INFO - Dependencies all met for dep_context=requeueable deps ti=<TaskInstance: silver_s3.process_parquet_files scheduled__2023-07-02T00:00:00+00:00 [queued]>
[2024-05-19T20:42:09.890+0000] {taskinstance.py:2306} INFO - Starting attempt 1 of 2
[2024-05-19T20:42:09.895+0000] {taskinstance.py:2330} INFO - Executing <Task(PythonOperator): process_parquet_files> on 2023-07-02 00:00:00+00:00
[2024-05-19T20:42:09.898+0000] {warnings.py:110} WARNING - /home/***/.local/lib/python3.12/site-packages/***/task/task_runner/standard_task_runner.py:61: DeprecationWarning: This process (pid=3159) is multi-threaded, use of fork() may lead to deadlocks in the child.
  pid = os.fork()

[2024-05-19T20:42:09.899+0000] {standard_task_runner.py:63} INFO - Started process 3161 to run task
[2024-05-19T20:42:09.899+0000] {standard_task_runner.py:90} INFO - Running: ['***', 'tasks', 'run', 'silver_s3', 'process_parquet_files', 'scheduled__2023-07-02T00:00:00+00:00', '--job-id', '429', '--raw', '--subdir', 'DAGS_FOLDER/silver_s3.py', '--cfg-path', '/tmp/tmp6dgnrqm1']
[2024-05-19T20:42:09.901+0000] {standard_task_runner.py:91} INFO - Job 429: Subtask process_parquet_files
[2024-05-19T20:42:09.922+0000] {task_command.py:426} INFO - Running <TaskInstance: silver_s3.process_parquet_files scheduled__2023-07-02T00:00:00+00:00 [running]> on host 620090466bc8
[2024-05-19T20:42:09.955+0000] {taskinstance.py:2648} INFO - Exporting env vars: AIRFLOW_CTX_DAG_OWNER='***' AIRFLOW_CTX_DAG_ID='silver_s3' AIRFLOW_CTX_TASK_ID='process_parquet_files' AIRFLOW_CTX_EXECUTION_DATE='2023-07-02T00:00:00+00:00' AIRFLOW_CTX_TRY_NUMBER='1' AIRFLOW_CTX_DAG_RUN_ID='scheduled__2023-07-02T00:00:00+00:00'
[2024-05-19T20:42:09.956+0000] {taskinstance.py:430} INFO - ::endgroup::
[2024-05-19T20:42:09.965+0000] {base.py:84} INFO - Using connection ID 'aws_s3' for task execution.
[2024-05-19T20:42:09.966+0000] {connection_wrapper.py:384} INFO - AWS Connection (conn_id='aws_s3', conn_type='aws') credentials retrieved from login and password.
[2024-05-19T20:42:17.650+0000] {python.py:237} INFO - Done. Returned value was: None
[2024-05-19T20:42:17.658+0000] {taskinstance.py:441} INFO - ::group::Post task execution logs
[2024-05-19T20:42:17.671+0000] {taskinstance.py:1206} INFO - Marking task as SUCCESS. dag_id=silver_s3, task_id=process_parquet_files, run_id=scheduled__2023-07-02T00:00:00+00:00, execution_date=20230702T000000, start_date=20240519T204209, end_date=20240519T204217
[2024-05-19T20:42:17.732+0000] {local_task_job_runner.py:240} INFO - Task exited with return code 0
[2024-05-19T20:42:17.747+0000] {taskinstance.py:3498} INFO - 0 downstream tasks scheduled from follow-on schedule check
[2024-05-19T20:42:17.749+0000] {local_task_job_runner.py:222} INFO - ::endgroup::
