[2024-05-19T20:26:59.866+0000] {local_task_job_runner.py:120} INFO - ::group::Pre task execution logs
[2024-05-19T20:26:59.895+0000] {taskinstance.py:2076} INFO - Dependencies all met for dep_context=non-requeueable deps ti=<TaskInstance: silver_s3.process_parquet_files scheduled__2023-05-28T00:00:00+00:00 [queued]>
[2024-05-19T20:26:59.911+0000] {taskinstance.py:2076} INFO - Dependencies all met for dep_context=requeueable deps ti=<TaskInstance: silver_s3.process_parquet_files scheduled__2023-05-28T00:00:00+00:00 [queued]>
[2024-05-19T20:26:59.912+0000] {taskinstance.py:2306} INFO - Starting attempt 1 of 2
[2024-05-19T20:26:59.926+0000] {taskinstance.py:2330} INFO - Executing <Task(PythonOperator): process_parquet_files> on 2023-05-28 00:00:00+00:00
[2024-05-19T20:26:59.942+0000] {warnings.py:110} WARNING - /home/***/.local/lib/python3.12/site-packages/***/task/task_runner/standard_task_runner.py:61: DeprecationWarning: This process (pid=790) is multi-threaded, use of fork() may lead to deadlocks in the child.
  pid = os.fork()

[2024-05-19T20:26:59.945+0000] {standard_task_runner.py:63} INFO - Started process 810 to run task
[2024-05-19T20:26:59.945+0000] {standard_task_runner.py:90} INFO - Running: ['***', 'tasks', 'run', 'silver_s3', 'process_parquet_files', 'scheduled__2023-05-28T00:00:00+00:00', '--job-id', '277', '--raw', '--subdir', 'DAGS_FOLDER/silver_s3.py', '--cfg-path', '/tmp/tmpj3apnfvy']
[2024-05-19T20:26:59.955+0000] {standard_task_runner.py:91} INFO - Job 277: Subtask process_parquet_files
[2024-05-19T20:27:00.055+0000] {task_command.py:426} INFO - Running <TaskInstance: silver_s3.process_parquet_files scheduled__2023-05-28T00:00:00+00:00 [running]> on host 620090466bc8
[2024-05-19T20:27:00.201+0000] {taskinstance.py:2648} INFO - Exporting env vars: AIRFLOW_CTX_DAG_OWNER='***' AIRFLOW_CTX_DAG_ID='silver_s3' AIRFLOW_CTX_TASK_ID='process_parquet_files' AIRFLOW_CTX_EXECUTION_DATE='2023-05-28T00:00:00+00:00' AIRFLOW_CTX_TRY_NUMBER='1' AIRFLOW_CTX_DAG_RUN_ID='scheduled__2023-05-28T00:00:00+00:00'
[2024-05-19T20:27:00.209+0000] {taskinstance.py:430} INFO - ::endgroup::
[2024-05-19T20:27:00.275+0000] {base.py:84} INFO - Using connection ID 'aws_s3' for task execution.
[2024-05-19T20:27:00.278+0000] {connection_wrapper.py:384} INFO - AWS Connection (conn_id='aws_s3', conn_type='aws') credentials retrieved from login and password.
[2024-05-19T20:27:05.326+0000] {logging_mixin.py:188} INFO - No .parquet files found.
[2024-05-19T20:27:05.328+0000] {python.py:237} INFO - Done. Returned value was: None
[2024-05-19T20:27:05.334+0000] {taskinstance.py:441} INFO - ::group::Post task execution logs
[2024-05-19T20:27:05.397+0000] {taskinstance.py:1206} INFO - Marking task as SUCCESS. dag_id=silver_s3, task_id=process_parquet_files, run_id=scheduled__2023-05-28T00:00:00+00:00, execution_date=20230528T000000, start_date=20240519T202659, end_date=20240519T202705
[2024-05-19T20:27:05.476+0000] {local_task_job_runner.py:240} INFO - Task exited with return code 0
[2024-05-19T20:27:05.498+0000] {taskinstance.py:3498} INFO - 0 downstream tasks scheduled from follow-on schedule check
[2024-05-19T20:27:05.499+0000] {local_task_job_runner.py:222} INFO - ::endgroup::
[2024-05-19T20:37:50.337+0000] {local_task_job_runner.py:120} INFO - ::group::Pre task execution logs
[2024-05-19T20:37:50.345+0000] {taskinstance.py:2076} INFO - Dependencies all met for dep_context=non-requeueable deps ti=<TaskInstance: silver_s3.process_parquet_files scheduled__2023-05-28T00:00:00+00:00 [queued]>
[2024-05-19T20:37:50.348+0000] {taskinstance.py:2076} INFO - Dependencies all met for dep_context=requeueable deps ti=<TaskInstance: silver_s3.process_parquet_files scheduled__2023-05-28T00:00:00+00:00 [queued]>
[2024-05-19T20:37:50.348+0000] {taskinstance.py:2306} INFO - Starting attempt 1 of 2
[2024-05-19T20:37:50.352+0000] {taskinstance.py:2330} INFO - Executing <Task(PythonOperator): process_parquet_files> on 2023-05-28 00:00:00+00:00
[2024-05-19T20:37:50.357+0000] {warnings.py:110} WARNING - /home/***/.local/lib/python3.12/site-packages/***/task/task_runner/standard_task_runner.py:61: DeprecationWarning: This process (pid=2327) is multi-threaded, use of fork() may lead to deadlocks in the child.
  pid = os.fork()

[2024-05-19T20:37:50.358+0000] {standard_task_runner.py:63} INFO - Started process 2329 to run task
[2024-05-19T20:37:50.358+0000] {standard_task_runner.py:90} INFO - Running: ['***', 'tasks', 'run', 'silver_s3', 'process_parquet_files', 'scheduled__2023-05-28T00:00:00+00:00', '--job-id', '393', '--raw', '--subdir', 'DAGS_FOLDER/silver_s3.py', '--cfg-path', '/tmp/tmppqw9o_hi']
[2024-05-19T20:37:50.360+0000] {standard_task_runner.py:91} INFO - Job 393: Subtask process_parquet_files
[2024-05-19T20:37:50.380+0000] {task_command.py:426} INFO - Running <TaskInstance: silver_s3.process_parquet_files scheduled__2023-05-28T00:00:00+00:00 [running]> on host 620090466bc8
[2024-05-19T20:37:50.420+0000] {taskinstance.py:2648} INFO - Exporting env vars: AIRFLOW_CTX_DAG_OWNER='***' AIRFLOW_CTX_DAG_ID='silver_s3' AIRFLOW_CTX_TASK_ID='process_parquet_files' AIRFLOW_CTX_EXECUTION_DATE='2023-05-28T00:00:00+00:00' AIRFLOW_CTX_TRY_NUMBER='1' AIRFLOW_CTX_DAG_RUN_ID='scheduled__2023-05-28T00:00:00+00:00'
[2024-05-19T20:37:50.422+0000] {taskinstance.py:430} INFO - ::endgroup::
[2024-05-19T20:37:50.433+0000] {base.py:84} INFO - Using connection ID 'aws_s3' for task execution.
[2024-05-19T20:37:50.433+0000] {connection_wrapper.py:384} INFO - AWS Connection (conn_id='aws_s3', conn_type='aws') credentials retrieved from login and password.
[2024-05-19T20:37:58.691+0000] {python.py:237} INFO - Done. Returned value was: None
[2024-05-19T20:37:58.695+0000] {taskinstance.py:441} INFO - ::group::Post task execution logs
[2024-05-19T20:37:58.712+0000] {taskinstance.py:1206} INFO - Marking task as SUCCESS. dag_id=silver_s3, task_id=process_parquet_files, run_id=scheduled__2023-05-28T00:00:00+00:00, execution_date=20230528T000000, start_date=20240519T203750, end_date=20240519T203758
[2024-05-19T20:37:58.773+0000] {local_task_job_runner.py:240} INFO - Task exited with return code 0
[2024-05-19T20:37:58.794+0000] {taskinstance.py:3498} INFO - 0 downstream tasks scheduled from follow-on schedule check
[2024-05-19T20:37:58.795+0000] {local_task_job_runner.py:222} INFO - ::endgroup::
