[2024-05-19T20:36:50.285+0000] {local_task_job_runner.py:120} INFO - ::group::Pre task execution logs
[2024-05-19T20:36:50.291+0000] {taskinstance.py:2076} INFO - Dependencies all met for dep_context=non-requeueable deps ti=<TaskInstance: silver_s3.process_parquet_files scheduled__2023-04-22T00:00:00+00:00 [queued]>
[2024-05-19T20:36:50.294+0000] {taskinstance.py:2076} INFO - Dependencies all met for dep_context=requeueable deps ti=<TaskInstance: silver_s3.process_parquet_files scheduled__2023-04-22T00:00:00+00:00 [queued]>
[2024-05-19T20:36:50.294+0000] {taskinstance.py:2306} INFO - Starting attempt 2 of 2
[2024-05-19T20:36:50.300+0000] {taskinstance.py:2330} INFO - Executing <Task(PythonOperator): process_parquet_files> on 2023-04-22 00:00:00+00:00
[2024-05-19T20:36:50.304+0000] {warnings.py:110} WARNING - /home/***/.local/lib/python3.12/site-packages/***/task/task_runner/standard_task_runner.py:61: DeprecationWarning: This process (pid=1971) is multi-threaded, use of fork() may lead to deadlocks in the child.
  pid = os.fork()

[2024-05-19T20:36:50.305+0000] {standard_task_runner.py:63} INFO - Started process 1974 to run task
[2024-05-19T20:36:50.305+0000] {standard_task_runner.py:90} INFO - Running: ['***', 'tasks', 'run', 'silver_s3', 'process_parquet_files', 'scheduled__2023-04-22T00:00:00+00:00', '--job-id', '378', '--raw', '--subdir', 'DAGS_FOLDER/silver_s3.py', '--cfg-path', '/tmp/tmpow8g8hh0']
[2024-05-19T20:36:50.306+0000] {standard_task_runner.py:91} INFO - Job 378: Subtask process_parquet_files
[2024-05-19T20:36:50.327+0000] {task_command.py:426} INFO - Running <TaskInstance: silver_s3.process_parquet_files scheduled__2023-04-22T00:00:00+00:00 [running]> on host 620090466bc8
[2024-05-19T20:36:50.370+0000] {taskinstance.py:2648} INFO - Exporting env vars: AIRFLOW_CTX_DAG_OWNER='***' AIRFLOW_CTX_DAG_ID='silver_s3' AIRFLOW_CTX_TASK_ID='process_parquet_files' AIRFLOW_CTX_EXECUTION_DATE='2023-04-22T00:00:00+00:00' AIRFLOW_CTX_TRY_NUMBER='2' AIRFLOW_CTX_DAG_RUN_ID='scheduled__2023-04-22T00:00:00+00:00'
[2024-05-19T20:36:50.371+0000] {taskinstance.py:430} INFO - ::endgroup::
[2024-05-19T20:36:50.382+0000] {base.py:84} INFO - Using connection ID 'aws_s3' for task execution.
[2024-05-19T20:36:50.383+0000] {connection_wrapper.py:384} INFO - AWS Connection (conn_id='aws_s3', conn_type='aws') credentials retrieved from login and password.
[2024-05-19T20:36:55.655+0000] {taskinstance.py:441} INFO - ::group::Post task execution logs
[2024-05-19T20:36:55.657+0000] {taskinstance.py:2905} ERROR - Task failed with exception
Traceback (most recent call last):
  File "/home/airflow/.local/lib/python3.12/site-packages/airflow/models/taskinstance.py", line 465, in _execute_task
    result = _execute_callable(context=context, **execute_callable_kwargs)
             ^^^^^^^^^^^^^^^^^^^^^^^^^^^^^^^^^^^^^^^^^^^^^^^^^^^^^^^^^^^^^
  File "/home/airflow/.local/lib/python3.12/site-packages/airflow/models/taskinstance.py", line 432, in _execute_callable
    return execute_callable(context=context, **execute_callable_kwargs)
           ^^^^^^^^^^^^^^^^^^^^^^^^^^^^^^^^^^^^^^^^^^^^^^^^^^^^^^^^^^^^
  File "/home/airflow/.local/lib/python3.12/site-packages/airflow/models/baseoperator.py", line 400, in wrapper
    return func(self, *args, **kwargs)
           ^^^^^^^^^^^^^^^^^^^^^^^^^^^
  File "/home/airflow/.local/lib/python3.12/site-packages/airflow/operators/python.py", line 235, in execute
    return_value = self.execute_callable()
                   ^^^^^^^^^^^^^^^^^^^^^^^
  File "/home/airflow/.local/lib/python3.12/site-packages/airflow/operators/python.py", line 252, in execute_callable
    return self.python_callable(*self.op_args, **self.op_kwargs)
           ^^^^^^^^^^^^^^^^^^^^^^^^^^^^^^^^^^^^^^^^^^^^^^^^^^^^^
  File "/opt/airflow/dags/silver_s3.py", line 69, in process_parquet_files
    os.remove(file_path)
FileNotFoundError: [Errno 2] No such file or directory: '/tmp/disney_data_20240518T000000.parquet'
[2024-05-19T20:36:55.672+0000] {taskinstance.py:1206} INFO - Marking task as FAILED. dag_id=silver_s3, task_id=process_parquet_files, run_id=scheduled__2023-04-22T00:00:00+00:00, execution_date=20230422T000000, start_date=20240519T203650, end_date=20240519T203655
[2024-05-19T20:36:55.682+0000] {standard_task_runner.py:110} ERROR - Failed to execute job 378 for task process_parquet_files ([Errno 2] No such file or directory: '/tmp/disney_data_20240518T000000.parquet'; 1974)
[2024-05-19T20:36:55.711+0000] {local_task_job_runner.py:240} INFO - Task exited with return code 1
[2024-05-19T20:36:55.717+0000] {local_task_job_runner.py:222} INFO - ::endgroup::
