[2024-05-19T20:26:50.435+0000] {local_task_job_runner.py:120} INFO - ::group::Pre task execution logs
[2024-05-19T20:26:50.463+0000] {taskinstance.py:2076} INFO - Dependencies all met for dep_context=non-requeueable deps ti=<TaskInstance: silver_s3.process_parquet_files scheduled__2023-05-17T00:00:00+00:00 [queued]>
[2024-05-19T20:26:50.505+0000] {taskinstance.py:2076} INFO - Dependencies all met for dep_context=requeueable deps ti=<TaskInstance: silver_s3.process_parquet_files scheduled__2023-05-17T00:00:00+00:00 [queued]>
[2024-05-19T20:26:50.509+0000] {taskinstance.py:2306} INFO - Starting attempt 1 of 2
[2024-05-19T20:26:50.533+0000] {taskinstance.py:2330} INFO - Executing <Task(PythonOperator): process_parquet_files> on 2023-05-17 00:00:00+00:00
[2024-05-19T20:26:50.549+0000] {warnings.py:110} WARNING - /home/***/.local/lib/python3.12/site-packages/***/task/task_runner/standard_task_runner.py:61: DeprecationWarning: This process (pid=753) is multi-threaded, use of fork() may lead to deadlocks in the child.
  pid = os.fork()

[2024-05-19T20:26:50.560+0000] {standard_task_runner.py:63} INFO - Started process 777 to run task
[2024-05-19T20:26:50.566+0000] {standard_task_runner.py:90} INFO - Running: ['***', 'tasks', 'run', 'silver_s3', 'process_parquet_files', 'scheduled__2023-05-17T00:00:00+00:00', '--job-id', '266', '--raw', '--subdir', 'DAGS_FOLDER/silver_s3.py', '--cfg-path', '/tmp/tmp4yukob26']
[2024-05-19T20:26:50.580+0000] {standard_task_runner.py:91} INFO - Job 266: Subtask process_parquet_files
[2024-05-19T20:26:50.675+0000] {task_command.py:426} INFO - Running <TaskInstance: silver_s3.process_parquet_files scheduled__2023-05-17T00:00:00+00:00 [running]> on host 620090466bc8
[2024-05-19T20:26:50.779+0000] {taskinstance.py:2648} INFO - Exporting env vars: AIRFLOW_CTX_DAG_OWNER='***' AIRFLOW_CTX_DAG_ID='silver_s3' AIRFLOW_CTX_TASK_ID='process_parquet_files' AIRFLOW_CTX_EXECUTION_DATE='2023-05-17T00:00:00+00:00' AIRFLOW_CTX_TRY_NUMBER='1' AIRFLOW_CTX_DAG_RUN_ID='scheduled__2023-05-17T00:00:00+00:00'
[2024-05-19T20:26:50.782+0000] {taskinstance.py:430} INFO - ::endgroup::
[2024-05-19T20:26:50.839+0000] {base.py:84} INFO - Using connection ID 'aws_s3' for task execution.
[2024-05-19T20:26:50.843+0000] {connection_wrapper.py:384} INFO - AWS Connection (conn_id='aws_s3', conn_type='aws') credentials retrieved from login and password.
[2024-05-19T20:26:55.766+0000] {logging_mixin.py:188} INFO - No .parquet files found.
[2024-05-19T20:26:55.771+0000] {python.py:237} INFO - Done. Returned value was: None
[2024-05-19T20:26:55.773+0000] {taskinstance.py:441} INFO - ::group::Post task execution logs
[2024-05-19T20:26:55.803+0000] {taskinstance.py:1206} INFO - Marking task as SUCCESS. dag_id=silver_s3, task_id=process_parquet_files, run_id=scheduled__2023-05-17T00:00:00+00:00, execution_date=20230517T000000, start_date=20240519T202650, end_date=20240519T202655
[2024-05-19T20:26:55.821+0000] {local_task_job_runner.py:240} INFO - Task exited with return code 0
[2024-05-19T20:26:55.830+0000] {taskinstance.py:3498} INFO - 0 downstream tasks scheduled from follow-on schedule check
[2024-05-19T20:26:55.832+0000] {local_task_job_runner.py:222} INFO - ::endgroup::
[2024-05-19T20:37:08.206+0000] {local_task_job_runner.py:120} INFO - ::group::Pre task execution logs
[2024-05-19T20:37:08.225+0000] {taskinstance.py:2076} INFO - Dependencies all met for dep_context=non-requeueable deps ti=<TaskInstance: silver_s3.process_parquet_files scheduled__2023-05-17T00:00:00+00:00 [queued]>
[2024-05-19T20:37:08.235+0000] {taskinstance.py:2076} INFO - Dependencies all met for dep_context=requeueable deps ti=<TaskInstance: silver_s3.process_parquet_files scheduled__2023-05-17T00:00:00+00:00 [queued]>
[2024-05-19T20:37:08.236+0000] {taskinstance.py:2306} INFO - Starting attempt 1 of 2
[2024-05-19T20:37:08.286+0000] {taskinstance.py:2330} INFO - Executing <Task(PythonOperator): process_parquet_files> on 2023-05-17 00:00:00+00:00
[2024-05-19T20:37:08.292+0000] {warnings.py:110} WARNING - /home/***/.local/lib/python3.12/site-packages/***/task/task_runner/standard_task_runner.py:61: DeprecationWarning: This process (pid=2035) is multi-threaded, use of fork() may lead to deadlocks in the child.
  pid = os.fork()

[2024-05-19T20:37:08.295+0000] {standard_task_runner.py:63} INFO - Started process 2053 to run task
[2024-05-19T20:37:08.296+0000] {standard_task_runner.py:90} INFO - Running: ['***', 'tasks', 'run', 'silver_s3', 'process_parquet_files', 'scheduled__2023-05-17T00:00:00+00:00', '--job-id', '382', '--raw', '--subdir', 'DAGS_FOLDER/silver_s3.py', '--cfg-path', '/tmp/tmpr0wqa3un']
[2024-05-19T20:37:08.299+0000] {standard_task_runner.py:91} INFO - Job 382: Subtask process_parquet_files
[2024-05-19T20:37:08.396+0000] {task_command.py:426} INFO - Running <TaskInstance: silver_s3.process_parquet_files scheduled__2023-05-17T00:00:00+00:00 [running]> on host 620090466bc8
[2024-05-19T20:37:08.491+0000] {taskinstance.py:2648} INFO - Exporting env vars: AIRFLOW_CTX_DAG_OWNER='***' AIRFLOW_CTX_DAG_ID='silver_s3' AIRFLOW_CTX_TASK_ID='process_parquet_files' AIRFLOW_CTX_EXECUTION_DATE='2023-05-17T00:00:00+00:00' AIRFLOW_CTX_TRY_NUMBER='1' AIRFLOW_CTX_DAG_RUN_ID='scheduled__2023-05-17T00:00:00+00:00'
[2024-05-19T20:37:08.493+0000] {taskinstance.py:430} INFO - ::endgroup::
[2024-05-19T20:37:08.523+0000] {base.py:84} INFO - Using connection ID 'aws_s3' for task execution.
[2024-05-19T20:37:08.525+0000] {connection_wrapper.py:384} INFO - AWS Connection (conn_id='aws_s3', conn_type='aws') credentials retrieved from login and password.
[2024-05-19T20:37:36.793+0000] {taskinstance.py:441} INFO - ::group::Post task execution logs
[2024-05-19T20:37:36.796+0000] {taskinstance.py:2905} ERROR - Task failed with exception
Traceback (most recent call last):
  File "/home/airflow/.local/lib/python3.12/site-packages/airflow/models/taskinstance.py", line 465, in _execute_task
    result = _execute_callable(context=context, **execute_callable_kwargs)
             ^^^^^^^^^^^^^^^^^^^^^^^^^^^^^^^^^^^^^^^^^^^^^^^^^^^^^^^^^^^^^
  File "/home/airflow/.local/lib/python3.12/site-packages/airflow/models/taskinstance.py", line 432, in _execute_callable
    return execute_callable(context=context, **execute_callable_kwargs)
           ^^^^^^^^^^^^^^^^^^^^^^^^^^^^^^^^^^^^^^^^^^^^^^^^^^^^^^^^^^^^
  File "/home/airflow/.local/lib/python3.12/site-packages/airflow/models/baseoperator.py", line 400, in wrapper
    return func(self, *args, **kwargs)
           ^^^^^^^^^^^^^^^^^^^^^^^^^^^
  File "/home/airflow/.local/lib/python3.12/site-packages/airflow/operators/python.py", line 235, in execute
    return_value = self.execute_callable()
                   ^^^^^^^^^^^^^^^^^^^^^^^
  File "/home/airflow/.local/lib/python3.12/site-packages/airflow/operators/python.py", line 252, in execute_callable
    return self.python_callable(*self.op_args, **self.op_kwargs)
           ^^^^^^^^^^^^^^^^^^^^^^^^^^^^^^^^^^^^^^^^^^^^^^^^^^^^^
  File "/opt/airflow/dags/silver_s3.py", line 69, in process_parquet_files
    os.remove(file_path)
FileNotFoundError: [Errno 2] No such file or directory: '/tmp/disney_data_20240518T000000.parquet'
[2024-05-19T20:37:36.813+0000] {taskinstance.py:1206} INFO - Marking task as UP_FOR_RETRY. dag_id=silver_s3, task_id=process_parquet_files, run_id=scheduled__2023-05-17T00:00:00+00:00, execution_date=20230517T000000, start_date=20240519T203708, end_date=20240519T203736
[2024-05-19T20:37:36.822+0000] {standard_task_runner.py:110} ERROR - Failed to execute job 382 for task process_parquet_files ([Errno 2] No such file or directory: '/tmp/disney_data_20240518T000000.parquet'; 2053)
[2024-05-19T20:37:36.834+0000] {local_task_job_runner.py:240} INFO - Task exited with return code 1
[2024-05-19T20:37:36.846+0000] {taskinstance.py:3498} INFO - 0 downstream tasks scheduled from follow-on schedule check
[2024-05-19T20:37:36.846+0000] {local_task_job_runner.py:222} INFO - ::endgroup::
