[2024-05-19T20:26:15.306+0000] {local_task_job_runner.py:120} INFO - ::group::Pre task execution logs
[2024-05-19T20:26:15.338+0000] {taskinstance.py:2076} INFO - Dependencies all met for dep_context=non-requeueable deps ti=<TaskInstance: silver_s3.process_parquet_files scheduled__2023-04-02T00:00:00+00:00 [queued]>
[2024-05-19T20:26:15.348+0000] {taskinstance.py:2076} INFO - Dependencies all met for dep_context=requeueable deps ti=<TaskInstance: silver_s3.process_parquet_files scheduled__2023-04-02T00:00:00+00:00 [queued]>
[2024-05-19T20:26:15.351+0000] {taskinstance.py:2306} INFO - Starting attempt 1 of 2
[2024-05-19T20:26:15.365+0000] {taskinstance.py:2330} INFO - Executing <Task(PythonOperator): process_parquet_files> on 2023-04-02 00:00:00+00:00
[2024-05-19T20:26:15.378+0000] {warnings.py:110} WARNING - /home/***/.local/lib/python3.12/site-packages/***/task/task_runner/standard_task_runner.py:61: DeprecationWarning: This process (pid=608) is multi-threaded, use of fork() may lead to deadlocks in the child.
  pid = os.fork()

[2024-05-19T20:26:15.383+0000] {standard_task_runner.py:63} INFO - Started process 632 to run task
[2024-05-19T20:26:15.384+0000] {standard_task_runner.py:90} INFO - Running: ['***', 'tasks', 'run', 'silver_s3', 'process_parquet_files', 'scheduled__2023-04-02T00:00:00+00:00', '--job-id', '222', '--raw', '--subdir', 'DAGS_FOLDER/silver_s3.py', '--cfg-path', '/tmp/tmplvanvmiv']
[2024-05-19T20:26:15.409+0000] {standard_task_runner.py:91} INFO - Job 222: Subtask process_parquet_files
[2024-05-19T20:26:15.569+0000] {task_command.py:426} INFO - Running <TaskInstance: silver_s3.process_parquet_files scheduled__2023-04-02T00:00:00+00:00 [running]> on host 620090466bc8
[2024-05-19T20:26:15.711+0000] {taskinstance.py:2648} INFO - Exporting env vars: AIRFLOW_CTX_DAG_OWNER='***' AIRFLOW_CTX_DAG_ID='silver_s3' AIRFLOW_CTX_TASK_ID='process_parquet_files' AIRFLOW_CTX_EXECUTION_DATE='2023-04-02T00:00:00+00:00' AIRFLOW_CTX_TRY_NUMBER='1' AIRFLOW_CTX_DAG_RUN_ID='scheduled__2023-04-02T00:00:00+00:00'
[2024-05-19T20:26:15.712+0000] {taskinstance.py:430} INFO - ::endgroup::
[2024-05-19T20:26:15.742+0000] {base.py:84} INFO - Using connection ID 'aws_s3' for task execution.
[2024-05-19T20:26:15.744+0000] {connection_wrapper.py:384} INFO - AWS Connection (conn_id='aws_s3', conn_type='aws') credentials retrieved from login and password.
[2024-05-19T20:26:20.527+0000] {logging_mixin.py:188} INFO - No .parquet files found.
[2024-05-19T20:26:20.531+0000] {python.py:237} INFO - Done. Returned value was: None
[2024-05-19T20:26:20.534+0000] {taskinstance.py:441} INFO - ::group::Post task execution logs
[2024-05-19T20:26:20.546+0000] {taskinstance.py:1206} INFO - Marking task as SUCCESS. dag_id=silver_s3, task_id=process_parquet_files, run_id=scheduled__2023-04-02T00:00:00+00:00, execution_date=20230402T000000, start_date=20240519T202615, end_date=20240519T202620
[2024-05-19T20:26:20.582+0000] {local_task_job_runner.py:240} INFO - Task exited with return code 0
[2024-05-19T20:26:20.595+0000] {taskinstance.py:3498} INFO - 0 downstream tasks scheduled from follow-on schedule check
[2024-05-19T20:26:20.595+0000] {local_task_job_runner.py:222} INFO - ::endgroup::
