[2024-05-19T20:27:14.322+0000] {local_task_job_runner.py:120} INFO - ::group::Pre task execution logs
[2024-05-19T20:27:14.347+0000] {taskinstance.py:2076} INFO - Dependencies all met for dep_context=non-requeueable deps ti=<TaskInstance: silver_s3.process_parquet_files scheduled__2023-06-21T00:00:00+00:00 [queued]>
[2024-05-19T20:27:14.362+0000] {taskinstance.py:2076} INFO - Dependencies all met for dep_context=requeueable deps ti=<TaskInstance: silver_s3.process_parquet_files scheduled__2023-06-21T00:00:00+00:00 [queued]>
[2024-05-19T20:27:14.362+0000] {taskinstance.py:2306} INFO - Starting attempt 1 of 2
[2024-05-19T20:27:14.385+0000] {taskinstance.py:2330} INFO - Executing <Task(PythonOperator): process_parquet_files> on 2023-06-21 00:00:00+00:00
[2024-05-19T20:27:14.404+0000] {warnings.py:110} WARNING - /home/***/.local/lib/python3.12/site-packages/***/task/task_runner/standard_task_runner.py:61: DeprecationWarning: This process (pid=866) is multi-threaded, use of fork() may lead to deadlocks in the child.
  pid = os.fork()

[2024-05-19T20:27:14.415+0000] {standard_task_runner.py:63} INFO - Started process 885 to run task
[2024-05-19T20:27:14.408+0000] {standard_task_runner.py:90} INFO - Running: ['***', 'tasks', 'run', 'silver_s3', 'process_parquet_files', 'scheduled__2023-06-21T00:00:00+00:00', '--job-id', '301', '--raw', '--subdir', 'DAGS_FOLDER/silver_s3.py', '--cfg-path', '/tmp/tmplid07e2m']
[2024-05-19T20:27:14.420+0000] {standard_task_runner.py:91} INFO - Job 301: Subtask process_parquet_files
[2024-05-19T20:27:14.562+0000] {task_command.py:426} INFO - Running <TaskInstance: silver_s3.process_parquet_files scheduled__2023-06-21T00:00:00+00:00 [running]> on host 620090466bc8
[2024-05-19T20:27:14.707+0000] {taskinstance.py:2648} INFO - Exporting env vars: AIRFLOW_CTX_DAG_OWNER='***' AIRFLOW_CTX_DAG_ID='silver_s3' AIRFLOW_CTX_TASK_ID='process_parquet_files' AIRFLOW_CTX_EXECUTION_DATE='2023-06-21T00:00:00+00:00' AIRFLOW_CTX_TRY_NUMBER='1' AIRFLOW_CTX_DAG_RUN_ID='scheduled__2023-06-21T00:00:00+00:00'
[2024-05-19T20:27:14.709+0000] {taskinstance.py:430} INFO - ::endgroup::
[2024-05-19T20:27:14.774+0000] {base.py:84} INFO - Using connection ID 'aws_s3' for task execution.
[2024-05-19T20:27:14.775+0000] {connection_wrapper.py:384} INFO - AWS Connection (conn_id='aws_s3', conn_type='aws') credentials retrieved from login and password.
[2024-05-19T20:27:19.652+0000] {logging_mixin.py:188} INFO - No .parquet files found.
[2024-05-19T20:27:19.657+0000] {python.py:237} INFO - Done. Returned value was: None
[2024-05-19T20:27:19.659+0000] {taskinstance.py:441} INFO - ::group::Post task execution logs
[2024-05-19T20:27:19.689+0000] {taskinstance.py:1206} INFO - Marking task as SUCCESS. dag_id=silver_s3, task_id=process_parquet_files, run_id=scheduled__2023-06-21T00:00:00+00:00, execution_date=20230621T000000, start_date=20240519T202714, end_date=20240519T202719
[2024-05-19T20:27:19.733+0000] {local_task_job_runner.py:240} INFO - Task exited with return code 0
[2024-05-19T20:27:19.743+0000] {taskinstance.py:3498} INFO - 0 downstream tasks scheduled from follow-on schedule check
[2024-05-19T20:27:19.744+0000] {local_task_job_runner.py:222} INFO - ::endgroup::
[2024-05-19T20:40:40.028+0000] {local_task_job_runner.py:120} INFO - ::group::Pre task execution logs
[2024-05-19T20:40:40.036+0000] {taskinstance.py:2076} INFO - Dependencies all met for dep_context=non-requeueable deps ti=<TaskInstance: silver_s3.process_parquet_files scheduled__2023-06-21T00:00:00+00:00 [queued]>
[2024-05-19T20:40:40.039+0000] {taskinstance.py:2076} INFO - Dependencies all met for dep_context=requeueable deps ti=<TaskInstance: silver_s3.process_parquet_files scheduled__2023-06-21T00:00:00+00:00 [queued]>
[2024-05-19T20:40:40.039+0000] {taskinstance.py:2306} INFO - Starting attempt 1 of 2
[2024-05-19T20:40:40.044+0000] {taskinstance.py:2330} INFO - Executing <Task(PythonOperator): process_parquet_files> on 2023-06-21 00:00:00+00:00
[2024-05-19T20:40:40.049+0000] {warnings.py:110} WARNING - /home/***/.local/lib/python3.12/site-packages/***/task/task_runner/standard_task_runner.py:61: DeprecationWarning: This process (pid=2893) is multi-threaded, use of fork() may lead to deadlocks in the child.
  pid = os.fork()

[2024-05-19T20:40:40.050+0000] {standard_task_runner.py:63} INFO - Started process 2900 to run task
[2024-05-19T20:40:40.050+0000] {standard_task_runner.py:90} INFO - Running: ['***', 'tasks', 'run', 'silver_s3', 'process_parquet_files', 'scheduled__2023-06-21T00:00:00+00:00', '--job-id', '418', '--raw', '--subdir', 'DAGS_FOLDER/silver_s3.py', '--cfg-path', '/tmp/tmp7te322st']
[2024-05-19T20:40:40.053+0000] {standard_task_runner.py:91} INFO - Job 418: Subtask process_parquet_files
[2024-05-19T20:40:40.086+0000] {task_command.py:426} INFO - Running <TaskInstance: silver_s3.process_parquet_files scheduled__2023-06-21T00:00:00+00:00 [running]> on host 620090466bc8
[2024-05-19T20:40:40.129+0000] {taskinstance.py:2648} INFO - Exporting env vars: AIRFLOW_CTX_DAG_OWNER='***' AIRFLOW_CTX_DAG_ID='silver_s3' AIRFLOW_CTX_TASK_ID='process_parquet_files' AIRFLOW_CTX_EXECUTION_DATE='2023-06-21T00:00:00+00:00' AIRFLOW_CTX_TRY_NUMBER='1' AIRFLOW_CTX_DAG_RUN_ID='scheduled__2023-06-21T00:00:00+00:00'
[2024-05-19T20:40:40.130+0000] {taskinstance.py:430} INFO - ::endgroup::
[2024-05-19T20:40:40.144+0000] {base.py:84} INFO - Using connection ID 'aws_s3' for task execution.
[2024-05-19T20:40:40.144+0000] {connection_wrapper.py:384} INFO - AWS Connection (conn_id='aws_s3', conn_type='aws') credentials retrieved from login and password.
[2024-05-19T20:40:47.870+0000] {python.py:237} INFO - Done. Returned value was: None
[2024-05-19T20:40:47.872+0000] {taskinstance.py:441} INFO - ::group::Post task execution logs
[2024-05-19T20:40:47.878+0000] {taskinstance.py:1206} INFO - Marking task as SUCCESS. dag_id=silver_s3, task_id=process_parquet_files, run_id=scheduled__2023-06-21T00:00:00+00:00, execution_date=20230621T000000, start_date=20240519T204040, end_date=20240519T204047
[2024-05-19T20:40:47.918+0000] {local_task_job_runner.py:240} INFO - Task exited with return code 0
[2024-05-19T20:40:47.927+0000] {taskinstance.py:3498} INFO - 0 downstream tasks scheduled from follow-on schedule check
[2024-05-19T20:40:47.928+0000] {local_task_job_runner.py:222} INFO - ::endgroup::
